  Deleted hot-reload file: C:\Users\Chanwoongs\Desktop\Project\Unreal_Engine_Tutorial\C++\Cpp_Project\Binaries\Win64\UE4Editor-Cpp_Project-0003.dll
  Deleted hot-reload file: C:\Users\Chanwoongs\Desktop\Project\Unreal_Engine_Tutorial\C++\Cpp_Project\Binaries\Win64\UE4Editor-Cpp_Project-0004.dll
  Deleted hot-reload file: C:\Users\Chanwoongs\Desktop\Project\Unreal_Engine_Tutorial\C++\Cpp_Project\Binaries\Win64\UE4Editor-Cpp_Project-0005.dll
  Deleted hot-reload file: C:\Users\Chanwoongs\Desktop\Project\Unreal_Engine_Tutorial\C++\Cpp_Project\Binaries\Win64\UE4Editor-Cpp_Project-0006.dll
  Deleted hot-reload file: C:\Users\Chanwoongs\Desktop\Project\Unreal_Engine_Tutorial\C++\Cpp_Project\Binaries\Win64\UE4Editor-Cpp_Project-0007.dll
  Deleted hot-reload file: C:\Users\Chanwoongs\Desktop\Project\Unreal_Engine_Tutorial\C++\Cpp_Project\Binaries\Win64\UE4Editor-Cpp_Project-0008.dll
  Deleted hot-reload file: C:\Users\Chanwoongs\Desktop\Project\Unreal_Engine_Tutorial\C++\Cpp_Project\Binaries\Win64\UE4Editor-Cpp_Project-0009.dll
  Deleted hot-reload file: C:\Users\Chanwoongs\Desktop\Project\Unreal_Engine_Tutorial\C++\Cpp_Project\Binaries\Win64\UE4Editor-Cpp_Project-0014.dll
  Deleted hot-reload file: C:\Users\Chanwoongs\Desktop\Project\Unreal_Engine_Tutorial\C++\Cpp_Project\Binaries\Win64\UE4Editor-Cpp_Project-0016.dll
  Deleted hot-reload file: C:\Users\Chanwoongs\Desktop\Project\Unreal_Engine_Tutorial\C++\Cpp_Project\Binaries\Win64\UE4Editor-Cpp_Project-0017.dll
  Deleted hot-reload file: C:\Users\Chanwoongs\Desktop\Project\Unreal_Engine_Tutorial\C++\Cpp_Project\Binaries\Win64\UE4Editor-Cpp_Project-0018.dll
  Deleted hot-reload file: C:\Users\Chanwoongs\Desktop\Project\Unreal_Engine_Tutorial\C++\Cpp_Project\Binaries\Win64\UE4Editor-Cpp_Project-0020.dll
  Deleted hot-reload file: C:\Users\Chanwoongs\Desktop\Project\Unreal_Engine_Tutorial\C++\Cpp_Project\Binaries\Win64\UE4Editor-Cpp_Project-0021.dll
  Deleted hot-reload file: C:\Users\Chanwoongs\Desktop\Project\Unreal_Engine_Tutorial\C++\Cpp_Project\Binaries\Win64\UE4Editor-Cpp_Project-0026.dll
  Deleted hot-reload file: C:\Users\Chanwoongs\Desktop\Project\Unreal_Engine_Tutorial\C++\Cpp_Project\Binaries\Win64\UE4Editor-Cpp_Project-0027.dll
  Deleted hot-reload file: C:\Users\Chanwoongs\Desktop\Project\Unreal_Engine_Tutorial\C++\Cpp_Project\Binaries\Win64\UE4Editor-Cpp_Project-0030.dll
  Deleted hot-reload file: C:\Users\Chanwoongs\Desktop\Project\Unreal_Engine_Tutorial\C++\Cpp_Project\Binaries\Win64\UE4Editor-Cpp_Project-0033.dll
  Deleted hot-reload file: C:\Users\Chanwoongs\Desktop\Project\Unreal_Engine_Tutorial\C++\Cpp_Project\Binaries\Win64\UE4Editor-Cpp_Project-0034.dll
  Deleted hot-reload file: C:\Users\Chanwoongs\Desktop\Project\Unreal_Engine_Tutorial\C++\Cpp_Project\Binaries\Win64\UE4Editor-Cpp_Project-0036.dll
  Deleted hot-reload file: C:\Users\Chanwoongs\Desktop\Project\Unreal_Engine_Tutorial\C++\Cpp_Project\Binaries\Win64\UE4Editor-Cpp_Project-0037.dll
  Deleted hot-reload file: C:\Users\Chanwoongs\Desktop\Project\Unreal_Engine_Tutorial\C++\Cpp_Project\Binaries\Win64\UE4Editor-Cpp_Project-0038.dll
  Deleted hot-reload file: C:\Users\Chanwoongs\Desktop\Project\Unreal_Engine_Tutorial\C++\Cpp_Project\Binaries\Win64\UE4Editor-Cpp_Project-0039.dll
  Deleted hot-reload file: C:\Users\Chanwoongs\Desktop\Project\Unreal_Engine_Tutorial\C++\Cpp_Project\Binaries\Win64\UE4Editor-Cpp_Project-0058.dll
  Deleted hot-reload file: C:\Users\Chanwoongs\Desktop\Project\Unreal_Engine_Tutorial\C++\Cpp_Project\Binaries\Win64\UE4Editor-Cpp_Project-0059.dll
  Deleted hot-reload file: C:\Users\Chanwoongs\Desktop\Project\Unreal_Engine_Tutorial\C++\Cpp_Project\Binaries\Win64\UE4Editor-Cpp_Project-0060.dll
  Deleted hot-reload file: C:\Users\Chanwoongs\Desktop\Project\Unreal_Engine_Tutorial\C++\Cpp_Project\Binaries\Win64\UE4Editor-Cpp_Project-0062.dll
  Deleted hot-reload file: C:\Users\Chanwoongs\Desktop\Project\Unreal_Engine_Tutorial\C++\Cpp_Project\Binaries\Win64\UE4Editor-Cpp_Project-0065.dll
  Deleted hot-reload file: C:\Users\Chanwoongs\Desktop\Project\Unreal_Engine_Tutorial\C++\Cpp_Project\Binaries\Win64\UE4Editor-Cpp_Project-0066.dll
  Deleted hot-reload file: C:\Users\Chanwoongs\Desktop\Project\Unreal_Engine_Tutorial\C++\Cpp_Project\Binaries\Win64\UE4Editor-Cpp_Project-0067.dll
  Deleted hot-reload file: C:\Users\Chanwoongs\Desktop\Project\Unreal_Engine_Tutorial\C++\Cpp_Project\Binaries\Win64\UE4Editor-Cpp_Project-0068.dll
  Deleted hot-reload file: C:\Users\Chanwoongs\Desktop\Project\Unreal_Engine_Tutorial\C++\Cpp_Project\Binaries\Win64\UE4Editor-Cpp_Project-0069.dll
  Deleted hot-reload file: C:\Users\Chanwoongs\Desktop\Project\Unreal_Engine_Tutorial\C++\Cpp_Project\Binaries\Win64\UE4Editor-Cpp_Project-0077.dll
  Deleted hot-reload file: C:\Users\Chanwoongs\Desktop\Project\Unreal_Engine_Tutorial\C++\Cpp_Project\Binaries\Win64\UE4Editor-Cpp_Project-0079.dll
  Deleted hot-reload file: C:\Users\Chanwoongs\Desktop\Project\Unreal_Engine_Tutorial\C++\Cpp_Project\Binaries\Win64\UE4Editor-Cpp_Project-0080.dll
  Deleted hot-reload file: C:\Users\Chanwoongs\Desktop\Project\Unreal_Engine_Tutorial\C++\Cpp_Project\Binaries\Win64\UE4Editor-Cpp_Project-0082.dll
  Deleted hot-reload file: C:\Users\Chanwoongs\Desktop\Project\Unreal_Engine_Tutorial\C++\Cpp_Project\Binaries\Win64\UE4Editor-Cpp_Project-0084.dll
  Deleted hot-reload file: C:\Users\Chanwoongs\Desktop\Project\Unreal_Engine_Tutorial\C++\Cpp_Project\Binaries\Win64\UE4Editor-Cpp_Project-0085.dll
  Deleted hot-reload file: C:\Users\Chanwoongs\Desktop\Project\Unreal_Engine_Tutorial\C++\Cpp_Project\Binaries\Win64\UE4Editor-Cpp_Project-0088.dll
  Deleted hot-reload file: C:\Users\Chanwoongs\Desktop\Project\Unreal_Engine_Tutorial\C++\Cpp_Project\Intermediate\Build\Win64\UE4Editor\Development\Cpp_Project\UE4Editor-Cpp_Project-0003.lib
  Deleted hot-reload file: C:\Users\Chanwoongs\Desktop\Project\Unreal_Engine_Tutorial\C++\Cpp_Project\Intermediate\Build\Win64\UE4Editor\Development\Cpp_Project\UE4Editor-Cpp_Project-0004.lib
  Deleted hot-reload file: C:\Users\Chanwoongs\Desktop\Project\Unreal_Engine_Tutorial\C++\Cpp_Project\Intermediate\Build\Win64\UE4Editor\Development\Cpp_Project\UE4Editor-Cpp_Project-0005.lib
  Deleted hot-reload file: C:\Users\Chanwoongs\Desktop\Project\Unreal_Engine_Tutorial\C++\Cpp_Project\Intermediate\Build\Win64\UE4Editor\Development\Cpp_Project\UE4Editor-Cpp_Project-0006.lib
  Deleted hot-reload file: C:\Users\Chanwoongs\Desktop\Project\Unreal_Engine_Tutorial\C++\Cpp_Project\Intermediate\Build\Win64\UE4Editor\Development\Cpp_Project\UE4Editor-Cpp_Project-0007.lib
  Deleted hot-reload file: C:\Users\Chanwoongs\Desktop\Project\Unreal_Engine_Tutorial\C++\Cpp_Project\Intermediate\Build\Win64\UE4Editor\Development\Cpp_Project\UE4Editor-Cpp_Project-0008.lib
  Deleted hot-reload file: C:\Users\Chanwoongs\Desktop\Project\Unreal_Engine_Tutorial\C++\Cpp_Project\Intermediate\Build\Win64\UE4Editor\Development\Cpp_Project\UE4Editor-Cpp_Project-0009.lib
  Deleted hot-reload file: C:\Users\Chanwoongs\Desktop\Project\Unreal_Engine_Tutorial\C++\Cpp_Project\Intermediate\Build\Win64\UE4Editor\Development\Cpp_Project\UE4Editor-Cpp_Project-0014.lib
  Deleted hot-reload file: C:\Users\Chanwoongs\Desktop\Project\Unreal_Engine_Tutorial\C++\Cpp_Project\Intermediate\Build\Win64\UE4Editor\Development\Cpp_Project\UE4Editor-Cpp_Project-0016.lib
  Deleted hot-reload file: C:\Users\Chanwoongs\Desktop\Project\Unreal_Engine_Tutorial\C++\Cpp_Project\Intermediate\Build\Win64\UE4Editor\Development\Cpp_Project\UE4Editor-Cpp_Project-0017.lib
  Deleted hot-reload file: C:\Users\Chanwoongs\Desktop\Project\Unreal_Engine_Tutorial\C++\Cpp_Project\Intermediate\Build\Win64\UE4Editor\Development\Cpp_Project\UE4Editor-Cpp_Project-0018.lib
  Deleted hot-reload file: C:\Users\Chanwoongs\Desktop\Project\Unreal_Engine_Tutorial\C++\Cpp_Project\Intermediate\Build\Win64\UE4Editor\Development\Cpp_Project\UE4Editor-Cpp_Project-0020.lib
  Deleted hot-reload file: C:\Users\Chanwoongs\Desktop\Project\Unreal_Engine_Tutorial\C++\Cpp_Project\Intermediate\Build\Win64\UE4Editor\Development\Cpp_Project\UE4Editor-Cpp_Project-0021.lib
  Deleted hot-reload file: C:\Users\Chanwoongs\Desktop\Project\Unreal_Engine_Tutorial\C++\Cpp_Project\Intermediate\Build\Win64\UE4Editor\Development\Cpp_Project\UE4Editor-Cpp_Project-0026.lib
  Deleted hot-reload file: C:\Users\Chanwoongs\Desktop\Project\Unreal_Engine_Tutorial\C++\Cpp_Project\Intermediate\Build\Win64\UE4Editor\Development\Cpp_Project\UE4Editor-Cpp_Project-0027.lib
  Deleted hot-reload file: C:\Users\Chanwoongs\Desktop\Project\Unreal_Engine_Tutorial\C++\Cpp_Project\Intermediate\Build\Win64\UE4Editor\Development\Cpp_Project\UE4Editor-Cpp_Project-0029.lib
  Deleted hot-reload file: C:\Users\Chanwoongs\Desktop\Project\Unreal_Engine_Tutorial\C++\Cpp_Project\Intermediate\Build\Win64\UE4Editor\Development\Cpp_Project\UE4Editor-Cpp_Project-0030.lib
  Deleted hot-reload file: C:\Users\Chanwoongs\Desktop\Project\Unreal_Engine_Tutorial\C++\Cpp_Project\Intermediate\Build\Win64\UE4Editor\Development\Cpp_Project\UE4Editor-Cpp_Project-0033.lib
  Deleted hot-reload file: C:\Users\Chanwoongs\Desktop\Project\Unreal_Engine_Tutorial\C++\Cpp_Project\Intermediate\Build\Win64\UE4Editor\Development\Cpp_Project\UE4Editor-Cpp_Project-0034.lib
  Deleted hot-reload file: C:\Users\Chanwoongs\Desktop\Project\Unreal_Engine_Tutorial\C++\Cpp_Project\Intermediate\Build\Win64\UE4Editor\Development\Cpp_Project\UE4Editor-Cpp_Project-0036.lib
  Deleted hot-reload file: C:\Users\Chanwoongs\Desktop\Project\Unreal_Engine_Tutorial\C++\Cpp_Project\Intermediate\Build\Win64\UE4Editor\Development\Cpp_Project\UE4Editor-Cpp_Project-0037.lib
  Deleted hot-reload file: C:\Users\Chanwoongs\Desktop\Project\Unreal_Engine_Tutorial\C++\Cpp_Project\Intermediate\Build\Win64\UE4Editor\Development\Cpp_Project\UE4Editor-Cpp_Project-0038.lib
  Deleted hot-reload file: C:\Users\Chanwoongs\Desktop\Project\Unreal_Engine_Tutorial\C++\Cpp_Project\Intermediate\Build\Win64\UE4Editor\Development\Cpp_Project\UE4Editor-Cpp_Project-0039.lib
  Deleted hot-reload file: C:\Users\Chanwoongs\Desktop\Project\Unreal_Engine_Tutorial\C++\Cpp_Project\Intermediate\Build\Win64\UE4Editor\Development\Cpp_Project\UE4Editor-Cpp_Project-0058.lib
  Deleted hot-reload file: C:\Users\Chanwoongs\Desktop\Project\Unreal_Engine_Tutorial\C++\Cpp_Project\Intermediate\Build\Win64\UE4Editor\Development\Cpp_Project\UE4Editor-Cpp_Project-0059.lib
  Deleted hot-reload file: C:\Users\Chanwoongs\Desktop\Project\Unreal_Engine_Tutorial\C++\Cpp_Project\Intermediate\Build\Win64\UE4Editor\Development\Cpp_Project\UE4Editor-Cpp_Project-0060.lib
  Deleted hot-reload file: C:\Users\Chanwoongs\Desktop\Project\Unreal_Engine_Tutorial\C++\Cpp_Project\Intermediate\Build\Win64\UE4Editor\Development\Cpp_Project\UE4Editor-Cpp_Project-0062.lib
  Deleted hot-reload file: C:\Users\Chanwoongs\Desktop\Project\Unreal_Engine_Tutorial\C++\Cpp_Project\Intermediate\Build\Win64\UE4Editor\Development\Cpp_Project\UE4Editor-Cpp_Project-0065.lib
  Deleted hot-reload file: C:\Users\Chanwoongs\Desktop\Project\Unreal_Engine_Tutorial\C++\Cpp_Project\Intermediate\Build\Win64\UE4Editor\Development\Cpp_Project\UE4Editor-Cpp_Project-0066.lib
  Deleted hot-reload file: C:\Users\Chanwoongs\Desktop\Project\Unreal_Engine_Tutorial\C++\Cpp_Project\Intermediate\Build\Win64\UE4Editor\Development\Cpp_Project\UE4Editor-Cpp_Project-0067.lib
  Deleted hot-reload file: C:\Users\Chanwoongs\Desktop\Project\Unreal_Engine_Tutorial\C++\Cpp_Project\Intermediate\Build\Win64\UE4Editor\Development\Cpp_Project\UE4Editor-Cpp_Project-0068.lib
  Deleted hot-reload file: C:\Users\Chanwoongs\Desktop\Project\Unreal_Engine_Tutorial\C++\Cpp_Project\Intermediate\Build\Win64\UE4Editor\Development\Cpp_Project\UE4Editor-Cpp_Project-0069.lib
  Deleted hot-reload file: C:\Users\Chanwoongs\Desktop\Project\Unreal_Engine_Tutorial\C++\Cpp_Project\Intermediate\Build\Win64\UE4Editor\Development\Cpp_Project\UE4Editor-Cpp_Project-0077.lib
  Deleted hot-reload file: C:\Users\Chanwoongs\Desktop\Project\Unreal_Engine_Tutorial\C++\Cpp_Project\Intermediate\Build\Win64\UE4Editor\Development\Cpp_Project\UE4Editor-Cpp_Project-0079.lib
  Deleted hot-reload file: C:\Users\Chanwoongs\Desktop\Project\Unreal_Engine_Tutorial\C++\Cpp_Project\Intermediate\Build\Win64\UE4Editor\Development\Cpp_Project\UE4Editor-Cpp_Project-0080.lib
  Deleted hot-reload file: C:\Users\Chanwoongs\Desktop\Project\Unreal_Engine_Tutorial\C++\Cpp_Project\Intermediate\Build\Win64\UE4Editor\Development\Cpp_Project\UE4Editor-Cpp_Project-0082.lib
  Deleted hot-reload file: C:\Users\Chanwoongs\Desktop\Project\Unreal_Engine_Tutorial\C++\Cpp_Project\Intermediate\Build\Win64\UE4Editor\Development\Cpp_Project\UE4Editor-Cpp_Project-0084.lib
  Deleted hot-reload file: C:\Users\Chanwoongs\Desktop\Project\Unreal_Engine_Tutorial\C++\Cpp_Project\Intermediate\Build\Win64\UE4Editor\Development\Cpp_Project\UE4Editor-Cpp_Project-0085.lib
  Deleted hot-reload file: C:\Users\Chanwoongs\Desktop\Project\Unreal_Engine_Tutorial\C++\Cpp_Project\Intermediate\Build\Win64\UE4Editor\Development\Cpp_Project\UE4Editor-Cpp_Project-0088.lib
  Building Cpp_ProjectEditor...
  Using Visual Studio 2019 14.29.30146 toolchain (C:\Program Files (x86)\Microsoft Visual Studio\2019\Community\VC\Tools\MSVC\14.29.30133) and Windows 10.0.19041.0 SDK (C:\Program Files (x86)\Windows Kits\10).
  Building 4 actions with 8 processes...
    [1/4] CPlayer.cpp
    [2/4] UE4Editor-Cpp_Project.lib
       Creating library C:\Users\Chanwoongs\Desktop\Project\Unreal_Engine_Tutorial\C++\Cpp_Project\Intermediate\Build\Win64\UE4Editor\Development\Cpp_Project\UE4Editor-Cpp_Project.lib and object C:\Users\Chanwoongs\Desktop\Project\Unreal_Engine_Tutorial\C++\Cpp_Project\Intermediate\Build\Win64\UE4Editor\Development\Cpp_Project\UE4Editor-Cpp_Project.exp
    [3/4] UE4Editor-Cpp_Project.dll
       Creating library C:\Users\Chanwoongs\Desktop\Project\Unreal_Engine_Tutorial\C++\Cpp_Project\Intermediate\Build\Win64\UE4Editor\Development\Cpp_Project\UE4Editor-Cpp_Project.suppressed.lib and object C:\Users\Chanwoongs\Desktop\Project\Unreal_Engine_Tutorial\C++\Cpp_Project\Intermediate\Build\Win64\UE4Editor\Development\Cpp_Project\UE4Editor-Cpp_Project.suppressed.exp
    [4/4] Cpp_ProjectEditor.target
  Total time in Parallel executor: 2.50 seconds
  Total execution time: 3.38 seconds
