  Parsing headers for ActionGameEditor
    Running UnrealHeaderTool "C:\Users\Chanwoongs\Desktop\Project\Unreal_Engine_Tutorial\C++\ActionGame\ActionGame.uproject" "C:\Users\Chanwoongs\Desktop\Project\Unreal_Engine_Tutorial\C++\ActionGame\Intermediate\Build\Win64\ActionGameEditor\Development\ActionGameEditor.uhtmanifest" -LogCmds="loginit warning, logexit warning, logdatabase error" -Unattended -WarningsAsErrors -abslog="C:\Users\Chanwoongs\AppData\Local\UnrealBuildTool\Log_UHT.txt" -installed
  Reflection code generated for ActionGameEditor in 7.8296655 seconds
  Deleted hot-reload file: C:\Users\Chanwoongs\Desktop\Project\Unreal_Engine_Tutorial\C++\ActionGame\Binaries\Win64\UE4Editor-ActionGame-0021.dll
  Deleted hot-reload file: C:\Users\Chanwoongs\Desktop\Project\Unreal_Engine_Tutorial\C++\ActionGame\Intermediate\Build\Win64\UE4Editor\Development\ActionGame\UE4Editor-ActionGame-0001.lib
  Deleted hot-reload file: C:\Users\Chanwoongs\Desktop\Project\Unreal_Engine_Tutorial\C++\ActionGame\Intermediate\Build\Win64\UE4Editor\Development\ActionGame\UE4Editor-ActionGame-0005.lib
  Deleted hot-reload file: C:\Users\Chanwoongs\Desktop\Project\Unreal_Engine_Tutorial\C++\ActionGame\Intermediate\Build\Win64\UE4Editor\Development\ActionGame\UE4Editor-ActionGame-0006.lib
  Deleted hot-reload file: C:\Users\Chanwoongs\Desktop\Project\Unreal_Engine_Tutorial\C++\ActionGame\Intermediate\Build\Win64\UE4Editor\Development\ActionGame\UE4Editor-ActionGame-0007.lib
  Deleted hot-reload file: C:\Users\Chanwoongs\Desktop\Project\Unreal_Engine_Tutorial\C++\ActionGame\Intermediate\Build\Win64\UE4Editor\Development\ActionGame\UE4Editor-ActionGame-0008.lib
  Deleted hot-reload file: C:\Users\Chanwoongs\Desktop\Project\Unreal_Engine_Tutorial\C++\ActionGame\Intermediate\Build\Win64\UE4Editor\Development\ActionGame\UE4Editor-ActionGame-0009.lib
  Deleted hot-reload file: C:\Users\Chanwoongs\Desktop\Project\Unreal_Engine_Tutorial\C++\ActionGame\Intermediate\Build\Win64\UE4Editor\Development\ActionGame\UE4Editor-ActionGame-0010.lib
  Deleted hot-reload file: C:\Users\Chanwoongs\Desktop\Project\Unreal_Engine_Tutorial\C++\ActionGame\Intermediate\Build\Win64\UE4Editor\Development\ActionGame\UE4Editor-ActionGame-0011.lib
  Deleted hot-reload file: C:\Users\Chanwoongs\Desktop\Project\Unreal_Engine_Tutorial\C++\ActionGame\Intermediate\Build\Win64\UE4Editor\Development\ActionGame\UE4Editor-ActionGame-0013.lib
  Deleted hot-reload file: C:\Users\Chanwoongs\Desktop\Project\Unreal_Engine_Tutorial\C++\ActionGame\Intermediate\Build\Win64\UE4Editor\Development\ActionGame\UE4Editor-ActionGame-0014.lib
  Deleted hot-reload file: C:\Users\Chanwoongs\Desktop\Project\Unreal_Engine_Tutorial\C++\ActionGame\Intermediate\Build\Win64\UE4Editor\Development\ActionGame\UE4Editor-ActionGame-0016.lib
  Deleted hot-reload file: C:\Users\Chanwoongs\Desktop\Project\Unreal_Engine_Tutorial\C++\ActionGame\Intermediate\Build\Win64\UE4Editor\Development\ActionGame\UE4Editor-ActionGame-0019.lib
  Deleted hot-reload file: C:\Users\Chanwoongs\Desktop\Project\Unreal_Engine_Tutorial\C++\ActionGame\Intermediate\Build\Win64\UE4Editor\Development\ActionGame\UE4Editor-ActionGame-0021.lib
  Building ActionGameEditor...
  Using Visual Studio 2019 14.29.30146 toolchain (C:\Program Files (x86)\Microsoft Visual Studio\2019\Community\VC\Tools\MSVC\14.29.30133) and Windows 10.0.19041.0 SDK (C:\Program Files (x86)\Windows Kits\10).
  Building 7 actions with 8 processes...
    [1/7] CEnemy.gen.cpp
    [2/7] CEnemy_Dummy.cpp
    [3/7] CEnemy_Dummy.gen.cpp
    [4/7] CEnemy.cpp
    [5/7] UE4Editor-ActionGame.lib
       Creating library C:\Users\Chanwoongs\Desktop\Project\Unreal_Engine_Tutorial\C++\ActionGame\Intermediate\Build\Win64\UE4Editor\Development\ActionGame\UE4Editor-ActionGame.lib and object C:\Users\Chanwoongs\Desktop\Project\Unreal_Engine_Tutorial\C++\ActionGame\Intermediate\Build\Win64\UE4Editor\Development\ActionGame\UE4Editor-ActionGame.exp
    [6/7] UE4Editor-ActionGame.dll
       Creating library C:\Users\Chanwoongs\Desktop\Project\Unreal_Engine_Tutorial\C++\ActionGame\Intermediate\Build\Win64\UE4Editor\Development\ActionGame\UE4Editor-ActionGame.suppressed.lib and object C:\Users\Chanwoongs\Desktop\Project\Unreal_Engine_Tutorial\C++\ActionGame\Intermediate\Build\Win64\UE4Editor\Development\ActionGame\UE4Editor-ActionGame.suppressed.exp
    [7/7] ActionGameEditor.target
  Total time in Parallel executor: 3.92 seconds
  Total execution time: 12.37 seconds
