Log file open, 09/27/22 02:43:15
LogInit: Display: Running engine for game: Cpp_Project
LogPlatformFile: Not using cached read wrapper
LogTaskGraph: Started task graph with 5 named threads and 26 total threads with 3 sets of task threads.
LogStats: Stats thread started at 0.333031
LogD3D11RHI: Loaded GFSDK_Aftermath_Lib.x64.dll
LogICUInternationalization: ICU TimeZone Detection - Raw Offset: +9:00, Platform Override: ''
LogPluginManager: Mounting plugin Paper2D
LogPluginManager: Mounting plugin AISupport
LogPluginManager: Mounting plugin LightPropagationVolume
LogPluginManager: Mounting plugin CameraShakePreviewer
LogPluginManager: Mounting plugin ActorLayerUtilities
LogPluginManager: Mounting plugin AnimationSharing
LogPluginManager: Mounting plugin CLionSourceCodeAccess
LogPluginManager: Mounting plugin CodeLiteSourceCodeAccess
LogPluginManager: Mounting plugin GitSourceControl
LogPluginManager: Mounting plugin KDevelopSourceCodeAccess
LogPluginManager: Mounting plugin NullSourceCodeAccess
LogPluginManager: Mounting plugin PerforceSourceControl
LogPluginManager: Mounting plugin PlasticSourceControl
LogPluginManager: Mounting plugin RiderSourceCodeAccess
LogPluginManager: Mounting plugin SubversionSourceControl
LogPluginManager: Mounting plugin UObjectPlugin
LogPluginManager: Mounting plugin VisualStudioCodeSourceCodeAccess
LogPluginManager: Mounting plugin VisualStudioSourceCodeAccess
LogPluginManager: Mounting plugin XCodeSourceCodeAccess
LogPluginManager: Mounting plugin AssetManagerEditor
LogPluginManager: Mounting plugin CryptoKeys
LogPluginManager: Mounting plugin CurveEditorTools
LogPluginManager: Mounting plugin DataValidation
LogPluginManager: Mounting plugin EditorScriptingUtilities
LogPluginManager: Mounting plugin FacialAnimation
LogPluginManager: Mounting plugin GameplayTagsEditor
LogPluginManager: Mounting plugin GeometryMode
LogPluginManager: Mounting plugin MacGraphicsSwitching
LogPluginManager: Mounting plugin MaterialAnalyzer
LogPluginManager: Mounting plugin MobileLauncherProfileWizard
LogPluginManager: Mounting plugin PluginBrowser
LogPluginManager: Mounting plugin SpeedTreeImporter
LogPluginManager: Mounting plugin DatasmithContent
LogPluginManager: Mounting plugin VariantManagerContent
LogPluginManager: Mounting plugin AlembicImporter
LogPluginManager: Mounting plugin AutomationUtils
LogPluginManager: Mounting plugin BackChannel
LogPluginManager: Mounting plugin ChaosCloth
LogPluginManager: Mounting plugin ChaosClothEditor
LogPluginManager: Mounting plugin ChaosEditor
LogPluginManager: Mounting plugin ChaosNiagara
LogPluginManager: Mounting plugin ChaosSolverPlugin
LogPluginManager: Mounting plugin CharacterAI
LogPluginManager: Mounting plugin GeometryCache
LogPluginManager: Mounting plugin GeometryCollectionPlugin
LogPluginManager: Mounting plugin GeometryProcessing
LogPluginManager: Mounting plugin PlanarCut
LogPluginManager: Mounting plugin PlatformCrypto
LogPluginManager: Mounting plugin ProxyLODPlugin
LogPluginManager: Mounting plugin SkeletalReduction
LogPluginManager: Mounting plugin Niagara
LogPluginManager: Mounting plugin MagicLeap
LogPluginManager: Mounting plugin MagicLeapLightEstimation
LogPluginManager: Mounting plugin MagicLeapMedia
LogPluginManager: Mounting plugin MagicLeapPassableWorld
LogPluginManager: Mounting plugin MLSDK
LogPluginManager: Mounting plugin AndroidMedia
LogPluginManager: Mounting plugin AvfMedia
LogPluginManager: Mounting plugin ImgMedia
LogPluginManager: Mounting plugin MediaCompositing
LogPluginManager: Mounting plugin MediaPlayerEditor
LogPluginManager: Mounting plugin WebMMedia
LogPluginManager: Mounting plugin WmfMedia
LogPluginManager: Mounting plugin MeshPainting
LogPluginManager: Mounting plugin TcpMessaging
LogPluginManager: Mounting plugin UdpMessaging
LogPluginManager: Mounting plugin ActorSequence
LogPluginManager: Mounting plugin LevelSequenceEditor
LogPluginManager: Mounting plugin MatineeToLevelSequence
LogPluginManager: Mounting plugin MovieRenderPipeline
LogPluginManager: Mounting plugin TemplateSequence
LogPluginManager: Mounting plugin NetcodeUnitTest
LogPluginManager: Mounting plugin NUTUnrealEngine4
LogPluginManager: Mounting plugin OnlineSubsystemGooglePlay
LogPluginManager: Mounting plugin OnlineSubsystemIOS
LogPluginManager: Mounting plugin OnlineSubsystem
LogPluginManager: Mounting plugin OnlineSubsystemNull
LogPluginManager: Mounting plugin OnlineSubsystemUtils
LogPluginManager: Mounting plugin LauncherChunkInstaller
LogPluginManager: Mounting plugin AndroidDeviceProfileSelector
LogPluginManager: Mounting plugin AndroidMoviePlayer
LogPluginManager: Mounting plugin AndroidPermission
LogPluginManager: Mounting plugin AppleImageUtils
LogPluginManager: Mounting plugin AppleMoviePlayer
LogPluginManager: Mounting plugin ArchVisCharacter
LogPluginManager: Mounting plugin AssetTags
LogPluginManager: Mounting plugin AudioCapture
LogPluginManager: Mounting plugin CableComponent
LogPluginManager: Mounting plugin CustomMeshComponent
LogPluginManager: Mounting plugin EditableMesh
LogPluginManager: Mounting plugin ExampleDeviceProfileSelector
LogPluginManager: Mounting plugin GoogleCloudMessaging
LogPluginManager: Mounting plugin GooglePAD
LogPluginManager: Mounting plugin IOSDeviceProfileSelector
LogPluginManager: Mounting plugin LinuxDeviceProfileSelector
LogPluginManager: Mounting plugin LocationServicesBPLibrary
LogPluginManager: Mounting plugin MobilePatchingUtils
LogPluginManager: Mounting plugin OculusVR
LogPluginManager: Mounting plugin PhysXVehicles
LogPluginManager: Mounting plugin PostSplashScreen
LogPluginManager: Mounting plugin ProceduralMeshComponent
LogPluginManager: Mounting plugin RuntimePhysXCooking
LogPluginManager: Mounting plugin SignificanceManager
LogPluginManager: Mounting plugin SoundFields
LogPluginManager: Mounting plugin SteamVR
LogPluginManager: Mounting plugin Synthesis
LogPluginManager: Mounting plugin WebMMoviePlayer
LogPluginManager: Mounting plugin WindowsMoviePlayer
LogPluginManager: Mounting plugin ScreenshotTools
LogInit: Using libcurl 7.55.1-DEV
LogInit:  - built for x86_64-pc-win32
LogInit:  - supports SSL with OpenSSL/1.1.1
LogInit:  - supports HTTP deflate (compression) using libz 1.2.8
LogInit:  - other features:
LogInit:      CURL_VERSION_SSL
LogInit:      CURL_VERSION_LIBZ
LogInit:      CURL_VERSION_IPV6
LogInit:      CURL_VERSION_ASYNCHDNS
LogInit:      CURL_VERSION_LARGEFILE
LogInit:      CURL_VERSION_IDN
LogInit:  CurlRequestOptions (configurable via config and command line):
LogInit:  - bVerifyPeer = true  - Libcurl will verify peer certificate
LogInit:  - bUseHttpProxy = false  - Libcurl will NOT use HTTP proxy
LogInit:  - bDontReuseConnections = false  - Libcurl will reuse connections
LogInit:  - MaxHostConnections = 16  - Libcurl will limit the number of connections to a host
LogInit:  - LocalHostAddr = Default
LogInit:  - BufferSize = 65536
LogOnline: OSS: Creating online subsystem instance for: NULL
LogInit: WinSock: version 1.1 (2.2), MaxSocks=32767, MaxUdp=65467
LogOnline: OSS: TryLoadSubsystemAndSetDefault: Loaded subsystem for module [NULL]
LogInit: Build: ++UE4+Release-4.25-CL-14469661
LogInit: Engine Version: 4.25.4-14469661+++UE4+Release-4.25
LogInit: Compatible Engine Version: 4.25.0-13144385+++UE4+Release-4.25
LogInit: Net CL: 13144385
LogInit: OS: Windows 10 (Release 2009) (), CPU: Intel(R) Core(TM) i7-9700K CPU @ 3.60GHz, GPU: NVIDIA GeForce RTX 2080
LogInit: Compiled (64-bit): Oct 11 2020 08:10:49
LogInit: Compiled with Visual C++: 19.24.28315.00
LogInit: Build Configuration: Development
LogInit: Branch Name: ++UE4+Release-4.25
LogInit: Command Line:  -skipcompile
LogInit: Base Directory: D:/Game/UE_4.25/Engine/Binaries/Win64/
LogInit: Allocator: TBB
LogInit: Installed Engine Build: 1
LogDevObjectVersion: Number of dev versions registered: 26
LogDevObjectVersion:   Dev-Blueprints (B0D832E4-1F89-4F0D-ACCF-7EB736FD4AA2): 10
LogDevObjectVersion:   Dev-Build (E1C64328-A22C-4D53-A36C-8E866417BD8C): 0
LogDevObjectVersion:   Dev-Core (375EC13C-06E4-48FB-B500-84F0262A717E): 4
LogDevObjectVersion:   Dev-Editor (E4B068ED-F494-42E9-A231-DA0B2E46BB41): 38
LogDevObjectVersion:   Dev-Framework (CFFC743F-43B0-4480-9391-14DF171D2073): 37
LogDevObjectVersion:   Dev-Mobile (B02B49B5-BB20-44E9-A304-32B752E40360): 2
LogDevObjectVersion:   Dev-Networking (A4E4105C-59A1-49B5-A7C5-40C4547EDFEE): 0
LogDevObjectVersion:   Dev-Online (39C831C9-5AE6-47DC-9A44-9C173E1C8E7C): 0
LogDevObjectVersion:   Dev-Physics (78F01B33-EBEA-4F98-B9B4-84EACCB95AA2): 4
LogDevObjectVersion:   Dev-Platform (6631380F-2D4D-43E0-8009-CF276956A95A): 0
LogDevObjectVersion:   Dev-Rendering (12F88B9F-8875-4AFC-A67C-D90C383ABD29): 43
LogDevObjectVersion:   Dev-Sequencer (7B5AE74C-D270-4C10-A958-57980B212A5A): 12
LogDevObjectVersion:   Dev-VR (D7296918-1DD6-4BDD-9DE2-64A83CC13884): 3
LogDevObjectVersion:   Dev-LoadTimes (C2A15278-BFE7-4AFE-6C17-90FF531DF755): 1
LogDevObjectVersion:   Private-Geometry (6EACA3D4-40EC-4CC1-B786-8BED09428FC5): 3
LogDevObjectVersion:   Dev-AnimPhys (29E575DD-E0A3-4627-9D10-D276232CDCEA): 17
LogDevObjectVersion:   Dev-Anim (AF43A65D-7FD3-4947-9873-3E8ED9C1BB05): 7
LogDevObjectVersion:   Dev-ReflectionCapture (6B266CEC-1EC7-4B8F-A30B-E4D90942FC07): 1
LogDevObjectVersion:   Dev-Automation (0DF73D61-A23F-47EA-B727-89E90C41499A): 1
LogDevObjectVersion:   FortniteMain (601D1886-AC64-4F84-AA16-D3DE0DEAC7D6): 31
LogDevObjectVersion:   Dev-Enterprise (9DFFBCD6-494F-0158-E221-12823C92A888): 10
LogDevObjectVersion:   Dev-Niagara (F2AED0AC-9AFE-416F-8664-AA7FFA26D6FC): 1
LogDevObjectVersion:   Dev-Destruction (174F1F0B-B4C6-45A5-B13F-2EE8D0FB917D): 10
LogDevObjectVersion:   Dev-Physics-Ext (35F94A83-E258-406C-A318-09F59610247C): 37
LogDevObjectVersion:   Dev-PhysicsMaterial-Chaos (B68FC16E-8B1B-42E2-B453-215C058844FE): 1
LogDevObjectVersion:   Dev-CineCamera (B2E18506-4273-CFC2-A54E-F4BB758BBA07): 1
LogInit: Presizing for max 25165824 objects, including 0 objects not considered by GC, pre-allocating 0 bytes for permanent pool.
LogConfig: Applying CVar settings from Section [/Script/Engine.StreamingSettings] File [C:/Users/Chanwoongs/Desktop/Project/Unreal_Engine_Tutorial/C++/Cpp_Project/Saved/Config/Windows/Engine.ini]
LogConfig: Setting CVar [[s.MinBulkDataSizeForAsyncLoading:131072]]
LogConfig: Setting CVar [[s.AsyncLoadingThreadEnabled:0]]
LogConfig: Setting CVar [[s.EventDrivenLoaderEnabled:1]]
LogConfig: Setting CVar [[s.WarnIfTimeLimitExceeded:0]]
LogConfig: Setting CVar [[s.TimeLimitExceededMultiplier:1.5]]
LogConfig: Setting CVar [[s.TimeLimitExceededMinTime:0.005]]
LogConfig: Setting CVar [[s.UseBackgroundLevelStreaming:1]]
LogConfig: Setting CVar [[s.PriorityAsyncLoadingExtraTime:15.0]]
LogConfig: Setting CVar [[s.LevelStreamingActorsUpdateTimeLimit:5.0]]
LogConfig: Setting CVar [[s.PriorityLevelStreamingActorsUpdateExtraTime:5.0]]
LogConfig: Setting CVar [[s.LevelStreamingComponentsRegistrationGranularity:10]]
LogConfig: Setting CVar [[s.UnregisterComponentsTimeLimit:1.0]]
LogConfig: Setting CVar [[s.LevelStreamingComponentsUnregistrationGranularity:5]]
LogConfig: Setting CVar [[s.FlushStreamingOnExit:1]]
LogInit: Object subsystem initialized
LogConfig: Setting CVar [[con.DebugEarlyDefault:1]]
LogConfig: Setting CVar [[r.setres:1280x720]]
[2022.09.26-17.43.16:778][  0]LogConfig: Setting CVar [[r.VSync:0]]
[2022.09.26-17.43.16:778][  0]LogConfig: Setting CVar [[r.RHICmdBypass:0]]
[2022.09.26-17.43.16:778][  0]LogConfig: Applying CVar settings from Section [/Script/Engine.RendererSettings] File [C:/Users/Chanwoongs/Desktop/Project/Unreal_Engine_Tutorial/C++/Cpp_Project/Saved/Config/Windows/Engine.ini]
[2022.09.26-17.43.16:778][  0]LogConfig: Setting CVar [[r.GPUCrashDebugging:0]]
[2022.09.26-17.43.16:778][  0]LogConfig: Setting CVar [[r.SkinCache.CompileShaders:1]]
[2022.09.26-17.43.16:778][  0]LogConfig: Setting CVar [[r.RayTracing:1]]
[2022.09.26-17.43.16:779][  0]LogConfig: Applying CVar settings from Section [/Script/Engine.RendererOverrideSettings] File [C:/Users/Chanwoongs/Desktop/Project/Unreal_Engine_Tutorial/C++/Cpp_Project/Saved/Config/Windows/Engine.ini]
[2022.09.26-17.43.16:779][  0]LogConfig: Applying CVar settings from Section [/Script/Engine.StreamingSettings] File [C:/Users/Chanwoongs/Desktop/Project/Unreal_Engine_Tutorial/C++/Cpp_Project/Saved/Config/Windows/Engine.ini]
[2022.09.26-17.43.16:779][  0]LogConfig: Setting CVar [[s.MinBulkDataSizeForAsyncLoading:131072]]
[2022.09.26-17.43.16:779][  0]LogConfig: Setting CVar [[s.AsyncLoadingThreadEnabled:0]]
[2022.09.26-17.43.16:779][  0]LogConfig: Setting CVar [[s.EventDrivenLoaderEnabled:1]]
[2022.09.26-17.43.16:779][  0]LogConfig: Setting CVar [[s.WarnIfTimeLimitExceeded:0]]
[2022.09.26-17.43.16:779][  0]LogConfig: Setting CVar [[s.TimeLimitExceededMultiplier:1.5]]
[2022.09.26-17.43.16:779][  0]LogConfig: Setting CVar [[s.TimeLimitExceededMinTime:0.005]]
[2022.09.26-17.43.16:779][  0]LogConfig: Setting CVar [[s.UseBackgroundLevelStreaming:1]]
[2022.09.26-17.43.16:779][  0]LogConfig: Setting CVar [[s.PriorityAsyncLoadingExtraTime:15.0]]
[2022.09.26-17.43.16:779][  0]LogConfig: Setting CVar [[s.LevelStreamingActorsUpdateTimeLimit:5.0]]
[2022.09.26-17.43.16:779][  0]LogConfig: Setting CVar [[s.PriorityLevelStreamingActorsUpdateExtraTime:5.0]]
[2022.09.26-17.43.16:780][  0]LogConfig: Setting CVar [[s.LevelStreamingComponentsRegistrationGranularity:10]]
[2022.09.26-17.43.16:780][  0]LogConfig: Setting CVar [[s.UnregisterComponentsTimeLimit:1.0]]
[2022.09.26-17.43.16:780][  0]LogConfig: Setting CVar [[s.LevelStreamingComponentsUnregistrationGranularity:5]]
[2022.09.26-17.43.16:780][  0]LogConfig: Setting CVar [[s.FlushStreamingOnExit:1]]
[2022.09.26-17.43.16:780][  0]LogConfig: Applying CVar settings from Section [/Script/Engine.GarbageCollectionSettings] File [C:/Users/Chanwoongs/Desktop/Project/Unreal_Engine_Tutorial/C++/Cpp_Project/Saved/Config/Windows/Engine.ini]
[2022.09.26-17.43.16:780][  0]LogConfig: Setting CVar [[gc.MaxObjectsNotConsideredByGC:1]]
[2022.09.26-17.43.16:780][  0]LogConfig: Setting CVar [[gc.SizeOfPermanentObjectPool:0]]
[2022.09.26-17.43.16:780][  0]LogConfig: Setting CVar [[gc.FlushStreamingOnGC:0]]
[2022.09.26-17.43.16:780][  0]LogConfig: Setting CVar [[gc.NumRetriesBeforeForcingGC:10]]
[2022.09.26-17.43.16:780][  0]LogConfig: Setting CVar [[gc.AllowParallelGC:1]]
[2022.09.26-17.43.16:780][  0]LogConfig: Setting CVar [[gc.TimeBetweenPurgingPendingKillObjects:61.1]]
[2022.09.26-17.43.16:781][  0]LogConfig: Setting CVar [[gc.MaxObjectsInEditor:25165824]]
[2022.09.26-17.43.16:781][  0]LogConfig: Setting CVar [[gc.IncrementalBeginDestroyEnabled:1]]
[2022.09.26-17.43.16:781][  0]LogConfig: Setting CVar [[gc.CreateGCClusters:1]]
[2022.09.26-17.43.16:781][  0]LogConfig: Setting CVar [[gc.MinGCClusterSize:5]]
[2022.09.26-17.43.16:781][  0]LogConfig: Setting CVar [[gc.ActorClusteringEnabled:0]]
[2022.09.26-17.43.16:781][  0]LogConfig: Setting CVar [[gc.BlueprintClusteringEnabled:0]]
[2022.09.26-17.43.16:781][  0]LogConfig: Setting CVar [[gc.UseDisregardForGCOnDedicatedServers:0]]
[2022.09.26-17.43.16:781][  0]LogConfig: Applying CVar settings from Section [/Script/Engine.NetworkSettings] File [C:/Users/Chanwoongs/Desktop/Project/Unreal_Engine_Tutorial/C++/Cpp_Project/Saved/Config/Windows/Engine.ini]
[2022.09.26-17.43.16:781][  0]LogConfig: Applying CVar settings from Section [/Script/UnrealEd.CookerSettings] File [C:/Users/Chanwoongs/Desktop/Project/Unreal_Engine_Tutorial/C++/Cpp_Project/Saved/Config/Windows/Engine.ini]
[2022.09.26-17.43.16:800][  0]LogConfig: Applying CVar settings from Section [ViewDistanceQuality@3] File [C:/Users/Chanwoongs/Desktop/Project/Unreal_Engine_Tutorial/C++/Cpp_Project/Saved/Config/Windows/Scalability.ini]
[2022.09.26-17.43.16:800][  0]LogConfig: Setting CVar [[r.SkeletalMeshLODBias:0]]
[2022.09.26-17.43.16:800][  0]LogConfig: Setting CVar [[r.ViewDistanceScale:1.0]]
[2022.09.26-17.43.16:800][  0]LogConfig: Applying CVar settings from Section [AntiAliasingQuality@3] File [C:/Users/Chanwoongs/Desktop/Project/Unreal_Engine_Tutorial/C++/Cpp_Project/Saved/Config/Windows/Scalability.ini]
[2022.09.26-17.43.16:800][  0]LogConfig: Setting CVar [[r.PostProcessAAQuality:4]]
[2022.09.26-17.43.16:800][  0]LogConfig: Applying CVar settings from Section [ShadowQuality@3] File [C:/Users/Chanwoongs/Desktop/Project/Unreal_Engine_Tutorial/C++/Cpp_Project/Saved/Config/Windows/Scalability.ini]
[2022.09.26-17.43.16:800][  0]LogConfig: Setting CVar [[r.LightFunctionQuality:1]]
[2022.09.26-17.43.16:800][  0]LogConfig: Setting CVar [[r.ShadowQuality:5]]
[2022.09.26-17.43.16:800][  0]LogConfig: Setting CVar [[r.Shadow.CSM.MaxCascades:10]]
[2022.09.26-17.43.16:800][  0]LogConfig: Setting CVar [[r.Shadow.MaxResolution:2048]]
[2022.09.26-17.43.16:800][  0]LogConfig: Setting CVar [[r.Shadow.MaxCSMResolution:2048]]
[2022.09.26-17.43.16:801][  0]LogConfig: Setting CVar [[r.Shadow.RadiusThreshold:0.01]]
[2022.09.26-17.43.16:801][  0]LogConfig: Setting CVar [[r.Shadow.DistanceScale:1.0]]
[2022.09.26-17.43.16:801][  0]LogConfig: Setting CVar [[r.Shadow.CSM.TransitionScale:1.0]]
[2022.09.26-17.43.16:801][  0]LogConfig: Setting CVar [[r.Shadow.PreShadowResolutionFactor:1.0]]
[2022.09.26-17.43.16:801][  0]LogConfig: Setting CVar [[r.DistanceFieldShadowing:1]]
[2022.09.26-17.43.16:801][  0]LogConfig: Setting CVar [[r.DistanceFieldAO:1]]
[2022.09.26-17.43.16:801][  0]LogConfig: Setting CVar [[r.AOQuality:2]]
[2022.09.26-17.43.16:801][  0]LogConfig: Setting CVar [[r.VolumetricFog:1]]
[2022.09.26-17.43.16:801][  0]LogConfig: Setting CVar [[r.VolumetricFog.GridPixelSize:8]]
[2022.09.26-17.43.16:801][  0]LogConfig: Setting CVar [[r.VolumetricFog.GridSizeZ:128]]
[2022.09.26-17.43.16:801][  0]LogConfig: Setting CVar [[r.VolumetricFog.HistoryMissSupersampleCount:4]]
[2022.09.26-17.43.16:801][  0]LogConfig: Setting CVar [[r.LightMaxDrawDistanceScale:1]]
[2022.09.26-17.43.16:801][  0]LogConfig: Setting CVar [[r.CapsuleShadows:1]]
[2022.09.26-17.43.16:801][  0]LogConfig: Applying CVar settings from Section [PostProcessQuality@3] File [C:/Users/Chanwoongs/Desktop/Project/Unreal_Engine_Tutorial/C++/Cpp_Project/Saved/Config/Windows/Scalability.ini]
[2022.09.26-17.43.16:801][  0]LogConfig: Setting CVar [[r.MotionBlurQuality:4]]
[2022.09.26-17.43.16:801][  0]LogConfig: Setting CVar [[r.AmbientOcclusionMipLevelFactor:0.4]]
[2022.09.26-17.43.16:801][  0]LogConfig: Setting CVar [[r.AmbientOcclusionMaxQuality:100]]
[2022.09.26-17.43.16:801][  0]LogConfig: Setting CVar [[r.AmbientOcclusionLevels:-1]]
[2022.09.26-17.43.16:801][  0]LogConfig: Setting CVar [[r.AmbientOcclusionRadiusScale:1.0]]
[2022.09.26-17.43.16:802][  0]LogConfig: Setting CVar [[r.DepthOfFieldQuality:2]]
[2022.09.26-17.43.16:802][  0]LogConfig: Setting CVar [[r.RenderTargetPoolMin:400]]
[2022.09.26-17.43.16:802][  0]LogConfig: Setting CVar [[r.LensFlareQuality:2]]
[2022.09.26-17.43.16:802][  0]LogConfig: Setting CVar [[r.SceneColorFringeQuality:1]]
[2022.09.26-17.43.16:802][  0]LogConfig: Setting CVar [[r.EyeAdaptationQuality:2]]
[2022.09.26-17.43.16:802][  0]LogConfig: Setting CVar [[r.BloomQuality:5]]
[2022.09.26-17.43.16:802][  0]LogConfig: Setting CVar [[r.FastBlurThreshold:100]]
[2022.09.26-17.43.16:802][  0]LogConfig: Setting CVar [[r.Upscale.Quality:3]]
[2022.09.26-17.43.16:802][  0]LogConfig: Setting CVar [[r.Tonemapper.GrainQuantization:1]]
[2022.09.26-17.43.16:802][  0]LogConfig: Setting CVar [[r.LightShaftQuality:1]]
[2022.09.26-17.43.16:802][  0]LogConfig: Setting CVar [[r.Filter.SizeScale:1]]
[2022.09.26-17.43.16:802][  0]LogConfig: Setting CVar [[r.Tonemapper.Quality:5]]
[2022.09.26-17.43.16:802][  0]LogConfig: Setting CVar [[r.DOF.Gather.AccumulatorQuality:1        ; higher gathering accumulator quality]]
[2022.09.26-17.43.16:802][  0]LogConfig: Setting CVar [[r.DOF.Gather.PostfilterMethod:1          ; Median3x3 postfilering method]]
[2022.09.26-17.43.16:802][  0]LogConfig: Setting CVar [[r.DOF.Gather.EnableBokehSettings:0       ; no bokeh simulation when gathering]]
[2022.09.26-17.43.16:802][  0]LogConfig: Setting CVar [[r.DOF.Gather.RingCount:4                 ; medium number of samples when gathering]]
[2022.09.26-17.43.16:802][  0]LogConfig: Setting CVar [[r.DOF.Scatter.ForegroundCompositing:1    ; additive foreground scattering]]
[2022.09.26-17.43.16:803][  0]LogConfig: Setting CVar [[r.DOF.Scatter.BackgroundCompositing:2    ; additive background scattering]]
[2022.09.26-17.43.16:803][  0]LogConfig: Setting CVar [[r.DOF.Scatter.EnableBokehSettings:1      ; bokeh simulation when scattering]]
[2022.09.26-17.43.16:803][  0]LogConfig: Setting CVar [[r.DOF.Scatter.MaxSpriteRatio:0.1         ; only a maximum of 10% of scattered bokeh]]
[2022.09.26-17.43.16:803][  0]LogConfig: Setting CVar [[r.DOF.Recombine.Quality:1                ; cheap slight out of focus]]
[2022.09.26-17.43.16:803][  0]LogConfig: Setting CVar [[r.DOF.Recombine.EnableBokehSettings:0    ; no bokeh simulation on slight out of focus]]
[2022.09.26-17.43.16:803][  0]LogConfig: Setting CVar [[r.DOF.TemporalAAQuality:1                ; more stable temporal accumulation]]
[2022.09.26-17.43.16:803][  0]LogConfig: Setting CVar [[r.DOF.Kernel.MaxForegroundRadius:0.025]]
[2022.09.26-17.43.16:803][  0]LogConfig: Setting CVar [[r.DOF.Kernel.MaxBackgroundRadius:0.025]]
[2022.09.26-17.43.16:803][  0]LogConfig: Applying CVar settings from Section [TextureQuality@3] File [C:/Users/Chanwoongs/Desktop/Project/Unreal_Engine_Tutorial/C++/Cpp_Project/Saved/Config/Windows/Scalability.ini]
[2022.09.26-17.43.16:803][  0]LogConfig: Setting CVar [[r.Streaming.MipBias:0]]
[2022.09.26-17.43.16:803][  0]LogConfig: Setting CVar [[r.Streaming.AmortizeCPUToGPUCopy:0]]
[2022.09.26-17.43.16:803][  0]LogConfig: Setting CVar [[r.Streaming.MaxNumTexturesToStreamPerFrame:0]]
[2022.09.26-17.43.16:804][  0]LogConfig: Setting CVar [[r.Streaming.Boost:1]]
[2022.09.26-17.43.16:804][  0]LogConfig: Setting CVar [[r.MaxAnisotropy:8]]
[2022.09.26-17.43.16:804][  0]LogConfig: Setting CVar [[r.VT.MaxAnisotropy:8]]
[2022.09.26-17.43.16:804][  0]LogConfig: Setting CVar [[r.Streaming.LimitPoolSizeToVRAM:0]]
[2022.09.26-17.43.16:804][  0]LogConfig: Setting CVar [[r.Streaming.PoolSize:1000]]
[2022.09.26-17.43.16:804][  0]LogConfig: Setting CVar [[r.Streaming.MaxEffectiveScreenSize:0]]
[2022.09.26-17.43.16:804][  0]LogConfig: Applying CVar settings from Section [EffectsQuality@3] File [C:/Users/Chanwoongs/Desktop/Project/Unreal_Engine_Tutorial/C++/Cpp_Project/Saved/Config/Windows/Scalability.ini]
[2022.09.26-17.43.16:804][  0]LogConfig: Setting CVar [[r.TranslucencyLightingVolumeDim:64]]
[2022.09.26-17.43.16:804][  0]LogConfig: Setting CVar [[r.RefractionQuality:2]]
[2022.09.26-17.43.16:804][  0]LogConfig: Setting CVar [[r.SSR.Quality:3]]
[2022.09.26-17.43.16:804][  0]LogConfig: Setting CVar [[r.SSR.HalfResSceneColor:0]]
[2022.09.26-17.43.16:804][  0]LogConfig: Setting CVar [[r.SceneColorFormat:4]]
[2022.09.26-17.43.16:804][  0]LogConfig: Setting CVar [[r.DetailMode:2]]
[2022.09.26-17.43.16:804][  0]LogConfig: Setting CVar [[r.TranslucencyVolumeBlur:1]]
[2022.09.26-17.43.16:804][  0]LogConfig: Setting CVar [[r.MaterialQualityLevel:1 ; High quality]]
[2022.09.26-17.43.16:805][  0]LogConfig: Setting CVar [[r.SSS.Scale:1]]
[2022.09.26-17.43.16:805][  0]LogConfig: Setting CVar [[r.SSS.SampleSet:2]]
[2022.09.26-17.43.16:805][  0]LogConfig: Setting CVar [[r.SSS.Quality:1]]
[2022.09.26-17.43.16:805][  0]LogConfig: Setting CVar [[r.SSS.HalfRes:0]]
[2022.09.26-17.43.16:805][  0]LogConfig: Setting CVar [[r.SSGI.Quality:3]]
[2022.09.26-17.43.16:805][  0]LogConfig: Setting CVar [[r.EmitterSpawnRateScale:1.0]]
[2022.09.26-17.43.16:805][  0]LogConfig: Setting CVar [[r.ParticleLightQuality:2]]
[2022.09.26-17.43.16:805][  0]LogConfig: Setting CVar [[r.SkyAtmosphere.AerialPerspectiveLUT.FastApplyOnOpaque:1 ; Always have FastSkyLUT 1 in this case to avoid wrong sky]]
[2022.09.26-17.43.16:805][  0]LogConfig: Setting CVar [[r.SkyAtmosphere.AerialPerspectiveLUT.SampleCountPerSlice:1]]
[2022.09.26-17.43.16:805][  0]LogConfig: Setting CVar [[r.SkyAtmosphere.AerialPerspectiveLUT.DepthResolution:16.0]]
[2022.09.26-17.43.16:805][  0]LogConfig: Setting CVar [[r.SkyAtmosphere.FastSkyLUT:1]]
[2022.09.26-17.43.16:805][  0]LogConfig: Setting CVar [[r.SkyAtmosphere.FastSkyLUT.SampleCountMin:4.0]]
[2022.09.26-17.43.16:805][  0]LogConfig: Setting CVar [[r.SkyAtmosphere.FastSkyLUT.SampleCountMax:32.0]]
[2022.09.26-17.43.16:806][  0]LogConfig: Setting CVar [[r.SkyAtmosphere.SampleCountMin:4.0]]
[2022.09.26-17.43.16:806][  0]LogConfig: Setting CVar [[r.SkyAtmosphere.SampleCountMax:32.0]]
[2022.09.26-17.43.16:806][  0]LogConfig: Setting CVar [[r.SkyAtmosphere.TransmittanceLUT.UseSmallFormat:0]]
[2022.09.26-17.43.16:806][  0]LogConfig: Setting CVar [[r.SkyAtmosphere.TransmittanceLUT.SampleCount:10.0]]
[2022.09.26-17.43.16:806][  0]LogConfig: Setting CVar [[r.SkyAtmosphere.MultiScatteringLUT.SampleCount:15.0]]
[2022.09.26-17.43.16:806][  0]LogConfig: Applying CVar settings from Section [FoliageQuality@3] File [C:/Users/Chanwoongs/Desktop/Project/Unreal_Engine_Tutorial/C++/Cpp_Project/Saved/Config/Windows/Scalability.ini]
[2022.09.26-17.43.16:806][  0]LogConfig: Setting CVar [[foliage.DensityScale:1.0]]
[2022.09.26-17.43.16:806][  0]LogConfig: Setting CVar [[grass.DensityScale:1.0]]
[2022.09.26-17.43.16:806][  0]LogConfig: Applying CVar settings from Section [ShadingQuality@3] File [C:/Users/Chanwoongs/Desktop/Project/Unreal_Engine_Tutorial/C++/Cpp_Project/Saved/Config/Windows/Scalability.ini]
[2022.09.26-17.43.16:806][  0]LogConfig: Setting CVar [[r.HairStrands.SkyLighting.SampleCount:16]]
[2022.09.26-17.43.16:806][  0]LogConfig: Setting CVar [[r.HairStrands.SkyLighting.JitterIntegration:0]]
[2022.09.26-17.43.16:806][  0]LogConfig: Setting CVar [[r.HairStrands.SkyAO.SampleCount:16]]
[2022.09.26-17.43.16:807][  0]LogConfig: Setting CVar [[r.HairStrands.DeepShadow.SuperSampling:0]]
[2022.09.26-17.43.16:807][  0]LogConfig: Setting CVar [[r.HairStrands.VisibilityPPLL:0]]
[2022.09.26-17.43.16:807][  0]LogConfig: Setting CVar [[r.HairStrands.RasterizationScale:0.5]]
[2022.09.26-17.43.16:807][  0]LogConfig: Setting CVar [[r.HairStrands.VelocityRasterizationScale:1]]
[2022.09.26-17.43.16:807][  0]LogInit: Selected Device Profile: [Windows]
[2022.09.26-17.43.16:807][  0]LogInit: Applying CVar settings loaded from the selected device profile: [Windows]
[2022.09.26-17.43.16:807][  0]LogHAL: Display: Platform has ~ 48 GB [51453968384 / 68719476736 / 48], which maps to Largest [LargestMinGB=32, LargerMinGB=12, DefaultMinGB=8, SmallerMinGB=6, SmallestMinGB=0)
[2022.09.26-17.43.16:807][  0]LogInit: Going up to parent DeviceProfile []
[2022.09.26-17.43.16:807][  0]LogConfig: Applying CVar settings from Section [ViewDistanceQuality@3] File [C:/Users/Chanwoongs/Desktop/Project/Unreal_Engine_Tutorial/C++/Cpp_Project/Saved/Config/Windows/Scalability.ini]
[2022.09.26-17.43.16:807][  0]LogConfig: Setting CVar [[r.SkeletalMeshLODBias:0]]
[2022.09.26-17.43.16:807][  0]LogConfig: Setting CVar [[r.ViewDistanceScale:1.0]]
[2022.09.26-17.43.16:807][  0]LogConfig: Applying CVar settings from Section [AntiAliasingQuality@3] File [C:/Users/Chanwoongs/Desktop/Project/Unreal_Engine_Tutorial/C++/Cpp_Project/Saved/Config/Windows/Scalability.ini]
[2022.09.26-17.43.16:808][  0]LogConfig: Setting CVar [[r.PostProcessAAQuality:4]]
[2022.09.26-17.43.16:808][  0]LogConfig: Applying CVar settings from Section [ShadowQuality@3] File [C:/Users/Chanwoongs/Desktop/Project/Unreal_Engine_Tutorial/C++/Cpp_Project/Saved/Config/Windows/Scalability.ini]
[2022.09.26-17.43.16:808][  0]LogConfig: Setting CVar [[r.LightFunctionQuality:1]]
[2022.09.26-17.43.16:808][  0]LogConfig: Setting CVar [[r.ShadowQuality:5]]
[2022.09.26-17.43.16:808][  0]LogConfig: Setting CVar [[r.Shadow.CSM.MaxCascades:10]]
[2022.09.26-17.43.16:808][  0]LogConfig: Setting CVar [[r.Shadow.MaxResolution:2048]]
[2022.09.26-17.43.16:808][  0]LogConfig: Setting CVar [[r.Shadow.MaxCSMResolution:2048]]
[2022.09.26-17.43.16:808][  0]LogConfig: Setting CVar [[r.Shadow.RadiusThreshold:0.01]]
[2022.09.26-17.43.16:808][  0]LogConfig: Setting CVar [[r.Shadow.DistanceScale:1.0]]
[2022.09.26-17.43.16:808][  0]LogConfig: Setting CVar [[r.Shadow.CSM.TransitionScale:1.0]]
[2022.09.26-17.43.16:808][  0]LogConfig: Setting CVar [[r.Shadow.PreShadowResolutionFactor:1.0]]
[2022.09.26-17.43.16:808][  0]LogConfig: Setting CVar [[r.DistanceFieldShadowing:1]]
[2022.09.26-17.43.16:809][  0]LogConfig: Setting CVar [[r.DistanceFieldAO:1]]
[2022.09.26-17.43.16:809][  0]LogConfig: Setting CVar [[r.AOQuality:2]]
[2022.09.26-17.43.16:809][  0]LogConfig: Setting CVar [[r.VolumetricFog:1]]
[2022.09.26-17.43.16:809][  0]LogConfig: Setting CVar [[r.VolumetricFog.GridPixelSize:8]]
[2022.09.26-17.43.16:809][  0]LogConfig: Setting CVar [[r.VolumetricFog.GridSizeZ:128]]
[2022.09.26-17.43.16:809][  0]LogConfig: Setting CVar [[r.VolumetricFog.HistoryMissSupersampleCount:4]]
[2022.09.26-17.43.16:809][  0]LogConfig: Setting CVar [[r.LightMaxDrawDistanceScale:1]]
[2022.09.26-17.43.16:809][  0]LogConfig: Setting CVar [[r.CapsuleShadows:1]]
[2022.09.26-17.43.16:809][  0]LogConfig: Applying CVar settings from Section [PostProcessQuality@3] File [C:/Users/Chanwoongs/Desktop/Project/Unreal_Engine_Tutorial/C++/Cpp_Project/Saved/Config/Windows/Scalability.ini]
[2022.09.26-17.43.16:809][  0]LogConfig: Setting CVar [[r.MotionBlurQuality:4]]
[2022.09.26-17.43.16:809][  0]LogConfig: Setting CVar [[r.AmbientOcclusionMipLevelFactor:0.4]]
[2022.09.26-17.43.16:809][  0]LogConfig: Setting CVar [[r.AmbientOcclusionMaxQuality:100]]
[2022.09.26-17.43.16:809][  0]LogConfig: Setting CVar [[r.AmbientOcclusionLevels:-1]]
[2022.09.26-17.43.16:809][  0]LogConfig: Setting CVar [[r.AmbientOcclusionRadiusScale:1.0]]
[2022.09.26-17.43.16:809][  0]LogConfig: Setting CVar [[r.DepthOfFieldQuality:2]]
[2022.09.26-17.43.16:811][  0]LogConfig: Setting CVar [[r.RenderTargetPoolMin:400]]
[2022.09.26-17.43.16:811][  0]LogConfig: Setting CVar [[r.LensFlareQuality:2]]
[2022.09.26-17.43.16:811][  0]LogConfig: Setting CVar [[r.SceneColorFringeQuality:1]]
[2022.09.26-17.43.16:811][  0]LogConfig: Setting CVar [[r.EyeAdaptationQuality:2]]
[2022.09.26-17.43.16:811][  0]LogConfig: Setting CVar [[r.BloomQuality:5]]
[2022.09.26-17.43.16:811][  0]LogConfig: Setting CVar [[r.FastBlurThreshold:100]]
[2022.09.26-17.43.16:811][  0]LogConfig: Setting CVar [[r.Upscale.Quality:3]]
[2022.09.26-17.43.16:811][  0]LogConfig: Setting CVar [[r.Tonemapper.GrainQuantization:1]]
[2022.09.26-17.43.16:811][  0]LogConfig: Setting CVar [[r.LightShaftQuality:1]]
[2022.09.26-17.43.16:811][  0]LogConfig: Setting CVar [[r.Filter.SizeScale:1]]
[2022.09.26-17.43.16:811][  0]LogConfig: Setting CVar [[r.Tonemapper.Quality:5]]
[2022.09.26-17.43.16:811][  0]LogConfig: Setting CVar [[r.DOF.Gather.AccumulatorQuality:1        ; higher gathering accumulator quality]]
[2022.09.26-17.43.16:811][  0]LogConfig: Setting CVar [[r.DOF.Gather.PostfilterMethod:1          ; Median3x3 postfilering method]]
[2022.09.26-17.43.16:811][  0]LogConfig: Setting CVar [[r.DOF.Gather.EnableBokehSettings:0       ; no bokeh simulation when gathering]]
[2022.09.26-17.43.16:811][  0]LogConfig: Setting CVar [[r.DOF.Gather.RingCount:4                 ; medium number of samples when gathering]]
[2022.09.26-17.43.16:811][  0]LogConfig: Setting CVar [[r.DOF.Scatter.ForegroundCompositing:1    ; additive foreground scattering]]
[2022.09.26-17.43.16:811][  0]LogConfig: Setting CVar [[r.DOF.Scatter.BackgroundCompositing:2    ; additive background scattering]]
[2022.09.26-17.43.16:811][  0]LogConfig: Setting CVar [[r.DOF.Scatter.EnableBokehSettings:1      ; bokeh simulation when scattering]]
[2022.09.26-17.43.16:811][  0]LogConfig: Setting CVar [[r.DOF.Scatter.MaxSpriteRatio:0.1         ; only a maximum of 10% of scattered bokeh]]
[2022.09.26-17.43.16:811][  0]LogConfig: Setting CVar [[r.DOF.Recombine.Quality:1                ; cheap slight out of focus]]
[2022.09.26-17.43.16:811][  0]LogConfig: Setting CVar [[r.DOF.Recombine.EnableBokehSettings:0    ; no bokeh simulation on slight out of focus]]
[2022.09.26-17.43.16:811][  0]LogConfig: Setting CVar [[r.DOF.TemporalAAQuality:1                ; more stable temporal accumulation]]
[2022.09.26-17.43.16:811][  0]LogConfig: Setting CVar [[r.DOF.Kernel.MaxForegroundRadius:0.025]]
[2022.09.26-17.43.16:811][  0]LogConfig: Setting CVar [[r.DOF.Kernel.MaxBackgroundRadius:0.025]]
[2022.09.26-17.43.16:811][  0]LogConfig: Applying CVar settings from Section [TextureQuality@3] File [C:/Users/Chanwoongs/Desktop/Project/Unreal_Engine_Tutorial/C++/Cpp_Project/Saved/Config/Windows/Scalability.ini]
[2022.09.26-17.43.16:812][  0]LogConfig: Setting CVar [[r.Streaming.MipBias:0]]
[2022.09.26-17.43.16:812][  0]LogConfig: Setting CVar [[r.Streaming.AmortizeCPUToGPUCopy:0]]
[2022.09.26-17.43.16:812][  0]LogConfig: Setting CVar [[r.Streaming.MaxNumTexturesToStreamPerFrame:0]]
[2022.09.26-17.43.16:812][  0]LogConfig: Setting CVar [[r.Streaming.Boost:1]]
[2022.09.26-17.43.16:812][  0]LogConfig: Setting CVar [[r.MaxAnisotropy:8]]
[2022.09.26-17.43.16:812][  0]LogConfig: Setting CVar [[r.VT.MaxAnisotropy:8]]
[2022.09.26-17.43.16:812][  0]LogConfig: Setting CVar [[r.Streaming.LimitPoolSizeToVRAM:0]]
[2022.09.26-17.43.16:812][  0]LogConfig: Setting CVar [[r.Streaming.PoolSize:1000]]
[2022.09.26-17.43.16:812][  0]LogConfig: Setting CVar [[r.Streaming.MaxEffectiveScreenSize:0]]
[2022.09.26-17.43.16:812][  0]LogConfig: Applying CVar settings from Section [EffectsQuality@3] File [C:/Users/Chanwoongs/Desktop/Project/Unreal_Engine_Tutorial/C++/Cpp_Project/Saved/Config/Windows/Scalability.ini]
[2022.09.26-17.43.16:812][  0]LogConfig: Setting CVar [[r.TranslucencyLightingVolumeDim:64]]
[2022.09.26-17.43.16:812][  0]LogConfig: Setting CVar [[r.RefractionQuality:2]]
[2022.09.26-17.43.16:812][  0]LogConfig: Setting CVar [[r.SSR.Quality:3]]
[2022.09.26-17.43.16:813][  0]LogConfig: Setting CVar [[r.SSR.HalfResSceneColor:0]]
[2022.09.26-17.43.16:813][  0]LogConfig: Setting CVar [[r.SceneColorFormat:4]]
[2022.09.26-17.43.16:813][  0]LogConfig: Setting CVar [[r.DetailMode:2]]
[2022.09.26-17.43.16:813][  0]LogConfig: Setting CVar [[r.TranslucencyVolumeBlur:1]]
[2022.09.26-17.43.16:813][  0]LogConfig: Setting CVar [[r.MaterialQualityLevel:1 ; High quality]]
[2022.09.26-17.43.16:813][  0]LogConfig: Setting CVar [[r.SSS.Scale:1]]
[2022.09.26-17.43.16:813][  0]LogConfig: Setting CVar [[r.SSS.SampleSet:2]]
[2022.09.26-17.43.16:813][  0]LogConfig: Setting CVar [[r.SSS.Quality:1]]
[2022.09.26-17.43.16:813][  0]LogConfig: Setting CVar [[r.SSS.HalfRes:0]]
[2022.09.26-17.43.16:813][  0]LogConfig: Setting CVar [[r.SSGI.Quality:3]]
[2022.09.26-17.43.16:813][  0]LogConfig: Setting CVar [[r.EmitterSpawnRateScale:1.0]]
[2022.09.26-17.43.16:813][  0]LogConfig: Setting CVar [[r.ParticleLightQuality:2]]
[2022.09.26-17.43.16:813][  0]LogConfig: Setting CVar [[r.SkyAtmosphere.AerialPerspectiveLUT.FastApplyOnOpaque:1 ; Always have FastSkyLUT 1 in this case to avoid wrong sky]]
[2022.09.26-17.43.16:814][  0]LogConfig: Setting CVar [[r.SkyAtmosphere.AerialPerspectiveLUT.SampleCountPerSlice:1]]
[2022.09.26-17.43.16:814][  0]LogConfig: Setting CVar [[r.SkyAtmosphere.AerialPerspectiveLUT.DepthResolution:16.0]]
[2022.09.26-17.43.16:814][  0]LogConfig: Setting CVar [[r.SkyAtmosphere.FastSkyLUT:1]]
[2022.09.26-17.43.16:814][  0]LogConfig: Setting CVar [[r.SkyAtmosphere.FastSkyLUT.SampleCountMin:4.0]]
[2022.09.26-17.43.16:814][  0]LogConfig: Setting CVar [[r.SkyAtmosphere.FastSkyLUT.SampleCountMax:32.0]]
[2022.09.26-17.43.16:814][  0]LogConfig: Setting CVar [[r.SkyAtmosphere.SampleCountMin:4.0]]
[2022.09.26-17.43.16:814][  0]LogConfig: Setting CVar [[r.SkyAtmosphere.SampleCountMax:32.0]]
[2022.09.26-17.43.16:814][  0]LogConfig: Setting CVar [[r.SkyAtmosphere.TransmittanceLUT.UseSmallFormat:0]]
[2022.09.26-17.43.16:814][  0]LogConfig: Setting CVar [[r.SkyAtmosphere.TransmittanceLUT.SampleCount:10.0]]
[2022.09.26-17.43.16:814][  0]LogConfig: Setting CVar [[r.SkyAtmosphere.MultiScatteringLUT.SampleCount:15.0]]
[2022.09.26-17.43.16:814][  0]LogConfig: Applying CVar settings from Section [FoliageQuality@3] File [C:/Users/Chanwoongs/Desktop/Project/Unreal_Engine_Tutorial/C++/Cpp_Project/Saved/Config/Windows/Scalability.ini]
[2022.09.26-17.43.16:814][  0]LogConfig: Setting CVar [[foliage.DensityScale:1.0]]
[2022.09.26-17.43.16:814][  0]LogConfig: Setting CVar [[grass.DensityScale:1.0]]
[2022.09.26-17.43.16:814][  0]LogConfig: Applying CVar settings from Section [ShadingQuality@3] File [C:/Users/Chanwoongs/Desktop/Project/Unreal_Engine_Tutorial/C++/Cpp_Project/Saved/Config/Windows/Scalability.ini]
[2022.09.26-17.43.16:815][  0]LogConfig: Setting CVar [[r.HairStrands.SkyLighting.SampleCount:16]]
[2022.09.26-17.43.16:815][  0]LogConfig: Setting CVar [[r.HairStrands.SkyLighting.JitterIntegration:0]]
[2022.09.26-17.43.16:815][  0]LogConfig: Setting CVar [[r.HairStrands.SkyAO.SampleCount:16]]
[2022.09.26-17.43.16:815][  0]LogConfig: Setting CVar [[r.HairStrands.DeepShadow.SuperSampling:0]]
[2022.09.26-17.43.16:815][  0]LogConfig: Setting CVar [[r.HairStrands.VisibilityPPLL:0]]
[2022.09.26-17.43.16:815][  0]LogConfig: Setting CVar [[r.HairStrands.RasterizationScale:0.5]]
[2022.09.26-17.43.16:815][  0]LogConfig: Setting CVar [[r.HairStrands.VelocityRasterizationScale:1]]
[2022.09.26-17.43.16:815][  0]LogConfig: Applying CVar settings from Section [Startup] File [../../../Engine/Config/ConsoleVariables.ini]
[2022.09.26-17.43.16:815][  0]LogConfig: Setting CVar [[net.UseAdaptiveNetUpdateFrequency:0]]
[2022.09.26-17.43.16:816][  0]LogConfig: Setting CVar [[p.chaos.AllowCreatePhysxBodies:1]]
[2022.09.26-17.43.16:816][  0]LogConfig: Setting CVar [[fx.SkipVectorVMBackendOptimizations:1]]
[2022.09.26-17.43.16:816][  0]LogConfig: Applying CVar settings from Section [ConsoleVariables] File [C:/Users/Chanwoongs/Desktop/Project/Unreal_Engine_Tutorial/C++/Cpp_Project/Saved/Config/Windows/Engine.ini]
[2022.09.26-17.43.16:816][  0]LogInit: Computer: 찬웅
[2022.09.26-17.43.16:816][  0]LogInit: User: Chanwoongs
[2022.09.26-17.43.16:816][  0]LogInit: CPU Page size=4096, Cores=8
[2022.09.26-17.43.16:816][  0]LogInit: High frequency timer resolution =10.000000 MHz
[2022.09.26-17.43.16:816][  0]LogMemory: Memory total: Physical=47.9GB (48GB approx)
[2022.09.26-17.43.16:816][  0]LogMemory: Platform Memory Stats for Windows
[2022.09.26-17.43.16:816][  0]LogMemory: Process Physical Memory: 119.64 MB used, 119.64 MB peak
[2022.09.26-17.43.16:816][  0]LogMemory: Process Virtual Memory: 97.93 MB used, 97.93 MB peak
[2022.09.26-17.43.16:816][  0]LogMemory: Physical Memory: 17974.37 MB used,  31095.96 MB free, 49070.33 MB total
[2022.09.26-17.43.16:817][  0]LogMemory: Virtual Memory: 5150.08 MB used,  134212576.00 MB free, 134217728.00 MB total
[2022.09.26-17.43.16:841][  0]LogWindows: WindowsPlatformFeatures enabled
[2022.09.26-17.43.17:118][  0]LogInit: Physics initialised using underlying interface: PhysX
[2022.09.26-17.43.17:119][  0]LogInit: Using OS detected language (ko-KR).
[2022.09.26-17.43.17:119][  0]LogInit: Using OS detected locale (ko-KR).
[2022.09.26-17.43.17:121][  0]LogTextLocalizationManager: No specific localization for 'ko-KR' exists, so the 'ko' localization will be used.
[2022.09.26-17.43.17:200][  0]LogInit: Setting process to per monitor DPI aware
[2022.09.26-17.43.17:278][  0]LogSlate: New Slate User Created.  User Index 0, Is Virtual User: 0
[2022.09.26-17.43.17:278][  0]LogSlate: Slate User Registered.  User Index 0, Is Virtual User: 0
[2022.09.26-17.43.17:535][  0]LogD3D12RHI: Aftermath initialized
[2022.09.26-17.43.17:535][  0]LogD3D12RHI: Loading WinPixEventRuntime.dll for PIX profiling (from ../../../Engine/Binaries/ThirdParty/Windows/WinPixEventRuntime/x64).
[2022.09.26-17.43.17:550][  0]LogHMD: Failed to initialize OpenVR with code 110
[2022.09.26-17.43.17:807][  0]LogD3D12RHI: Found D3D12 adapter 0: NVIDIA GeForce RTX 2080 (Max supported Feature Level 12_1)
[2022.09.26-17.43.17:807][  0]LogD3D12RHI: Adapter has 8010MB of dedicated video memory, 0MB of dedicated system memory, and 24535MB of shared system memory, 2 output[s]
[2022.09.26-17.43.17:830][  0]LogD3D12RHI: Found D3D12 adapter 1: Microsoft Basic Render Driver (Max supported Feature Level 12_1)
[2022.09.26-17.43.17:830][  0]LogD3D12RHI: Adapter has 0MB of dedicated video memory, 0MB of dedicated system memory, and 24535MB of shared system memory, 0 output[s]
[2022.09.26-17.43.17:830][  0]LogD3D12RHI: Forcing D3D12.AsyncDeferredDeletion=0 as a workaround for a deadlock.
[2022.09.26-17.43.17:830][  0]LogD3D12RHI: Chosen D3D12 Adapter Id = 0
[2022.09.26-17.43.17:838][  0]LogD3D12RHI: Emitting draw events for PIX profiling.
[2022.09.26-17.43.17:935][  0]LogD3D12RHI: D3D12 ray tracing enabled.
[2022.09.26-17.43.17:935][  0]LogD3D12RHI: The system supports ID3D12Device1.
[2022.09.26-17.43.17:935][  0]LogD3D12RHI: The system supports ID3D12Device2.
[2022.09.26-17.43.18:070][  0]LogD3D12RHI: [GPUBreadCrumb] Successfully setup breadcrumb resource for 3D Queue 0
[2022.09.26-17.43.18:079][  0]LogD3D12RHI: [GPUBreadCrumb] Successfully setup breadcrumb resource for Copy Queue 0
[2022.09.26-17.43.18:093][  0]LogD3D12RHI: [GPUBreadCrumb] Successfully setup breadcrumb resource for Compute Queue 0
[2022.09.26-17.43.18:111][  0]LogD3D12RHI: Display: Not using pipeline state disk cache per r.D3D12.PSO.DiskCache=0
[2022.09.26-17.43.18:111][  0]LogD3D12RHI: Display: Not using driver-optimized pipeline state disk cache per r.D3D12.PSO.DriverOptimizedDiskCache=0
[2022.09.26-17.43.18:113][  0]LogD3D12RHI:     GPU DeviceId: 0x1e87 (for the marketing name, search the web for "GPU Device Id")
[2022.09.26-17.43.18:114][  0]LogWindows: EnumDisplayDevices:
[2022.09.26-17.43.18:114][  0]LogWindows:    0. 'NVIDIA GeForce RTX 2080' (P:1 D:1)
[2022.09.26-17.43.18:115][  0]LogWindows:    1. 'NVIDIA GeForce RTX 2080' (P:0 D:1)
[2022.09.26-17.43.18:117][  0]LogWindows:    2. 'NVIDIA GeForce RTX 2080' (P:0 D:0)
[2022.09.26-17.43.18:118][  0]LogWindows:    3. 'NVIDIA GeForce RTX 2080' (P:0 D:0)
[2022.09.26-17.43.18:119][  0]LogWindows: DebugString: FoundDriverCount:4 
[2022.09.26-17.43.18:119][  0]LogD3D12RHI:     Adapter Name: NVIDIA GeForce RTX 2080
[2022.09.26-17.43.18:119][  0]LogD3D12RHI:   Driver Version: 516.94 (internal:31.0.15.1694, unified:516.94)
[2022.09.26-17.43.18:119][  0]LogD3D12RHI:      Driver Date: 7-21-2022
[2022.09.26-17.43.18:119][  0]LogRHI: Texture pool is 4562 MB (70% of 6517 MB)
[2022.09.26-17.43.18:120][  0]LogD3D12RHI: Async texture creation enabled
[2022.09.26-17.43.18:120][  0]LogD3D12RHI: RHI has support for 64 bit atomics
[2022.09.26-17.43.18:574][  0]LogTargetPlatformManager: Display: Loaded TargetPlatform 'AllDesktop'
[2022.09.26-17.43.18:605][  0]LogTargetPlatformManager: Display: Loaded TargetPlatform 'Android'
[2022.09.26-17.43.18:605][  0]LogTargetPlatformManager: Display: Loaded TargetPlatform 'Android_ASTC'
[2022.09.26-17.43.18:605][  0]LogTargetPlatformManager: Display: Loaded TargetPlatform 'Android_DXT'
[2022.09.26-17.43.18:605][  0]LogTargetPlatformManager: Display: Loaded TargetPlatform 'Android_ETC2'
[2022.09.26-17.43.18:605][  0]LogTargetPlatformManager: Display: Loaded TargetPlatform 'AndroidClient'
[2022.09.26-17.43.18:605][  0]LogTargetPlatformManager: Display: Loaded TargetPlatform 'Android_ASTCClient'
[2022.09.26-17.43.18:605][  0]LogTargetPlatformManager: Display: Loaded TargetPlatform 'Android_DXTClient'
[2022.09.26-17.43.18:605][  0]LogTargetPlatformManager: Display: Loaded TargetPlatform 'Android_ETC2Client'
[2022.09.26-17.43.18:605][  0]LogTargetPlatformManager: Display: Loaded TargetPlatform 'Android_Multi'
[2022.09.26-17.43.18:605][  0]LogTargetPlatformManager: Display: Loaded TargetPlatform 'Android_MultiClient'
[2022.09.26-17.43.18:657][  0]LogTargetPlatformManager: Display: Loaded TargetPlatform 'IOSClient'
[2022.09.26-17.43.18:657][  0]LogTargetPlatformManager: Display: Loaded TargetPlatform 'IOS'
[2022.09.26-17.43.18:675][  0]LogTargetPlatformManager: Display: Loaded TargetPlatform 'Linux'
[2022.09.26-17.43.18:692][  0]LogTargetPlatformManager: Display: Loaded TargetPlatform 'LinuxNoEditor'
[2022.09.26-17.43.18:709][  0]LogTargetPlatformManager: Display: Loaded TargetPlatform 'LinuxClient'
[2022.09.26-17.43.18:725][  0]LogTargetPlatformManager: Display: Loaded TargetPlatform 'LinuxServer'
[2022.09.26-17.43.18:741][  0]LogTargetPlatformManager: Display: Loaded TargetPlatform 'LinuxAArch64NoEditor'
[2022.09.26-17.43.18:757][  0]LogTargetPlatformManager: Display: Loaded TargetPlatform 'LinuxAArch64Client'
[2022.09.26-17.43.18:772][  0]LogTargetPlatformManager: Display: Loaded TargetPlatform 'LinuxAArch64Server'
[2022.09.26-17.43.18:806][  0]LogTargetPlatformManager: Display: Loaded TargetPlatform 'Lumin'
[2022.09.26-17.43.18:806][  0]LogTargetPlatformManager: Display: Loaded TargetPlatform 'LuminClient'
[2022.09.26-17.43.18:828][  0]LogTargetPlatformManager: Display: Loaded TargetPlatform 'TVOSClient'
[2022.09.26-17.43.18:828][  0]LogTargetPlatformManager: Display: Loaded TargetPlatform 'TVOS'
[2022.09.26-17.43.18:847][  0]LogTargetPlatformManager: Display: Loaded TargetPlatform 'WindowsNoEditor'
[2022.09.26-17.43.18:866][  0]LogTargetPlatformManager: Display: Loaded TargetPlatform 'Windows'
[2022.09.26-17.43.18:884][  0]LogTargetPlatformManager: Display: Loaded TargetPlatform 'WindowsClient'
[2022.09.26-17.43.18:903][  0]LogTargetPlatformManager: Display: Loaded TargetPlatform 'WindowsServer'
[2022.09.26-17.43.18:903][  0]LogTargetPlatformManager: Display: Building Assets For Windows
[2022.09.26-17.43.18:933][  0]LogAudioDebug: Display: Lib vorbis DLL was dynamically loaded.
[2022.09.26-17.43.19:151][  0]LogShaderCompilers: Guid format shader working directory is -24 characters bigger than the processId version (C:/Users/Chanwoongs/Desktop/Project/Unreal_Engine_Tutorial/C++/Cpp_Project/Intermediate/Shaders/WorkingDirectory/26304/).
[2022.09.26-17.43.19:152][  0]LogShaderCompilers: Cleaned the shader compiler working directory 'C:/Users/Chanwoongs/AppData/Local/Temp/UnrealShaderWorkingDir/36F5FA2744447DBC70C935B793D5F5F7/'.
[2022.09.26-17.43.19:153][  0]LogXGEController: Cannot use XGE Controller as Incredibuild is not installed on this machine.
[2022.09.26-17.43.19:153][  0]LogShaderCompilers: Cannot use XGE Shader Compiler as Incredibuild is not installed on this machine.
[2022.09.26-17.43.19:153][  0]LogShaderCompilers: Display: Using Local Shader Compiler.
[2022.09.26-17.43.19:841][  0]LogDerivedDataCache: Display: Max Cache Size: 512 MB
[2022.09.26-17.43.19:891][  0]LogDerivedDataCache: Loaded boot cache 0.05s 106MB C:/Users/Chanwoongs/AppData/Local/UnrealEngine/4.25/DerivedDataCache/Boot.ddc.
[2022.09.26-17.43.19:891][  0]LogDerivedDataCache: Display: Loaded Boot cache: C:/Users/Chanwoongs/AppData/Local/UnrealEngine/4.25/DerivedDataCache/Boot.ddc
[2022.09.26-17.43.19:891][  0]LogDerivedDataCache: FDerivedDataBackendGraph:  Pak pak cache file C:/Users/Chanwoongs/Desktop/Project/Unreal_Engine_Tutorial/C++/Cpp_Project/DerivedDataCache/DDC.ddp not found, will not use a pak cache.
[2022.09.26-17.43.19:892][  0]LogDerivedDataCache: Unable to find inner node Pak for hierarchical cache Hierarchy.
[2022.09.26-17.43.19:892][  0]LogDerivedDataCache: FDerivedDataBackendGraph:  CompressedPak pak cache file C:/Users/Chanwoongs/Desktop/Project/Unreal_Engine_Tutorial/C++/Cpp_Project/DerivedDataCache/Compressed.ddp not found, will not use a pak cache.
[2022.09.26-17.43.19:892][  0]LogDerivedDataCache: Unable to find inner node CompressedPak for hierarchical cache Hierarchy.
[2022.09.26-17.43.19:900][  0]LogDerivedDataCache: Display: Pak cache opened for reading ../../../Engine/DerivedDataCache/Compressed.ddp.
[2022.09.26-17.43.19:900][  0]LogDerivedDataCache: FDerivedDataBackendGraph:  EnterprisePak pak cache file ../../../Enterprise/DerivedDataCache/Compressed.ddp not found, will not use a pak cache.
[2022.09.26-17.43.19:900][  0]LogDerivedDataCache: Unable to find inner node EnterprisePak for hierarchical cache Hierarchy.
[2022.09.26-17.43.19:905][  0]LogDerivedDataCache: Using Local data cache path C:/Users/Chanwoongs/AppData/Local/UnrealEngine/Common/DerivedDataCache: Writable
[2022.09.26-17.43.19:905][  0]LogDerivedDataCache: Shared data cache path not found in *engine.ini, will not use an Shared cache.
[2022.09.26-17.43.19:905][  0]LogDerivedDataCache: Unable to find inner node Shared for hierarchical cache Hierarchy.
[2022.09.26-17.43.19:957][  0]LogSlate: Using FreeType 2.10.0
[2022.09.26-17.43.19:958][  0]LogSlate: SlateFontServices - WITH_FREETYPE: 1, WITH_HARFBUZZ: 1
[2022.09.26-17.43.19:992][  0]LogAssetRegistry: FAssetRegistry took 0.0043 seconds to start up
[2022.09.26-17.43.20:185][  0]LogInit: Selected Device Profile: [Windows]
[2022.09.26-17.43.20:381][  0]LogMeshReduction: Using QuadricMeshReduction for automatic static mesh reduction
[2022.09.26-17.43.20:381][  0]LogMeshReduction: Using SimplygonMeshReduction for automatic skeletal mesh reduction
[2022.09.26-17.43.20:381][  0]LogMeshReduction: Using ProxyLODMeshReduction for automatic mesh merging
[2022.09.26-17.43.20:382][  0]LogMeshReduction: No distributed automatic mesh merging module available
[2022.09.26-17.43.20:382][  0]LogMeshMerging: No distributed automatic mesh merging module available
[2022.09.26-17.43.20:499][  0]LogNetVersion: Cpp_Project 1.0.0, NetCL: 13144385, EngineNetVer: 14, GameNetVer: 0 (Checksum: 3821394651)
[2022.09.26-17.43.20:922][  0]LogAISub: UAISubsystem::UAISubsystem AISubsystem (000002536CCF64C0), frame # 0
[2022.09.26-17.43.20:922][  0]LogAISub: UAISubsystem::UAISubsystem AIPerceptionSystem (000002536CC6B9C0), frame # 0
[2022.09.26-17.43.20:924][  0]LogAISub: UAISubsystem::UAISubsystem EnvQueryManager (000002536CD30400), frame # 0
[2022.09.26-17.43.20:977][  0]LogPackageLocalizationCache: Processed 19 localized package path(s) for 1 prioritized culture(s) in 0.047365 seconds
[2022.09.26-17.43.20:981][  0]LogUObjectArray: 15917 objects as part of root set at end of initial load.
[2022.09.26-17.43.20:981][  0]LogUObjectAllocator: 3965568 out of 0 bytes used by permanent object pool.
[2022.09.26-17.43.20:981][  0]LogUObjectArray: CloseDisregardForGC: 0/0 objects in disregard for GC pool
[2022.09.26-17.43.21:425][  0]LogD3D12RHI: Creating RTPSO with 3 shaders (0 cached, 3 new) took 34.02 ms. Compile time 4.37 ms, link time 29.62 ms.
[2022.09.26-17.43.21:451][  0]LogD3D12RHI: Creating RTPSO with 3 shaders (1 cached, 2 new) took 25.60 ms. Compile time 2.51 ms, link time 23.08 ms.
[2022.09.26-17.43.22:035][  0]LogTcpMessaging: Initializing TcpMessaging bridge
[2022.09.26-17.43.22:048][  0]LogUdpMessaging: Initializing bridge on interface 0.0.0.0:0 to multicast group 230.0.0.1:6666.
[2022.09.26-17.43.22:332][  0]SourceControl: 소스 컨트롤이 꺼졌습니다.
[2022.09.26-17.43.22:332][  0]SourceControl: 소스 컨트롤이 꺼졌습니다.
[2022.09.26-17.43.22:353][  0]SourceControl: 소스 컨트롤이 꺼졌습니다.
[2022.09.26-17.43.22:366][  0]SourceControl: 소스 컨트롤이 꺼졌습니다.
[2022.09.26-17.43.22:397][  0]SourceControl: 소스 컨트롤이 꺼졌습니다.
[2022.09.26-17.43.23:274][  0]LogAndroidPermission: UAndroidPermissionCallbackProxy::GetInstance
[2022.09.26-17.43.23:353][  0]LogAudioCaptureCore: Display: No Audio Capture implementations found. Audio input will be silent.
[2022.09.26-17.43.23:353][  0]LogAudioCaptureCore: Display: No Audio Capture implementations found. Audio input will be silent.
[2022.09.26-17.43.23:481][  0]LogOcInput: OculusInput pre-init called
[2022.09.26-17.43.23:509][  0]LogWindows: Failed to load 'OVRPlugin.dll' (GetLastError=126)
[2022.09.26-17.43.23:509][  0]LogWindows: File 'OVRPlugin.dll' does not exist
[2022.09.26-17.43.23:647][  0]LogEngine: Initializing Engine...
[2022.09.26-17.43.23:648][  0]LogHMD: Failed to initialize OpenVR with code 110
[2022.09.26-17.43.23:649][  0]LogMagicLeap: Warning: VR disabled because ZI is not enabled.  To enable, in the editor, Edit -> Project Settings -> Plugins -> Magic Leap Plugin -> Enable Zero Iteration
[2022.09.26-17.43.23:649][  0]LogStats: UGameplayTagsManager::InitializeManager -  0.000 s
[2022.09.26-17.43.23:758][  0]LogInit: Initializing FReadOnlyCVARCache
[2022.09.26-17.43.23:773][  0]LogAIModule: Creating AISystem for world Untitled
[2022.09.26-17.43.23:773][  0]LogAISub: UAISubsystem::UAISubsystem EnvQueryManager (000002537AC0C800), frame # 0
[2022.09.26-17.43.23:773][  0]LogAISub: UAISubsystem::UAISubsystem AIPerceptionSystem (000002537AC02AC0), frame # 0
[2022.09.26-17.43.23:787][  0]LogAudioMixer: Display: Audio Mixer Platform Settings:
[2022.09.26-17.43.23:787][  0]LogAudioMixer: Display: 	Sample Rate:						  48000
[2022.09.26-17.43.23:787][  0]LogAudioMixer: Display: 	Callback Buffer Frame Size Requested: 1024
[2022.09.26-17.43.23:787][  0]LogAudioMixer: Display: 	Callback Buffer Frame Size To Use:	  1024
[2022.09.26-17.43.23:787][  0]LogAudioMixer: Display: 	Number of buffers to queue:			  2
[2022.09.26-17.43.23:787][  0]LogAudioMixer: Display: 	Max Channels (voices):				  32
[2022.09.26-17.43.23:788][  0]LogAudioMixer: Display: 	Number of Async Source Workers:		  0
[2022.09.26-17.43.23:788][  0]LogAudio: Display: AudioDevice MaxSources: 32
[2022.09.26-17.43.23:788][  0]LogAudio: Display: Using built-in audio occlusion.
[2022.09.26-17.43.23:788][  0]LogAudioMixer: Display: Initializing audio mixer.
[2022.09.26-17.43.23:833][  0]LogAudioMixer: Display: 0: FrontLeft
[2022.09.26-17.43.23:833][  0]LogAudioMixer: Display: 1: FrontRight
[2022.09.26-17.43.23:943][  0]LogAudioMixer: Display: Using Audio Device 스피커(Realtek(R) Audio)
[2022.09.26-17.43.23:945][  0]LogAudioMixer: Display: Initializing Sound Submixes...
[2022.09.26-17.43.23:947][  0]LogAudioMixer: Display: Creating Master Submix 'MasterSubmixDefault'
[2022.09.26-17.43.23:947][  0]LogAudioMixer: Display: Creating Master Submix 'MasterReverbSubmixDefault'
[2022.09.26-17.43.23:948][  0]LogAudioMixer: Display: Creating Master Submix 'MasterEQSubmixDefault'
[2022.09.26-17.43.23:953][  0]LogInit: FAudioDevice initialized.
[2022.09.26-17.43.23:953][  0]LogNetVersion: Set ProjectVersion to 1.0.0.0. Version Checksum will be recalculated on next use.
[2022.09.26-17.43.24:052][  0]LogDerivedDataCache: Saved boot cache 0.10s 106MB C:/Users/Chanwoongs/AppData/Local/UnrealEngine/4.25/DerivedDataCache/Boot.ddc.
[2022.09.26-17.43.24:054][  0]LogInit: Texture streaming: Enabled
[2022.09.26-17.43.24:107][  0]LogEngineSessionManager: EngineSessionManager initialized
[2022.09.26-17.43.24:107][  0]LogEditorSessionSummary: Verbose: Initializing EditorSessionSummaryWriter for editor session tracking
[2022.09.26-17.43.24:113][  0]LogEditorSessionSummary: EditorSessionSummaryWriter initialized
[2022.09.26-17.43.24:160][  0]LogInit: Transaction tracking system initialized
[2022.09.26-17.43.24:245][  0]BlueprintLog: New page: 에디터 로드
[2022.09.26-17.43.24:496][  0]LocalizationService: 현지화 서비스가 비활성화되었습니다.
[2022.09.26-17.43.24:811][  0]LogCook: Display: Max memory allowance for cook 16384mb min free memory 0mb
[2022.09.26-17.43.24:811][  0]LogCook: Display: Mobile HDR setting 1
[2022.09.26-17.43.25:207][  0]LogFileCache: Scanning file cache for directory 'C:/Users/Chanwoongs/Desktop/Project/Unreal_Engine_Tutorial/C++/Cpp_Project/Content/' took 0.00s
[2022.09.26-17.43.25:474][  0]SourceControl: 소스 컨트롤이 꺼졌습니다.
[2022.09.26-17.43.25:474][  0]LogUnrealEdMisc: Loading editor; pre map load, took 12.495
[2022.09.26-17.43.25:474][  0]Cmd: MAP LOAD FILE="../../../Engine/Content/Maps/Templates/Template_Default.umap" TEMPLATE=1 SHOWPROGRESS=1 FEATURELEVEL=3
[2022.09.26-17.43.25:474][  0]LightingResults: New page: 라이팅 빌드
[2022.09.26-17.43.25:475][  0]LogWorld: UWorld::CleanupWorld for Untitled, bSessionEnded=true, bCleanupResources=true
[2022.09.26-17.43.25:475][  0]LogSlate: InvalidateAllWidgets triggered.  All widgets were invalidated
[2022.09.26-17.43.25:475][  0]MapCheck: New page: 맵 체크
[2022.09.26-17.43.25:475][  0]LightingResults: New page: 라이팅 빌드
[2022.09.26-17.43.25:483][  0]LogAISub: UAISubsystem::~UAISubsystem EnvQueryManager (000002537AC0C800), frame # 0
[2022.09.26-17.43.25:483][  0]LogAISub: UAISubsystem::~UAISubsystem AIPerceptionSystem (000002537AC02AC0), frame # 0
[2022.09.26-17.43.25:483][  0]LogUObjectHash: Compacting FUObjectHashTables data took   0.49ms
[2022.09.26-17.43.25:535][  0]LogAIModule: Creating AISystem for world Untitled_1
[2022.09.26-17.43.25:535][  0]LogAISub: UAISubsystem::UAISubsystem EnvQueryManager (000002530077E600), frame # 0
[2022.09.26-17.43.25:535][  0]LogAISub: UAISubsystem::UAISubsystem AIPerceptionSystem (000002537A635440), frame # 0
[2022.09.26-17.43.25:537][  0]LogEditorServer: Finished looking for orphan Actors (0.000 secs)
[2022.09.26-17.43.25:553][  0]LogUObjectHash: Compacting FUObjectHashTables data took   0.54ms
[2022.09.26-17.43.25:553][  0]Cmd: MAP CHECKDEP NOCLEARLOG
[2022.09.26-17.43.25:554][  0]MapCheck: 맵 체크 완료: 오류 0 회, 경고 0 회, 소요 시간 0.342ms.
[2022.09.26-17.43.25:554][  0]LogFileHelpers: Loading map 'Template_Default' took 0.081
[2022.09.26-17.43.25:557][  0]LogUnrealEdMisc: Total Editor Startup Time, took 12.579
[2022.09.26-17.43.25:627][  0]LogSlate: Updating window title bar state: overlay mode, drag disabled, window buttons hidden, title bar hidden
[2022.09.26-17.43.25:632][  0]LogSlate: Updating window title bar state: overlay mode, drag disabled, window buttons hidden, title bar hidden
[2022.09.26-17.43.25:638][  0]LogSlate: Updating window title bar state: overlay mode, drag disabled, window buttons hidden, title bar hidden
[2022.09.26-17.43.25:643][  0]LogSlate: Updating window title bar state: overlay mode, drag disabled, window buttons hidden, title bar hidden
[2022.09.26-17.43.25:664][  0]LogCollectionManager: Loaded 0 collections in 0.001136 seconds
[2022.09.26-17.43.25:681][  0]LogFileCache: Scanning file cache for directory 'C:/Users/Chanwoongs/Desktop/Project/Unreal_Engine_Tutorial/C++/Cpp_Project/Saved/Collections/' took 0.00s
[2022.09.26-17.43.25:681][  0]LogFileCache: Scanning file cache for directory 'C:/Users/Chanwoongs/Desktop/Project/Unreal_Engine_Tutorial/C++/Cpp_Project/Content/Developers/Chanwoongs/Collections/' took 0.00s
[2022.09.26-17.43.25:681][  0]LogFileCache: Scanning file cache for directory 'C:/Users/Chanwoongs/Desktop/Project/Unreal_Engine_Tutorial/C++/Cpp_Project/Content/Collections/' took 0.00s
[2022.09.26-17.43.25:681][  0]LogContentBrowser: Native class hierarchy populated in 0.0077 seconds. Added 3433 classes and 824 folders.
[2022.09.26-17.43.25:684][  0]LogContentBrowser: Native class hierarchy updated for 'WidgetCarousel' in 0.0005 seconds. Added 0 classes and 0 folders.
[2022.09.26-17.43.25:770][  0]LogContentBrowser: Native class hierarchy updated for 'AddContentDialog' in 0.0005 seconds. Added 0 classes and 0 folders.
[2022.09.26-17.43.25:771][  0]LogContentBrowser: Native class hierarchy updated for 'SceneOutliner' in 0.0004 seconds. Added 2 classes and 0 folders.
[2022.09.26-17.43.25:844][  0]LogSlate: Took 0.000217 seconds to synchronously load lazily loaded font '../../../Engine/Content/Slate/Fonts/Roboto-Regular.ttf' (155K)
[2022.09.26-17.43.25:846][  0]LogSlate: Took 0.001453 seconds to synchronously load lazily loaded font '../../../Engine/Content/Editor/Slate/Fonts/NanumGothic.ttf' (4243K)
[2022.09.26-17.43.25:849][  0]LogSlate: Took 0.001383 seconds to synchronously load lazily loaded font '../../../Engine/Content/Editor/Slate/Fonts/NanumGothicBold.ttf' (4188K)
[2022.09.26-17.43.25:850][  0]LogSlate: Took 0.000237 seconds to synchronously load lazily loaded font '../../../Engine/Content/Slate/Fonts/Roboto-Bold.ttf' (160K)
[2022.09.26-17.43.25:851][  0]LogSlate: Took 0.000181 seconds to synchronously load lazily loaded font '../../../Engine/Content/Editor/Slate/Fonts/FontAwesome.ttf' (139K)
[2022.09.26-17.43.25:903][  0]LogRenderer: Reallocating scene render targets to support 2040x808 Format 10 NumSamples 1 (Frame:1).
[2022.09.26-17.43.26:126][  0]LogD3D12RHI: Creating RTPSO with 133 shaders (0 cached, 133 new) took 190.50 ms. Compile time 185.62 ms, link time 4.73 ms.
[2022.09.26-17.43.26:238][  0]LogD3D12RHI: Creating RTPSO with 3 shaders (3 cached, 0 new) took 79.74 ms. Compile time 0.02 ms, link time 79.71 ms.
[2022.09.26-17.43.26:414][  0]LogD3D12RHI: Creating RTPSO with 3 shaders (0 cached, 3 new) took 90.66 ms. Compile time 4.23 ms, link time 86.41 ms.
[2022.09.26-17.43.26:687][  0]LogContentBrowser: Native class hierarchy updated for 'HierarchicalLODOutliner' in 0.0005 seconds. Added 0 classes and 0 folders.
[2022.09.26-17.43.26:688][  0]LogLoad: (Engine Initialization) Total time: 13.71 seconds
[2022.09.26-17.43.26:688][  0]LogLoad: (Engine Initialization) Total Blueprint compile time: 0.00 seconds
[2022.09.26-17.43.26:739][  0]LogAssetRegistry: Asset discovery search completed in 6.7500 seconds
[2022.09.26-17.43.26:742][  0]LogCollectionManager: Fixed up redirectors for 0 collections in 0.000002 seconds (updated 0 objects)
[2022.09.26-17.43.26:743][  0]LogContentStreaming: Texture pool size now 1000 MB
[2022.09.26-17.43.29:592][128]LogUObjectHash: Compacting FUObjectHashTables data took   0.42ms
[2022.09.26-17.43.29:623][128]LogSlate: Window 'Cpp_Project - 언리얼 에디터' being destroyed
[2022.09.26-17.43.29:734][129]Cmd: QUIT_EDITOR
[2022.09.26-17.43.29:734][129]LogCore: Engine exit requested (reason: UUnrealEdEngine::CloseEditor())
[2022.09.26-17.43.29:742][129]LogCore: Engine exit requested (reason: EngineExit() was called; note: exit was already requested)
[2022.09.26-17.43.29:840][129]LogWindowsTextInputMethodSystem: Display: IME system now activated using TSF (한컴 입력기).
[2022.09.26-17.43.29:878][129]LogExit: Preparing to exit.
[2022.09.26-17.43.31:037][129]LogDemo: Cleaned up 0 splitscreen connections with owner deletion
[2022.09.26-17.43.31:060][129]LogWorld: UWorld::CleanupWorld for None, bSessionEnded=true, bCleanupResources=true
[2022.09.26-17.43.31:061][129]LogExit: Editor shut down
[2022.09.26-17.43.31:062][129]LogExit: Transaction tracking system shut down
[2022.09.26-17.43.31:544][129]LogAISub: UAISubsystem::~UAISubsystem EnvQueryManager (000002530077E600), frame # 129
[2022.09.26-17.43.31:544][129]LogAISub: UAISubsystem::~UAISubsystem AIPerceptionSystem (000002537A635440), frame # 129
[2022.09.26-17.43.31:690][129]LogAISub: UAISubsystem::~UAISubsystem AISubsystem (000002536CCF64C0), frame # 129
[2022.09.26-17.43.31:690][129]LogAISub: UAISubsystem::~UAISubsystem AIPerceptionSystem (000002536CC6B9C0), frame # 129
[2022.09.26-17.43.31:702][129]LogAISub: UAISubsystem::~UAISubsystem EnvQueryManager (000002536CD30400), frame # 129
[2022.09.26-17.43.31:760][129]LogExit: Object subsystem successfully closed.
[2022.09.26-17.43.31:821][129]LogShaderCompilers: Display: Shaders left to compile 0
[2022.09.26-17.43.32:249][129]LogModuleManager: Shutting down and abandoning module HierarchicalLODOutliner (796)
[2022.09.26-17.43.32:249][129]LogModuleManager: Shutting down and abandoning module SceneOutliner (794)
[2022.09.26-17.43.32:249][129]LogModuleManager: Shutting down and abandoning module AddContentDialog (792)
[2022.09.26-17.43.32:249][129]LogModuleManager: Shutting down and abandoning module WidgetCarousel (791)
[2022.09.26-17.43.32:249][129]LogModuleManager: Shutting down and abandoning module EditorWidgets (788)
[2022.09.26-17.43.32:249][129]LogModuleManager: Shutting down and abandoning module CollectionManager (786)
[2022.09.26-17.43.32:249][129]LogModuleManager: Shutting down and abandoning module HierarchicalLODUtilities (784)
[2022.09.26-17.43.32:249][129]LogModuleManager: Shutting down and abandoning module StatsViewer (782)
[2022.09.26-17.43.32:250][129]LogModuleManager: Shutting down and abandoning module VirtualTexturingEditor (780)
[2022.09.26-17.43.32:250][129]LogModuleManager: Shutting down and abandoning module FoliageEdit (778)
[2022.09.26-17.43.32:250][129]LogModuleManager: Shutting down and abandoning module LandscapeEditor (776)
[2022.09.26-17.43.32:286][129]LogModuleManager: Shutting down and abandoning module MeshPaintMode (774)
[2022.09.26-17.43.32:286][129]LogModuleManager: Shutting down and abandoning module SceneDepthPickerMode (772)
[2022.09.26-17.43.32:286][129]LogModuleManager: Shutting down and abandoning module ActorPickerMode (770)
[2022.09.26-17.43.32:286][129]LogModuleManager: Shutting down and abandoning module PIEPreviewDeviceProfileSelector (768)
[2022.09.26-17.43.32:286][129]LogModuleManager: Shutting down and abandoning module SequenceRecorderSections (766)
[2022.09.26-17.43.32:286][129]LogModuleManager: Shutting down and abandoning module AutomationWorker (764)
[2022.09.26-17.43.32:286][129]LogModuleManager: Shutting down and abandoning module SteamVREditor (762)
[2022.09.26-17.43.32:286][129]LogModuleManager: Shutting down and abandoning module OculusMR (760)
[2022.09.26-17.43.32:287][129]LogModuleManager: Shutting down and abandoning module GooglePADEditor (758)
[2022.09.26-17.43.32:287][129]LogModuleManager: Shutting down and abandoning module AudioCaptureEditor (756)
[2022.09.26-17.43.32:287][129]LogModuleManager: Shutting down and abandoning module TemplateSequenceEditor (754)
[2022.09.26-17.43.32:287][129]LogModuleManager: Shutting down and abandoning module MatineeToLevelSequence (752)
[2022.09.26-17.43.32:287][129]LogModuleManager: Shutting down and abandoning module LevelSequenceEditor (750)
[2022.09.26-17.43.32:288][129]LogModuleManager: Shutting down and abandoning module ActorSequenceEditor (748)
[2022.09.26-17.43.32:288][129]LogModuleManager: Shutting down and abandoning module WmfMediaFactory (746)
[2022.09.26-17.43.32:288][129]LogModuleManager: Shutting down and abandoning module WmfMediaEditor (744)
[2022.09.26-17.43.32:288][129]LogModuleManager: Shutting down and abandoning module WebMMediaFactory (742)
[2022.09.26-17.43.32:288][129]LogModuleManager: Shutting down and abandoning module WebMMediaEditor (740)
[2022.09.26-17.43.32:288][129]LogModuleManager: Shutting down and abandoning module WebMMedia (738)
[2022.09.26-17.43.32:288][129]LogModuleManager: Shutting down and abandoning module MediaPlayerEditor (736)
[2022.09.26-17.43.32:306][129]LogModuleManager: Shutting down and abandoning module MediaCompositingEditor (734)
[2022.09.26-17.43.32:306][129]LogModuleManager: Shutting down and abandoning module SequenceRecorder (733)
[2022.09.26-17.43.32:306][129]LogModuleManager: Shutting down and abandoning module OpenExrWrapper (730)
[2022.09.26-17.43.32:306][129]LogModuleManager: Shutting down and abandoning module ImgMediaFactory (728)
[2022.09.26-17.43.32:306][129]LogModuleManager: Shutting down and abandoning module ImgMediaEditor (726)
[2022.09.26-17.43.32:306][129]LogModuleManager: Shutting down and abandoning module AvfMediaFactory (724)
[2022.09.26-17.43.32:306][129]LogModuleManager: Shutting down and abandoning module AvfMediaEditor (722)
[2022.09.26-17.43.32:306][129]LogModuleManager: Shutting down and abandoning module AndroidMediaFactory (720)
[2022.09.26-17.43.32:306][129]LogModuleManager: Shutting down and abandoning module AndroidMediaEditor (718)
[2022.09.26-17.43.32:306][129]LogModuleManager: Shutting down and abandoning module MagicLeapMediaCodecFactory (716)
[2022.09.26-17.43.32:307][129]LogModuleManager: Shutting down and abandoning module MagicLeapMediaFactory (714)
[2022.09.26-17.43.32:307][129]LogModuleManager: Shutting down and abandoning module MagicLeapMediaEditor (712)
[2022.09.26-17.43.32:307][129]LogModuleManager: Shutting down and abandoning module PlanarCut (710)
[2022.09.26-17.43.32:307][129]LogModuleManager: Shutting down and abandoning module CharacterAI (708)
[2022.09.26-17.43.32:307][129]LogModuleManager: Shutting down and abandoning module TextureAlignMode (706)
[2022.09.26-17.43.32:307][129]LogModuleManager: Shutting down and abandoning module BspMode (704)
[2022.09.26-17.43.32:307][129]LogModuleManager: Shutting down and abandoning module PlacementMode (703)
[2022.09.26-17.43.32:307][129]LogModuleManager: Shutting down and abandoning module GeometryMode (700)
[2022.09.26-17.43.32:307][129]LogModuleManager: Shutting down and abandoning module CameraShakePreviewer (698)
[2022.09.26-17.43.32:307][129]LogModuleManager: Shutting down and abandoning module SmartSnapping (696)
[2022.09.26-17.43.32:307][129]LogModuleManager: Shutting down and abandoning module SessionServices (694)
[2022.09.26-17.43.32:307][129]LogModuleManager: Shutting down and abandoning module MeshPaint (692)
[2022.09.26-17.43.32:307][129]LogModuleManager: Shutting down and abandoning module ViewportSnapping (690)
[2022.09.26-17.43.32:307][129]LogModuleManager: Shutting down and abandoning module ViewportInteraction (688)
[2022.09.26-17.43.32:307][129]LogModuleManager: Shutting down and abandoning module ClothPainter (686)
[2022.09.26-17.43.32:322][129]LogModuleManager: Shutting down and abandoning module SkeletalMeshEditor (685)
[2022.09.26-17.43.32:322][129]LogModuleManager: Shutting down and abandoning module LogVisualizer (682)
[2022.09.26-17.43.32:332][129]LogModuleManager: Shutting down and abandoning module IntroTutorials (680)
[2022.09.26-17.43.32:332][129]LogModuleManager: Shutting down and abandoning module GameProjectGeneration (679)
[2022.09.26-17.43.32:332][129]LogModuleManager: Shutting down and abandoning module LuminPlatformEditor (676)
[2022.09.26-17.43.32:333][129]LogModuleManager: Shutting down and abandoning module IOSPlatformEditor (674)
[2022.09.26-17.43.32:333][129]LogModuleManager: Shutting down and abandoning module AndroidPlatformEditor (672)
[2022.09.26-17.43.32:333][129]LogModuleManager: Shutting down and abandoning module AndroidDeviceDetection (671)
