Log file open, 09/30/22 01:39:51
LogInit: Display: Running engine for game: Cpp_Project
LogPlatformFile: Not using cached read wrapper
LogTaskGraph: Started task graph with 5 named threads and 26 total threads with 3 sets of task threads.
LogStats: Stats thread started at 0.499414
LogD3D11RHI: Loaded GFSDK_Aftermath_Lib.x64.dll
LogICUInternationalization: ICU TimeZone Detection - Raw Offset: +9:00, Platform Override: ''
LogPluginManager: Mounting plugin Paper2D
LogPluginManager: Mounting plugin AISupport
LogPluginManager: Mounting plugin LightPropagationVolume
LogPluginManager: Mounting plugin CameraShakePreviewer
LogPluginManager: Mounting plugin ActorLayerUtilities
LogPluginManager: Mounting plugin AnimationSharing
LogPluginManager: Mounting plugin CLionSourceCodeAccess
LogPluginManager: Mounting plugin CodeLiteSourceCodeAccess
LogPluginManager: Mounting plugin GitSourceControl
LogPluginManager: Mounting plugin KDevelopSourceCodeAccess
LogPluginManager: Mounting plugin NullSourceCodeAccess
LogPluginManager: Mounting plugin PerforceSourceControl
LogPluginManager: Mounting plugin PlasticSourceControl
LogPluginManager: Mounting plugin RiderSourceCodeAccess
LogPluginManager: Mounting plugin SubversionSourceControl
LogPluginManager: Mounting plugin UObjectPlugin
LogPluginManager: Mounting plugin VisualStudioCodeSourceCodeAccess
LogPluginManager: Mounting plugin VisualStudioSourceCodeAccess
LogPluginManager: Mounting plugin XCodeSourceCodeAccess
LogPluginManager: Mounting plugin AssetManagerEditor
LogPluginManager: Mounting plugin CryptoKeys
LogPluginManager: Mounting plugin CurveEditorTools
LogPluginManager: Mounting plugin DataValidation
LogPluginManager: Mounting plugin EditorScriptingUtilities
LogPluginManager: Mounting plugin FacialAnimation
LogPluginManager: Mounting plugin GameplayTagsEditor
LogPluginManager: Mounting plugin GeometryMode
LogPluginManager: Mounting plugin MacGraphicsSwitching
LogPluginManager: Mounting plugin MaterialAnalyzer
LogPluginManager: Mounting plugin MobileLauncherProfileWizard
LogPluginManager: Mounting plugin PluginBrowser
LogPluginManager: Mounting plugin SpeedTreeImporter
LogPluginManager: Mounting plugin DatasmithContent
LogPluginManager: Mounting plugin VariantManagerContent
LogPluginManager: Mounting plugin AlembicImporter
LogPluginManager: Mounting plugin AutomationUtils
LogPluginManager: Mounting plugin BackChannel
LogPluginManager: Mounting plugin ChaosCloth
LogPluginManager: Mounting plugin ChaosClothEditor
LogPluginManager: Mounting plugin ChaosEditor
LogPluginManager: Mounting plugin ChaosNiagara
LogPluginManager: Mounting plugin ChaosSolverPlugin
LogPluginManager: Mounting plugin CharacterAI
LogPluginManager: Mounting plugin GeometryCache
LogPluginManager: Mounting plugin GeometryCollectionPlugin
LogPluginManager: Mounting plugin GeometryProcessing
LogPluginManager: Mounting plugin PlanarCut
LogPluginManager: Mounting plugin PlatformCrypto
LogPluginManager: Mounting plugin ProxyLODPlugin
LogPluginManager: Mounting plugin SkeletalReduction
LogPluginManager: Mounting plugin Niagara
LogPluginManager: Mounting plugin MagicLeap
LogPluginManager: Mounting plugin MagicLeapLightEstimation
LogPluginManager: Mounting plugin MagicLeapMedia
LogPluginManager: Mounting plugin MagicLeapPassableWorld
LogPluginManager: Mounting plugin MLSDK
LogPluginManager: Mounting plugin AndroidMedia
LogPluginManager: Mounting plugin AvfMedia
LogPluginManager: Mounting plugin ImgMedia
LogPluginManager: Mounting plugin MediaCompositing
LogPluginManager: Mounting plugin MediaPlayerEditor
LogPluginManager: Mounting plugin WebMMedia
LogPluginManager: Mounting plugin WmfMedia
LogPluginManager: Mounting plugin MeshPainting
LogPluginManager: Mounting plugin TcpMessaging
LogPluginManager: Mounting plugin UdpMessaging
LogPluginManager: Mounting plugin ActorSequence
LogPluginManager: Mounting plugin LevelSequenceEditor
LogPluginManager: Mounting plugin MatineeToLevelSequence
LogPluginManager: Mounting plugin MovieRenderPipeline
LogPluginManager: Mounting plugin TemplateSequence
LogPluginManager: Mounting plugin NetcodeUnitTest
LogPluginManager: Mounting plugin NUTUnrealEngine4
LogPluginManager: Mounting plugin OnlineSubsystemGooglePlay
LogPluginManager: Mounting plugin OnlineSubsystemIOS
LogPluginManager: Mounting plugin OnlineSubsystem
LogPluginManager: Mounting plugin OnlineSubsystemNull
LogPluginManager: Mounting plugin OnlineSubsystemUtils
LogPluginManager: Mounting plugin LauncherChunkInstaller
LogPluginManager: Mounting plugin AndroidDeviceProfileSelector
LogPluginManager: Mounting plugin AndroidMoviePlayer
LogPluginManager: Mounting plugin AndroidPermission
LogPluginManager: Mounting plugin AppleImageUtils
LogPluginManager: Mounting plugin AppleMoviePlayer
LogPluginManager: Mounting plugin ArchVisCharacter
LogPluginManager: Mounting plugin AssetTags
LogPluginManager: Mounting plugin AudioCapture
LogPluginManager: Mounting plugin CableComponent
LogPluginManager: Mounting plugin CustomMeshComponent
LogPluginManager: Mounting plugin EditableMesh
LogPluginManager: Mounting plugin ExampleDeviceProfileSelector
LogPluginManager: Mounting plugin GoogleCloudMessaging
LogPluginManager: Mounting plugin GooglePAD
LogPluginManager: Mounting plugin IOSDeviceProfileSelector
LogPluginManager: Mounting plugin LinuxDeviceProfileSelector
LogPluginManager: Mounting plugin LocationServicesBPLibrary
LogPluginManager: Mounting plugin MobilePatchingUtils
LogPluginManager: Mounting plugin OculusVR
LogPluginManager: Mounting plugin PhysXVehicles
LogPluginManager: Mounting plugin PostSplashScreen
LogPluginManager: Mounting plugin ProceduralMeshComponent
LogPluginManager: Mounting plugin RuntimePhysXCooking
LogPluginManager: Mounting plugin SignificanceManager
LogPluginManager: Mounting plugin SoundFields
LogPluginManager: Mounting plugin SteamVR
LogPluginManager: Mounting plugin Synthesis
LogPluginManager: Mounting plugin WebMMoviePlayer
LogPluginManager: Mounting plugin WindowsMoviePlayer
LogPluginManager: Mounting plugin ScreenshotTools
LogInit: Warning: Incompatible or missing module: Cpp_Project
Running D:/Game/UE_4.25/Engine/Binaries/DotNET/UnrealBuildTool.exe Development Win64 -Project="C:/Users/Chanwoongs/Desktop/Project/Unreal_Engine_Tutorial/C++/Cpp_Project/Cpp_Project.uproject" -TargetType=Editor -Progress -NoEngineChanges -NoHotReloadFromIDE
@progress push 5%
@progress pop
Building Cpp_ProjectEditor...
Using Visual Studio 2019 14.29.30146 toolchain (C:\Program Files (x86)\Microsoft Visual Studio\2019\Community\VC\Tools\MSVC\14.29.30133) and Windows 10.0.19041.0 SDK (C:\Program Files (x86)\Windows Kits\10).
Building 5 actions with 8 processes...
  @progress 'Compiling C++ source code...' 0%
  @progress 'Compiling C++ source code...' 20%
  [1/5] C03_Light.cpp
  C:\Users\Chanwoongs\Desktop\Project\Unreal_Engine_Tutorial\C++\Cpp_Project\Source\Cpp_Project\03_Collision\C03_Light.cpp(10): error C2065: 'Box': undeclared identifier
  C:\Users\Chanwoongs\Desktop\Project\Unreal_Engine_Tutorial\C++\Cpp_Project\Source\Cpp_Project\03_Collision\C03_Light.cpp(30): error C2653: 'AC03_ActorBeginOverlap': is not a class or namespace name
  C:\Users\Chanwoongs\Desktop\Project\Unreal_Engine_Tutorial\C++\Cpp_Project\Source\Cpp_Project\03_Collision\C03_Light.cpp(30): error C2065: 'ActorBeginOverlap': undeclared identifier
  C:\Users\Chanwoongs\Desktop\Project\Unreal_Engine_Tutorial\C++\Cpp_Project\Source\Cpp_Project\03_Collision\C03_Light.cpp(31): error C2653: 'AC03_ActorBeginOverlap': is not a class or namespace name
  C:\Users\Chanwoongs\Desktop\Project\Unreal_Engine_Tutorial\C++\Cpp_Project\Source\Cpp_Project\03_Collision\C03_Light.cpp(31): error C2065: 'ActorEndOverlap': undeclared identifier
  C:\Users\Chanwoongs\Desktop\Project\Unreal_Engine_Tutorial\C++\Cpp_Project\Source\Cpp_Project\03_Collision\C03_Light.cpp(34): error C2039: 'ActorBeginOverlap': is not a member of 'AC03_Light'
  C:\Users\Chanwoongs\Desktop\Project\Unreal_Engine_Tutorial\C++\Cpp_Project\Source\Cpp_Project\03_Collision\C03_Light.h(8): note: see declaration of 'AC03_Light'
  C:\Users\Chanwoongs\Desktop\Project\Unreal_Engine_Tutorial\C++\Cpp_Project\Source\Cpp_Project\03_Collision\C03_Light.cpp(38): error C2039: 'ActorEndOverlap': is not a member of 'AC03_Light'
  C:\Users\Chanwoongs\Desktop\Project\Unreal_Engine_Tutorial\C++\Cpp_Project\Source\Cpp_Project\03_Collision\C03_Light.h(8): note: see declaration of 'AC03_Light'
  @progress 'Compiling C++ source code...' 40%
  [2/5] C03_Trigger.cpp
  C:\Users\Chanwoongs\Desktop\Project\Unreal_Engine_Tutorial\C++\Cpp_Project\Source\Cpp_Project\03_Collision\C03_Trigger.cpp(11): error C2065: 'UPointLightComponent': undeclared identifier
  C:\Users\Chanwoongs\Desktop\Project\Unreal_Engine_Tutorial\C++\Cpp_Project\Source\Cpp_Project\03_Collision\C03_Trigger.cpp(11): error C2065: 'PointLight': undeclared identifier
  C:\Users\Chanwoongs\Desktop\Project\Unreal_Engine_Tutorial\C++\Cpp_Project\Source\Cpp_Project\03_Collision\C03_Trigger.cpp(30): error C2653: 'AC03_ActorBeginOverlap': is not a class or namespace name
  C:\Users\Chanwoongs\Desktop\Project\Unreal_Engine_Tutorial\C++\Cpp_Project\Source\Cpp_Project\03_Collision\C03_Trigger.cpp(30): error C2276: '&': illegal operation on bound member function expression
  C:\Users\Chanwoongs\Desktop\Project\Unreal_Engine_Tutorial\C++\Cpp_Project\Source\Cpp_Project\03_Collision\C03_Trigger.cpp(30): error C2672: 'TSparseDynamicDelegate<FActorBeginOverlapSignature_MCSignature,AActor,FActorBeginOverlapSignatureInfoGetter>::__Internal_AddDynamic': no matching overloaded function found
  C:\Users\Chanwoongs\Desktop\Project\Unreal_Engine_Tutorial\C++\Cpp_Project\Source\Cpp_Project\03_Collision\C03_Trigger.cpp(30): error C2780: 'void TSparseDynamicDelegate<FActorBeginOverlapSignature_MCSignature,AActor,FActorBeginOverlapSignatureInfoGetter>::__Internal_AddDynamic(UserClass *,TBaseDynamicDelegate<FWeakObjectPtr,RetValType,AActor *,AActor *>::TMethodPtrResolver<UserClass>::FMethodPtr,FName)': expects 3 arguments - 2 provided
          with
          [
              RetValType=void
          ]
  D:\Game\UE_4.25\Engine\Source\Runtime\CoreUObject\Public\UObject/SparseDelegate.h(359): note: see declaration of 'TSparseDynamicDelegate<FActorBeginOverlapSignature_MCSignature,AActor,FActorBeginOverlapSignatureInfoGetter>::__Internal_AddDynamic'
  C:\Users\Chanwoongs\Desktop\Project\Unreal_Engine_Tutorial\C++\Cpp_Project\Source\Cpp_Project\03_Collision\C03_Trigger.cpp(31): error C2653: 'AC03_ActorBeginOverlap': is not a class or namespace name
  C:\Users\Chanwoongs\Desktop\Project\Unreal_Engine_Tutorial\C++\Cpp_Project\Source\Cpp_Project\03_Collision\C03_Trigger.cpp(31): error C2276: '&': illegal operation on bound member function expression
  C:\Users\Chanwoongs\Desktop\Project\Unreal_Engine_Tutorial\C++\Cpp_Project\Source\Cpp_Project\03_Collision\C03_Trigger.cpp(31): error C2672: 'TSparseDynamicDelegate<FActorEndOverlapSignature_MCSignature,AActor,FActorEndOverlapSignatureInfoGetter>::__Internal_AddDynamic': no matching overloaded function found
  C:\Users\Chanwoongs\Desktop\Project\Unreal_Engine_Tutorial\C++\Cpp_Project\Source\Cpp_Project\03_Collision\C03_Trigger.cpp(31): error C2780: 'void TSparseDynamicDelegate<FActorEndOverlapSignature_MCSignature,AActor,FActorEndOverlapSignatureInfoGetter>::__Internal_AddDynamic(UserClass *,TBaseDynamicDelegate<FWeakObjectPtr,RetValType,AActor *,AActor *>::TMethodPtrResolver<UserClass>::FMethodPtr,FName)': expects 3 arguments - 2 provided
          with
          [
              RetValType=void
          ]
  D:\Game\UE_4.25\Engine\Source\Runtime\CoreUObject\Public\UObject/SparseDelegate.h(359): note: see declaration of 'TSparseDynamicDelegate<FActorEndOverlapSignature_MCSignature,AActor,FActorEndOverlapSignatureInfoGetter>::__Internal_AddDynamic'
LogInit: Warning: Still incompatible or missing module: Cpp_Project
LogCore: Engine exit requested (reason: EngineExit() was called)
LogExit: Preparing to exit.
LogModuleManager: Shutting down and abandoning module DesktopPlatform (46)
LogModuleManager: Shutting down and abandoning module PlatformCryptoOpenSSL (44)
LogModuleManager: Shutting down and abandoning module PlatformCryptoTypes (42)
LogModuleManager: Shutting down and abandoning module PlatformCrypto (40)
LogModuleManager: Shutting down and abandoning module AnimationModifiers (38)
LogModuleManager: Shutting down and abandoning module PropertyEditor (37)
LogModuleManager: Shutting down and abandoning module AudioEditor (34)
LogModuleManager: Shutting down and abandoning module TextureCompressor (32)
LogModuleManager: Shutting down and abandoning module RenderCore (30)
LogModuleManager: Shutting down and abandoning module Landscape (28)
LogModuleManager: Shutting down and abandoning module SlateRHIRenderer (26)
LogModuleManager: Shutting down and abandoning module OpenGLDrv (24)
LogModuleManager: Shutting down and abandoning module D3D11RHI (22)
LogModuleManager: Shutting down and abandoning module AnimGraphRuntime (20)
LogModuleManager: Shutting down and abandoning module Renderer (18)
LogModuleManager: Shutting down and abandoning module Engine (16)
LogModuleManager: Shutting down and abandoning module CoreUObject (14)
LogModuleManager: Shutting down and abandoning module NetworkFile (12)
LogModuleManager: Shutting down and abandoning module CookedIterativeFile (10)
LogModuleManager: Shutting down and abandoning module StreamingFile (8)
LogModuleManager: Shutting down and abandoning module SandboxFile (6)
LogModuleManager: Shutting down and abandoning module PakFile (4)
LogModuleManager: Shutting down and abandoning module RSA (3)
LogExit: Exiting.
Log file closed, 09/30/22 01:40:29
