Log file open, 09/28/22 01:26:57
LogInit: Display: Running engine for game: Cpp_Project
LogPlatformFile: Not using cached read wrapper
LogTaskGraph: Started task graph with 5 named threads and 26 total threads with 3 sets of task threads.
LogStats: Stats thread started at 0.256204
LogD3D11RHI: Loaded GFSDK_Aftermath_Lib.x64.dll
LogICUInternationalization: ICU TimeZone Detection - Raw Offset: +9:00, Platform Override: ''
LogPluginManager: Mounting plugin Paper2D
LogPluginManager: Mounting plugin AISupport
LogPluginManager: Mounting plugin LightPropagationVolume
LogPluginManager: Mounting plugin CameraShakePreviewer
LogPluginManager: Mounting plugin ActorLayerUtilities
LogPluginManager: Mounting plugin AnimationSharing
LogPluginManager: Mounting plugin CLionSourceCodeAccess
LogPluginManager: Mounting plugin CodeLiteSourceCodeAccess
LogPluginManager: Mounting plugin GitSourceControl
LogPluginManager: Mounting plugin KDevelopSourceCodeAccess
LogPluginManager: Mounting plugin NullSourceCodeAccess
LogPluginManager: Mounting plugin PerforceSourceControl
LogPluginManager: Mounting plugin PlasticSourceControl
LogPluginManager: Mounting plugin RiderSourceCodeAccess
LogPluginManager: Mounting plugin SubversionSourceControl
LogPluginManager: Mounting plugin UObjectPlugin
LogPluginManager: Mounting plugin VisualStudioCodeSourceCodeAccess
LogPluginManager: Mounting plugin VisualStudioSourceCodeAccess
LogPluginManager: Mounting plugin XCodeSourceCodeAccess
LogPluginManager: Mounting plugin AssetManagerEditor
LogPluginManager: Mounting plugin CryptoKeys
LogPluginManager: Mounting plugin CurveEditorTools
LogPluginManager: Mounting plugin DataValidation
LogPluginManager: Mounting plugin EditorScriptingUtilities
LogPluginManager: Mounting plugin FacialAnimation
LogPluginManager: Mounting plugin GameplayTagsEditor
LogPluginManager: Mounting plugin GeometryMode
LogPluginManager: Mounting plugin MacGraphicsSwitching
LogPluginManager: Mounting plugin MaterialAnalyzer
LogPluginManager: Mounting plugin MobileLauncherProfileWizard
LogPluginManager: Mounting plugin PluginBrowser
LogPluginManager: Mounting plugin SpeedTreeImporter
LogPluginManager: Mounting plugin DatasmithContent
LogPluginManager: Mounting plugin VariantManagerContent
LogPluginManager: Mounting plugin AlembicImporter
LogPluginManager: Mounting plugin AutomationUtils
LogPluginManager: Mounting plugin BackChannel
LogPluginManager: Mounting plugin ChaosCloth
LogPluginManager: Mounting plugin ChaosClothEditor
LogPluginManager: Mounting plugin ChaosEditor
LogPluginManager: Mounting plugin ChaosNiagara
LogPluginManager: Mounting plugin ChaosSolverPlugin
LogPluginManager: Mounting plugin CharacterAI
LogPluginManager: Mounting plugin GeometryCache
LogPluginManager: Mounting plugin GeometryCollectionPlugin
LogPluginManager: Mounting plugin GeometryProcessing
LogPluginManager: Mounting plugin PlanarCut
LogPluginManager: Mounting plugin PlatformCrypto
LogPluginManager: Mounting plugin ProxyLODPlugin
LogPluginManager: Mounting plugin SkeletalReduction
LogPluginManager: Mounting plugin Niagara
LogPluginManager: Mounting plugin MagicLeap
LogPluginManager: Mounting plugin MagicLeapLightEstimation
LogPluginManager: Mounting plugin MagicLeapMedia
LogPluginManager: Mounting plugin MagicLeapPassableWorld
LogPluginManager: Mounting plugin MLSDK
LogPluginManager: Mounting plugin AndroidMedia
LogPluginManager: Mounting plugin AvfMedia
LogPluginManager: Mounting plugin ImgMedia
LogPluginManager: Mounting plugin MediaCompositing
LogPluginManager: Mounting plugin MediaPlayerEditor
LogPluginManager: Mounting plugin WebMMedia
LogPluginManager: Mounting plugin WmfMedia
LogPluginManager: Mounting plugin MeshPainting
LogPluginManager: Mounting plugin TcpMessaging
LogPluginManager: Mounting plugin UdpMessaging
LogPluginManager: Mounting plugin ActorSequence
LogPluginManager: Mounting plugin LevelSequenceEditor
LogPluginManager: Mounting plugin MatineeToLevelSequence
LogPluginManager: Mounting plugin MovieRenderPipeline
LogPluginManager: Mounting plugin TemplateSequence
LogPluginManager: Mounting plugin NetcodeUnitTest
LogPluginManager: Mounting plugin NUTUnrealEngine4
LogPluginManager: Mounting plugin OnlineSubsystemGooglePlay
LogPluginManager: Mounting plugin OnlineSubsystemIOS
LogPluginManager: Mounting plugin OnlineSubsystem
LogPluginManager: Mounting plugin OnlineSubsystemNull
LogPluginManager: Mounting plugin OnlineSubsystemUtils
LogPluginManager: Mounting plugin LauncherChunkInstaller
LogPluginManager: Mounting plugin AndroidDeviceProfileSelector
LogPluginManager: Mounting plugin AndroidMoviePlayer
LogPluginManager: Mounting plugin AndroidPermission
LogPluginManager: Mounting plugin AppleImageUtils
LogPluginManager: Mounting plugin AppleMoviePlayer
LogPluginManager: Mounting plugin ArchVisCharacter
LogPluginManager: Mounting plugin AssetTags
LogPluginManager: Mounting plugin AudioCapture
LogPluginManager: Mounting plugin CableComponent
LogPluginManager: Mounting plugin CustomMeshComponent
LogPluginManager: Mounting plugin EditableMesh
LogPluginManager: Mounting plugin ExampleDeviceProfileSelector
LogPluginManager: Mounting plugin GoogleCloudMessaging
LogPluginManager: Mounting plugin GooglePAD
LogPluginManager: Mounting plugin IOSDeviceProfileSelector
LogPluginManager: Mounting plugin LinuxDeviceProfileSelector
LogPluginManager: Mounting plugin LocationServicesBPLibrary
LogPluginManager: Mounting plugin MobilePatchingUtils
LogPluginManager: Mounting plugin OculusVR
LogPluginManager: Mounting plugin PhysXVehicles
LogPluginManager: Mounting plugin PostSplashScreen
LogPluginManager: Mounting plugin ProceduralMeshComponent
LogPluginManager: Mounting plugin RuntimePhysXCooking
LogPluginManager: Mounting plugin SignificanceManager
LogPluginManager: Mounting plugin SoundFields
LogPluginManager: Mounting plugin SteamVR
LogPluginManager: Mounting plugin Synthesis
LogPluginManager: Mounting plugin WebMMoviePlayer
LogPluginManager: Mounting plugin WindowsMoviePlayer
LogPluginManager: Mounting plugin ScreenshotTools
LogInit: Using libcurl 7.55.1-DEV
LogInit:  - built for x86_64-pc-win32
LogInit:  - supports SSL with OpenSSL/1.1.1
LogInit:  - supports HTTP deflate (compression) using libz 1.2.8
LogInit:  - other features:
LogInit:      CURL_VERSION_SSL
LogInit:      CURL_VERSION_LIBZ
LogInit:      CURL_VERSION_IPV6
LogInit:      CURL_VERSION_ASYNCHDNS
LogInit:      CURL_VERSION_LARGEFILE
LogInit:      CURL_VERSION_IDN
LogInit:  CurlRequestOptions (configurable via config and command line):
LogInit:  - bVerifyPeer = true  - Libcurl will verify peer certificate
LogInit:  - bUseHttpProxy = false  - Libcurl will NOT use HTTP proxy
LogInit:  - bDontReuseConnections = false  - Libcurl will reuse connections
LogInit:  - MaxHostConnections = 16  - Libcurl will limit the number of connections to a host
LogInit:  - LocalHostAddr = Default
LogInit:  - BufferSize = 65536
LogOnline: OSS: Creating online subsystem instance for: NULL
LogInit: WinSock: version 1.1 (2.2), MaxSocks=32767, MaxUdp=65467
LogOnline: OSS: TryLoadSubsystemAndSetDefault: Loaded subsystem for module [NULL]
LogInit: Build: ++UE4+Release-4.25-CL-14469661
LogInit: Engine Version: 4.25.4-14469661+++UE4+Release-4.25
LogInit: Compatible Engine Version: 4.25.0-13144385+++UE4+Release-4.25
LogInit: Net CL: 13144385
LogInit: OS: Windows 10 (Release 2009) (), CPU: Intel(R) Core(TM) i7-9700K CPU @ 3.60GHz, GPU: NVIDIA GeForce RTX 2080
LogInit: Compiled (64-bit): Oct 11 2020 08:10:49
LogInit: Compiled with Visual C++: 19.24.28315.00
LogInit: Build Configuration: Development
LogInit: Branch Name: ++UE4+Release-4.25
LogInit: Command Line: 
LogInit: Base Directory: D:/Game/UE_4.25/Engine/Binaries/Win64/
LogInit: Allocator: TBB
LogInit: Installed Engine Build: 1
LogDevObjectVersion: Number of dev versions registered: 26
LogDevObjectVersion:   Dev-Blueprints (B0D832E4-1F89-4F0D-ACCF-7EB736FD4AA2): 10
LogDevObjectVersion:   Dev-Build (E1C64328-A22C-4D53-A36C-8E866417BD8C): 0
LogDevObjectVersion:   Dev-Core (375EC13C-06E4-48FB-B500-84F0262A717E): 4
LogDevObjectVersion:   Dev-Editor (E4B068ED-F494-42E9-A231-DA0B2E46BB41): 38
LogDevObjectVersion:   Dev-Framework (CFFC743F-43B0-4480-9391-14DF171D2073): 37
LogDevObjectVersion:   Dev-Mobile (B02B49B5-BB20-44E9-A304-32B752E40360): 2
LogDevObjectVersion:   Dev-Networking (A4E4105C-59A1-49B5-A7C5-40C4547EDFEE): 0
LogDevObjectVersion:   Dev-Online (39C831C9-5AE6-47DC-9A44-9C173E1C8E7C): 0
LogDevObjectVersion:   Dev-Physics (78F01B33-EBEA-4F98-B9B4-84EACCB95AA2): 4
LogDevObjectVersion:   Dev-Platform (6631380F-2D4D-43E0-8009-CF276956A95A): 0
LogDevObjectVersion:   Dev-Rendering (12F88B9F-8875-4AFC-A67C-D90C383ABD29): 43
LogDevObjectVersion:   Dev-Sequencer (7B5AE74C-D270-4C10-A958-57980B212A5A): 12
LogDevObjectVersion:   Dev-VR (D7296918-1DD6-4BDD-9DE2-64A83CC13884): 3
LogDevObjectVersion:   Dev-LoadTimes (C2A15278-BFE7-4AFE-6C17-90FF531DF755): 1
LogDevObjectVersion:   Private-Geometry (6EACA3D4-40EC-4CC1-B786-8BED09428FC5): 3
LogDevObjectVersion:   Dev-AnimPhys (29E575DD-E0A3-4627-9D10-D276232CDCEA): 17
LogDevObjectVersion:   Dev-Anim (AF43A65D-7FD3-4947-9873-3E8ED9C1BB05): 7
LogDevObjectVersion:   Dev-ReflectionCapture (6B266CEC-1EC7-4B8F-A30B-E4D90942FC07): 1
LogDevObjectVersion:   Dev-Automation (0DF73D61-A23F-47EA-B727-89E90C41499A): 1
LogDevObjectVersion:   FortniteMain (601D1886-AC64-4F84-AA16-D3DE0DEAC7D6): 31
LogDevObjectVersion:   Dev-Enterprise (9DFFBCD6-494F-0158-E221-12823C92A888): 10
LogDevObjectVersion:   Dev-Niagara (F2AED0AC-9AFE-416F-8664-AA7FFA26D6FC): 1
LogDevObjectVersion:   Dev-Destruction (174F1F0B-B4C6-45A5-B13F-2EE8D0FB917D): 10
LogDevObjectVersion:   Dev-Physics-Ext (35F94A83-E258-406C-A318-09F59610247C): 37
LogDevObjectVersion:   Dev-PhysicsMaterial-Chaos (B68FC16E-8B1B-42E2-B453-215C058844FE): 1
LogDevObjectVersion:   Dev-CineCamera (B2E18506-4273-CFC2-A54E-F4BB758BBA07): 1
LogInit: Presizing for max 25165824 objects, including 0 objects not considered by GC, pre-allocating 0 bytes for permanent pool.
LogConfig: Applying CVar settings from Section [/Script/Engine.StreamingSettings] File [C:/Users/Chanwoongs/Desktop/Project/Unreal_Engine_Tutorial/C++/Cpp_Project/Saved/Config/Windows/Engine.ini]
LogConfig: Setting CVar [[s.MinBulkDataSizeForAsyncLoading:131072]]
LogConfig: Setting CVar [[s.AsyncLoadingThreadEnabled:0]]
LogConfig: Setting CVar [[s.EventDrivenLoaderEnabled:1]]
LogConfig: Setting CVar [[s.WarnIfTimeLimitExceeded:0]]
LogConfig: Setting CVar [[s.TimeLimitExceededMultiplier:1.5]]
LogConfig: Setting CVar [[s.TimeLimitExceededMinTime:0.005]]
LogConfig: Setting CVar [[s.UseBackgroundLevelStreaming:1]]
LogConfig: Setting CVar [[s.PriorityAsyncLoadingExtraTime:15.0]]
LogConfig: Setting CVar [[s.LevelStreamingActorsUpdateTimeLimit:5.0]]
LogConfig: Setting CVar [[s.PriorityLevelStreamingActorsUpdateExtraTime:5.0]]
LogConfig: Setting CVar [[s.LevelStreamingComponentsRegistrationGranularity:10]]
LogConfig: Setting CVar [[s.UnregisterComponentsTimeLimit:1.0]]
LogConfig: Setting CVar [[s.LevelStreamingComponentsUnregistrationGranularity:5]]
LogConfig: Setting CVar [[s.FlushStreamingOnExit:1]]
LogInit: Object subsystem initialized
LogConfig: Setting CVar [[con.DebugEarlyDefault:1]]
LogConfig: Setting CVar [[r.setres:1280x720]]
[2022.09.27-16.26.58:193][  0]LogConfig: Setting CVar [[r.VSync:0]]
[2022.09.27-16.26.58:193][  0]LogConfig: Setting CVar [[r.RHICmdBypass:0]]
[2022.09.27-16.26.58:193][  0]LogConfig: Applying CVar settings from Section [/Script/Engine.RendererSettings] File [C:/Users/Chanwoongs/Desktop/Project/Unreal_Engine_Tutorial/C++/Cpp_Project/Saved/Config/Windows/Engine.ini]
[2022.09.27-16.26.58:193][  0]LogConfig: Setting CVar [[r.GPUCrashDebugging:0]]
[2022.09.27-16.26.58:193][  0]LogConfig: Setting CVar [[r.SkinCache.CompileShaders:1]]
[2022.09.27-16.26.58:193][  0]LogConfig: Setting CVar [[r.RayTracing:1]]
[2022.09.27-16.26.58:193][  0]LogConfig: Applying CVar settings from Section [/Script/Engine.RendererOverrideSettings] File [C:/Users/Chanwoongs/Desktop/Project/Unreal_Engine_Tutorial/C++/Cpp_Project/Saved/Config/Windows/Engine.ini]
[2022.09.27-16.26.58:193][  0]LogConfig: Applying CVar settings from Section [/Script/Engine.StreamingSettings] File [C:/Users/Chanwoongs/Desktop/Project/Unreal_Engine_Tutorial/C++/Cpp_Project/Saved/Config/Windows/Engine.ini]
[2022.09.27-16.26.58:193][  0]LogConfig: Setting CVar [[s.MinBulkDataSizeForAsyncLoading:131072]]
[2022.09.27-16.26.58:193][  0]LogConfig: Setting CVar [[s.AsyncLoadingThreadEnabled:0]]
[2022.09.27-16.26.58:193][  0]LogConfig: Setting CVar [[s.EventDrivenLoaderEnabled:1]]
[2022.09.27-16.26.58:193][  0]LogConfig: Setting CVar [[s.WarnIfTimeLimitExceeded:0]]
[2022.09.27-16.26.58:193][  0]LogConfig: Setting CVar [[s.TimeLimitExceededMultiplier:1.5]]
[2022.09.27-16.26.58:193][  0]LogConfig: Setting CVar [[s.TimeLimitExceededMinTime:0.005]]
[2022.09.27-16.26.58:193][  0]LogConfig: Setting CVar [[s.UseBackgroundLevelStreaming:1]]
[2022.09.27-16.26.58:193][  0]LogConfig: Setting CVar [[s.PriorityAsyncLoadingExtraTime:15.0]]
[2022.09.27-16.26.58:193][  0]LogConfig: Setting CVar [[s.LevelStreamingActorsUpdateTimeLimit:5.0]]
[2022.09.27-16.26.58:193][  0]LogConfig: Setting CVar [[s.PriorityLevelStreamingActorsUpdateExtraTime:5.0]]
[2022.09.27-16.26.58:193][  0]LogConfig: Setting CVar [[s.LevelStreamingComponentsRegistrationGranularity:10]]
[2022.09.27-16.26.58:193][  0]LogConfig: Setting CVar [[s.UnregisterComponentsTimeLimit:1.0]]
[2022.09.27-16.26.58:193][  0]LogConfig: Setting CVar [[s.LevelStreamingComponentsUnregistrationGranularity:5]]
[2022.09.27-16.26.58:193][  0]LogConfig: Setting CVar [[s.FlushStreamingOnExit:1]]
[2022.09.27-16.26.58:193][  0]LogConfig: Applying CVar settings from Section [/Script/Engine.GarbageCollectionSettings] File [C:/Users/Chanwoongs/Desktop/Project/Unreal_Engine_Tutorial/C++/Cpp_Project/Saved/Config/Windows/Engine.ini]
[2022.09.27-16.26.58:193][  0]LogConfig: Setting CVar [[gc.MaxObjectsNotConsideredByGC:1]]
[2022.09.27-16.26.58:193][  0]LogConfig: Setting CVar [[gc.SizeOfPermanentObjectPool:0]]
[2022.09.27-16.26.58:193][  0]LogConfig: Setting CVar [[gc.FlushStreamingOnGC:0]]
[2022.09.27-16.26.58:193][  0]LogConfig: Setting CVar [[gc.NumRetriesBeforeForcingGC:10]]
[2022.09.27-16.26.58:193][  0]LogConfig: Setting CVar [[gc.AllowParallelGC:1]]
[2022.09.27-16.26.58:193][  0]LogConfig: Setting CVar [[gc.TimeBetweenPurgingPendingKillObjects:61.1]]
[2022.09.27-16.26.58:193][  0]LogConfig: Setting CVar [[gc.MaxObjectsInEditor:25165824]]
[2022.09.27-16.26.58:193][  0]LogConfig: Setting CVar [[gc.IncrementalBeginDestroyEnabled:1]]
[2022.09.27-16.26.58:193][  0]LogConfig: Setting CVar [[gc.CreateGCClusters:1]]
[2022.09.27-16.26.58:193][  0]LogConfig: Setting CVar [[gc.MinGCClusterSize:5]]
[2022.09.27-16.26.58:193][  0]LogConfig: Setting CVar [[gc.ActorClusteringEnabled:0]]
[2022.09.27-16.26.58:193][  0]LogConfig: Setting CVar [[gc.BlueprintClusteringEnabled:0]]
[2022.09.27-16.26.58:193][  0]LogConfig: Setting CVar [[gc.UseDisregardForGCOnDedicatedServers:0]]
[2022.09.27-16.26.58:193][  0]LogConfig: Applying CVar settings from Section [/Script/Engine.NetworkSettings] File [C:/Users/Chanwoongs/Desktop/Project/Unreal_Engine_Tutorial/C++/Cpp_Project/Saved/Config/Windows/Engine.ini]
[2022.09.27-16.26.58:193][  0]LogConfig: Applying CVar settings from Section [/Script/UnrealEd.CookerSettings] File [C:/Users/Chanwoongs/Desktop/Project/Unreal_Engine_Tutorial/C++/Cpp_Project/Saved/Config/Windows/Engine.ini]
[2022.09.27-16.26.58:199][  0]LogConfig: Applying CVar settings from Section [ViewDistanceQuality@3] File [C:/Users/Chanwoongs/Desktop/Project/Unreal_Engine_Tutorial/C++/Cpp_Project/Saved/Config/Windows/Scalability.ini]
[2022.09.27-16.26.58:199][  0]LogConfig: Setting CVar [[r.SkeletalMeshLODBias:0]]
[2022.09.27-16.26.58:199][  0]LogConfig: Setting CVar [[r.ViewDistanceScale:1.0]]
[2022.09.27-16.26.58:199][  0]LogConfig: Applying CVar settings from Section [AntiAliasingQuality@3] File [C:/Users/Chanwoongs/Desktop/Project/Unreal_Engine_Tutorial/C++/Cpp_Project/Saved/Config/Windows/Scalability.ini]
[2022.09.27-16.26.58:199][  0]LogConfig: Setting CVar [[r.PostProcessAAQuality:4]]
[2022.09.27-16.26.58:199][  0]LogConfig: Applying CVar settings from Section [ShadowQuality@3] File [C:/Users/Chanwoongs/Desktop/Project/Unreal_Engine_Tutorial/C++/Cpp_Project/Saved/Config/Windows/Scalability.ini]
[2022.09.27-16.26.58:199][  0]LogConfig: Setting CVar [[r.LightFunctionQuality:1]]
[2022.09.27-16.26.58:199][  0]LogConfig: Setting CVar [[r.ShadowQuality:5]]
[2022.09.27-16.26.58:199][  0]LogConfig: Setting CVar [[r.Shadow.CSM.MaxCascades:10]]
[2022.09.27-16.26.58:199][  0]LogConfig: Setting CVar [[r.Shadow.MaxResolution:2048]]
[2022.09.27-16.26.58:199][  0]LogConfig: Setting CVar [[r.Shadow.MaxCSMResolution:2048]]
[2022.09.27-16.26.58:199][  0]LogConfig: Setting CVar [[r.Shadow.RadiusThreshold:0.01]]
[2022.09.27-16.26.58:199][  0]LogConfig: Setting CVar [[r.Shadow.DistanceScale:1.0]]
[2022.09.27-16.26.58:199][  0]LogConfig: Setting CVar [[r.Shadow.CSM.TransitionScale:1.0]]
[2022.09.27-16.26.58:199][  0]LogConfig: Setting CVar [[r.Shadow.PreShadowResolutionFactor:1.0]]
[2022.09.27-16.26.58:199][  0]LogConfig: Setting CVar [[r.DistanceFieldShadowing:1]]
[2022.09.27-16.26.58:199][  0]LogConfig: Setting CVar [[r.DistanceFieldAO:1]]
[2022.09.27-16.26.58:199][  0]LogConfig: Setting CVar [[r.AOQuality:2]]
[2022.09.27-16.26.58:199][  0]LogConfig: Setting CVar [[r.VolumetricFog:1]]
[2022.09.27-16.26.58:199][  0]LogConfig: Setting CVar [[r.VolumetricFog.GridPixelSize:8]]
[2022.09.27-16.26.58:199][  0]LogConfig: Setting CVar [[r.VolumetricFog.GridSizeZ:128]]
[2022.09.27-16.26.58:199][  0]LogConfig: Setting CVar [[r.VolumetricFog.HistoryMissSupersampleCount:4]]
[2022.09.27-16.26.58:199][  0]LogConfig: Setting CVar [[r.LightMaxDrawDistanceScale:1]]
[2022.09.27-16.26.58:199][  0]LogConfig: Setting CVar [[r.CapsuleShadows:1]]
[2022.09.27-16.26.58:199][  0]LogConfig: Applying CVar settings from Section [PostProcessQuality@3] File [C:/Users/Chanwoongs/Desktop/Project/Unreal_Engine_Tutorial/C++/Cpp_Project/Saved/Config/Windows/Scalability.ini]
[2022.09.27-16.26.58:199][  0]LogConfig: Setting CVar [[r.MotionBlurQuality:4]]
[2022.09.27-16.26.58:199][  0]LogConfig: Setting CVar [[r.AmbientOcclusionMipLevelFactor:0.4]]
[2022.09.27-16.26.58:199][  0]LogConfig: Setting CVar [[r.AmbientOcclusionMaxQuality:100]]
[2022.09.27-16.26.58:199][  0]LogConfig: Setting CVar [[r.AmbientOcclusionLevels:-1]]
[2022.09.27-16.26.58:199][  0]LogConfig: Setting CVar [[r.AmbientOcclusionRadiusScale:1.0]]
[2022.09.27-16.26.58:199][  0]LogConfig: Setting CVar [[r.DepthOfFieldQuality:2]]
[2022.09.27-16.26.58:199][  0]LogConfig: Setting CVar [[r.RenderTargetPoolMin:400]]
[2022.09.27-16.26.58:199][  0]LogConfig: Setting CVar [[r.LensFlareQuality:2]]
[2022.09.27-16.26.58:199][  0]LogConfig: Setting CVar [[r.SceneColorFringeQuality:1]]
[2022.09.27-16.26.58:199][  0]LogConfig: Setting CVar [[r.EyeAdaptationQuality:2]]
[2022.09.27-16.26.58:199][  0]LogConfig: Setting CVar [[r.BloomQuality:5]]
[2022.09.27-16.26.58:199][  0]LogConfig: Setting CVar [[r.FastBlurThreshold:100]]
[2022.09.27-16.26.58:199][  0]LogConfig: Setting CVar [[r.Upscale.Quality:3]]
[2022.09.27-16.26.58:199][  0]LogConfig: Setting CVar [[r.Tonemapper.GrainQuantization:1]]
[2022.09.27-16.26.58:199][  0]LogConfig: Setting CVar [[r.LightShaftQuality:1]]
[2022.09.27-16.26.58:199][  0]LogConfig: Setting CVar [[r.Filter.SizeScale:1]]
[2022.09.27-16.26.58:199][  0]LogConfig: Setting CVar [[r.Tonemapper.Quality:5]]
[2022.09.27-16.26.58:199][  0]LogConfig: Setting CVar [[r.DOF.Gather.AccumulatorQuality:1        ; higher gathering accumulator quality]]
[2022.09.27-16.26.58:199][  0]LogConfig: Setting CVar [[r.DOF.Gather.PostfilterMethod:1          ; Median3x3 postfilering method]]
[2022.09.27-16.26.58:199][  0]LogConfig: Setting CVar [[r.DOF.Gather.EnableBokehSettings:0       ; no bokeh simulation when gathering]]
[2022.09.27-16.26.58:199][  0]LogConfig: Setting CVar [[r.DOF.Gather.RingCount:4                 ; medium number of samples when gathering]]
[2022.09.27-16.26.58:200][  0]LogConfig: Setting CVar [[r.DOF.Scatter.ForegroundCompositing:1    ; additive foreground scattering]]
[2022.09.27-16.26.58:200][  0]LogConfig: Setting CVar [[r.DOF.Scatter.BackgroundCompositing:2    ; additive background scattering]]
[2022.09.27-16.26.58:200][  0]LogConfig: Setting CVar [[r.DOF.Scatter.EnableBokehSettings:1      ; bokeh simulation when scattering]]
[2022.09.27-16.26.58:200][  0]LogConfig: Setting CVar [[r.DOF.Scatter.MaxSpriteRatio:0.1         ; only a maximum of 10% of scattered bokeh]]
[2022.09.27-16.26.58:200][  0]LogConfig: Setting CVar [[r.DOF.Recombine.Quality:1                ; cheap slight out of focus]]
[2022.09.27-16.26.58:200][  0]LogConfig: Setting CVar [[r.DOF.Recombine.EnableBokehSettings:0    ; no bokeh simulation on slight out of focus]]
[2022.09.27-16.26.58:200][  0]LogConfig: Setting CVar [[r.DOF.TemporalAAQuality:1                ; more stable temporal accumulation]]
[2022.09.27-16.26.58:200][  0]LogConfig: Setting CVar [[r.DOF.Kernel.MaxForegroundRadius:0.025]]
[2022.09.27-16.26.58:200][  0]LogConfig: Setting CVar [[r.DOF.Kernel.MaxBackgroundRadius:0.025]]
[2022.09.27-16.26.58:200][  0]LogConfig: Applying CVar settings from Section [TextureQuality@3] File [C:/Users/Chanwoongs/Desktop/Project/Unreal_Engine_Tutorial/C++/Cpp_Project/Saved/Config/Windows/Scalability.ini]
[2022.09.27-16.26.58:200][  0]LogConfig: Setting CVar [[r.Streaming.MipBias:0]]
[2022.09.27-16.26.58:200][  0]LogConfig: Setting CVar [[r.Streaming.AmortizeCPUToGPUCopy:0]]
[2022.09.27-16.26.58:200][  0]LogConfig: Setting CVar [[r.Streaming.MaxNumTexturesToStreamPerFrame:0]]
[2022.09.27-16.26.58:200][  0]LogConfig: Setting CVar [[r.Streaming.Boost:1]]
[2022.09.27-16.26.58:200][  0]LogConfig: Setting CVar [[r.MaxAnisotropy:8]]
[2022.09.27-16.26.58:200][  0]LogConfig: Setting CVar [[r.VT.MaxAnisotropy:8]]
[2022.09.27-16.26.58:200][  0]LogConfig: Setting CVar [[r.Streaming.LimitPoolSizeToVRAM:0]]
[2022.09.27-16.26.58:200][  0]LogConfig: Setting CVar [[r.Streaming.PoolSize:1000]]
[2022.09.27-16.26.58:200][  0]LogConfig: Setting CVar [[r.Streaming.MaxEffectiveScreenSize:0]]
[2022.09.27-16.26.58:200][  0]LogConfig: Applying CVar settings from Section [EffectsQuality@3] File [C:/Users/Chanwoongs/Desktop/Project/Unreal_Engine_Tutorial/C++/Cpp_Project/Saved/Config/Windows/Scalability.ini]
[2022.09.27-16.26.58:200][  0]LogConfig: Setting CVar [[r.TranslucencyLightingVolumeDim:64]]
[2022.09.27-16.26.58:200][  0]LogConfig: Setting CVar [[r.RefractionQuality:2]]
[2022.09.27-16.26.58:200][  0]LogConfig: Setting CVar [[r.SSR.Quality:3]]
[2022.09.27-16.26.58:200][  0]LogConfig: Setting CVar [[r.SSR.HalfResSceneColor:0]]
[2022.09.27-16.26.58:200][  0]LogConfig: Setting CVar [[r.SceneColorFormat:4]]
[2022.09.27-16.26.58:200][  0]LogConfig: Setting CVar [[r.DetailMode:2]]
[2022.09.27-16.26.58:200][  0]LogConfig: Setting CVar [[r.TranslucencyVolumeBlur:1]]
[2022.09.27-16.26.58:200][  0]LogConfig: Setting CVar [[r.MaterialQualityLevel:1 ; High quality]]
[2022.09.27-16.26.58:200][  0]LogConfig: Setting CVar [[r.SSS.Scale:1]]
[2022.09.27-16.26.58:200][  0]LogConfig: Setting CVar [[r.SSS.SampleSet:2]]
[2022.09.27-16.26.58:200][  0]LogConfig: Setting CVar [[r.SSS.Quality:1]]
[2022.09.27-16.26.58:200][  0]LogConfig: Setting CVar [[r.SSS.HalfRes:0]]
[2022.09.27-16.26.58:200][  0]LogConfig: Setting CVar [[r.SSGI.Quality:3]]
[2022.09.27-16.26.58:200][  0]LogConfig: Setting CVar [[r.EmitterSpawnRateScale:1.0]]
[2022.09.27-16.26.58:200][  0]LogConfig: Setting CVar [[r.ParticleLightQuality:2]]
[2022.09.27-16.26.58:200][  0]LogConfig: Setting CVar [[r.SkyAtmosphere.AerialPerspectiveLUT.FastApplyOnOpaque:1 ; Always have FastSkyLUT 1 in this case to avoid wrong sky]]
[2022.09.27-16.26.58:200][  0]LogConfig: Setting CVar [[r.SkyAtmosphere.AerialPerspectiveLUT.SampleCountPerSlice:1]]
[2022.09.27-16.26.58:200][  0]LogConfig: Setting CVar [[r.SkyAtmosphere.AerialPerspectiveLUT.DepthResolution:16.0]]
[2022.09.27-16.26.58:200][  0]LogConfig: Setting CVar [[r.SkyAtmosphere.FastSkyLUT:1]]
[2022.09.27-16.26.58:200][  0]LogConfig: Setting CVar [[r.SkyAtmosphere.FastSkyLUT.SampleCountMin:4.0]]
[2022.09.27-16.26.58:200][  0]LogConfig: Setting CVar [[r.SkyAtmosphere.FastSkyLUT.SampleCountMax:32.0]]
[2022.09.27-16.26.58:200][  0]LogConfig: Setting CVar [[r.SkyAtmosphere.SampleCountMin:4.0]]
[2022.09.27-16.26.58:200][  0]LogConfig: Setting CVar [[r.SkyAtmosphere.SampleCountMax:32.0]]
[2022.09.27-16.26.58:200][  0]LogConfig: Setting CVar [[r.SkyAtmosphere.TransmittanceLUT.UseSmallFormat:0]]
[2022.09.27-16.26.58:200][  0]LogConfig: Setting CVar [[r.SkyAtmosphere.TransmittanceLUT.SampleCount:10.0]]
[2022.09.27-16.26.58:200][  0]LogConfig: Setting CVar [[r.SkyAtmosphere.MultiScatteringLUT.SampleCount:15.0]]
[2022.09.27-16.26.58:200][  0]LogConfig: Applying CVar settings from Section [FoliageQuality@3] File [C:/Users/Chanwoongs/Desktop/Project/Unreal_Engine_Tutorial/C++/Cpp_Project/Saved/Config/Windows/Scalability.ini]
[2022.09.27-16.26.58:200][  0]LogConfig: Setting CVar [[foliage.DensityScale:1.0]]
[2022.09.27-16.26.58:200][  0]LogConfig: Setting CVar [[grass.DensityScale:1.0]]
[2022.09.27-16.26.58:200][  0]LogConfig: Applying CVar settings from Section [ShadingQuality@3] File [C:/Users/Chanwoongs/Desktop/Project/Unreal_Engine_Tutorial/C++/Cpp_Project/Saved/Config/Windows/Scalability.ini]
[2022.09.27-16.26.58:200][  0]LogConfig: Setting CVar [[r.HairStrands.SkyLighting.SampleCount:16]]
[2022.09.27-16.26.58:200][  0]LogConfig: Setting CVar [[r.HairStrands.SkyLighting.JitterIntegration:0]]
[2022.09.27-16.26.58:200][  0]LogConfig: Setting CVar [[r.HairStrands.SkyAO.SampleCount:16]]
[2022.09.27-16.26.58:200][  0]LogConfig: Setting CVar [[r.HairStrands.DeepShadow.SuperSampling:0]]
[2022.09.27-16.26.58:200][  0]LogConfig: Setting CVar [[r.HairStrands.VisibilityPPLL:0]]
[2022.09.27-16.26.58:200][  0]LogConfig: Setting CVar [[r.HairStrands.RasterizationScale:0.5]]
[2022.09.27-16.26.58:200][  0]LogConfig: Setting CVar [[r.HairStrands.VelocityRasterizationScale:1]]
[2022.09.27-16.26.58:200][  0]LogInit: Selected Device Profile: [Windows]
[2022.09.27-16.26.58:200][  0]LogInit: Applying CVar settings loaded from the selected device profile: [Windows]
[2022.09.27-16.26.58:200][  0]LogHAL: Display: Platform has ~ 48 GB [51453968384 / 68719476736 / 48], which maps to Largest [LargestMinGB=32, LargerMinGB=12, DefaultMinGB=8, SmallerMinGB=6, SmallestMinGB=0)
[2022.09.27-16.26.58:200][  0]LogInit: Going up to parent DeviceProfile []
[2022.09.27-16.26.58:200][  0]LogConfig: Applying CVar settings from Section [ViewDistanceQuality@3] File [C:/Users/Chanwoongs/Desktop/Project/Unreal_Engine_Tutorial/C++/Cpp_Project/Saved/Config/Windows/Scalability.ini]
[2022.09.27-16.26.58:200][  0]LogConfig: Setting CVar [[r.SkeletalMeshLODBias:0]]
[2022.09.27-16.26.58:200][  0]LogConfig: Setting CVar [[r.ViewDistanceScale:1.0]]
[2022.09.27-16.26.58:200][  0]LogConfig: Applying CVar settings from Section [AntiAliasingQuality@3] File [C:/Users/Chanwoongs/Desktop/Project/Unreal_Engine_Tutorial/C++/Cpp_Project/Saved/Config/Windows/Scalability.ini]
[2022.09.27-16.26.58:200][  0]LogConfig: Setting CVar [[r.PostProcessAAQuality:4]]
[2022.09.27-16.26.58:200][  0]LogConfig: Applying CVar settings from Section [ShadowQuality@3] File [C:/Users/Chanwoongs/Desktop/Project/Unreal_Engine_Tutorial/C++/Cpp_Project/Saved/Config/Windows/Scalability.ini]
[2022.09.27-16.26.58:200][  0]LogConfig: Setting CVar [[r.LightFunctionQuality:1]]
[2022.09.27-16.26.58:200][  0]LogConfig: Setting CVar [[r.ShadowQuality:5]]
[2022.09.27-16.26.58:200][  0]LogConfig: Setting CVar [[r.Shadow.CSM.MaxCascades:10]]
[2022.09.27-16.26.58:200][  0]LogConfig: Setting CVar [[r.Shadow.MaxResolution:2048]]
[2022.09.27-16.26.58:200][  0]LogConfig: Setting CVar [[r.Shadow.MaxCSMResolution:2048]]
[2022.09.27-16.26.58:200][  0]LogConfig: Setting CVar [[r.Shadow.RadiusThreshold:0.01]]
[2022.09.27-16.26.58:200][  0]LogConfig: Setting CVar [[r.Shadow.DistanceScale:1.0]]
[2022.09.27-16.26.58:200][  0]LogConfig: Setting CVar [[r.Shadow.CSM.TransitionScale:1.0]]
[2022.09.27-16.26.58:200][  0]LogConfig: Setting CVar [[r.Shadow.PreShadowResolutionFactor:1.0]]
[2022.09.27-16.26.58:200][  0]LogConfig: Setting CVar [[r.DistanceFieldShadowing:1]]
[2022.09.27-16.26.58:200][  0]LogConfig: Setting CVar [[r.DistanceFieldAO:1]]
[2022.09.27-16.26.58:200][  0]LogConfig: Setting CVar [[r.AOQuality:2]]
[2022.09.27-16.26.58:200][  0]LogConfig: Setting CVar [[r.VolumetricFog:1]]
[2022.09.27-16.26.58:200][  0]LogConfig: Setting CVar [[r.VolumetricFog.GridPixelSize:8]]
[2022.09.27-16.26.58:200][  0]LogConfig: Setting CVar [[r.VolumetricFog.GridSizeZ:128]]
[2022.09.27-16.26.58:200][  0]LogConfig: Setting CVar [[r.VolumetricFog.HistoryMissSupersampleCount:4]]
[2022.09.27-16.26.58:200][  0]LogConfig: Setting CVar [[r.LightMaxDrawDistanceScale:1]]
[2022.09.27-16.26.58:200][  0]LogConfig: Setting CVar [[r.CapsuleShadows:1]]
[2022.09.27-16.26.58:200][  0]LogConfig: Applying CVar settings from Section [PostProcessQuality@3] File [C:/Users/Chanwoongs/Desktop/Project/Unreal_Engine_Tutorial/C++/Cpp_Project/Saved/Config/Windows/Scalability.ini]
[2022.09.27-16.26.58:201][  0]LogConfig: Setting CVar [[r.MotionBlurQuality:4]]
[2022.09.27-16.26.58:201][  0]LogConfig: Setting CVar [[r.AmbientOcclusionMipLevelFactor:0.4]]
[2022.09.27-16.26.58:201][  0]LogConfig: Setting CVar [[r.AmbientOcclusionMaxQuality:100]]
[2022.09.27-16.26.58:201][  0]LogConfig: Setting CVar [[r.AmbientOcclusionLevels:-1]]
[2022.09.27-16.26.58:201][  0]LogConfig: Setting CVar [[r.AmbientOcclusionRadiusScale:1.0]]
[2022.09.27-16.26.58:201][  0]LogConfig: Setting CVar [[r.DepthOfFieldQuality:2]]
[2022.09.27-16.26.58:201][  0]LogConfig: Setting CVar [[r.RenderTargetPoolMin:400]]
[2022.09.27-16.26.58:201][  0]LogConfig: Setting CVar [[r.LensFlareQuality:2]]
[2022.09.27-16.26.58:201][  0]LogConfig: Setting CVar [[r.SceneColorFringeQuality:1]]
[2022.09.27-16.26.58:201][  0]LogConfig: Setting CVar [[r.EyeAdaptationQuality:2]]
[2022.09.27-16.26.58:201][  0]LogConfig: Setting CVar [[r.BloomQuality:5]]
[2022.09.27-16.26.58:201][  0]LogConfig: Setting CVar [[r.FastBlurThreshold:100]]
[2022.09.27-16.26.58:201][  0]LogConfig: Setting CVar [[r.Upscale.Quality:3]]
[2022.09.27-16.26.58:201][  0]LogConfig: Setting CVar [[r.Tonemapper.GrainQuantization:1]]
[2022.09.27-16.26.58:201][  0]LogConfig: Setting CVar [[r.LightShaftQuality:1]]
[2022.09.27-16.26.58:201][  0]LogConfig: Setting CVar [[r.Filter.SizeScale:1]]
[2022.09.27-16.26.58:201][  0]LogConfig: Setting CVar [[r.Tonemapper.Quality:5]]
[2022.09.27-16.26.58:201][  0]LogConfig: Setting CVar [[r.DOF.Gather.AccumulatorQuality:1        ; higher gathering accumulator quality]]
[2022.09.27-16.26.58:201][  0]LogConfig: Setting CVar [[r.DOF.Gather.PostfilterMethod:1          ; Median3x3 postfilering method]]
[2022.09.27-16.26.58:201][  0]LogConfig: Setting CVar [[r.DOF.Gather.EnableBokehSettings:0       ; no bokeh simulation when gathering]]
[2022.09.27-16.26.58:201][  0]LogConfig: Setting CVar [[r.DOF.Gather.RingCount:4                 ; medium number of samples when gathering]]
[2022.09.27-16.26.58:201][  0]LogConfig: Setting CVar [[r.DOF.Scatter.ForegroundCompositing:1    ; additive foreground scattering]]
[2022.09.27-16.26.58:201][  0]LogConfig: Setting CVar [[r.DOF.Scatter.BackgroundCompositing:2    ; additive background scattering]]
[2022.09.27-16.26.58:201][  0]LogConfig: Setting CVar [[r.DOF.Scatter.EnableBokehSettings:1      ; bokeh simulation when scattering]]
[2022.09.27-16.26.58:201][  0]LogConfig: Setting CVar [[r.DOF.Scatter.MaxSpriteRatio:0.1         ; only a maximum of 10% of scattered bokeh]]
[2022.09.27-16.26.58:201][  0]LogConfig: Setting CVar [[r.DOF.Recombine.Quality:1                ; cheap slight out of focus]]
[2022.09.27-16.26.58:201][  0]LogConfig: Setting CVar [[r.DOF.Recombine.EnableBokehSettings:0    ; no bokeh simulation on slight out of focus]]
[2022.09.27-16.26.58:201][  0]LogConfig: Setting CVar [[r.DOF.TemporalAAQuality:1                ; more stable temporal accumulation]]
[2022.09.27-16.26.58:201][  0]LogConfig: Setting CVar [[r.DOF.Kernel.MaxForegroundRadius:0.025]]
[2022.09.27-16.26.58:201][  0]LogConfig: Setting CVar [[r.DOF.Kernel.MaxBackgroundRadius:0.025]]
[2022.09.27-16.26.58:201][  0]LogConfig: Applying CVar settings from Section [TextureQuality@3] File [C:/Users/Chanwoongs/Desktop/Project/Unreal_Engine_Tutorial/C++/Cpp_Project/Saved/Config/Windows/Scalability.ini]
[2022.09.27-16.26.58:201][  0]LogConfig: Setting CVar [[r.Streaming.MipBias:0]]
[2022.09.27-16.26.58:201][  0]LogConfig: Setting CVar [[r.Streaming.AmortizeCPUToGPUCopy:0]]
[2022.09.27-16.26.58:201][  0]LogConfig: Setting CVar [[r.Streaming.MaxNumTexturesToStreamPerFrame:0]]
[2022.09.27-16.26.58:201][  0]LogConfig: Setting CVar [[r.Streaming.Boost:1]]
[2022.09.27-16.26.58:201][  0]LogConfig: Setting CVar [[r.MaxAnisotropy:8]]
[2022.09.27-16.26.58:201][  0]LogConfig: Setting CVar [[r.VT.MaxAnisotropy:8]]
[2022.09.27-16.26.58:201][  0]LogConfig: Setting CVar [[r.Streaming.LimitPoolSizeToVRAM:0]]
[2022.09.27-16.26.58:201][  0]LogConfig: Setting CVar [[r.Streaming.PoolSize:1000]]
[2022.09.27-16.26.58:201][  0]LogConfig: Setting CVar [[r.Streaming.MaxEffectiveScreenSize:0]]
[2022.09.27-16.26.58:201][  0]LogConfig: Applying CVar settings from Section [EffectsQuality@3] File [C:/Users/Chanwoongs/Desktop/Project/Unreal_Engine_Tutorial/C++/Cpp_Project/Saved/Config/Windows/Scalability.ini]
[2022.09.27-16.26.58:201][  0]LogConfig: Setting CVar [[r.TranslucencyLightingVolumeDim:64]]
[2022.09.27-16.26.58:201][  0]LogConfig: Setting CVar [[r.RefractionQuality:2]]
[2022.09.27-16.26.58:201][  0]LogConfig: Setting CVar [[r.SSR.Quality:3]]
[2022.09.27-16.26.58:201][  0]LogConfig: Setting CVar [[r.SSR.HalfResSceneColor:0]]
[2022.09.27-16.26.58:201][  0]LogConfig: Setting CVar [[r.SceneColorFormat:4]]
[2022.09.27-16.26.58:201][  0]LogConfig: Setting CVar [[r.DetailMode:2]]
[2022.09.27-16.26.58:201][  0]LogConfig: Setting CVar [[r.TranslucencyVolumeBlur:1]]
[2022.09.27-16.26.58:201][  0]LogConfig: Setting CVar [[r.MaterialQualityLevel:1 ; High quality]]
[2022.09.27-16.26.58:201][  0]LogConfig: Setting CVar [[r.SSS.Scale:1]]
[2022.09.27-16.26.58:201][  0]LogConfig: Setting CVar [[r.SSS.SampleSet:2]]
[2022.09.27-16.26.58:201][  0]LogConfig: Setting CVar [[r.SSS.Quality:1]]
[2022.09.27-16.26.58:201][  0]LogConfig: Setting CVar [[r.SSS.HalfRes:0]]
[2022.09.27-16.26.58:201][  0]LogConfig: Setting CVar [[r.SSGI.Quality:3]]
[2022.09.27-16.26.58:201][  0]LogConfig: Setting CVar [[r.EmitterSpawnRateScale:1.0]]
[2022.09.27-16.26.58:201][  0]LogConfig: Setting CVar [[r.ParticleLightQuality:2]]
[2022.09.27-16.26.58:201][  0]LogConfig: Setting CVar [[r.SkyAtmosphere.AerialPerspectiveLUT.FastApplyOnOpaque:1 ; Always have FastSkyLUT 1 in this case to avoid wrong sky]]
[2022.09.27-16.26.58:201][  0]LogConfig: Setting CVar [[r.SkyAtmosphere.AerialPerspectiveLUT.SampleCountPerSlice:1]]
[2022.09.27-16.26.58:201][  0]LogConfig: Setting CVar [[r.SkyAtmosphere.AerialPerspectiveLUT.DepthResolution:16.0]]
[2022.09.27-16.26.58:201][  0]LogConfig: Setting CVar [[r.SkyAtmosphere.FastSkyLUT:1]]
[2022.09.27-16.26.58:201][  0]LogConfig: Setting CVar [[r.SkyAtmosphere.FastSkyLUT.SampleCountMin:4.0]]
[2022.09.27-16.26.58:201][  0]LogConfig: Setting CVar [[r.SkyAtmosphere.FastSkyLUT.SampleCountMax:32.0]]
[2022.09.27-16.26.58:201][  0]LogConfig: Setting CVar [[r.SkyAtmosphere.SampleCountMin:4.0]]
[2022.09.27-16.26.58:201][  0]LogConfig: Setting CVar [[r.SkyAtmosphere.SampleCountMax:32.0]]
[2022.09.27-16.26.58:201][  0]LogConfig: Setting CVar [[r.SkyAtmosphere.TransmittanceLUT.UseSmallFormat:0]]
[2022.09.27-16.26.58:201][  0]LogConfig: Setting CVar [[r.SkyAtmosphere.TransmittanceLUT.SampleCount:10.0]]
[2022.09.27-16.26.58:202][  0]LogConfig: Setting CVar [[r.SkyAtmosphere.MultiScatteringLUT.SampleCount:15.0]]
[2022.09.27-16.26.58:202][  0]LogConfig: Applying CVar settings from Section [FoliageQuality@3] File [C:/Users/Chanwoongs/Desktop/Project/Unreal_Engine_Tutorial/C++/Cpp_Project/Saved/Config/Windows/Scalability.ini]
[2022.09.27-16.26.58:202][  0]LogConfig: Setting CVar [[foliage.DensityScale:1.0]]
[2022.09.27-16.26.58:202][  0]LogConfig: Setting CVar [[grass.DensityScale:1.0]]
[2022.09.27-16.26.58:202][  0]LogConfig: Applying CVar settings from Section [ShadingQuality@3] File [C:/Users/Chanwoongs/Desktop/Project/Unreal_Engine_Tutorial/C++/Cpp_Project/Saved/Config/Windows/Scalability.ini]
[2022.09.27-16.26.58:202][  0]LogConfig: Setting CVar [[r.HairStrands.SkyLighting.SampleCount:16]]
[2022.09.27-16.26.58:202][  0]LogConfig: Setting CVar [[r.HairStrands.SkyLighting.JitterIntegration:0]]
[2022.09.27-16.26.58:202][  0]LogConfig: Setting CVar [[r.HairStrands.SkyAO.SampleCount:16]]
[2022.09.27-16.26.58:202][  0]LogConfig: Setting CVar [[r.HairStrands.DeepShadow.SuperSampling:0]]
[2022.09.27-16.26.58:202][  0]LogConfig: Setting CVar [[r.HairStrands.VisibilityPPLL:0]]
[2022.09.27-16.26.58:202][  0]LogConfig: Setting CVar [[r.HairStrands.RasterizationScale:0.5]]
[2022.09.27-16.26.58:202][  0]LogConfig: Setting CVar [[r.HairStrands.VelocityRasterizationScale:1]]
[2022.09.27-16.26.58:202][  0]LogConfig: Applying CVar settings from Section [Startup] File [../../../Engine/Config/ConsoleVariables.ini]
[2022.09.27-16.26.58:202][  0]LogConfig: Setting CVar [[net.UseAdaptiveNetUpdateFrequency:0]]
[2022.09.27-16.26.58:202][  0]LogConfig: Setting CVar [[p.chaos.AllowCreatePhysxBodies:1]]
[2022.09.27-16.26.58:202][  0]LogConfig: Setting CVar [[fx.SkipVectorVMBackendOptimizations:1]]
[2022.09.27-16.26.58:202][  0]LogConfig: Applying CVar settings from Section [ConsoleVariables] File [C:/Users/Chanwoongs/Desktop/Project/Unreal_Engine_Tutorial/C++/Cpp_Project/Saved/Config/Windows/Engine.ini]
[2022.09.27-16.26.58:202][  0]LogInit: Computer: 찬웅
[2022.09.27-16.26.58:202][  0]LogInit: User: Chanwoongs
[2022.09.27-16.26.58:202][  0]LogInit: CPU Page size=4096, Cores=8
[2022.09.27-16.26.58:202][  0]LogInit: High frequency timer resolution =10.000000 MHz
[2022.09.27-16.26.58:202][  0]LogMemory: Memory total: Physical=47.9GB (48GB approx)
[2022.09.27-16.26.58:202][  0]LogMemory: Platform Memory Stats for Windows
[2022.09.27-16.26.58:202][  0]LogMemory: Process Physical Memory: 119.23 MB used, 119.24 MB peak
[2022.09.27-16.26.58:202][  0]LogMemory: Process Virtual Memory: 106.44 MB used, 106.44 MB peak
[2022.09.27-16.26.58:202][  0]LogMemory: Physical Memory: 23238.26 MB used,  25832.07 MB free, 49070.33 MB total
[2022.09.27-16.26.58:202][  0]LogMemory: Virtual Memory: 5159.27 MB used,  134212568.00 MB free, 134217728.00 MB total
[2022.09.27-16.26.58:214][  0]LogWindows: WindowsPlatformFeatures enabled
[2022.09.27-16.26.58:360][  0]LogInit: Physics initialised using underlying interface: PhysX
[2022.09.27-16.26.58:362][  0]LogInit: Using OS detected language (ko-KR).
[2022.09.27-16.26.58:362][  0]LogInit: Using OS detected locale (ko-KR).
[2022.09.27-16.26.58:365][  0]LogTextLocalizationManager: No specific localization for 'ko-KR' exists, so the 'ko' localization will be used.
[2022.09.27-16.26.58:445][  0]LogInit: Setting process to per monitor DPI aware
[2022.09.27-16.26.58:513][  0]LogSlate: New Slate User Created.  User Index 0, Is Virtual User: 0
[2022.09.27-16.26.58:513][  0]LogSlate: Slate User Registered.  User Index 0, Is Virtual User: 0
[2022.09.27-16.26.58:802][  0]LogD3D12RHI: Aftermath initialized
[2022.09.27-16.26.58:802][  0]LogD3D12RHI: Loading WinPixEventRuntime.dll for PIX profiling (from ../../../Engine/Binaries/ThirdParty/Windows/WinPixEventRuntime/x64).
[2022.09.27-16.26.58:811][  0]LogHMD: Failed to initialize OpenVR with code 110
[2022.09.27-16.26.59:041][  0]LogD3D12RHI: Found D3D12 adapter 0: NVIDIA GeForce RTX 2080 (Max supported Feature Level 12_1)
[2022.09.27-16.26.59:041][  0]LogD3D12RHI: Adapter has 8010MB of dedicated video memory, 0MB of dedicated system memory, and 24535MB of shared system memory, 2 output[s]
[2022.09.27-16.26.59:055][  0]LogD3D12RHI: Found D3D12 adapter 1: Microsoft Basic Render Driver (Max supported Feature Level 12_1)
[2022.09.27-16.26.59:055][  0]LogD3D12RHI: Adapter has 0MB of dedicated video memory, 0MB of dedicated system memory, and 24535MB of shared system memory, 0 output[s]
[2022.09.27-16.26.59:055][  0]LogD3D12RHI: Forcing D3D12.AsyncDeferredDeletion=0 as a workaround for a deadlock.
[2022.09.27-16.26.59:055][  0]LogD3D12RHI: Chosen D3D12 Adapter Id = 0
[2022.09.27-16.26.59:065][  0]LogD3D12RHI: Emitting draw events for PIX profiling.
[2022.09.27-16.26.59:143][  0]LogD3D12RHI: D3D12 ray tracing enabled.
[2022.09.27-16.26.59:143][  0]LogD3D12RHI: The system supports ID3D12Device1.
[2022.09.27-16.26.59:143][  0]LogD3D12RHI: The system supports ID3D12Device2.
[2022.09.27-16.26.59:182][  0]LogD3D12RHI: [GPUBreadCrumb] Successfully setup breadcrumb resource for 3D Queue 0
[2022.09.27-16.26.59:187][  0]LogD3D12RHI: [GPUBreadCrumb] Successfully setup breadcrumb resource for Copy Queue 0
[2022.09.27-16.26.59:198][  0]LogD3D12RHI: [GPUBreadCrumb] Successfully setup breadcrumb resource for Compute Queue 0
[2022.09.27-16.26.59:203][  0]LogD3D12RHI: Display: Not using pipeline state disk cache per r.D3D12.PSO.DiskCache=0
[2022.09.27-16.26.59:203][  0]LogD3D12RHI: Display: Not using driver-optimized pipeline state disk cache per r.D3D12.PSO.DriverOptimizedDiskCache=0
[2022.09.27-16.26.59:205][  0]LogD3D12RHI:     GPU DeviceId: 0x1e87 (for the marketing name, search the web for "GPU Device Id")
[2022.09.27-16.26.59:205][  0]LogWindows: EnumDisplayDevices:
[2022.09.27-16.26.59:205][  0]LogWindows:    0. 'NVIDIA GeForce RTX 2080' (P:1 D:1)
[2022.09.27-16.26.59:206][  0]LogWindows:    1. 'NVIDIA GeForce RTX 2080' (P:0 D:1)
[2022.09.27-16.26.59:207][  0]LogWindows:    2. 'NVIDIA GeForce RTX 2080' (P:0 D:0)
[2022.09.27-16.26.59:208][  0]LogWindows:    3. 'NVIDIA GeForce RTX 2080' (P:0 D:0)
[2022.09.27-16.26.59:209][  0]LogWindows: DebugString: FoundDriverCount:4 
[2022.09.27-16.26.59:209][  0]LogD3D12RHI:     Adapter Name: NVIDIA GeForce RTX 2080
[2022.09.27-16.26.59:209][  0]LogD3D12RHI:   Driver Version: 516.94 (internal:31.0.15.1694, unified:516.94)
[2022.09.27-16.26.59:209][  0]LogD3D12RHI:      Driver Date: 7-21-2022
[2022.09.27-16.26.59:209][  0]LogRHI: Texture pool is 4562 MB (70% of 6517 MB)
[2022.09.27-16.26.59:209][  0]LogD3D12RHI: Async texture creation enabled
[2022.09.27-16.26.59:209][  0]LogD3D12RHI: RHI has support for 64 bit atomics
[2022.09.27-16.26.59:736][  0]LogTargetPlatformManager: Display: Loaded TargetPlatform 'AllDesktop'
[2022.09.27-16.26.59:757][  0]LogTargetPlatformManager: Display: Loaded TargetPlatform 'Android'
[2022.09.27-16.26.59:757][  0]LogTargetPlatformManager: Display: Loaded TargetPlatform 'Android_ASTC'
[2022.09.27-16.26.59:757][  0]LogTargetPlatformManager: Display: Loaded TargetPlatform 'Android_DXT'
[2022.09.27-16.26.59:757][  0]LogTargetPlatformManager: Display: Loaded TargetPlatform 'Android_ETC2'
[2022.09.27-16.26.59:757][  0]LogTargetPlatformManager: Display: Loaded TargetPlatform 'AndroidClient'
[2022.09.27-16.26.59:757][  0]LogTargetPlatformManager: Display: Loaded TargetPlatform 'Android_ASTCClient'
[2022.09.27-16.26.59:757][  0]LogTargetPlatformManager: Display: Loaded TargetPlatform 'Android_DXTClient'
[2022.09.27-16.26.59:757][  0]LogTargetPlatformManager: Display: Loaded TargetPlatform 'Android_ETC2Client'
[2022.09.27-16.26.59:757][  0]LogTargetPlatformManager: Display: Loaded TargetPlatform 'Android_Multi'
[2022.09.27-16.26.59:757][  0]LogTargetPlatformManager: Display: Loaded TargetPlatform 'Android_MultiClient'
[2022.09.27-16.26.59:791][  0]LogTargetPlatformManager: Display: Loaded TargetPlatform 'IOSClient'
[2022.09.27-16.26.59:791][  0]LogTargetPlatformManager: Display: Loaded TargetPlatform 'IOS'
[2022.09.27-16.26.59:805][  0]LogTargetPlatformManager: Display: Loaded TargetPlatform 'Linux'
[2022.09.27-16.26.59:816][  0]LogTargetPlatformManager: Display: Loaded TargetPlatform 'LinuxNoEditor'
[2022.09.27-16.26.59:828][  0]LogTargetPlatformManager: Display: Loaded TargetPlatform 'LinuxClient'
[2022.09.27-16.26.59:841][  0]LogTargetPlatformManager: Display: Loaded TargetPlatform 'LinuxServer'
[2022.09.27-16.26.59:851][  0]LogTargetPlatformManager: Display: Loaded TargetPlatform 'LinuxAArch64NoEditor'
[2022.09.27-16.26.59:865][  0]LogTargetPlatformManager: Display: Loaded TargetPlatform 'LinuxAArch64Client'
[2022.09.27-16.26.59:876][  0]LogTargetPlatformManager: Display: Loaded TargetPlatform 'LinuxAArch64Server'
[2022.09.27-16.26.59:908][  0]LogTargetPlatformManager: Display: Loaded TargetPlatform 'Lumin'
[2022.09.27-16.26.59:908][  0]LogTargetPlatformManager: Display: Loaded TargetPlatform 'LuminClient'
[2022.09.27-16.26.59:932][  0]LogTargetPlatformManager: Display: Loaded TargetPlatform 'TVOSClient'
[2022.09.27-16.26.59:932][  0]LogTargetPlatformManager: Display: Loaded TargetPlatform 'TVOS'
[2022.09.27-16.26.59:944][  0]LogTargetPlatformManager: Display: Loaded TargetPlatform 'WindowsNoEditor'
[2022.09.27-16.26.59:956][  0]LogTargetPlatformManager: Display: Loaded TargetPlatform 'Windows'
[2022.09.27-16.26.59:969][  0]LogTargetPlatformManager: Display: Loaded TargetPlatform 'WindowsClient'
[2022.09.27-16.26.59:982][  0]LogTargetPlatformManager: Display: Loaded TargetPlatform 'WindowsServer'
[2022.09.27-16.26.59:982][  0]LogTargetPlatformManager: Display: Building Assets For Windows
[2022.09.27-16.26.59:996][  0]LogAudioDebug: Display: Lib vorbis DLL was dynamically loaded.
[2022.09.27-16.27.00:098][  0]LogShaderCompilers: Guid format shader working directory is -23 characters bigger than the processId version (C:/Users/Chanwoongs/Desktop/Project/Unreal_Engine_Tutorial/C++/Cpp_Project/Intermediate/Shaders/WorkingDirectory/2608/).
[2022.09.27-16.27.00:099][  0]LogShaderCompilers: Cleaned the shader compiler working directory 'C:/Users/Chanwoongs/AppData/Local/Temp/UnrealShaderWorkingDir/9BBBAFC842F85B1F349DC88EA3AEC24B/'.
[2022.09.27-16.27.00:100][  0]LogXGEController: Cannot use XGE Controller as Incredibuild is not installed on this machine.
[2022.09.27-16.27.00:100][  0]LogShaderCompilers: Cannot use XGE Shader Compiler as Incredibuild is not installed on this machine.
[2022.09.27-16.27.00:100][  0]LogShaderCompilers: Display: Using Local Shader Compiler.
[2022.09.27-16.27.00:850][  0]LogDerivedDataCache: Display: Max Cache Size: 512 MB
[2022.09.27-16.27.00:904][  0]LogDerivedDataCache: Loaded boot cache 0.05s 109MB C:/Users/Chanwoongs/AppData/Local/UnrealEngine/4.25/DerivedDataCache/Boot.ddc.
[2022.09.27-16.27.00:904][  0]LogDerivedDataCache: Display: Loaded Boot cache: C:/Users/Chanwoongs/AppData/Local/UnrealEngine/4.25/DerivedDataCache/Boot.ddc
[2022.09.27-16.27.00:904][  0]LogDerivedDataCache: FDerivedDataBackendGraph:  Pak pak cache file C:/Users/Chanwoongs/Desktop/Project/Unreal_Engine_Tutorial/C++/Cpp_Project/DerivedDataCache/DDC.ddp not found, will not use a pak cache.
[2022.09.27-16.27.00:904][  0]LogDerivedDataCache: Unable to find inner node Pak for hierarchical cache Hierarchy.
[2022.09.27-16.27.00:904][  0]LogDerivedDataCache: FDerivedDataBackendGraph:  CompressedPak pak cache file C:/Users/Chanwoongs/Desktop/Project/Unreal_Engine_Tutorial/C++/Cpp_Project/DerivedDataCache/Compressed.ddp not found, will not use a pak cache.
[2022.09.27-16.27.00:904][  0]LogDerivedDataCache: Unable to find inner node CompressedPak for hierarchical cache Hierarchy.
[2022.09.27-16.27.00:912][  0]LogDerivedDataCache: Display: Pak cache opened for reading ../../../Engine/DerivedDataCache/Compressed.ddp.
[2022.09.27-16.27.00:912][  0]LogDerivedDataCache: FDerivedDataBackendGraph:  EnterprisePak pak cache file ../../../Enterprise/DerivedDataCache/Compressed.ddp not found, will not use a pak cache.
[2022.09.27-16.27.00:912][  0]LogDerivedDataCache: Unable to find inner node EnterprisePak for hierarchical cache Hierarchy.
[2022.09.27-16.27.00:914][  0]LogDerivedDataCache: Using Local data cache path C:/Users/Chanwoongs/AppData/Local/UnrealEngine/Common/DerivedDataCache: Writable
[2022.09.27-16.27.00:914][  0]LogDerivedDataCache: Shared data cache path not found in *engine.ini, will not use an Shared cache.
[2022.09.27-16.27.00:914][  0]LogDerivedDataCache: Unable to find inner node Shared for hierarchical cache Hierarchy.
[2022.09.27-16.27.00:969][  0]LogSlate: Using FreeType 2.10.0
[2022.09.27-16.27.00:970][  0]LogSlate: SlateFontServices - WITH_FREETYPE: 1, WITH_HARFBUZZ: 1
[2022.09.27-16.27.00:999][  0]LogAssetRegistry: FAssetRegistry took 0.0035 seconds to start up
[2022.09.27-16.27.01:214][  0]LogInit: Selected Device Profile: [Windows]
[2022.09.27-16.27.01:346][  0]LogMeshReduction: Using QuadricMeshReduction for automatic static mesh reduction
[2022.09.27-16.27.01:346][  0]LogMeshReduction: Using SimplygonMeshReduction for automatic skeletal mesh reduction
[2022.09.27-16.27.01:346][  0]LogMeshReduction: Using ProxyLODMeshReduction for automatic mesh merging
[2022.09.27-16.27.01:346][  0]LogMeshReduction: No distributed automatic mesh merging module available
[2022.09.27-16.27.01:346][  0]LogMeshMerging: No distributed automatic mesh merging module available
[2022.09.27-16.27.01:454][  0]LogNetVersion: Cpp_Project 1.0.0, NetCL: 13144385, EngineNetVer: 14, GameNetVer: 0 (Checksum: 3821394651)
[2022.09.27-16.27.01:912][  0]LogAISub: UAISubsystem::UAISubsystem AISubsystem (000002288B7633C0), frame # 0
[2022.09.27-16.27.01:912][  0]LogAISub: UAISubsystem::UAISubsystem AIPerceptionSystem (000002288B72A980), frame # 0
[2022.09.27-16.27.01:913][  0]LogAISub: UAISubsystem::UAISubsystem EnvQueryManager (000002288B79CA00), frame # 0
[2022.09.27-16.27.01:978][  0]LogPackageLocalizationCache: Processed 19 localized package path(s) for 1 prioritized culture(s) in 0.058763 seconds
[2022.09.27-16.27.01:982][  0]LogUObjectArray: 15917 objects as part of root set at end of initial load.
[2022.09.27-16.27.01:982][  0]LogUObjectAllocator: 3965568 out of 0 bytes used by permanent object pool.
[2022.09.27-16.27.01:982][  0]LogUObjectArray: CloseDisregardForGC: 0/0 objects in disregard for GC pool
[2022.09.27-16.27.02:211][  0]LogD3D12RHI: Creating RTPSO with 3 shaders (0 cached, 3 new) took 37.48 ms. Compile time 4.19 ms, link time 33.25 ms.
[2022.09.27-16.27.02:242][  0]LogD3D12RHI: Creating RTPSO with 3 shaders (1 cached, 2 new) took 30.88 ms. Compile time 2.43 ms, link time 28.44 ms.
[2022.09.27-16.27.02:601][  0]LogTcpMessaging: Initializing TcpMessaging bridge
[2022.09.27-16.27.02:607][  0]LogUdpMessaging: Initializing bridge on interface 0.0.0.0:0 to multicast group 230.0.0.1:6666.
[2022.09.27-16.27.02:684][  0]LogAnimation: Warning: SkeletalMesh SK_Mannequin has no skeleton. This needs to fixed before an animation can be set
[2022.09.27-16.27.02:689][  0]LogUObjectGlobals: Warning: 'Class /Game/ABP_CPlayer.ABP_CPlayer' 오브젝트를 찾는 데 실패했습니다.
[2022.09.27-16.27.02:689][  0]Error: CDO Constructor (CPlayer): Failed to find /Game/ABP_CPlayer.ABP_CPlayer

[2022.09.27-16.27.02:689][  0]LogWindows: Windows GetLastError: 작업을 완료했습니다. (0)
[2022.09.27-16.27.09:121][  0]LogWindows: Error: === Critical error: ===
[2022.09.27-16.27.09:121][  0]LogWindows: Error: 
[2022.09.27-16.27.09:121][  0]LogWindows: Error: Assertion failed: asset.Succeeded() [File:C:\Users\Chanwoongs\Desktop\Project\Unreal_Engine_Tutorial\C++\Cpp_Project\Source\Cpp_Project\Utilities/CHelpers.h] [Line: 32] 
[2022.09.27-16.27.09:121][  0]LogWindows: Error: asset.Succeeded()
[2022.09.27-16.27.09:121][  0]LogWindows: Error: 
[2022.09.27-16.27.09:121][  0]LogWindows: Error: 
[2022.09.27-16.27.09:121][  0]LogWindows: Error: [Callstack] 0x00007ff9d35e4fd9 KERNELBASE.dll!UnknownFunction []
[2022.09.27-16.27.09:121][  0]LogWindows: Error: [Callstack] 0x00007ff91ca6ec66 UE4Editor-Core.dll!ReportAssert() [D:\Build\++UE4\Sync\Engine\Source\Runtime\Core\Private\Windows\WindowsPlatformCrashContext.cpp:1541]
[2022.09.27-16.27.09:121][  0]LogWindows: Error: [Callstack] 0x00007ff91ca72048 UE4Editor-Core.dll!FWindowsErrorOutputDevice::Serialize() [D:\Build\++UE4\Sync\Engine\Source\Runtime\Core\Private\Windows\WindowsErrorOutputDevice.cpp:78]
[2022.09.27-16.27.09:121][  0]LogWindows: Error: [Callstack] 0x00007ff91c7fe52d UE4Editor-Core.dll!FOutputDevice::LogfImpl() [D:\Build\++UE4\Sync\Engine\Source\Runtime\Core\Private\Misc\OutputDevice.cpp:61]
[2022.09.27-16.27.09:121][  0]LogWindows: Error: [Callstack] 0x00007ff91c7897c5 UE4Editor-Core.dll!AssertFailedImplV() [D:\Build\++UE4\Sync\Engine\Source\Runtime\Core\Private\Misc\AssertionMacros.cpp:100]
[2022.09.27-16.27.09:121][  0]LogWindows: Error: [Callstack] 0x00007ff91c78bb00 UE4Editor-Core.dll!FDebug::CheckVerifyFailedImpl() [D:\Build\++UE4\Sync\Engine\Source\Runtime\Core\Private\Misc\AssertionMacros.cpp:450]
[2022.09.27-16.27.09:121][  0]LogWindows: Error: [Callstack] 0x00007ff8dc796471 UE4Editor-Cpp_Project-0088.dll!CHelpers::GetClass<UAnimInstance>() [C:\Users\Chanwoongs\Desktop\Project\Unreal_Engine_Tutorial\C++\Cpp_Project\Source\Cpp_Project\Utilities\CHelpers.h:32]
[2022.09.27-16.27.09:121][  0]LogWindows: Error: [Callstack] 0x00007ff8dc7969f5 UE4Editor-Cpp_Project-0088.dll!ACPlayer::ACPlayer() [C:\Users\Chanwoongs\Desktop\Project\Unreal_Engine_Tutorial\C++\Cpp_Project\Source\Cpp_Project\CPlayer.cpp:36]
[2022.09.27-16.27.09:121][  0]LogWindows: Error: [Callstack] 0x00007ff91bf7c273 UE4Editor-CoreUObject.dll!UClass::CreateDefaultObject() [D:\Build\++UE4\Sync\Engine\Source\Runtime\CoreUObject\Private\UObject\Class.cpp:3672]
[2022.09.27-16.27.09:121][  0]LogWindows: Error: [Callstack] 0x00007ff91bf852d7 UE4Editor-CoreUObject.dll!UClass::GetArchetypeForCDO() [D:\Build\++UE4\Sync\Engine\Source\Runtime\CoreUObject\Private\UObject\Class.cpp:4635]
[2022.09.27-16.27.09:121][  0]LogWindows: Error: [Callstack] 0x00007ff91c1f3028 UE4Editor-CoreUObject.dll!GetArchetypeFromRequiredInfoImpl() [D:\Build\++UE4\Sync\Engine\Source\Runtime\CoreUObject\Private\UObject\UObjectArchetype.cpp:61]
[2022.09.27-16.27.09:121][  0]LogWindows: Error: [Callstack] 0x00007ff91c1f2f88 UE4Editor-CoreUObject.dll!UObject::GetArchetypeFromRequiredInfo() [D:\Build\++UE4\Sync\Engine\Source\Runtime\CoreUObject\Private\UObject\UObjectArchetype.cpp:167]
[2022.09.27-16.27.09:121][  0]LogWindows: Error: [Callstack] 0x00007ff91c090ad8 UE4Editor-CoreUObject.dll!FLinkerLoad::CreateExport() [D:\Build\++UE4\Sync\Engine\Source\Runtime\CoreUObject\Private\UObject\LinkerLoad.cpp:4316]
[2022.09.27-16.27.09:121][  0]LogWindows: Error: [Callstack] 0x00007ff91c0843de UE4Editor-CoreUObject.dll!FLinkerLoad::operator<<() [D:\Build\++UE4\Sync\Engine\Source\Runtime\CoreUObject\Private\UObject\LinkerLoad.cpp:5048]
[2022.09.27-16.27.09:121][  0]LogWindows: Error: [Callstack] 0x00007ff91c0635ab UE4Editor-CoreUObject.dll!UClass::Serialize() [D:\Build\++UE4\Sync\Engine\Source\Runtime\CoreUObject\Private\UObject\Class.cpp:4459]
[2022.09.27-16.27.09:121][  0]LogWindows: Error: [Callstack] 0x00007ff91440913a UE4Editor-Engine.dll!UBlueprintGeneratedClass::Serialize() [D:\Build\++UE4\Sync\Engine\Source\Runtime\Engine\Private\BlueprintGeneratedClass.cpp:1677]
[2022.09.27-16.27.09:121][  0]LogWindows: Error: [Callstack] 0x00007ff91c0c3426 UE4Editor-CoreUObject.dll!FLinkerLoad::Preload() [D:\Build\++UE4\Sync\Engine\Source\Runtime\CoreUObject\Private\UObject\LinkerLoad.cpp:3820]
[2022.09.27-16.27.09:121][  0]LogWindows: Error: [Callstack] 0x00007ff91c091667 UE4Editor-CoreUObject.dll!FLinkerLoad::CreateExport() [D:\Build\++UE4\Sync\Engine\Source\Runtime\CoreUObject\Private\UObject\LinkerLoad.cpp:4572]
[2022.09.27-16.27.09:122][  0]LogWindows: Error: [Callstack] 0x00007ff91c091b5b UE4Editor-CoreUObject.dll!FLinkerLoad::CreateExportAndPreload() [D:\Build\++UE4\Sync\Engine\Source\Runtime\CoreUObject\Private\UObject\LinkerLoad.cpp:3233]
[2022.09.27-16.27.09:122][  0]LogWindows: Error: [Callstack] 0x00007ff91c0b9960 UE4Editor-CoreUObject.dll!FLinkerLoad::LoadAllObjects() [D:\Build\++UE4\Sync\Engine\Source\Runtime\CoreUObject\Private\UObject\LinkerLoad.cpp:3397]
[2022.09.27-16.27.09:122][  0]LogWindows: Error: [Callstack] 0x00007ff91c1fd342 UE4Editor-CoreUObject.dll!LoadPackageInternal() [D:\Build\++UE4\Sync\Engine\Source\Runtime\CoreUObject\Private\UObject\UObjectGlobals.cpp:1312]
[2022.09.27-16.27.09:122][  0]LogWindows: Error: [Callstack] 0x00007ff91c1fc410 UE4Editor-CoreUObject.dll!LoadPackage() [D:\Build\++UE4\Sync\Engine\Source\Runtime\CoreUObject\Private\UObject\UObjectGlobals.cpp:1427]
[2022.09.27-16.27.09:122][  0]LogWindows: Error: [Callstack] 0x00007ff91c2113ef UE4Editor-CoreUObject.dll!ResolveName() [D:\Build\++UE4\Sync\Engine\Source\Runtime\CoreUObject\Private\UObject\UObjectGlobals.cpp:767]
[2022.09.27-16.27.09:122][  0]LogWindows: Error: [Callstack] 0x00007ff91c223efa UE4Editor-CoreUObject.dll!StaticLoadObjectInternal() [D:\Build\++UE4\Sync\Engine\Source\Runtime\CoreUObject\Private\UObject\UObjectGlobals.cpp:829]
[2022.09.27-16.27.09:122][  0]LogWindows: Error: [Callstack] 0x00007ff91c2235c3 UE4Editor-CoreUObject.dll!StaticLoadObject() [D:\Build\++UE4\Sync\Engine\Source\Runtime\CoreUObject\Private\UObject\UObjectGlobals.cpp:904]
[2022.09.27-16.27.09:122][  0]LogWindows: Error: [Callstack] 0x00007ff91c222a7b UE4Editor-CoreUObject.dll!StaticLoadClass() [D:\Build\++UE4\Sync\Engine\Source\Runtime\CoreUObject\Private\UObject\UObjectGlobals.cpp:937]
[2022.09.27-16.27.09:122][  0]LogWindows: Error: [Callstack] 0x00007ff8dc7958bd UE4Editor-Cpp_Project-0088.dll!ConstructorHelpersInternal::FindOrLoadClass() [D:\Game\UE_4.25\Engine\Source\Runtime\CoreUObject\Public\UObject\ConstructorHelpers.h:87]
[2022.09.27-16.27.09:122][  0]LogWindows: Error: [Callstack] 0x00007ff8dc795188 UE4Editor-Cpp_Project-0088.dll!CHelpers::GetClass<APawn>() [C:\Users\Chanwoongs\Desktop\Project\Unreal_Engine_Tutorial\C++\Cpp_Project\Source\Cpp_Project\Utilities\CHelpers.h:31]
[2022.09.27-16.27.09:122][  0]LogWindows: Error: [Callstack] 0x00007ff8dc7952de UE4Editor-Cpp_Project-0088.dll!ACGameMode::ACGameMode() [C:\Users\Chanwoongs\Desktop\Project\Unreal_Engine_Tutorial\C++\Cpp_Project\Source\Cpp_Project\CGameMode.cpp:16]
[2022.09.27-16.27.09:122][  0]LogWindows: Error: [Callstack] 0x00007ff91bf7c273 UE4Editor-CoreUObject.dll!UClass::CreateDefaultObject() [D:\Build\++UE4\Sync\Engine\Source\Runtime\CoreUObject\Private\UObject\Class.cpp:3672]
[2022.09.27-16.27.09:122][  0]LogWindows: Error: [Callstack] 0x00007ff91c228451 UE4Editor-CoreUObject.dll!UObjectLoadAllCompiledInDefaultProperties() [D:\Build\++UE4\Sync\Engine\Source\Runtime\CoreUObject\Private\UObject\UObjectBase.cpp:861]
[2022.09.27-16.27.09:122][  0]LogWindows: Error: [Callstack] 0x00007ff91c205bbf UE4Editor-CoreUObject.dll!ProcessNewlyLoadedUObjects() [D:\Build\++UE4\Sync\Engine\Source\Runtime\CoreUObject\Private\UObject\UObjectBase.cpp:950]
[2022.09.27-16.27.09:122][  0]LogWindows: Error: [Callstack] 0x00007ff91c124465 UE4Editor-CoreUObject.dll!TBaseStaticDelegateInstance<void __cdecl(FName,bool)>::ExecuteIfSafe() [D:\Build\++UE4\Sync\Engine\Source\Runtime\Core\Public\Delegates\DelegateInstancesImpl.h:859]
[2022.09.27-16.27.09:122][  0]LogWindows: Error: [Callstack] 0x00007ff91c83986a UE4Editor-Core.dll!TBaseMulticastDelegate<void,FName,bool>::Broadcast() [D:\Build\++UE4\Sync\Engine\Source\Runtime\Core\Public\Delegates\DelegateSignatureImpl.inl:1013]
[2022.09.27-16.27.09:122][  0]LogWindows: Error: [Callstack] 0x00007ff91c8599f0 UE4Editor-Core.dll!FModuleManager::LoadModuleWithFailureReason() [D:\Build\++UE4\Sync\Engine\Source\Runtime\Core\Private\Modules\ModuleManager.cpp:500]
[2022.09.27-16.27.09:122][  0]LogWindows: Error: [Callstack] 0x00007ff9cbe0b433 UE4Editor-Projects.dll!FModuleDescriptor::LoadModulesForPhase() [D:\Build\++UE4\Sync\Engine\Source\Runtime\Projects\Private\ModuleDescriptor.cpp:561]
[2022.09.27-16.27.09:122][  0]LogWindows: Error: [Callstack] 0x00007ff9cbe0b70d UE4Editor-Projects.dll!FProjectManager::LoadModulesForProject() [D:\Build\++UE4\Sync\Engine\Source\Runtime\Projects\Private\ProjectManager.cpp:63]
[2022.09.27-16.27.09:122][  0]LogWindows: Error: [Callstack] 0x00007ff7966efa92 UE4Editor.exe!FEngineLoop::LoadStartupModules() [D:\Build\++UE4\Sync\Engine\Source\Runtime\Launch\Private\LaunchEngineLoop.cpp:3854]
[2022.09.27-16.27.09:122][  0]LogWindows: Error: [Callstack] 0x00007ff7966f26f5 UE4Editor.exe!FEngineLoop::PreInitPostStartupScreen() [D:\Build\++UE4\Sync\Engine\Source\Runtime\Launch\Private\LaunchEngineLoop.cpp:3220]
[2022.09.27-16.27.09:122][  0]LogWindows: Error: [Callstack] 0x00007ff7966eb7ec UE4Editor.exe!GuardedMain() [D:\Build\++UE4\Sync\Engine\Source\Runtime\Launch\Private\Launch.cpp:127]
[2022.09.27-16.27.09:122][  0]LogWindows: Error: [Callstack] 0x00007ff7966ebb5a UE4Editor.exe!GuardedMainWrapper() [D:\Build\++UE4\Sync\Engine\Source\Runtime\Launch\Private\Windows\LaunchWindows.cpp:137]
[2022.09.27-16.27.09:122][  0]LogWindows: Error: [Callstack] 0x00007ff7966fe31d UE4Editor.exe!WinMain() [D:\Build\++UE4\Sync\Engine\Source\Runtime\Launch\Private\Windows\LaunchWindows.cpp:268]
[2022.09.27-16.27.09:122][  0]LogWindows: Error: [Callstack] 0x00007ff79670145a UE4Editor.exe!__scrt_common_main_seh() [d:\agent\_work\5\s\src\vctools\crt\vcstartup\src\startup\exe_common.inl:288]
[2022.09.27-16.27.09:122][  0]LogWindows: Error: [Callstack] 0x00007ff9d5cf7034 KERNEL32.DLL!UnknownFunction []
[2022.09.27-16.27.09:122][  0]LogWindows: Error: [Callstack] 0x00007ff9d5ee26a1 ntdll.dll!UnknownFunction []
[2022.09.27-16.27.09:122][  0]LogWindows: Error: 
[2022.09.27-16.27.09:147][  0]LogExit: Executing StaticShutdownAfterError
[2022.09.27-16.27.09:148][  0]LogWindows: FPlatformMisc::RequestExit(1)
[2022.09.27-16.27.09:148][  0]LogCore: Engine exit requested (reason: Win RequestExit)
[2022.09.27-16.27.09:157][  0]Log file closed, 09/28/22 01:27:09
