Log file open, 09/27/22 23:36:23
LogInit: Display: Running engine for game: Cpp_Project
LogPlatformFile: Not using cached read wrapper
LogTaskGraph: Started task graph with 5 named threads and 26 total threads with 3 sets of task threads.
LogStats: Stats thread started at 0.266719
LogD3D11RHI: Loaded GFSDK_Aftermath_Lib.x64.dll
LogICUInternationalization: ICU TimeZone Detection - Raw Offset: +9:00, Platform Override: ''
LogPluginManager: Mounting plugin Paper2D
LogPluginManager: Mounting plugin AISupport
LogPluginManager: Mounting plugin LightPropagationVolume
LogPluginManager: Mounting plugin CameraShakePreviewer
LogPluginManager: Mounting plugin ActorLayerUtilities
LogPluginManager: Mounting plugin AnimationSharing
LogPluginManager: Mounting plugin CLionSourceCodeAccess
LogPluginManager: Mounting plugin CodeLiteSourceCodeAccess
LogPluginManager: Mounting plugin GitSourceControl
LogPluginManager: Mounting plugin KDevelopSourceCodeAccess
LogPluginManager: Mounting plugin NullSourceCodeAccess
LogPluginManager: Mounting plugin PerforceSourceControl
LogPluginManager: Mounting plugin PlasticSourceControl
LogPluginManager: Mounting plugin RiderSourceCodeAccess
LogPluginManager: Mounting plugin SubversionSourceControl
LogPluginManager: Mounting plugin UObjectPlugin
LogPluginManager: Mounting plugin VisualStudioCodeSourceCodeAccess
LogPluginManager: Mounting plugin VisualStudioSourceCodeAccess
LogPluginManager: Mounting plugin XCodeSourceCodeAccess
LogPluginManager: Mounting plugin AssetManagerEditor
LogPluginManager: Mounting plugin CryptoKeys
LogPluginManager: Mounting plugin CurveEditorTools
LogPluginManager: Mounting plugin DataValidation
LogPluginManager: Mounting plugin EditorScriptingUtilities
LogPluginManager: Mounting plugin FacialAnimation
LogPluginManager: Mounting plugin GameplayTagsEditor
LogPluginManager: Mounting plugin GeometryMode
LogPluginManager: Mounting plugin MacGraphicsSwitching
LogPluginManager: Mounting plugin MaterialAnalyzer
LogPluginManager: Mounting plugin MobileLauncherProfileWizard
LogPluginManager: Mounting plugin PluginBrowser
LogPluginManager: Mounting plugin SpeedTreeImporter
LogPluginManager: Mounting plugin DatasmithContent
LogPluginManager: Mounting plugin VariantManagerContent
LogPluginManager: Mounting plugin AlembicImporter
LogPluginManager: Mounting plugin AutomationUtils
LogPluginManager: Mounting plugin BackChannel
LogPluginManager: Mounting plugin ChaosCloth
LogPluginManager: Mounting plugin ChaosClothEditor
LogPluginManager: Mounting plugin ChaosEditor
LogPluginManager: Mounting plugin ChaosNiagara
LogPluginManager: Mounting plugin ChaosSolverPlugin
LogPluginManager: Mounting plugin CharacterAI
LogPluginManager: Mounting plugin GeometryCache
LogPluginManager: Mounting plugin GeometryCollectionPlugin
LogPluginManager: Mounting plugin GeometryProcessing
LogPluginManager: Mounting plugin PlanarCut
LogPluginManager: Mounting plugin PlatformCrypto
LogPluginManager: Mounting plugin ProxyLODPlugin
LogPluginManager: Mounting plugin SkeletalReduction
LogPluginManager: Mounting plugin Niagara
LogPluginManager: Mounting plugin MagicLeap
LogPluginManager: Mounting plugin MagicLeapLightEstimation
LogPluginManager: Mounting plugin MagicLeapMedia
LogPluginManager: Mounting plugin MagicLeapPassableWorld
LogPluginManager: Mounting plugin MLSDK
LogPluginManager: Mounting plugin AndroidMedia
LogPluginManager: Mounting plugin AvfMedia
LogPluginManager: Mounting plugin ImgMedia
LogPluginManager: Mounting plugin MediaCompositing
LogPluginManager: Mounting plugin MediaPlayerEditor
LogPluginManager: Mounting plugin WebMMedia
LogPluginManager: Mounting plugin WmfMedia
LogPluginManager: Mounting plugin MeshPainting
LogPluginManager: Mounting plugin TcpMessaging
LogPluginManager: Mounting plugin UdpMessaging
LogPluginManager: Mounting plugin ActorSequence
LogPluginManager: Mounting plugin LevelSequenceEditor
LogPluginManager: Mounting plugin MatineeToLevelSequence
LogPluginManager: Mounting plugin MovieRenderPipeline
LogPluginManager: Mounting plugin TemplateSequence
LogPluginManager: Mounting plugin NetcodeUnitTest
LogPluginManager: Mounting plugin NUTUnrealEngine4
LogPluginManager: Mounting plugin OnlineSubsystemGooglePlay
LogPluginManager: Mounting plugin OnlineSubsystemIOS
LogPluginManager: Mounting plugin OnlineSubsystem
LogPluginManager: Mounting plugin OnlineSubsystemNull
LogPluginManager: Mounting plugin OnlineSubsystemUtils
LogPluginManager: Mounting plugin LauncherChunkInstaller
LogPluginManager: Mounting plugin AndroidDeviceProfileSelector
LogPluginManager: Mounting plugin AndroidMoviePlayer
LogPluginManager: Mounting plugin AndroidPermission
LogPluginManager: Mounting plugin AppleImageUtils
LogPluginManager: Mounting plugin AppleMoviePlayer
LogPluginManager: Mounting plugin ArchVisCharacter
LogPluginManager: Mounting plugin AssetTags
LogPluginManager: Mounting plugin AudioCapture
LogPluginManager: Mounting plugin CableComponent
LogPluginManager: Mounting plugin CustomMeshComponent
LogPluginManager: Mounting plugin EditableMesh
LogPluginManager: Mounting plugin ExampleDeviceProfileSelector
LogPluginManager: Mounting plugin GoogleCloudMessaging
LogPluginManager: Mounting plugin GooglePAD
LogPluginManager: Mounting plugin IOSDeviceProfileSelector
LogPluginManager: Mounting plugin LinuxDeviceProfileSelector
LogPluginManager: Mounting plugin LocationServicesBPLibrary
LogPluginManager: Mounting plugin MobilePatchingUtils
LogPluginManager: Mounting plugin OculusVR
LogPluginManager: Mounting plugin PhysXVehicles
LogPluginManager: Mounting plugin PostSplashScreen
LogPluginManager: Mounting plugin ProceduralMeshComponent
LogPluginManager: Mounting plugin RuntimePhysXCooking
LogPluginManager: Mounting plugin SignificanceManager
LogPluginManager: Mounting plugin SoundFields
LogPluginManager: Mounting plugin SteamVR
LogPluginManager: Mounting plugin Synthesis
LogPluginManager: Mounting plugin WebMMoviePlayer
LogPluginManager: Mounting plugin WindowsMoviePlayer
LogPluginManager: Mounting plugin ScreenshotTools
LogInit: Using libcurl 7.55.1-DEV
LogInit:  - built for x86_64-pc-win32
LogInit:  - supports SSL with OpenSSL/1.1.1
LogInit:  - supports HTTP deflate (compression) using libz 1.2.8
LogInit:  - other features:
LogInit:      CURL_VERSION_SSL
LogInit:      CURL_VERSION_LIBZ
LogInit:      CURL_VERSION_IPV6
LogInit:      CURL_VERSION_ASYNCHDNS
LogInit:      CURL_VERSION_LARGEFILE
LogInit:      CURL_VERSION_IDN
LogInit:  CurlRequestOptions (configurable via config and command line):
LogInit:  - bVerifyPeer = true  - Libcurl will verify peer certificate
LogInit:  - bUseHttpProxy = false  - Libcurl will NOT use HTTP proxy
LogInit:  - bDontReuseConnections = false  - Libcurl will reuse connections
LogInit:  - MaxHostConnections = 16  - Libcurl will limit the number of connections to a host
LogInit:  - LocalHostAddr = Default
LogInit:  - BufferSize = 65536
LogOnline: OSS: Creating online subsystem instance for: NULL
LogInit: WinSock: version 1.1 (2.2), MaxSocks=32767, MaxUdp=65467
LogOnline: OSS: TryLoadSubsystemAndSetDefault: Loaded subsystem for module [NULL]
LogInit: Build: ++UE4+Release-4.25-CL-14469661
LogInit: Engine Version: 4.25.4-14469661+++UE4+Release-4.25
LogInit: Compatible Engine Version: 4.25.0-13144385+++UE4+Release-4.25
LogInit: Net CL: 13144385
LogInit: OS: Windows 10 (Release 2009) (), CPU: Intel(R) Core(TM) i7-9700K CPU @ 3.60GHz, GPU: NVIDIA GeForce RTX 2080
LogInit: Compiled (64-bit): Oct 11 2020 08:10:49
LogInit: Compiled with Visual C++: 19.24.28315.00
LogInit: Build Configuration: Development
LogInit: Branch Name: ++UE4+Release-4.25
LogInit: Command Line:  /Game/Levels/01_Actor -game -PIEVIACONSOLE -Multiprocess GameUserSettingsINI=C:/Users/Chanwoongs/Desktop/Project/Unreal_Engine_Tutorial/C++/Cpp_Project/Saved/Config/Windows/PIEGameUserSettings0.ini -MultiprocessSaveConfig -MultiprocessOSS -messaging -SessionName="Play in Standalone Game" -windowed -ResX=1280 -ResY=720
LogInit: Base Directory: D:/Game/UE_4.25/Engine/Binaries/Win64/
LogInit: Allocator: TBB
LogInit: Installed Engine Build: 1
LogDevObjectVersion: Number of dev versions registered: 26
LogDevObjectVersion:   Dev-Blueprints (B0D832E4-1F89-4F0D-ACCF-7EB736FD4AA2): 10
LogDevObjectVersion:   Dev-Build (E1C64328-A22C-4D53-A36C-8E866417BD8C): 0
LogDevObjectVersion:   Dev-Core (375EC13C-06E4-48FB-B500-84F0262A717E): 4
LogDevObjectVersion:   Dev-Editor (E4B068ED-F494-42E9-A231-DA0B2E46BB41): 38
LogDevObjectVersion:   Dev-Framework (CFFC743F-43B0-4480-9391-14DF171D2073): 37
LogDevObjectVersion:   Dev-Mobile (B02B49B5-BB20-44E9-A304-32B752E40360): 2
LogDevObjectVersion:   Dev-Networking (A4E4105C-59A1-49B5-A7C5-40C4547EDFEE): 0
LogDevObjectVersion:   Dev-Online (39C831C9-5AE6-47DC-9A44-9C173E1C8E7C): 0
LogDevObjectVersion:   Dev-Physics (78F01B33-EBEA-4F98-B9B4-84EACCB95AA2): 4
LogDevObjectVersion:   Dev-Platform (6631380F-2D4D-43E0-8009-CF276956A95A): 0
LogDevObjectVersion:   Dev-Rendering (12F88B9F-8875-4AFC-A67C-D90C383ABD29): 43
LogDevObjectVersion:   Dev-Sequencer (7B5AE74C-D270-4C10-A958-57980B212A5A): 12
LogDevObjectVersion:   Dev-VR (D7296918-1DD6-4BDD-9DE2-64A83CC13884): 3
LogDevObjectVersion:   Dev-LoadTimes (C2A15278-BFE7-4AFE-6C17-90FF531DF755): 1
LogDevObjectVersion:   Private-Geometry (6EACA3D4-40EC-4CC1-B786-8BED09428FC5): 3
LogDevObjectVersion:   Dev-AnimPhys (29E575DD-E0A3-4627-9D10-D276232CDCEA): 17
LogDevObjectVersion:   Dev-Anim (AF43A65D-7FD3-4947-9873-3E8ED9C1BB05): 7
LogDevObjectVersion:   Dev-ReflectionCapture (6B266CEC-1EC7-4B8F-A30B-E4D90942FC07): 1
LogDevObjectVersion:   Dev-Automation (0DF73D61-A23F-47EA-B727-89E90C41499A): 1
LogDevObjectVersion:   FortniteMain (601D1886-AC64-4F84-AA16-D3DE0DEAC7D6): 31
LogDevObjectVersion:   Dev-Enterprise (9DFFBCD6-494F-0158-E221-12823C92A888): 10
LogDevObjectVersion:   Dev-Niagara (F2AED0AC-9AFE-416F-8664-AA7FFA26D6FC): 1
LogDevObjectVersion:   Dev-Destruction (174F1F0B-B4C6-45A5-B13F-2EE8D0FB917D): 10
LogDevObjectVersion:   Dev-Physics-Ext (35F94A83-E258-406C-A318-09F59610247C): 37
LogDevObjectVersion:   Dev-PhysicsMaterial-Chaos (B68FC16E-8B1B-42E2-B453-215C058844FE): 1
LogDevObjectVersion:   Dev-CineCamera (B2E18506-4273-CFC2-A54E-F4BB758BBA07): 1
LogInit: Presizing for max 25165824 objects, including 0 objects not considered by GC, pre-allocating 0 bytes for permanent pool.
LogConfig: Applying CVar settings from Section [/Script/Engine.StreamingSettings] File [C:/Users/Chanwoongs/Desktop/Project/Unreal_Engine_Tutorial/C++/Cpp_Project/Saved/Config/Windows/Engine.ini]
LogConfig: Setting CVar [[s.MinBulkDataSizeForAsyncLoading:131072]]
LogConfig: Setting CVar [[s.AsyncLoadingThreadEnabled:0]]
LogConfig: Setting CVar [[s.EventDrivenLoaderEnabled:1]]
LogConfig: Setting CVar [[s.WarnIfTimeLimitExceeded:0]]
LogConfig: Setting CVar [[s.TimeLimitExceededMultiplier:1.5]]
LogConfig: Setting CVar [[s.TimeLimitExceededMinTime:0.005]]
LogConfig: Setting CVar [[s.UseBackgroundLevelStreaming:1]]
LogConfig: Setting CVar [[s.PriorityAsyncLoadingExtraTime:15.0]]
LogConfig: Setting CVar [[s.LevelStreamingActorsUpdateTimeLimit:5.0]]
LogConfig: Setting CVar [[s.PriorityLevelStreamingActorsUpdateExtraTime:5.0]]
LogConfig: Setting CVar [[s.LevelStreamingComponentsRegistrationGranularity:10]]
LogConfig: Setting CVar [[s.UnregisterComponentsTimeLimit:1.0]]
LogConfig: Setting CVar [[s.LevelStreamingComponentsUnregistrationGranularity:5]]
LogConfig: Setting CVar [[s.FlushStreamingOnExit:1]]
LogInit: Object subsystem initialized
LogConfig: Setting CVar [[con.DebugEarlyDefault:1]]
LogConfig: Setting CVar [[r.setres:1280x720]]
[2022.09.27-14.36.23:667][  0]LogConfig: Setting CVar [[con.DebugEarlyDefault:1]]
[2022.09.27-14.36.23:667][  0]LogConfig: Setting CVar [[r.setres:1280x720]]
[2022.09.27-14.36.23:667][  0]LogConfig: Applying CVar settings from Section [/Script/Engine.RendererSettings] File [C:/Users/Chanwoongs/Desktop/Project/Unreal_Engine_Tutorial/C++/Cpp_Project/Saved/Config/Windows/Engine.ini]
[2022.09.27-14.36.23:667][  0]LogConfig: Setting CVar [[r.GPUCrashDebugging:0]]
[2022.09.27-14.36.23:667][  0]LogConfig: Setting CVar [[r.SkinCache.CompileShaders:1]]
[2022.09.27-14.36.23:667][  0]LogConfig: Setting CVar [[r.RayTracing:1]]
[2022.09.27-14.36.23:667][  0]LogConfig: Applying CVar settings from Section [/Script/Engine.RendererOverrideSettings] File [C:/Users/Chanwoongs/Desktop/Project/Unreal_Engine_Tutorial/C++/Cpp_Project/Saved/Config/Windows/Engine.ini]
[2022.09.27-14.36.23:667][  0]LogConfig: Applying CVar settings from Section [/Script/Engine.StreamingSettings] File [C:/Users/Chanwoongs/Desktop/Project/Unreal_Engine_Tutorial/C++/Cpp_Project/Saved/Config/Windows/Engine.ini]
[2022.09.27-14.36.23:667][  0]LogConfig: Setting CVar [[s.MinBulkDataSizeForAsyncLoading:131072]]
[2022.09.27-14.36.23:667][  0]LogConfig: Setting CVar [[s.AsyncLoadingThreadEnabled:0]]
[2022.09.27-14.36.23:667][  0]LogConfig: Setting CVar [[s.EventDrivenLoaderEnabled:1]]
[2022.09.27-14.36.23:667][  0]LogConfig: Setting CVar [[s.WarnIfTimeLimitExceeded:0]]
[2022.09.27-14.36.23:667][  0]LogConfig: Setting CVar [[s.TimeLimitExceededMultiplier:1.5]]
[2022.09.27-14.36.23:667][  0]LogConfig: Setting CVar [[s.TimeLimitExceededMinTime:0.005]]
[2022.09.27-14.36.23:667][  0]LogConfig: Setting CVar [[s.UseBackgroundLevelStreaming:1]]
[2022.09.27-14.36.23:667][  0]LogConfig: Setting CVar [[s.PriorityAsyncLoadingExtraTime:15.0]]
[2022.09.27-14.36.23:667][  0]LogConfig: Setting CVar [[s.LevelStreamingActorsUpdateTimeLimit:5.0]]
[2022.09.27-14.36.23:667][  0]LogConfig: Setting CVar [[s.PriorityLevelStreamingActorsUpdateExtraTime:5.0]]
[2022.09.27-14.36.23:667][  0]LogConfig: Setting CVar [[s.LevelStreamingComponentsRegistrationGranularity:10]]
[2022.09.27-14.36.23:667][  0]LogConfig: Setting CVar [[s.UnregisterComponentsTimeLimit:1.0]]
[2022.09.27-14.36.23:667][  0]LogConfig: Setting CVar [[s.LevelStreamingComponentsUnregistrationGranularity:5]]
[2022.09.27-14.36.23:667][  0]LogConfig: Setting CVar [[s.FlushStreamingOnExit:1]]
[2022.09.27-14.36.23:667][  0]LogConfig: Applying CVar settings from Section [/Script/Engine.GarbageCollectionSettings] File [C:/Users/Chanwoongs/Desktop/Project/Unreal_Engine_Tutorial/C++/Cpp_Project/Saved/Config/Windows/Engine.ini]
[2022.09.27-14.36.23:667][  0]LogConfig: Setting CVar [[gc.MaxObjectsNotConsideredByGC:1]]
[2022.09.27-14.36.23:667][  0]LogConfig: Setting CVar [[gc.SizeOfPermanentObjectPool:0]]
[2022.09.27-14.36.23:667][  0]LogConfig: Setting CVar [[gc.FlushStreamingOnGC:0]]
[2022.09.27-14.36.23:667][  0]LogConfig: Setting CVar [[gc.NumRetriesBeforeForcingGC:10]]
[2022.09.27-14.36.23:667][  0]LogConfig: Setting CVar [[gc.AllowParallelGC:1]]
[2022.09.27-14.36.23:667][  0]LogConfig: Setting CVar [[gc.TimeBetweenPurgingPendingKillObjects:61.1]]
[2022.09.27-14.36.23:667][  0]LogConfig: Setting CVar [[gc.MaxObjectsInEditor:25165824]]
[2022.09.27-14.36.23:667][  0]LogConfig: Setting CVar [[gc.IncrementalBeginDestroyEnabled:1]]
[2022.09.27-14.36.23:667][  0]LogConfig: Setting CVar [[gc.CreateGCClusters:1]]
[2022.09.27-14.36.23:668][  0]LogConfig: Setting CVar [[gc.MinGCClusterSize:5]]
[2022.09.27-14.36.23:668][  0]LogConfig: Setting CVar [[gc.ActorClusteringEnabled:0]]
[2022.09.27-14.36.23:668][  0]LogConfig: Setting CVar [[gc.BlueprintClusteringEnabled:0]]
[2022.09.27-14.36.23:668][  0]LogConfig: Setting CVar [[gc.UseDisregardForGCOnDedicatedServers:0]]
[2022.09.27-14.36.23:668][  0]LogConfig: Applying CVar settings from Section [/Script/Engine.NetworkSettings] File [C:/Users/Chanwoongs/Desktop/Project/Unreal_Engine_Tutorial/C++/Cpp_Project/Saved/Config/Windows/Engine.ini]
[2022.09.27-14.36.23:668][  0]LogConfig: Applying CVar settings from Section [/Script/UnrealEd.CookerSettings] File [C:/Users/Chanwoongs/Desktop/Project/Unreal_Engine_Tutorial/C++/Cpp_Project/Saved/Config/Windows/Engine.ini]
[2022.09.27-14.36.23:674][  0]LogConfig: Applying CVar settings from Section [ViewDistanceQuality@3] File [C:/Users/Chanwoongs/Desktop/Project/Unreal_Engine_Tutorial/C++/Cpp_Project/Saved/Config/Windows/Scalability.ini]
[2022.09.27-14.36.23:674][  0]LogConfig: Setting CVar [[r.SkeletalMeshLODBias:0]]
[2022.09.27-14.36.23:674][  0]LogConfig: Setting CVar [[r.ViewDistanceScale:1.0]]
[2022.09.27-14.36.23:674][  0]LogConfig: Applying CVar settings from Section [AntiAliasingQuality@3] File [C:/Users/Chanwoongs/Desktop/Project/Unreal_Engine_Tutorial/C++/Cpp_Project/Saved/Config/Windows/Scalability.ini]
[2022.09.27-14.36.23:674][  0]LogConfig: Setting CVar [[r.PostProcessAAQuality:4]]
[2022.09.27-14.36.23:674][  0]LogConfig: Applying CVar settings from Section [ShadowQuality@3] File [C:/Users/Chanwoongs/Desktop/Project/Unreal_Engine_Tutorial/C++/Cpp_Project/Saved/Config/Windows/Scalability.ini]
[2022.09.27-14.36.23:674][  0]LogConfig: Setting CVar [[r.LightFunctionQuality:1]]
[2022.09.27-14.36.23:674][  0]LogConfig: Setting CVar [[r.ShadowQuality:5]]
[2022.09.27-14.36.23:674][  0]LogConfig: Setting CVar [[r.Shadow.CSM.MaxCascades:10]]
[2022.09.27-14.36.23:674][  0]LogConfig: Setting CVar [[r.Shadow.MaxResolution:2048]]
[2022.09.27-14.36.23:674][  0]LogConfig: Setting CVar [[r.Shadow.MaxCSMResolution:2048]]
[2022.09.27-14.36.23:674][  0]LogConfig: Setting CVar [[r.Shadow.RadiusThreshold:0.01]]
[2022.09.27-14.36.23:674][  0]LogConfig: Setting CVar [[r.Shadow.DistanceScale:1.0]]
[2022.09.27-14.36.23:674][  0]LogConfig: Setting CVar [[r.Shadow.CSM.TransitionScale:1.0]]
[2022.09.27-14.36.23:674][  0]LogConfig: Setting CVar [[r.Shadow.PreShadowResolutionFactor:1.0]]
[2022.09.27-14.36.23:674][  0]LogConfig: Setting CVar [[r.DistanceFieldShadowing:1]]
[2022.09.27-14.36.23:674][  0]LogConfig: Setting CVar [[r.DistanceFieldAO:1]]
[2022.09.27-14.36.23:675][  0]LogConfig: Setting CVar [[r.AOQuality:2]]
[2022.09.27-14.36.23:675][  0]LogConfig: Setting CVar [[r.VolumetricFog:1]]
[2022.09.27-14.36.23:675][  0]LogConfig: Setting CVar [[r.VolumetricFog.GridPixelSize:8]]
[2022.09.27-14.36.23:675][  0]LogConfig: Setting CVar [[r.VolumetricFog.GridSizeZ:128]]
[2022.09.27-14.36.23:675][  0]LogConfig: Setting CVar [[r.VolumetricFog.HistoryMissSupersampleCount:4]]
[2022.09.27-14.36.23:675][  0]LogConfig: Setting CVar [[r.LightMaxDrawDistanceScale:1]]
[2022.09.27-14.36.23:675][  0]LogConfig: Setting CVar [[r.CapsuleShadows:1]]
[2022.09.27-14.36.23:675][  0]LogConfig: Applying CVar settings from Section [PostProcessQuality@3] File [C:/Users/Chanwoongs/Desktop/Project/Unreal_Engine_Tutorial/C++/Cpp_Project/Saved/Config/Windows/Scalability.ini]
[2022.09.27-14.36.23:675][  0]LogConfig: Setting CVar [[r.MotionBlurQuality:4]]
[2022.09.27-14.36.23:675][  0]LogConfig: Setting CVar [[r.AmbientOcclusionMipLevelFactor:0.4]]
[2022.09.27-14.36.23:675][  0]LogConfig: Setting CVar [[r.AmbientOcclusionMaxQuality:100]]
[2022.09.27-14.36.23:675][  0]LogConfig: Setting CVar [[r.AmbientOcclusionLevels:-1]]
[2022.09.27-14.36.23:675][  0]LogConfig: Setting CVar [[r.AmbientOcclusionRadiusScale:1.0]]
[2022.09.27-14.36.23:675][  0]LogConfig: Setting CVar [[r.DepthOfFieldQuality:2]]
[2022.09.27-14.36.23:675][  0]LogConfig: Setting CVar [[r.RenderTargetPoolMin:400]]
[2022.09.27-14.36.23:675][  0]LogConfig: Setting CVar [[r.LensFlareQuality:2]]
[2022.09.27-14.36.23:675][  0]LogConfig: Setting CVar [[r.SceneColorFringeQuality:1]]
[2022.09.27-14.36.23:675][  0]LogConfig: Setting CVar [[r.EyeAdaptationQuality:2]]
[2022.09.27-14.36.23:675][  0]LogConfig: Setting CVar [[r.BloomQuality:5]]
[2022.09.27-14.36.23:675][  0]LogConfig: Setting CVar [[r.FastBlurThreshold:100]]
[2022.09.27-14.36.23:675][  0]LogConfig: Setting CVar [[r.Upscale.Quality:3]]
[2022.09.27-14.36.23:675][  0]LogConfig: Setting CVar [[r.Tonemapper.GrainQuantization:1]]
[2022.09.27-14.36.23:675][  0]LogConfig: Setting CVar [[r.LightShaftQuality:1]]
[2022.09.27-14.36.23:675][  0]LogConfig: Setting CVar [[r.Filter.SizeScale:1]]
[2022.09.27-14.36.23:675][  0]LogConfig: Setting CVar [[r.Tonemapper.Quality:5]]
[2022.09.27-14.36.23:675][  0]LogConfig: Setting CVar [[r.DOF.Gather.AccumulatorQuality:1        ; higher gathering accumulator quality]]
[2022.09.27-14.36.23:675][  0]LogConfig: Setting CVar [[r.DOF.Gather.PostfilterMethod:1          ; Median3x3 postfilering method]]
[2022.09.27-14.36.23:675][  0]LogConfig: Setting CVar [[r.DOF.Gather.EnableBokehSettings:0       ; no bokeh simulation when gathering]]
[2022.09.27-14.36.23:675][  0]LogConfig: Setting CVar [[r.DOF.Gather.RingCount:4                 ; medium number of samples when gathering]]
[2022.09.27-14.36.23:675][  0]LogConfig: Setting CVar [[r.DOF.Scatter.ForegroundCompositing:1    ; additive foreground scattering]]
[2022.09.27-14.36.23:675][  0]LogConfig: Setting CVar [[r.DOF.Scatter.BackgroundCompositing:2    ; additive background scattering]]
[2022.09.27-14.36.23:675][  0]LogConfig: Setting CVar [[r.DOF.Scatter.EnableBokehSettings:1      ; bokeh simulation when scattering]]
[2022.09.27-14.36.23:675][  0]LogConfig: Setting CVar [[r.DOF.Scatter.MaxSpriteRatio:0.1         ; only a maximum of 10% of scattered bokeh]]
[2022.09.27-14.36.23:675][  0]LogConfig: Setting CVar [[r.DOF.Recombine.Quality:1                ; cheap slight out of focus]]
[2022.09.27-14.36.23:675][  0]LogConfig: Setting CVar [[r.DOF.Recombine.EnableBokehSettings:0    ; no bokeh simulation on slight out of focus]]
[2022.09.27-14.36.23:675][  0]LogConfig: Setting CVar [[r.DOF.TemporalAAQuality:1                ; more stable temporal accumulation]]
[2022.09.27-14.36.23:675][  0]LogConfig: Setting CVar [[r.DOF.Kernel.MaxForegroundRadius:0.025]]
[2022.09.27-14.36.23:675][  0]LogConfig: Setting CVar [[r.DOF.Kernel.MaxBackgroundRadius:0.025]]
[2022.09.27-14.36.23:675][  0]LogConfig: Applying CVar settings from Section [TextureQuality@3] File [C:/Users/Chanwoongs/Desktop/Project/Unreal_Engine_Tutorial/C++/Cpp_Project/Saved/Config/Windows/Scalability.ini]
[2022.09.27-14.36.23:675][  0]LogConfig: Setting CVar [[r.Streaming.MipBias:0]]
[2022.09.27-14.36.23:675][  0]LogConfig: Setting CVar [[r.Streaming.AmortizeCPUToGPUCopy:0]]
[2022.09.27-14.36.23:675][  0]LogConfig: Setting CVar [[r.Streaming.MaxNumTexturesToStreamPerFrame:0]]
[2022.09.27-14.36.23:675][  0]LogConfig: Setting CVar [[r.Streaming.Boost:1]]
[2022.09.27-14.36.23:675][  0]LogConfig: Setting CVar [[r.MaxAnisotropy:8]]
[2022.09.27-14.36.23:675][  0]LogConfig: Setting CVar [[r.VT.MaxAnisotropy:8]]
[2022.09.27-14.36.23:675][  0]LogConfig: Setting CVar [[r.Streaming.LimitPoolSizeToVRAM:0]]
[2022.09.27-14.36.23:675][  0]LogConfig: Setting CVar [[r.Streaming.PoolSize:1000]]
[2022.09.27-14.36.23:675][  0]LogConfig: Setting CVar [[r.Streaming.MaxEffectiveScreenSize:0]]
[2022.09.27-14.36.23:675][  0]LogConfig: Applying CVar settings from Section [EffectsQuality@3] File [C:/Users/Chanwoongs/Desktop/Project/Unreal_Engine_Tutorial/C++/Cpp_Project/Saved/Config/Windows/Scalability.ini]
[2022.09.27-14.36.23:675][  0]LogConfig: Setting CVar [[r.TranslucencyLightingVolumeDim:64]]
[2022.09.27-14.36.23:675][  0]LogConfig: Setting CVar [[r.RefractionQuality:2]]
[2022.09.27-14.36.23:675][  0]LogConfig: Setting CVar [[r.SSR.Quality:3]]
[2022.09.27-14.36.23:675][  0]LogConfig: Setting CVar [[r.SSR.HalfResSceneColor:0]]
[2022.09.27-14.36.23:675][  0]LogConfig: Setting CVar [[r.SceneColorFormat:4]]
[2022.09.27-14.36.23:675][  0]LogConfig: Setting CVar [[r.DetailMode:2]]
[2022.09.27-14.36.23:675][  0]LogConfig: Setting CVar [[r.TranslucencyVolumeBlur:1]]
[2022.09.27-14.36.23:675][  0]LogConfig: Setting CVar [[r.MaterialQualityLevel:1 ; High quality]]
[2022.09.27-14.36.23:675][  0]LogConfig: Setting CVar [[r.SSS.Scale:1]]
[2022.09.27-14.36.23:675][  0]LogConfig: Setting CVar [[r.SSS.SampleSet:2]]
[2022.09.27-14.36.23:675][  0]LogConfig: Setting CVar [[r.SSS.Quality:1]]
[2022.09.27-14.36.23:675][  0]LogConfig: Setting CVar [[r.SSS.HalfRes:0]]
[2022.09.27-14.36.23:675][  0]LogConfig: Setting CVar [[r.SSGI.Quality:3]]
[2022.09.27-14.36.23:675][  0]LogConfig: Setting CVar [[r.EmitterSpawnRateScale:1.0]]
[2022.09.27-14.36.23:675][  0]LogConfig: Setting CVar [[r.ParticleLightQuality:2]]
[2022.09.27-14.36.23:675][  0]LogConfig: Setting CVar [[r.SkyAtmosphere.AerialPerspectiveLUT.FastApplyOnOpaque:1 ; Always have FastSkyLUT 1 in this case to avoid wrong sky]]
[2022.09.27-14.36.23:675][  0]LogConfig: Setting CVar [[r.SkyAtmosphere.AerialPerspectiveLUT.SampleCountPerSlice:1]]
[2022.09.27-14.36.23:675][  0]LogConfig: Setting CVar [[r.SkyAtmosphere.AerialPerspectiveLUT.DepthResolution:16.0]]
[2022.09.27-14.36.23:675][  0]LogConfig: Setting CVar [[r.SkyAtmosphere.FastSkyLUT:1]]
[2022.09.27-14.36.23:675][  0]LogConfig: Setting CVar [[r.SkyAtmosphere.FastSkyLUT.SampleCountMin:4.0]]
[2022.09.27-14.36.23:675][  0]LogConfig: Setting CVar [[r.SkyAtmosphere.FastSkyLUT.SampleCountMax:32.0]]
[2022.09.27-14.36.23:675][  0]LogConfig: Setting CVar [[r.SkyAtmosphere.SampleCountMin:4.0]]
[2022.09.27-14.36.23:675][  0]LogConfig: Setting CVar [[r.SkyAtmosphere.SampleCountMax:32.0]]
[2022.09.27-14.36.23:675][  0]LogConfig: Setting CVar [[r.SkyAtmosphere.TransmittanceLUT.UseSmallFormat:0]]
[2022.09.27-14.36.23:675][  0]LogConfig: Setting CVar [[r.SkyAtmosphere.TransmittanceLUT.SampleCount:10.0]]
[2022.09.27-14.36.23:675][  0]LogConfig: Setting CVar [[r.SkyAtmosphere.MultiScatteringLUT.SampleCount:15.0]]
[2022.09.27-14.36.23:675][  0]LogConfig: Applying CVar settings from Section [FoliageQuality@3] File [C:/Users/Chanwoongs/Desktop/Project/Unreal_Engine_Tutorial/C++/Cpp_Project/Saved/Config/Windows/Scalability.ini]
[2022.09.27-14.36.23:675][  0]LogConfig: Setting CVar [[foliage.DensityScale:1.0]]
[2022.09.27-14.36.23:675][  0]LogConfig: Setting CVar [[grass.DensityScale:1.0]]
[2022.09.27-14.36.23:675][  0]LogConfig: Applying CVar settings from Section [ShadingQuality@3] File [C:/Users/Chanwoongs/Desktop/Project/Unreal_Engine_Tutorial/C++/Cpp_Project/Saved/Config/Windows/Scalability.ini]
[2022.09.27-14.36.23:675][  0]LogConfig: Setting CVar [[r.HairStrands.SkyLighting.SampleCount:16]]
[2022.09.27-14.36.23:675][  0]LogConfig: Setting CVar [[r.HairStrands.SkyLighting.JitterIntegration:0]]
[2022.09.27-14.36.23:675][  0]LogConfig: Setting CVar [[r.HairStrands.SkyAO.SampleCount:16]]
[2022.09.27-14.36.23:675][  0]LogConfig: Setting CVar [[r.HairStrands.DeepShadow.SuperSampling:0]]
[2022.09.27-14.36.23:675][  0]LogConfig: Setting CVar [[r.HairStrands.VisibilityPPLL:0]]
[2022.09.27-14.36.23:675][  0]LogConfig: Setting CVar [[r.HairStrands.RasterizationScale:0.5]]
[2022.09.27-14.36.23:675][  0]LogConfig: Setting CVar [[r.HairStrands.VelocityRasterizationScale:1]]
[2022.09.27-14.36.23:675][  0]LogInit: Selected Device Profile: [Windows]
[2022.09.27-14.36.23:675][  0]LogInit: Applying CVar settings loaded from the selected device profile: [Windows]
[2022.09.27-14.36.23:675][  0]LogHAL: Display: Platform has ~ 48 GB [51453968384 / 68719476736 / 48], which maps to Largest [LargestMinGB=32, LargerMinGB=12, DefaultMinGB=8, SmallerMinGB=6, SmallestMinGB=0)
[2022.09.27-14.36.23:676][  0]LogInit: Going up to parent DeviceProfile []
[2022.09.27-14.36.23:676][  0]LogConfig: Applying CVar settings from Section [ViewDistanceQuality@3] File [C:/Users/Chanwoongs/Desktop/Project/Unreal_Engine_Tutorial/C++/Cpp_Project/Saved/Config/Windows/Scalability.ini]
[2022.09.27-14.36.23:676][  0]LogConfig: Setting CVar [[r.SkeletalMeshLODBias:0]]
[2022.09.27-14.36.23:676][  0]LogConfig: Setting CVar [[r.ViewDistanceScale:1.0]]
[2022.09.27-14.36.23:676][  0]LogConfig: Applying CVar settings from Section [AntiAliasingQuality@3] File [C:/Users/Chanwoongs/Desktop/Project/Unreal_Engine_Tutorial/C++/Cpp_Project/Saved/Config/Windows/Scalability.ini]
[2022.09.27-14.36.23:676][  0]LogConfig: Setting CVar [[r.PostProcessAAQuality:4]]
[2022.09.27-14.36.23:676][  0]LogConfig: Applying CVar settings from Section [ShadowQuality@3] File [C:/Users/Chanwoongs/Desktop/Project/Unreal_Engine_Tutorial/C++/Cpp_Project/Saved/Config/Windows/Scalability.ini]
[2022.09.27-14.36.23:676][  0]LogConfig: Setting CVar [[r.LightFunctionQuality:1]]
[2022.09.27-14.36.23:676][  0]LogConfig: Setting CVar [[r.ShadowQuality:5]]
[2022.09.27-14.36.23:676][  0]LogConfig: Setting CVar [[r.Shadow.CSM.MaxCascades:10]]
[2022.09.27-14.36.23:676][  0]LogConfig: Setting CVar [[r.Shadow.MaxResolution:2048]]
[2022.09.27-14.36.23:676][  0]LogConfig: Setting CVar [[r.Shadow.MaxCSMResolution:2048]]
[2022.09.27-14.36.23:676][  0]LogConfig: Setting CVar [[r.Shadow.RadiusThreshold:0.01]]
[2022.09.27-14.36.23:676][  0]LogConfig: Setting CVar [[r.Shadow.DistanceScale:1.0]]
[2022.09.27-14.36.23:676][  0]LogConfig: Setting CVar [[r.Shadow.CSM.TransitionScale:1.0]]
[2022.09.27-14.36.23:676][  0]LogConfig: Setting CVar [[r.Shadow.PreShadowResolutionFactor:1.0]]
[2022.09.27-14.36.23:676][  0]LogConfig: Setting CVar [[r.DistanceFieldShadowing:1]]
[2022.09.27-14.36.23:676][  0]LogConfig: Setting CVar [[r.DistanceFieldAO:1]]
[2022.09.27-14.36.23:676][  0]LogConfig: Setting CVar [[r.AOQuality:2]]
[2022.09.27-14.36.23:676][  0]LogConfig: Setting CVar [[r.VolumetricFog:1]]
[2022.09.27-14.36.23:676][  0]LogConfig: Setting CVar [[r.VolumetricFog.GridPixelSize:8]]
[2022.09.27-14.36.23:676][  0]LogConfig: Setting CVar [[r.VolumetricFog.GridSizeZ:128]]
[2022.09.27-14.36.23:676][  0]LogConfig: Setting CVar [[r.VolumetricFog.HistoryMissSupersampleCount:4]]
[2022.09.27-14.36.23:676][  0]LogConfig: Setting CVar [[r.LightMaxDrawDistanceScale:1]]
[2022.09.27-14.36.23:676][  0]LogConfig: Setting CVar [[r.CapsuleShadows:1]]
[2022.09.27-14.36.23:676][  0]LogConfig: Applying CVar settings from Section [PostProcessQuality@3] File [C:/Users/Chanwoongs/Desktop/Project/Unreal_Engine_Tutorial/C++/Cpp_Project/Saved/Config/Windows/Scalability.ini]
[2022.09.27-14.36.23:676][  0]LogConfig: Setting CVar [[r.MotionBlurQuality:4]]
[2022.09.27-14.36.23:676][  0]LogConfig: Setting CVar [[r.AmbientOcclusionMipLevelFactor:0.4]]
[2022.09.27-14.36.23:676][  0]LogConfig: Setting CVar [[r.AmbientOcclusionMaxQuality:100]]
[2022.09.27-14.36.23:676][  0]LogConfig: Setting CVar [[r.AmbientOcclusionLevels:-1]]
[2022.09.27-14.36.23:676][  0]LogConfig: Setting CVar [[r.AmbientOcclusionRadiusScale:1.0]]
[2022.09.27-14.36.23:676][  0]LogConfig: Setting CVar [[r.DepthOfFieldQuality:2]]
[2022.09.27-14.36.23:676][  0]LogConfig: Setting CVar [[r.RenderTargetPoolMin:400]]
[2022.09.27-14.36.23:676][  0]LogConfig: Setting CVar [[r.LensFlareQuality:2]]
[2022.09.27-14.36.23:676][  0]LogConfig: Setting CVar [[r.SceneColorFringeQuality:1]]
[2022.09.27-14.36.23:676][  0]LogConfig: Setting CVar [[r.EyeAdaptationQuality:2]]
[2022.09.27-14.36.23:676][  0]LogConfig: Setting CVar [[r.BloomQuality:5]]
[2022.09.27-14.36.23:676][  0]LogConfig: Setting CVar [[r.FastBlurThreshold:100]]
[2022.09.27-14.36.23:676][  0]LogConfig: Setting CVar [[r.Upscale.Quality:3]]
[2022.09.27-14.36.23:676][  0]LogConfig: Setting CVar [[r.Tonemapper.GrainQuantization:1]]
[2022.09.27-14.36.23:676][  0]LogConfig: Setting CVar [[r.LightShaftQuality:1]]
[2022.09.27-14.36.23:676][  0]LogConfig: Setting CVar [[r.Filter.SizeScale:1]]
[2022.09.27-14.36.23:676][  0]LogConfig: Setting CVar [[r.Tonemapper.Quality:5]]
[2022.09.27-14.36.23:676][  0]LogConfig: Setting CVar [[r.DOF.Gather.AccumulatorQuality:1        ; higher gathering accumulator quality]]
[2022.09.27-14.36.23:676][  0]LogConfig: Setting CVar [[r.DOF.Gather.PostfilterMethod:1          ; Median3x3 postfilering method]]
[2022.09.27-14.36.23:676][  0]LogConfig: Setting CVar [[r.DOF.Gather.EnableBokehSettings:0       ; no bokeh simulation when gathering]]
[2022.09.27-14.36.23:676][  0]LogConfig: Setting CVar [[r.DOF.Gather.RingCount:4                 ; medium number of samples when gathering]]
[2022.09.27-14.36.23:676][  0]LogConfig: Setting CVar [[r.DOF.Scatter.ForegroundCompositing:1    ; additive foreground scattering]]
[2022.09.27-14.36.23:676][  0]LogConfig: Setting CVar [[r.DOF.Scatter.BackgroundCompositing:2    ; additive background scattering]]
[2022.09.27-14.36.23:676][  0]LogConfig: Setting CVar [[r.DOF.Scatter.EnableBokehSettings:1      ; bokeh simulation when scattering]]
[2022.09.27-14.36.23:676][  0]LogConfig: Setting CVar [[r.DOF.Scatter.MaxSpriteRatio:0.1         ; only a maximum of 10% of scattered bokeh]]
[2022.09.27-14.36.23:676][  0]LogConfig: Setting CVar [[r.DOF.Recombine.Quality:1                ; cheap slight out of focus]]
[2022.09.27-14.36.23:676][  0]LogConfig: Setting CVar [[r.DOF.Recombine.EnableBokehSettings:0    ; no bokeh simulation on slight out of focus]]
[2022.09.27-14.36.23:676][  0]LogConfig: Setting CVar [[r.DOF.TemporalAAQuality:1                ; more stable temporal accumulation]]
[2022.09.27-14.36.23:676][  0]LogConfig: Setting CVar [[r.DOF.Kernel.MaxForegroundRadius:0.025]]
[2022.09.27-14.36.23:676][  0]LogConfig: Setting CVar [[r.DOF.Kernel.MaxBackgroundRadius:0.025]]
[2022.09.27-14.36.23:676][  0]LogConfig: Applying CVar settings from Section [TextureQuality@3] File [C:/Users/Chanwoongs/Desktop/Project/Unreal_Engine_Tutorial/C++/Cpp_Project/Saved/Config/Windows/Scalability.ini]
[2022.09.27-14.36.23:676][  0]LogConfig: Setting CVar [[r.Streaming.MipBias:0]]
[2022.09.27-14.36.23:676][  0]LogConfig: Setting CVar [[r.Streaming.AmortizeCPUToGPUCopy:0]]
[2022.09.27-14.36.23:676][  0]LogConfig: Setting CVar [[r.Streaming.MaxNumTexturesToStreamPerFrame:0]]
[2022.09.27-14.36.23:676][  0]LogConfig: Setting CVar [[r.Streaming.Boost:1]]
[2022.09.27-14.36.23:676][  0]LogConfig: Setting CVar [[r.MaxAnisotropy:8]]
[2022.09.27-14.36.23:676][  0]LogConfig: Setting CVar [[r.VT.MaxAnisotropy:8]]
[2022.09.27-14.36.23:676][  0]LogConfig: Setting CVar [[r.Streaming.LimitPoolSizeToVRAM:0]]
[2022.09.27-14.36.23:676][  0]LogConfig: Setting CVar [[r.Streaming.PoolSize:1000]]
[2022.09.27-14.36.23:676][  0]LogConfig: Setting CVar [[r.Streaming.MaxEffectiveScreenSize:0]]
[2022.09.27-14.36.23:676][  0]LogConfig: Applying CVar settings from Section [EffectsQuality@3] File [C:/Users/Chanwoongs/Desktop/Project/Unreal_Engine_Tutorial/C++/Cpp_Project/Saved/Config/Windows/Scalability.ini]
[2022.09.27-14.36.23:676][  0]LogConfig: Setting CVar [[r.TranslucencyLightingVolumeDim:64]]
[2022.09.27-14.36.23:676][  0]LogConfig: Setting CVar [[r.RefractionQuality:2]]
[2022.09.27-14.36.23:676][  0]LogConfig: Setting CVar [[r.SSR.Quality:3]]
[2022.09.27-14.36.23:676][  0]LogConfig: Setting CVar [[r.SSR.HalfResSceneColor:0]]
[2022.09.27-14.36.23:676][  0]LogConfig: Setting CVar [[r.SceneColorFormat:4]]
[2022.09.27-14.36.23:676][  0]LogConfig: Setting CVar [[r.DetailMode:2]]
[2022.09.27-14.36.23:676][  0]LogConfig: Setting CVar [[r.TranslucencyVolumeBlur:1]]
[2022.09.27-14.36.23:676][  0]LogConfig: Setting CVar [[r.MaterialQualityLevel:1 ; High quality]]
[2022.09.27-14.36.23:676][  0]LogConfig: Setting CVar [[r.SSS.Scale:1]]
[2022.09.27-14.36.23:676][  0]LogConfig: Setting CVar [[r.SSS.SampleSet:2]]
[2022.09.27-14.36.23:676][  0]LogConfig: Setting CVar [[r.SSS.Quality:1]]
[2022.09.27-14.36.23:676][  0]LogConfig: Setting CVar [[r.SSS.HalfRes:0]]
[2022.09.27-14.36.23:676][  0]LogConfig: Setting CVar [[r.SSGI.Quality:3]]
[2022.09.27-14.36.23:676][  0]LogConfig: Setting CVar [[r.EmitterSpawnRateScale:1.0]]
[2022.09.27-14.36.23:676][  0]LogConfig: Setting CVar [[r.ParticleLightQuality:2]]
[2022.09.27-14.36.23:676][  0]LogConfig: Setting CVar [[r.SkyAtmosphere.AerialPerspectiveLUT.FastApplyOnOpaque:1 ; Always have FastSkyLUT 1 in this case to avoid wrong sky]]
[2022.09.27-14.36.23:676][  0]LogConfig: Setting CVar [[r.SkyAtmosphere.AerialPerspectiveLUT.SampleCountPerSlice:1]]
[2022.09.27-14.36.23:676][  0]LogConfig: Setting CVar [[r.SkyAtmosphere.AerialPerspectiveLUT.DepthResolution:16.0]]
[2022.09.27-14.36.23:676][  0]LogConfig: Setting CVar [[r.SkyAtmosphere.FastSkyLUT:1]]
[2022.09.27-14.36.23:676][  0]LogConfig: Setting CVar [[r.SkyAtmosphere.FastSkyLUT.SampleCountMin:4.0]]
[2022.09.27-14.36.23:676][  0]LogConfig: Setting CVar [[r.SkyAtmosphere.FastSkyLUT.SampleCountMax:32.0]]
[2022.09.27-14.36.23:676][  0]LogConfig: Setting CVar [[r.SkyAtmosphere.SampleCountMin:4.0]]
[2022.09.27-14.36.23:676][  0]LogConfig: Setting CVar [[r.SkyAtmosphere.SampleCountMax:32.0]]
[2022.09.27-14.36.23:676][  0]LogConfig: Setting CVar [[r.SkyAtmosphere.TransmittanceLUT.UseSmallFormat:0]]
[2022.09.27-14.36.23:676][  0]LogConfig: Setting CVar [[r.SkyAtmosphere.TransmittanceLUT.SampleCount:10.0]]
[2022.09.27-14.36.23:676][  0]LogConfig: Setting CVar [[r.SkyAtmosphere.MultiScatteringLUT.SampleCount:15.0]]
[2022.09.27-14.36.23:677][  0]LogConfig: Applying CVar settings from Section [FoliageQuality@3] File [C:/Users/Chanwoongs/Desktop/Project/Unreal_Engine_Tutorial/C++/Cpp_Project/Saved/Config/Windows/Scalability.ini]
[2022.09.27-14.36.23:677][  0]LogConfig: Setting CVar [[foliage.DensityScale:1.0]]
[2022.09.27-14.36.23:677][  0]LogConfig: Setting CVar [[grass.DensityScale:1.0]]
[2022.09.27-14.36.23:677][  0]LogConfig: Applying CVar settings from Section [ShadingQuality@3] File [C:/Users/Chanwoongs/Desktop/Project/Unreal_Engine_Tutorial/C++/Cpp_Project/Saved/Config/Windows/Scalability.ini]
[2022.09.27-14.36.23:677][  0]LogConfig: Setting CVar [[r.HairStrands.SkyLighting.SampleCount:16]]
[2022.09.27-14.36.23:677][  0]LogConfig: Setting CVar [[r.HairStrands.SkyLighting.JitterIntegration:0]]
[2022.09.27-14.36.23:677][  0]LogConfig: Setting CVar [[r.HairStrands.SkyAO.SampleCount:16]]
[2022.09.27-14.36.23:677][  0]LogConfig: Setting CVar [[r.HairStrands.DeepShadow.SuperSampling:0]]
[2022.09.27-14.36.23:677][  0]LogConfig: Setting CVar [[r.HairStrands.VisibilityPPLL:0]]
[2022.09.27-14.36.23:677][  0]LogConfig: Setting CVar [[r.HairStrands.RasterizationScale:0.5]]
[2022.09.27-14.36.23:677][  0]LogConfig: Setting CVar [[r.HairStrands.VelocityRasterizationScale:1]]
[2022.09.27-14.36.23:677][  0]LogConfig: Applying CVar settings from Section [Startup] File [../../../Engine/Config/ConsoleVariables.ini]
[2022.09.27-14.36.23:677][  0]LogConfig: Setting CVar [[net.UseAdaptiveNetUpdateFrequency:0]]
[2022.09.27-14.36.23:677][  0]LogConfig: Setting CVar [[p.chaos.AllowCreatePhysxBodies:1]]
[2022.09.27-14.36.23:677][  0]LogConfig: Setting CVar [[fx.SkipVectorVMBackendOptimizations:1]]
[2022.09.27-14.36.23:677][  0]LogConfig: Applying CVar settings from Section [ConsoleVariables] File [C:/Users/Chanwoongs/Desktop/Project/Unreal_Engine_Tutorial/C++/Cpp_Project/Saved/Config/Windows/Engine.ini]
[2022.09.27-14.36.23:677][  0]LogInit: Computer: 찬웅
[2022.09.27-14.36.23:677][  0]LogInit: User: Chanwoongs
[2022.09.27-14.36.23:677][  0]LogInit: CPU Page size=4096, Cores=8
[2022.09.27-14.36.23:677][  0]LogInit: High frequency timer resolution =10.000000 MHz
[2022.09.27-14.36.23:677][  0]LogMemory: Memory total: Physical=47.9GB (48GB approx)
[2022.09.27-14.36.23:677][  0]LogMemory: Platform Memory Stats for Windows
[2022.09.27-14.36.23:677][  0]LogMemory: Process Physical Memory: 119.47 MB used, 119.47 MB peak
[2022.09.27-14.36.23:677][  0]LogMemory: Process Virtual Memory: 97.31 MB used, 97.31 MB peak
[2022.09.27-14.36.23:677][  0]LogMemory: Physical Memory: 22192.18 MB used,  26878.15 MB free, 49070.33 MB total
[2022.09.27-14.36.23:677][  0]LogMemory: Virtual Memory: 5150.08 MB used,  134212576.00 MB free, 134217728.00 MB total
[2022.09.27-14.36.23:690][  0]LogWindows: WindowsPlatformFeatures enabled
[2022.09.27-14.36.23:838][  0]LogInit: Physics initialised using underlying interface: PhysX
[2022.09.27-14.36.23:838][  0]LogInit: Using OS detected language (ko-KR).
[2022.09.27-14.36.23:838][  0]LogInit: Using OS detected locale (ko-KR).
[2022.09.27-14.36.23:840][  0]LogTextLocalizationManager: No specific localization for 'ko-KR' exists, so the 'ko' localization will be used.
[2022.09.27-14.36.24:012][  0]LogSlate: New Slate User Created.  User Index 0, Is Virtual User: 0
[2022.09.27-14.36.24:012][  0]LogSlate: Slate User Registered.  User Index 0, Is Virtual User: 0
[2022.09.27-14.36.24:032][  0]LogD3D12RHI: Aftermath initialized
[2022.09.27-14.36.24:032][  0]LogD3D12RHI: Loading WinPixEventRuntime.dll for PIX profiling (from ../../../Engine/Binaries/ThirdParty/Windows/WinPixEventRuntime/x64).
[2022.09.27-14.36.24:039][  0]LogHMD: Failed to initialize OpenVR with code 110
[2022.09.27-14.36.24:296][  0]LogD3D12RHI: Found D3D12 adapter 0: NVIDIA GeForce RTX 2080 (Max supported Feature Level 12_1)
[2022.09.27-14.36.24:296][  0]LogD3D12RHI: Adapter has 8010MB of dedicated video memory, 0MB of dedicated system memory, and 24535MB of shared system memory, 2 output[s]
[2022.09.27-14.36.24:305][  0]LogD3D12RHI: Found D3D12 adapter 1: Microsoft Basic Render Driver (Max supported Feature Level 12_1)
[2022.09.27-14.36.24:305][  0]LogD3D12RHI: Adapter has 0MB of dedicated video memory, 0MB of dedicated system memory, and 24535MB of shared system memory, 0 output[s]
[2022.09.27-14.36.24:305][  0]LogD3D12RHI: Forcing D3D12.AsyncDeferredDeletion=0 as a workaround for a deadlock.
[2022.09.27-14.36.24:305][  0]LogD3D12RHI: Chosen D3D12 Adapter Id = 0
[2022.09.27-14.36.24:313][  0]LogD3D12RHI: Emitting draw events for PIX profiling.
[2022.09.27-14.36.24:391][  0]LogD3D12RHI: D3D12 ray tracing enabled.
[2022.09.27-14.36.24:391][  0]LogD3D12RHI: The system supports ID3D12Device1.
[2022.09.27-14.36.24:391][  0]LogD3D12RHI: The system supports ID3D12Device2.
[2022.09.27-14.36.24:477][  0]LogD3D12RHI: [GPUBreadCrumb] Successfully setup breadcrumb resource for 3D Queue 0
[2022.09.27-14.36.24:483][  0]LogD3D12RHI: [GPUBreadCrumb] Successfully setup breadcrumb resource for Copy Queue 0
[2022.09.27-14.36.24:495][  0]LogD3D12RHI: [GPUBreadCrumb] Successfully setup breadcrumb resource for Compute Queue 0
[2022.09.27-14.36.24:502][  0]LogD3D12RHI: Display: Not using pipeline state disk cache per r.D3D12.PSO.DiskCache=0
[2022.09.27-14.36.24:502][  0]LogD3D12RHI: Display: Not using driver-optimized pipeline state disk cache per r.D3D12.PSO.DriverOptimizedDiskCache=0
[2022.09.27-14.36.24:503][  0]LogD3D12RHI:     GPU DeviceId: 0x1e87 (for the marketing name, search the web for "GPU Device Id")
[2022.09.27-14.36.24:503][  0]LogWindows: EnumDisplayDevices:
[2022.09.27-14.36.24:504][  0]LogWindows:    0. 'NVIDIA GeForce RTX 2080' (P:1 D:1)
[2022.09.27-14.36.24:505][  0]LogWindows:    1. 'NVIDIA GeForce RTX 2080' (P:0 D:1)
[2022.09.27-14.36.24:506][  0]LogWindows:    2. 'NVIDIA GeForce RTX 2080' (P:0 D:0)
[2022.09.27-14.36.24:507][  0]LogWindows:    3. 'NVIDIA GeForce RTX 2080' (P:0 D:0)
[2022.09.27-14.36.24:508][  0]LogWindows: DebugString: FoundDriverCount:4 
[2022.09.27-14.36.24:508][  0]LogD3D12RHI:     Adapter Name: NVIDIA GeForce RTX 2080
[2022.09.27-14.36.24:508][  0]LogD3D12RHI:   Driver Version: 516.94 (internal:31.0.15.1694, unified:516.94)
[2022.09.27-14.36.24:508][  0]LogD3D12RHI:      Driver Date: 7-21-2022
[2022.09.27-14.36.24:508][  0]LogRHI: Texture pool is 4562 MB (70% of 6517 MB)
[2022.09.27-14.36.24:508][  0]LogD3D12RHI: Async texture creation enabled
[2022.09.27-14.36.24:508][  0]LogD3D12RHI: RHI has support for 64 bit atomics
[2022.09.27-14.36.24:970][  0]LogTargetPlatformManager: Display: Loaded TargetPlatform 'WindowsNoEditor'
[2022.09.27-14.36.24:977][  0]LogTargetPlatformManager: Display: Loaded TargetPlatform 'Windows'
[2022.09.27-14.36.24:988][  0]LogTargetPlatformManager: Display: Loaded TargetPlatform 'WindowsClient'
[2022.09.27-14.36.25:000][  0]LogTargetPlatformManager: Display: Loaded TargetPlatform 'WindowsServer'
[2022.09.27-14.36.25:000][  0]LogTargetPlatformManager: Display: Building Assets For Windows
[2022.09.27-14.36.25:013][  0]LogAudioDebug: Display: Lib vorbis DLL was dynamically loaded.
[2022.09.27-14.36.25:113][  0]LogShaderCompilers: Guid format shader working directory is -24 characters bigger than the processId version (C:/Users/Chanwoongs/Desktop/Project/Unreal_Engine_Tutorial/C++/Cpp_Project/Intermediate/Shaders/WorkingDirectory/25956/).
[2022.09.27-14.36.25:113][  0]LogShaderCompilers: Cleaned the shader compiler working directory 'C:/Users/Chanwoongs/AppData/Local/Temp/UnrealShaderWorkingDir/7079A1034D642C5E78016BAF90BA4122/'.
[2022.09.27-14.36.25:114][  0]LogXGEController: Cannot use XGE Controller as Incredibuild is not installed on this machine.
[2022.09.27-14.36.25:114][  0]LogShaderCompilers: Cannot use XGE Shader Compiler as Incredibuild is not installed on this machine.
[2022.09.27-14.36.25:114][  0]LogShaderCompilers: Display: Using Local Shader Compiler.
[2022.09.27-14.36.25:843][  0]LogDerivedDataCache: Display: Max Cache Size: 512 MB
[2022.09.27-14.36.25:898][  0]LogDerivedDataCache: Loaded boot cache 0.05s 106MB C:/Users/Chanwoongs/AppData/Local/UnrealEngine/4.25/DerivedDataCache/Boot.ddc.
[2022.09.27-14.36.25:898][  0]LogDerivedDataCache: Display: Loaded Boot cache: C:/Users/Chanwoongs/AppData/Local/UnrealEngine/4.25/DerivedDataCache/Boot.ddc
[2022.09.27-14.36.25:898][  0]LogDerivedDataCache: FDerivedDataBackendGraph:  Pak pak cache file C:/Users/Chanwoongs/Desktop/Project/Unreal_Engine_Tutorial/C++/Cpp_Project/DerivedDataCache/DDC.ddp not found, will not use a pak cache.
[2022.09.27-14.36.25:898][  0]LogDerivedDataCache: Unable to find inner node Pak for hierarchical cache Hierarchy.
[2022.09.27-14.36.25:899][  0]LogDerivedDataCache: FDerivedDataBackendGraph:  CompressedPak pak cache file C:/Users/Chanwoongs/Desktop/Project/Unreal_Engine_Tutorial/C++/Cpp_Project/DerivedDataCache/Compressed.ddp not found, will not use a pak cache.
[2022.09.27-14.36.25:899][  0]LogDerivedDataCache: Unable to find inner node CompressedPak for hierarchical cache Hierarchy.
[2022.09.27-14.36.25:907][  0]LogDerivedDataCache: Display: Pak cache opened for reading ../../../Engine/DerivedDataCache/Compressed.ddp.
[2022.09.27-14.36.25:907][  0]LogDerivedDataCache: FDerivedDataBackendGraph:  EnterprisePak pak cache file ../../../Enterprise/DerivedDataCache/Compressed.ddp not found, will not use a pak cache.
[2022.09.27-14.36.25:907][  0]LogDerivedDataCache: Unable to find inner node EnterprisePak for hierarchical cache Hierarchy.
[2022.09.27-14.36.25:909][  0]LogDerivedDataCache: Using Local data cache path C:/Users/Chanwoongs/AppData/Local/UnrealEngine/Common/DerivedDataCache: Writable
[2022.09.27-14.36.25:909][  0]LogDerivedDataCache: Shared data cache path not found in *engine.ini, will not use an Shared cache.
[2022.09.27-14.36.25:909][  0]LogDerivedDataCache: Unable to find inner node Shared for hierarchical cache Hierarchy.
[2022.09.27-14.36.25:954][  0]LogSlate: Using FreeType 2.10.0
[2022.09.27-14.36.25:955][  0]LogSlate: SlateFontServices - WITH_FREETYPE: 1, WITH_HARFBUZZ: 1
[2022.09.27-14.36.26:047][  0]LogInit: Using OS detected language (ko-KR).
[2022.09.27-14.36.26:048][  0]LogInit: Using OS detected locale (ko-KR).
[2022.09.27-14.36.26:048][  0]LogTextLocalizationManager: No localization for 'ko-KR' exists, so 'en' will be used for the language.
[2022.09.27-14.36.26:048][  0]LogTextLocalizationManager: No localization for 'ko-KR' exists, so 'en' will be used for the locale.
[2022.09.27-14.36.26:048][  0]LogSlate: FontCache flush requested. Reason: Culture for localization was changed
[2022.09.27-14.36.26:048][  0]LogSlate: FontCache flush requested. Reason: Culture for localization was changed
[2022.09.27-14.36.26:048][  0]LogTextLocalizationManager: Compacting localization data took   0.00ms
[2022.09.27-14.36.26:050][  0]LogAssetRegistry: FAssetRegistry took 0.0014 seconds to start up
[2022.09.27-14.36.26:195][  0]LogPackageLocalizationCache: Processed 19 localized package path(s) for 1 prioritized culture(s) in 0.001320 seconds
[2022.09.27-14.36.26:251][  0]LogInit: Selected Device Profile: [Windows]
[2022.09.27-14.36.26:407][  0]LogMeshReduction: Using QuadricMeshReduction for automatic static mesh reduction
[2022.09.27-14.36.26:407][  0]LogMeshReduction: Using SimplygonMeshReduction for automatic skeletal mesh reduction
[2022.09.27-14.36.26:407][  0]LogMeshReduction: Using ProxyLODMeshReduction for automatic mesh merging
[2022.09.27-14.36.26:407][  0]LogMeshReduction: No distributed automatic mesh merging module available
[2022.09.27-14.36.26:407][  0]LogMeshMerging: No distributed automatic mesh merging module available
[2022.09.27-14.36.26:514][  0]LogNetVersion: Cpp_Project 1.0.0, NetCL: 13144385, EngineNetVer: 14, GameNetVer: 0 (Checksum: 3821394651)
[2022.09.27-14.36.26:798][  0]LogAISub: UAISubsystem::UAISubsystem AISubsystem (00000239B96807C0), frame # 0
[2022.09.27-14.36.26:798][  0]LogAISub: UAISubsystem::UAISubsystem AIPerceptionSystem (00000239B959E980), frame # 0
[2022.09.27-14.36.26:799][  0]LogAISub: UAISubsystem::UAISubsystem EnvQueryManager (00000239B95A7600), frame # 0
[2022.09.27-14.36.26:939][  0]LogCollectionManager: Loaded 0 collections in 0.001271 seconds
[2022.09.27-14.36.26:973][  0]LogFileCache: Scanning file cache for directory 'C:/Users/Chanwoongs/Desktop/Project/Unreal_Engine_Tutorial/C++/Cpp_Project/Saved/Collections/' took 0.00s
[2022.09.27-14.36.26:973][  0]LogFileCache: Scanning file cache for directory 'C:/Users/Chanwoongs/Desktop/Project/Unreal_Engine_Tutorial/C++/Cpp_Project/Content/Developers/Chanwoongs/Collections/' took 0.00s
[2022.09.27-14.36.26:973][  0]LogFileCache: Scanning file cache for directory 'C:/Users/Chanwoongs/Desktop/Project/Unreal_Engine_Tutorial/C++/Cpp_Project/Content/Collections/' took 0.00s
[2022.09.27-14.36.26:973][  0]LogCollectionManager: Fixed up redirectors for 0 collections in 0.000003 seconds (updated 0 objects)
[2022.09.27-14.36.27:092][  0]LogMoviePlayer: Initializing movie player
[2022.09.27-14.36.27:181][  0]LogD3D12RHI: Creating RTPSO with 3 shaders (0 cached, 3 new) took 38.01 ms. Compile time 8.36 ms, link time 29.62 ms.
[2022.09.27-14.36.27:215][  0]LogD3D12RHI: Creating RTPSO with 3 shaders (1 cached, 2 new) took 33.74 ms. Compile time 8.67 ms, link time 25.06 ms.
[2022.09.27-14.36.27:401][  0]LogTcpMessaging: Initializing TcpMessaging bridge
[2022.09.27-14.36.27:407][  0]LogUdpMessaging: Initializing bridge on interface 0.0.0.0:0 to multicast group 230.0.0.1:6666.
[2022.09.27-14.36.27:507][  0]SourceControl: 소스 컨트롤이 꺼졌습니다.
[2022.09.27-14.36.27:507][  0]SourceControl: 소스 컨트롤이 꺼졌습니다.
[2022.09.27-14.36.27:524][  0]SourceControl: 소스 컨트롤이 꺼졌습니다.
[2022.09.27-14.36.27:744][  0]LogAndroidPermission: UAndroidPermissionCallbackProxy::GetInstance
[2022.09.27-14.36.27:775][  0]LogAudioCaptureCore: Display: No Audio Capture implementations found. Audio input will be silent.
[2022.09.27-14.36.27:775][  0]LogAudioCaptureCore: Display: No Audio Capture implementations found. Audio input will be silent.
[2022.09.27-14.36.27:834][  0]LogOcInput: OculusInput pre-init called
[2022.09.27-14.36.27:858][  0]LogUObjectArray: 19124 objects as part of root set at end of initial load.
[2022.09.27-14.36.27:858][  0]LogUObjectAllocator: 5055120 out of 0 bytes used by permanent object pool.
[2022.09.27-14.36.27:858][  0]LogUObjectArray: CloseDisregardForGC: 0/0 objects in disregard for GC pool
[2022.09.27-14.36.27:899][  0]LogEngine: Initializing Engine...
[2022.09.27-14.36.27:901][  0]LogHMD: Failed to initialize OpenVR with code 110
[2022.09.27-14.36.27:901][  0]LogMagicLeap: Warning: VR disabled because ZI is not enabled.  To enable, in the editor, Edit -> Project Settings -> Plugins -> Magic Leap Plugin -> Enable Zero Iteration
[2022.09.27-14.36.27:902][  0]LogStats: UGameplayTagsManager::InitializeManager -  0.000 s
[2022.09.27-14.36.27:986][  0]LogInit: Initializing FReadOnlyCVARCache
[2022.09.27-14.36.27:998][  0]LogAudioMixer: Display: Audio Mixer Platform Settings:
[2022.09.27-14.36.27:998][  0]LogAudioMixer: Display: 	Sample Rate:						  48000
[2022.09.27-14.36.27:998][  0]LogAudioMixer: Display: 	Callback Buffer Frame Size Requested: 1024
[2022.09.27-14.36.27:998][  0]LogAudioMixer: Display: 	Callback Buffer Frame Size To Use:	  1024
[2022.09.27-14.36.27:998][  0]LogAudioMixer: Display: 	Number of buffers to queue:			  2
[2022.09.27-14.36.27:998][  0]LogAudioMixer: Display: 	Max Channels (voices):				  32
[2022.09.27-14.36.27:998][  0]LogAudioMixer: Display: 	Number of Async Source Workers:		  0
[2022.09.27-14.36.27:998][  0]LogAudio: Display: AudioDevice MaxSources: 32
[2022.09.27-14.36.27:998][  0]LogAudio: Display: Using built-in audio occlusion.
[2022.09.27-14.36.27:998][  0]LogAudioMixer: Display: Initializing audio mixer.
[2022.09.27-14.36.28:036][  0]LogAudioMixer: Display: 0: FrontLeft
[2022.09.27-14.36.28:036][  0]LogAudioMixer: Display: 1: FrontRight
[2022.09.27-14.36.28:141][  0]LogAudioMixer: Display: Using Audio Device 스피커(Realtek(R) Audio)
[2022.09.27-14.36.28:143][  0]LogAudioMixer: Display: Initializing Sound Submixes...
[2022.09.27-14.36.28:145][  0]LogAudioMixer: Display: Creating Master Submix 'MasterSubmixDefault'
[2022.09.27-14.36.28:145][  0]LogAudioMixer: Display: Creating Master Submix 'MasterReverbSubmixDefault'
[2022.09.27-14.36.28:146][  0]LogAudioMixer: Display: Creating Master Submix 'MasterEQSubmixDefault'
[2022.09.27-14.36.28:146][  0]LogInit: FAudioDevice initialized.
[2022.09.27-14.36.28:147][  0]LogNetVersion: Set ProjectVersion to 1.0.0.0. Version Checksum will be recalculated on next use.
[2022.09.27-14.36.28:148][  0]LogInit: Texture streaming: Enabled
[2022.09.27-14.36.28:276][  0]LogSlate: Updating window title bar state: overlay mode, drag disabled, window buttons hidden, title bar hidden
[2022.09.27-14.36.28:276][  0]LogInit: Display: Game Engine Initialized.
[2022.09.27-14.36.28:276][  0]LogNiagaraEditor: Warning: GEditor isn't valid! Particle reset commands will not work for Niagara components!
[2022.09.27-14.36.28:321][  0]LogInit: Display: Starting Game.
[2022.09.27-14.36.28:321][  0]LogNet: Browse: /Game/Levels/01_Actor?Name=Player
[2022.09.27-14.36.28:329][  0]LogLoad: LoadMap: /Game/Levels/01_Actor?Name=Player
[2022.09.27-14.36.28:329][  0]LogWorld: BeginTearingDown for /Temp/Untitled_0
[2022.09.27-14.36.28:341][  0]LogWorld: UWorld::CleanupWorld for Untitled, bSessionEnded=true, bCleanupResources=true
[2022.09.27-14.36.28:341][  0]LogSlate: InvalidateAllWidgets triggered.  All widgets were invalidated
[2022.09.27-14.36.28:348][  0]LogUObjectHash: Compacting FUObjectHashTables data took   0.42ms
[2022.09.27-14.36.28:439][  0]LogAIModule: Creating AISystem for world 01_Actor
[2022.09.27-14.36.28:439][  0]LogAISub: UAISubsystem::UAISubsystem EnvQueryManager (00000239CFB36800), frame # 0
[2022.09.27-14.36.28:439][  0]LogAISub: UAISubsystem::UAISubsystem AIPerceptionSystem (00000239CFD40680), frame # 0
[2022.09.27-14.36.28:439][  0]LogLoad: Game class is 'GameModeBase'
[2022.09.27-14.36.28:441][  0]LogWorld: Bringing World /Game/Levels/01_Actor.01_Actor up for play (max tick rate 0) at 2022.09.27-23.36.28
[2022.09.27-14.36.28:441][  0]LogWorld: Bringing up level for play took: 0.001598
[2022.09.27-14.36.28:527][  0]LogLoad: Took 0.198388 seconds to LoadMap(/Game/Levels/01_Actor)
[2022.09.27-14.36.28:586][  0]LogRenderer: Reallocating scene render targets to support 1280x720 Format 10 NumSamples 1 (Frame:1).
[2022.09.27-14.36.28:586][  0]LogSlate: Took 0.015293 seconds to synchronously load lazily loaded font '../../../Engine/Content/Slate/Fonts/Roboto-Regular.ttf' (155K)
[2022.09.27-14.36.28:587][  0]LogSlate: Took 0.001053 seconds to synchronously load lazily loaded font '../../../Engine/Content/Slate/Fonts/DroidSansFallback.ttf' (3848K)
[2022.09.27-14.36.28:614][  0]LogLoad: (Engine Initialization) Total time: 9.60 seconds
[2022.09.27-14.36.28:614][  0]LogLoad: (Engine Initialization) Total Blueprint compile time: 0.00 seconds
[2022.09.27-14.36.28:816][  0]LogD3D12RHI: Creating RTPSO with 135 shaders (0 cached, 135 new) took 231.48 ms. Compile time 223.14 ms, link time 8.14 ms.
[2022.09.27-14.36.28:856][  0]LogD3D12RHI: Creating RTPSO with 3 shaders (3 cached, 0 new) took 99.17 ms. Compile time 0.10 ms, link time 99.04 ms.
[2022.09.27-14.36.28:892][  0]LogD3D12RHI: Creating RTPSO with 3 shaders (0 cached, 3 new) took 119.57 ms. Compile time 12.55 ms, link time 107.00 ms.
[2022.09.27-14.36.28:972][  0]LogContentStreaming: Texture pool size now 1000 MB
[2022.09.27-14.36.28:974][  0]LogSlate: InvalidateAllWidgets triggered.  All widgets were invalidated
[2022.09.27-14.36.28:991][  0]LogRenderer: Reallocating scene render targets to support 128x128 Format 10 NumSamples 1 (Frame:1).
[2022.09.27-14.36.29:055][  0]LogRenderer: Reallocating scene render targets to support 1280x720 Format 10 NumSamples 1 (Frame:2).
[2022.09.27-14.36.29:105][  1]LogSlate: Took 0.000265 seconds to synchronously load lazily loaded font '../../../Engine/Content/Slate/Fonts/Roboto-Regular.ttf' (155K)
[2022.09.27-14.36.29:106][  1]LogSlate: Took 0.000778 seconds to synchronously load lazily loaded font '../../../Engine/Content/Slate/Fonts/DroidSansFallback.ttf' (3848K)
[2022.09.27-14.36.34:269][427]LogSlate: Window 'Cpp_Project (64 비트, PCD3D_SM5) ' being destroyed
[2022.09.27-14.36.34:272][427]LogWindowsTextInputMethodSystem: Display: IME system now activated using TSF (Microsoft 입력기).
[2022.09.27-14.36.34:288][427]LogSlate: Updating window title bar state: overlay mode, drag disabled, window buttons hidden, title bar hidden
[2022.09.27-14.36.34:288][427]LogEngine: All Windows Closed
[2022.09.27-14.36.34:288][427]LogWindows: FPlatformMisc::RequestExit(0)
[2022.09.27-14.36.34:288][427]LogCore: Engine exit requested (reason: Win RequestExit)
[2022.09.27-14.36.34:289][428]LogCore: Engine exit requested (reason: EngineExit() was called; note: exit was already requested)
[2022.09.27-14.36.34:306][428]LogAudio: Display: Shutting down audio device while 2 references to it are still alive. For more information, compile with INSTRUMENT_AUDIODEVICE_HANDLES.
[2022.09.27-14.36.34:340][428]LogInit: Display: PreExit Game.
[2022.09.27-14.36.34:360][428]LogWorld: BeginTearingDown for /Game/Levels/01_Actor
[2022.09.27-14.36.34:360][428]LogWorld: UWorld::CleanupWorld for 01_Actor, bSessionEnded=true, bCleanupResources=true
[2022.09.27-14.36.34:360][428]LogSlate: InvalidateAllWidgets triggered.  All widgets were invalidated
[2022.09.27-14.36.34:914][428]LogExit: Preparing to exit.
[2022.09.27-14.36.35:414][428]LogMoviePlayer: Shutting down movie player
[2022.09.27-14.36.35:635][428]LogSlate: Updating window title bar state: overlay mode, drag disabled, window buttons hidden, title bar hidden
[2022.09.27-14.36.35:645][428]LogDemo: Cleaned up 0 splitscreen connections with owner deletion
[2022.09.27-14.36.35:646][428]LogExit: Game engine shut down
[2022.09.27-14.36.35:687][428]LogAISub: UAISubsystem::~UAISubsystem AISubsystem (00000239B96807C0), frame # 1428
[2022.09.27-14.36.35:687][428]LogAISub: UAISubsystem::~UAISubsystem AIPerceptionSystem (00000239B959E980), frame # 1428
[2022.09.27-14.36.35:688][428]LogAISub: UAISubsystem::~UAISubsystem EnvQueryManager (00000239B95A7600), frame # 1428
[2022.09.27-14.36.35:887][428]LogAISub: UAISubsystem::~UAISubsystem EnvQueryManager (00000239CFB36800), frame # 1428
[2022.09.27-14.36.35:887][428]LogAISub: UAISubsystem::~UAISubsystem AIPerceptionSystem (00000239CFD40680), frame # 1428
[2022.09.27-14.36.35:902][428]LogExit: Object subsystem successfully closed.
[2022.09.27-14.36.35:947][428]LogShaderCompilers: Display: Shaders left to compile 0
[2022.09.27-14.36.36:068][428]LogModuleManager: Shutting down and abandoning module SequenceRecorderSections (506)
[2022.09.27-14.36.36:068][428]LogModuleManager: Shutting down and abandoning module SequenceRecorder (504)
[2022.09.27-14.36.36:068][428]LogModuleManager: Shutting down and abandoning module AutomationController (502)
[2022.09.27-14.36.36:068][428]LogModuleManager: Shutting down and abandoning module AutomationWorker (500)
[2022.09.27-14.36.36:068][428]LogModuleManager: Shutting down and abandoning module Voice (498)
[2022.09.27-14.36.36:068][428]LogModuleManager: Shutting down and abandoning module AIModule (496)
[2022.09.27-14.36.36:068][428]LogModuleManager: Shutting down and abandoning module GameplayDebugger (495)
[2022.09.27-14.36.36:068][428]LogModuleManager: Shutting down and abandoning module AITestSuite (493)
[2022.09.27-14.36.36:068][428]LogModuleManager: Shutting down and abandoning module NavigationSystem (491)
[2022.09.27-14.36.36:068][428]LogModuleManager: Shutting down and abandoning module OculusMR (488)
[2022.09.27-14.36.36:068][428]LogModuleManager: Shutting down and abandoning module WmfMediaFactory (486)
[2022.09.27-14.36.36:068][428]LogModuleManager: Shutting down and abandoning module WebMMediaFactory (484)
[2022.09.27-14.36.36:068][428]LogModuleManager: Shutting down and abandoning module WebMMedia (482)
[2022.09.27-14.36.36:068][428]LogModuleManager: Shutting down and abandoning module OpenExrWrapper (480)
[2022.09.27-14.36.36:068][428]LogModuleManager: Shutting down and abandoning module ImgMediaFactory (478)
[2022.09.27-14.36.36:068][428]LogModuleManager: Shutting down and abandoning module AvfMediaFactory (476)
[2022.09.27-14.36.36:068][428]LogModuleManager: Shutting down and abandoning module MagicLeapMediaCodecFactory (474)
[2022.09.27-14.36.36:068][428]LogModuleManager: Shutting down and abandoning module MagicLeapMediaFactory (472)
[2022.09.27-14.36.36:068][428]LogModuleManager: Shutting down and abandoning module PlanarCut (470)
[2022.09.27-14.36.36:068][428]LogModuleManager: Shutting down and abandoning module CharacterAI (468)
[2022.09.27-14.36.36:068][428]LogModuleManager: Shutting down and abandoning module SessionServices (466)
[2022.09.27-14.36.36:068][428]LogModuleManager: Shutting down and abandoning module MovieSceneCapture (464)
[2022.09.27-14.36.36:068][428]LogModuleManager: Shutting down and abandoning module LiveCoding (462)
[2022.09.27-14.36.36:068][428]LogModuleManager: Shutting down and abandoning module LevelSequence (460)
[2022.09.27-14.36.36:068][428]LogModuleManager: Shutting down and abandoning module MovieSceneTracks (458)
[2022.09.27-14.36.36:068][428]LogModuleManager: Shutting down and abandoning module MovieScene (456)
[2022.09.27-14.36.36:068][428]LogModuleManager: Shutting down and abandoning module StreamingPauseRendering (454)
[2022.09.27-14.36.36:068][428]LogModuleManager: Shutting down and abandoning module PortalServices (452)
[2022.09.27-14.36.36:068][428]LogModuleManager: Shutting down and abandoning module PortalRpc (450)
[2022.09.27-14.36.36:068][428]LogModuleManager: Shutting down and abandoning module MessagingRpc (448)
[2022.09.27-14.36.36:068][428]LogModuleManager: Shutting down and abandoning module AudioMixerXAudio2 (446)
[2022.09.27-14.36.36:068][428]LogModuleManager: Shutting down and abandoning module AudioMixerCore (445)
[2022.09.27-14.36.36:068][428]LogModuleManager: Shutting down and abandoning module ProfilerService (442)
[2022.09.27-14.36.36:141][428]LogModuleManager: Shutting down and abandoning module TaskGraph (440)
[2022.09.27-14.36.36:141][428]LogModuleManager: Shutting down and abandoning module Synthesis (438)
[2022.09.27-14.36.36:141][428]LogModuleManager: Shutting down and abandoning module ProceduralMeshComponent (436)
[2022.09.27-14.36.36:141][428]LogModuleManager: Shutting down and abandoning module OculusInput (434)
[2022.09.27-14.36.36:141][428]LogModuleManager: Shutting down and abandoning module MobilePatchingUtils (432)
[2022.09.27-14.36.36:141][428]LogModuleManager: Shutting down and abandoning module GooglePAD (430)
[2022.09.27-14.36.36:141][428]LogModuleManager: Shutting down and abandoning module EditableMesh (428)
[2022.09.27-14.36.36:141][428]LogModuleManager: Shutting down and abandoning module CustomMeshComponent (426)
[2022.09.27-14.36.36:141][428]LogModuleManager: Shutting down and abandoning module CableComponent (424)
[2022.09.27-14.36.36:141][428]LogModuleManager: Shutting down and abandoning module AudioCapture (422)
[2022.09.27-14.36.36:141][428]LogModuleManager: Shutting down and abandoning module AudioCaptureRtAudio (421)
[2022.09.27-14.36.36:141][428]LogModuleManager: Shutting down and abandoning module AssetTags (418)
[2022.09.27-14.36.36:141][428]LogModuleManager: Shutting down and abandoning module ArchVisCharacter (416)
[2022.09.27-14.36.36:141][428]LogModuleManager: Shutting down and abandoning module AppleImageUtilsBlueprintSupport (414)
[2022.09.27-14.36.36:141][428]LogModuleManager: Shutting down and abandoning module AppleImageUtils (412)
[2022.09.27-14.36.36:141][428]LogModuleManager: Shutting down and abandoning module AndroidPermission (410)
[2022.09.27-14.36.36:141][428]LogModuleManager: Shutting down and abandoning module NUTUnrealEngine4 (408)
[2022.09.27-14.36.36:141][428]LogModuleManager: Shutting down and abandoning module NetcodeUnitTest (406)
[2022.09.27-14.36.36:141][428]LogModuleManager: Shutting down and abandoning module TemplateSequence (404)
[2022.09.27-14.36.36:141][428]LogModuleManager: Shutting down and abandoning module MovieRenderPipelineRenderPasses (402)
[2022.09.27-14.36.36:141][428]LogModuleManager: Shutting down and abandoning module MovieRenderPipelineSettings (400)
[2022.09.27-14.36.36:141][428]LogModuleManager: Shutting down and abandoning module MovieRenderPipelineCore (398)
[2022.09.27-14.36.36:141][428]LogModuleManager: Shutting down and abandoning module ImageWriteQueue (397)
[2022.09.27-14.36.36:144][428]LogModuleManager: Shutting down and abandoning module MediaCompositing (394)
[2022.09.27-14.36.36:144][428]LogModuleManager: Shutting down and abandoning module ImgMedia (392)
[2022.09.27-14.36.36:144][428]LogModuleManager: Shutting down and abandoning module MagicLeapSharedWorld (390)
[2022.09.27-14.36.36:144][428]LogModuleManager: Shutting down and abandoning module MagicLeapLightEstimation (388)
[2022.09.27-14.36.36:144][428]LogModuleManager: Shutting down and abandoning module MagicLeapHelperVulkan (386)
[2022.09.27-14.36.36:144][428]LogModuleManager: Shutting down and abandoning module MagicLeapHelperOpenGL (384)
[2022.09.27-14.36.36:144][428]LogModuleManager: Shutting down and abandoning module MagicLeapAudio (382)
[2022.09.27-14.36.36:144][428]LogModuleManager: Shutting down and abandoning module MeshSolverUtilities (380)
[2022.09.27-14.36.36:144][428]LogModuleManager: Shutting down and abandoning module MeshConversion (378)
[2022.09.27-14.36.36:144][428]LogModuleManager: Shutting down and abandoning module DynamicMesh (376)
[2022.09.27-14.36.36:153][428]LogModuleManager: Shutting down and abandoning module GeometryAlgorithms (374)
[2022.09.27-14.36.36:153][428]LogModuleManager: Shutting down and abandoning module GeometricObjects (372)
[2022.09.27-14.36.36:153][428]LogModuleManager: Shutting down and abandoning module GeometryCollectionTracks (370)
[2022.09.27-14.36.36:153][428]LogModuleManager: Shutting down and abandoning module GeometryCollectionSequencer (369)
[2022.09.27-14.36.36:160][428]LogModuleManager: Shutting down and abandoning module GeometryCacheTracks (366)
[2022.09.27-14.36.36:160][428]LogModuleManager: Shutting down and abandoning module GeometryCacheSequencer (365)
[2022.09.27-14.36.36:161][428]LogModuleManager: Shutting down and abandoning module GeometryCache (362)
[2022.09.27-14.36.36:161][428]LogModuleManager: Shutting down and abandoning module GeometryCacheEd (361)
[2022.09.27-14.36.36:161][428]LogModuleManager: Shutting down and abandoning module ChaosNiagara (358)
[2022.09.27-14.36.36:161][428]LogModuleManager: Shutting down and abandoning module ChaosCloth (356)
[2022.09.27-14.36.36:161][428]LogModuleManager: Shutting down and abandoning module BackChannel (354)
[2022.09.27-14.36.36:161][428]LogModuleManager: Shutting down and abandoning module AutomationUtils (352)
[2022.09.27-14.36.36:161][428]LogModuleManager: Shutting down and abandoning module VisualStudioSourceCodeAccess (350)
[2022.09.27-14.36.36:161][428]LogModuleManager: Shutting down and abandoning module HotReload (349)
[2022.09.27-14.36.36:161][428]LogModuleManager: Shutting down and abandoning module VisualStudioCodeSourceCodeAccess (346)
[2022.09.27-14.36.36:161][428]LogModuleManager: Shutting down and abandoning module UObjectPlugin (344)
[2022.09.27-14.36.36:161][428]LogModuleManager: Shutting down and abandoning module SubversionSourceControl (342)
[2022.09.27-14.36.36:161][428]LogModuleManager: Shutting down and abandoning module RiderSourceCodeAccess (340)
[2022.09.27-14.36.36:161][428]LogModuleManager: Shutting down and abandoning module PerforceSourceControl (338)
[2022.09.27-14.36.36:161][428]LogModuleManager: Shutting down and abandoning module SourceControl (337)
[2022.09.27-14.36.36:161][428]LogModuleManager: Shutting down and abandoning module CLionSourceCodeAccess (334)
[2022.09.27-14.36.36:161][428]LogModuleManager: Shutting down and abandoning module ActorLayerUtilities (332)
[2022.09.27-14.36.36:161][428]LogModuleManager: Shutting down and abandoning module Cpp_Project (330)
[2022.09.27-14.36.36:161][428]LogModuleManager: Shutting down and abandoning module SoundFields (328)
[2022.09.27-14.36.36:161][428]LogModuleManager: Shutting down and abandoning module SignificanceManager (326)
[2022.09.27-14.36.36:161][428]LogModuleManager: Shutting down and abandoning module RuntimePhysXCooking (324)
[2022.09.27-14.36.36:161][428]LogModuleManager: Shutting down and abandoning module PhysXVehiclesEditor (322)
[2022.09.27-14.36.36:161][428]LogModuleManager: Shutting down and abandoning module LocationServicesBPLibrary (318)
[2022.09.27-14.36.36:161][428]LogModuleManager: Shutting down and abandoning module ActorSequence (316)
[2022.09.27-14.36.36:161][428]LogModuleManager: Shutting down and abandoning module UdpMessaging (314)
[2022.09.27-14.36.36:262][428]LogModuleManager: Shutting down and abandoning module TcpMessaging (312)
[2022.09.27-14.36.36:407][428]LogModuleManager: Shutting down and abandoning module MagicLeapARPin (310)
[2022.09.27-14.36.36:407][428]LogModuleManager: Shutting down and abandoning module MagicLeapHandMeshing (308)
[2022.09.27-14.36.36:407][428]LogModuleManager: Shutting down and abandoning module MagicLeapSecureStorage (306)
[2022.09.27-14.36.36:407][428]LogModuleManager: Shutting down and abandoning module MagicLeapPrivileges (304)
[2022.09.27-14.36.36:407][428]LogModuleManager: Shutting down and abandoning module MagicLeapPlanes (302)
[2022.09.27-14.36.36:407][428]LogMagicLeapPlanes: Planes tracker already destroyed.
[2022.09.27-14.36.36:407][428]LogModuleManager: Shutting down and abandoning module MagicLeapImageTracker (300)
[2022.09.27-14.36.36:407][428]LogModuleManager: Shutting down and abandoning module MagicLeapIdentity (298)
[2022.09.27-14.36.36:407][428]LogModuleManager: Shutting down and abandoning module MagicLeapHandTracking (296)
[2022.09.27-14.36.36:407][428]LogModuleManager: Shutting down and abandoning module MagicLeapEyeTracker (294)
[2022.09.27-14.36.36:407][428]LogModuleManager: Shutting down and abandoning module MagicLeapController (292)
[2022.09.27-14.36.36:407][428]LogSlate: Slate User Destroyed.  User Index 0, Is Virtual User: 0
[2022.09.27-14.36.36:407][428]LogModuleManager: Shutting down and abandoning module MagicLeapARPinImpl (290)
[2022.09.27-14.36.36:407][428]LogModuleManager: Shutting down and abandoning module MagicLeapAR (288)
[2022.09.27-14.36.36:407][428]LogModuleManager: Shutting down and abandoning module AugmentedReality (287)
[2022.09.27-14.36.36:407][428]LogModuleManager: Shutting down and abandoning module NiagaraAnimNotifies (284)
[2022.09.27-14.36.36:407][428]LogModuleManager: Shutting down and abandoning module Niagara (282)
[2022.09.27-14.36.36:407][428]LogModuleManager: Shutting down and abandoning module SignalProcessing (281)
[2022.09.27-14.36.36:407][428]LogModuleManager: Shutting down and abandoning module NiagaraEditor (279)
[2022.09.27-14.36.36:432][428]LogModuleManager: Shutting down and abandoning module NiagaraCore (276)
[2022.09.27-14.36.36:432][428]LogModuleManager: Shutting down and abandoning module GameplayTagsEditor (274)
[2022.09.27-14.36.36:432][428]LogModuleManager: Shutting down and abandoning module FacialAnimation (272)
[2022.09.27-14.36.36:432][428]LogModuleManager: Shutting down and abandoning module AssetManagerEditor (270)
[2022.09.27-14.36.36:432][428]LogModuleManager: Shutting down and abandoning module TreeMap (269)
[2022.09.27-14.36.36:432][428]LogModuleManager: Shutting down and abandoning module AnimationSharing (266)
[2022.09.27-14.36.36:432][428]LogModuleManager: Shutting down and abandoning module LightPropagationVolumeRuntime (264)
[2022.09.27-14.36.36:432][428]LogModuleManager: Shutting down and abandoning module Paper2D (262)
[2022.09.27-14.36.36:432][428]LogModuleManager: Shutting down and abandoning module WindowsMoviePlayer (260)
[2022.09.27-14.36.36:433][428]LogModuleManager: Shutting down and abandoning module WebMMoviePlayer (258)
[2022.09.27-14.36.36:433][428]LogModuleManager: Shutting down and abandoning module NetworkReplayStreaming (256)
[2022.09.27-14.36.36:433][428]LogModuleManager: Shutting down and abandoning module PacketHandler (254)
[2022.09.27-14.36.36:433][428]LogModuleManager: Shutting down and abandoning module ClothingSystemEditor (252)
[2022.09.27-14.36.36:433][428]LogModuleManager: Shutting down and abandoning module ClothingSystemRuntimeNv (250)
[2022.09.27-14.36.36:433][428]LogModuleManager: Shutting down and abandoning module MediaAssets (248)
[2022.09.27-14.36.36:433][428]LogModuleManager: Shutting down and abandoning module Overlay (246)
[2022.09.27-14.36.36:433][428]LogModuleManager: Shutting down and abandoning module OverlayEditor (245)
[2022.09.27-14.36.36:433][428]LogModuleManager: Shutting down and abandoning module VREditor (242)
[2022.09.27-14.36.36:433][428]LogModuleManager: Shutting down and abandoning module StringTableEditor (240)
[2022.09.27-14.36.36:433][428]LogModuleManager: Shutting down and abandoning module GameplayTasksEditor (238)
[2022.09.27-14.36.36:433][428]LogModuleManager: Shutting down and abandoning module BehaviorTreeEditor (236)
[2022.09.27-14.36.36:446][428]LogModuleManager: Shutting down and abandoning module FunctionalTesting (234)
[2022.09.27-14.36.36:446][428]LogModuleManager: Shutting down and abandoning module CollisionAnalyzer (232)
[2022.09.27-14.36.36:446][428]LogModuleManager: Shutting down and abandoning module UMG (230)
[2022.09.27-14.36.36:447][428]LogModuleManager: Shutting down and abandoning module UMGEditor (229)
[2022.09.27-14.36.36:448][428]LogModuleManager: Shutting down and abandoning module Sequencer (228)
[2022.09.27-14.36.36:460][428]LogModuleManager: Shutting down and abandoning module MessageLog (225)
[2022.09.27-14.36.36:461][428]LogModuleManager: Shutting down and abandoning module MaterialEditor (223)
[2022.09.27-14.36.36:461][428]LogModuleManager: Shutting down and abandoning module ContentBrowser (222)
[2022.09.27-14.36.36:461][428]LogModuleManager: Shutting down and abandoning module WorkspaceMenuStructure (221)
[2022.09.27-14.36.36:461][428]LogModuleManager: Shutting down and abandoning module CollectionManager (219)
[2022.09.27-14.36.36:461][428]LogModuleManager: Shutting down and abandoning module DirectoryWatcher (218)
[2022.09.27-14.36.36:461][428]LogModuleManager: Shutting down and abandoning module SlateReflector (210)
[2022.09.27-14.36.36:470][428]LogModuleManager: Shutting down and abandoning module Slate (208)
[2022.09.27-14.36.36:470][428]LogModuleManager: Shutting down and abandoning module SlateCore (206)
[2022.09.27-14.36.36:470][428]LogModuleManager: Shutting down and abandoning module LandscapeEditorUtilities (204)
[2022.09.27-14.36.36:470][428]LogModuleManager: Shutting down and abandoning module EditorStyle (202)
[2022.09.27-14.36.36:470][428]LogModuleManager: Shutting down and abandoning module UnrealEd (200)
[2022.09.27-14.36.36:470][428]LogModuleManager: Shutting down and abandoning module MRMesh (198)
[2022.09.27-14.36.36:470][428]LogModuleManager: Shutting down and abandoning module Messaging (196)
[2022.09.27-14.36.36:470][428]LogModuleManager: Shutting down and abandoning module SourceCodeAccess (194)
[2022.09.27-14.36.36:470][428]LogModuleManager: Shutting down and abandoning module HeadMountedDisplay (192)
[2022.09.27-14.36.36:470][428]LogModuleManager: Shutting down and abandoning module XAudio2 (190)
[2022.09.27-14.36.36:470][428]LogModuleManager: Shutting down and abandoning module Networking (188)
[2022.09.27-14.36.36:470][428]LogModuleManager: Shutting down and abandoning module Core (186)
[2022.09.27-14.36.36:470][428]LogModuleManager: Shutting down and abandoning module MovieSceneTools (184)
[2022.09.27-14.36.36:470][428]LogModuleManager: Shutting down and abandoning module KismetCompiler (182)
[2022.09.27-14.36.36:470][428]LogModuleManager: Shutting down and abandoning module MeshBuilder (180)
[2022.09.27-14.36.36:470][428]LogModuleManager: Shutting down and abandoning module MeshUtilities (178)
[2022.09.27-14.36.36:470][428]LogModuleManager: Shutting down and abandoning module MeshMergeUtilities (177)
[2022.09.27-14.36.36:470][428]LogModuleManager: Shutting down and abandoning module MeshReductionInterface (176)
[2022.09.27-14.36.36:470][428]LogModuleManager: Shutting down and abandoning module MeshBoneReduction (175)
[2022.09.27-14.36.36:470][428]LogModuleManager: Shutting down and abandoning module SkeletalMeshReduction (173)
[2022.09.27-14.36.36:470][428]LogModuleManager: Shutting down and abandoning module ProxyLODMeshReduction (171)
[2022.09.27-14.36.36:490][428]LogModuleManager: Shutting down and abandoning module QuadricMeshReduction (169)
[2022.09.27-14.36.36:490][428]LogModuleManager: Shutting down and abandoning module MaterialBaking (165)
[2022.09.27-14.36.36:490][428]LogModuleManager: Shutting down and abandoning module NullInstallBundleManager (160)
[2022.09.27-14.36.36:490][428]LogModuleManager: Shutting down and abandoning module PIEPreviewDeviceProfileSelector (158)
[2022.09.27-14.36.36:490][428]LogModuleManager: Shutting down and abandoning module DerivedDataCache (156)
[2022.09.27-14.36.36:490][428]LogModuleManager: Shutting down and abandoning module XGEController (154)
[2022.09.27-14.36.36:490][428]LogModuleManager: Shutting down and abandoning module TargetPlatform (152)
[2022.09.27-14.36.36:490][428]LogModuleManager: Shutting down and abandoning module VulkanShaderFormat (151)
[2022.09.27-14.36.36:491][428]LogModuleManager: Shutting down and abandoning module ShaderFormatVectorVM (149)
[2022.09.27-14.36.36:491][428]LogModuleManager: Shutting down and abandoning module ShaderFormatOpenGL (147)
[2022.09.27-14.36.36:491][428]LogModuleManager: Shutting down and abandoning module ShaderFormatD3D (145)
[2022.09.27-14.36.36:491][428]LogModuleManager: Shutting down and abandoning module MetalShaderFormat (143)
[2022.09.27-14.36.36:491][428]LogModuleManager: Shutting down and abandoning module TextureFormatUncompressed (141)
[2022.09.27-14.36.36:491][428]LogModuleManager: Shutting down and abandoning module TextureFormatPVR (139)
[2022.09.27-14.36.36:491][428]LogModuleManager: Shutting down and abandoning module TextureFormatDXT (137)
[2022.09.27-14.36.36:491][428]LogModuleManager: Shutting down and abandoning module TextureFormatIntelISPCTexComp (135)
[2022.09.27-14.36.36:491][428]LogModuleManager: Shutting down and abandoning module TextureFormatASTC (133)
[2022.09.27-14.36.36:491][428]LogModuleManager: Shutting down and abandoning module ImageWrapper (132)
[2022.09.27-14.36.36:491][428]LogModuleManager: Shutting down and abandoning module TextureFormatAndroid (129)
[2022.09.27-14.36.36:491][428]LogModuleManager: Shutting down and abandoning module AudioFormatOpus (127)
[2022.09.27-14.36.36:491][428]LogModuleManager: Shutting down and abandoning module AudioFormatOgg (125)
[2022.09.27-14.36.36:491][428]LogModuleManager: Shutting down and abandoning module AudioFormatADPCM (123)
[2022.09.27-14.36.36:491][428]LogModuleManager: Shutting down and abandoning module WindowsServerTargetPlatform (121)
[2022.09.27-14.36.36:491][428]LogModuleManager: Shutting down and abandoning module WindowsClientTargetPlatform (119)
[2022.09.27-14.36.36:491][428]LogModuleManager: Shutting down and abandoning module WindowsTargetPlatform (117)
[2022.09.27-14.36.36:491][428]LogModuleManager: Shutting down and abandoning module WindowsNoEditorTargetPlatform (115)
[2022.09.27-14.36.36:491][428]LogModuleManager: Shutting down and abandoning module D3D12RHI (112)
[2022.09.27-14.36.36:491][428]LogModuleManager: Shutting down and abandoning module InputCore (110)
[2022.09.27-14.36.36:491][428]LogModuleManager: Shutting down and abandoning module Settings (108)
[2022.09.27-14.36.36:491][428]LogModuleManager: Shutting down and abandoning module PhysXCooking (106)
[2022.09.27-14.36.36:491][428]LogModuleManager: Shutting down and abandoning module ChaosSolvers (104)
[2022.09.27-14.36.36:491][428]LogModuleManager: Shutting down and abandoning module FieldSystemEngine (103)
[2022.09.27-14.36.36:491][428]LogModuleManager: Shutting down and abandoning module Chaos (100)
[2022.09.27-14.36.36:491][428]LogModuleManager: Shutting down and abandoning module WindowsPlatformFeatures (98)
[2022.09.27-14.36.36:491][428]LogModuleManager: Shutting down and abandoning module GameplayMediaEncoder (97)
[2022.09.27-14.36.36:491][428]LogModuleManager: Shutting down and abandoning module AVEncoder (96)
[2022.09.27-14.36.36:491][428]LogModuleManager: Shutting down and abandoning module SteamVRInputDevice (92)
[2022.09.27-14.36.36:491][428]LogModuleManager: Shutting down and abandoning module SteamVRInput (90)
[2022.09.27-14.36.36:491][428]LogModuleManager: Shutting down and abandoning module SteamVR (88)
[2022.09.27-14.36.36:491][428]LogHMD: Freeing OpenVRDLLHandle.
[2022.09.27-14.36.36:491][428]LogModuleManager: Shutting down and abandoning module OculusHMD (86)
[2022.09.27-14.36.36:491][428]LogModuleManager: Shutting down and abandoning module ExampleDeviceProfileSelector (84)
[2022.09.27-14.36.36:491][428]LogModuleManager: Shutting down and abandoning module LauncherChunkInstaller (82)
[2022.09.27-14.36.36:491][428]LogModuleManager: Shutting down and abandoning module OnlineBlueprintSupport (80)
[2022.09.27-14.36.36:491][428]LogModuleManager: Shutting down and abandoning module OnlineSubsystem (76)
[2022.09.27-14.36.36:492][428]LogModuleManager: Shutting down and abandoning module XMPP (71)
[2022.09.27-14.36.36:492][428]LogModuleManager: Shutting down and abandoning module WebSockets (70)
[2022.09.27-14.36.36:517][428]LogModuleManager: Shutting down and abandoning module HTTP (67)
[2022.09.27-14.36.36:530][428]LogModuleManager: Shutting down and abandoning module SSL (66)
[2022.09.27-14.36.36:531][428]LogModuleManager: Shutting down and abandoning module WmfMedia (62)
[2022.09.27-14.36.36:531][428]LogModuleManager: Shutting down and abandoning module Media (61)
[2022.09.27-14.36.36:531][428]LogModuleManager: Shutting down and abandoning module MagicLeap (58)
[2022.09.27-14.36.36:531][428]LogModuleManager: Shutting down and abandoning module NiagaraVertexFactories (56)
[2022.09.27-14.36.36:531][428]LogModuleManager: Shutting down and abandoning module NiagaraShader (54)
[2022.09.27-14.36.36:531][428]LogModuleManager: Shutting down and abandoning module VariantManagerContent (52)
[2022.09.27-14.36.36:531][428]LogModuleManager: Shutting down and abandoning module DatasmithContent (50)
[2022.09.27-14.36.36:532][428]LogModuleManager: Shutting down and abandoning module AISupportModule (48)
[2022.09.27-14.36.36:532][428]LogModuleManager: Shutting down and abandoning module DesktopPlatform (46)
[2022.09.27-14.36.36:532][428]LogModuleManager: Shutting down and abandoning module PlatformCryptoOpenSSL (44)
[2022.09.27-14.36.36:532][428]LogModuleManager: Shutting down and abandoning module PlatformCryptoTypes (42)
[2022.09.27-14.36.36:532][428]LogModuleManager: Shutting down and abandoning module PlatformCrypto (40)
[2022.09.27-14.36.36:532][428]LogModuleManager: Shutting down and abandoning module AnimationModifiers (38)
[2022.09.27-14.36.36:532][428]LogModuleManager: Shutting down and abandoning module PropertyEditor (37)
[2022.09.27-14.36.36:532][428]LogModuleManager: Shutting down and abandoning module AudioEditor (34)
[2022.09.27-14.36.36:546][428]LogModuleManager: Shutting down and abandoning module TextureCompressor (32)
[2022.09.27-14.36.36:546][428]LogModuleManager: Shutting down and abandoning module RenderCore (30)
[2022.09.27-14.36.36:546][428]LogModuleManager: Shutting down and abandoning module Landscape (28)
[2022.09.27-14.36.36:546][428]LogModuleManager: Shutting down and abandoning module SlateRHIRenderer (26)
[2022.09.27-14.36.36:546][428]LogModuleManager: Shutting down and abandoning module OpenGLDrv (24)
[2022.09.27-14.36.36:546][428]LogModuleManager: Shutting down and abandoning module D3D11RHI (22)
[2022.09.27-14.36.36:546][428]LogModuleManager: Shutting down and abandoning module AnimGraphRuntime (20)
[2022.09.27-14.36.36:546][428]LogModuleManager: Shutting down and abandoning module Renderer (18)
[2022.09.27-14.36.36:546][428]LogModuleManager: Shutting down and abandoning module Engine (16)
[2022.09.27-14.36.36:546][428]LogModuleManager: Shutting down and abandoning module CoreUObject (14)
[2022.09.27-14.36.36:546][428]LogModuleManager: Shutting down and abandoning module NetworkFile (12)
[2022.09.27-14.36.36:546][428]LogModuleManager: Shutting down and abandoning module CookedIterativeFile (10)
[2022.09.27-14.36.36:546][428]LogModuleManager: Shutting down and abandoning module StreamingFile (8)
[2022.09.27-14.36.36:546][428]LogModuleManager: Shutting down and abandoning module SandboxFile (6)
[2022.09.27-14.36.36:546][428]LogModuleManager: Shutting down and abandoning module PakFile (4)
[2022.09.27-14.36.36:546][428]LogModuleManager: Shutting down and abandoning module RSA (3)
[2022.09.27-14.36.36:766][428]LogContentStreaming: Display: There are 1 unreleased StreamingManagers
[2022.09.27-14.36.36:808][428]LogD3D12RHI: Display: D3D12 ReleaseResources: 73 items to release
[2022.09.27-14.36.36:808][428]LogD3D12RHI: Display: D3D12 ReleaseResources: "BackBuffer0", 1280 x 720 x 1, Mips: 1, Format: 0x18, Flags: 0x1
[2022.09.27-14.36.36:808][428]LogD3D12RHI: Display: D3D12 ReleaseResources: "BackBuffer1", 1280 x 720 x 1, Mips: 1, Format: 0x18, Flags: 0x1
[2022.09.27-14.36.36:808][428]LogD3D12RHI: Display: D3D12 ReleaseResources: "BackBuffer2", 1280 x 720 x 1, Mips: 1, Format: 0x18, Flags: 0x1
[2022.09.27-14.36.36:810][428]LogD3D12RHI: Display: D3D12 ReleaseResources: "DaylightAmbientCubemap", 512 x 512 x 6, Mips: 10, Format: 0xA, Flags: 0x0
[2022.09.27-14.36.36:810][428]LogD3D12RHI: Display: D3D12 ReleaseResources: "DefaultBloomKernel", 2048 x 2048 x 1, Mips: 1, Format: 0xA, Flags: 0x0
[2022.09.27-14.36.36:810][428]LogD3D12RHI: Display: D3D12 ReleaseResources: "StencilDummy", 1 x 1 x 1, Mips: 1, Format: 0x1E, Flags: 0x1
[2022.09.27-14.36.36:810][428]LogD3D12RHI: Display: D3D12 ReleaseResources: "MidGreyDummy", 1 x 1 x 1, Mips: 1, Format: 0xA, Flags: 0x1
[2022.09.27-14.36.36:810][428]LogD3D12RHI: Display: D3D12 ReleaseResources: "ZeroUIntDummy", 1 x 1 x 1, Mips: 1, Format: 0x2A, Flags: 0x1
[2022.09.27-14.36.36:811][428]LogD3D12RHI: Display: D3D12 ReleaseResources: "VolumetricBlackDummy", 1 x 1 x 1, Mips: 1, Format: 0x5A, Flags: 0x1
[2022.09.27-14.36.36:811][428]LogD3D12RHI: Display: D3D12 ReleaseResources: "GreenDummy", 1 x 1 x 1, Mips: 1, Format: 0x5A, Flags: 0x1
[2022.09.27-14.36.36:811][428]LogD3D12RHI: Display: D3D12 ReleaseResources: "MaxFP16Depth", 1 x 1 x 1, Mips: 1, Format: 0xA, Flags: 0x1
[2022.09.27-14.36.36:812][428]LogD3D12RHI: Display: D3D12 ReleaseResources: "TranslucentVolumeDir1", 64 x 64 x 64, Mips: 1, Format: 0xA, Flags: 0x5
[2022.09.27-14.36.36:812][428]LogD3D12RHI: Display: D3D12 ReleaseResources: "TranslucentVolume1", 64 x 64 x 64, Mips: 1, Format: 0xA, Flags: 0x5
[2022.09.27-14.36.36:812][428]LogD3D12RHI: Display: D3D12 ReleaseResources: "LightAccumulation", 1280 x 720 x 1, Mips: 1, Format: 0xA, Flags: 0x5
[2022.09.27-14.36.36:812][428]LogD3D12RHI: Display: D3D12 ReleaseResources: "QuadOverdrawBuffer", 1280 x 360 x 1, Mips: 1, Format: 0x2A, Flags: 0x5
[2022.09.27-14.36.36:812][428]LogD3D12RHI: Display: D3D12 ReleaseResources: "None", 640 x 360 x 1, Mips: 1, Format: 0x13, Flags: 0x2
[2022.09.27-14.36.36:813][428]LogD3D12RHI: Display: D3D12 ReleaseResources: "SmallDepthZ", 640 x 360 x 1, Mips: 1, Format: 0x13, Flags: 0x2
[2022.09.27-14.36.36:813][428]LogD3D12RHI: Display: D3D12 ReleaseResources: "TemporalAA", 1280 x 720 x 1, Mips: 1, Format: 0xA, Flags: 0x4
[2022.09.27-14.36.36:813][428]LogD3D12RHI: Display: D3D12 ReleaseResources: "CombineLUTs", 32 x 32 x 32, Mips: 1, Format: 0x18, Flags: 0x1
[2022.09.27-14.36.36:813][428]LogD3D12RHI: Display: D3D12 ReleaseResources: "ReflectionsTemporalAccumulation0", 1280 x 720 x 1, Mips: 1, Format: 0xA, Flags: 0x5
[2022.09.27-14.36.36:813][428]LogD3D12RHI: Display: D3D12 ReleaseResources: "ReflectionsTemporalAccumulation1", 1280 x 720 x 1, Mips: 1, Format: 0x36, Flags: 0x5
[2022.09.27-14.36.36:815][428]LogD3D12RHI: Display: D3D12 ReleaseResources: "ShadowTemporalAccumulation0", 1280 x 720 x 1, Mips: 1, Format: 0xA, Flags: 0x5
[2022.09.27-14.36.36:815][428]LogD3D12RHI: Display: D3D12 ReleaseResources: "EyeAdaptation", 1 x 1 x 1, Mips: 1, Format: 0x2, Flags: 0x5
[2022.09.27-14.36.36:815][428]LogD3D12RHI: Display: D3D12 ReleaseResources: "HZBResultsCPU", 262144 x 1 x 1, Mips: 1, Format: 0x0, Flags: 0x0
[2022.09.27-14.36.36:817][428]LogD3D12RHI: Display: D3D12 ReleaseResources: "GBufferA", 1280 x 720 x 1, Mips: 1, Format: 0x18, Flags: 0x1
[2022.09.27-14.36.36:817][428]LogD3D12RHI: Display: D3D12 ReleaseResources: "AOTemporalAccumulation0", 1280 x 720 x 1, Mips: 1, Format: 0x22, Flags: 0x5
[2022.09.27-14.36.36:817][428]LogD3D12RHI: Display: D3D12 ReleaseResources: "ReflectionsTemporalAccumulation0", 1280 x 720 x 1, Mips: 1, Format: 0xA, Flags: 0x5
[2022.09.27-14.36.36:817][428]LogD3D12RHI: Display: D3D12 ReleaseResources: "ReflectionsTemporalAccumulation1", 1280 x 720 x 1, Mips: 1, Format: 0x36, Flags: 0x5
[2022.09.27-14.36.36:817][428]LogD3D12RHI: Display: D3D12 ReleaseResources: "ScreenSpaceAO", 1280 x 720 x 1, Mips: 1, Format: 0x3D, Flags: 0x5
[2022.09.27-14.36.36:818][428]LogD3D12RHI: Display: D3D12 ReleaseResources: "GBufferB", 1280 x 720 x 1, Mips: 1, Format: 0x5A, Flags: 0x1
[2022.09.27-14.36.36:818][428]LogD3D12RHI: Display: D3D12 ReleaseResources: "RayTracingReflectionsImaginaryDepth", 1280 x 720 x 1, Mips: 1, Format: 0x36, Flags: 0x5
[2022.09.27-14.36.36:818][428]LogD3D12RHI: Display: D3D12 ReleaseResources: "RayTracingReflectionsHitDistance", 1280 x 720 x 1, Mips: 1, Format: 0x36, Flags: 0x5
[2022.09.27-14.36.36:818][428]LogD3D12RHI: Display: D3D12 ReleaseResources: "ReflectionsRejectionPreConvolution1", 1280 x 720 x 1, Mips: 1, Format: 0x22, Flags: 0x5
[2022.09.27-14.36.36:818][428]LogD3D12RHI: Display: D3D12 ReleaseResources: "ScreenShadowMaskTexture", 1280 x 720 x 1, Mips: 1, Format: 0x5A, Flags: 0x1
[2022.09.27-14.36.36:818][428]LogD3D12RHI: Display: D3D12 ReleaseResources: "ShadowDenoiserInjest0", 1280 x 720 x 1, Mips: 1, Format: 0x2A, Flags: 0x5
[2022.09.27-14.36.36:819][428]LogD3D12RHI: Display: D3D12 ReleaseResources: "ReflectionsRejectionPreConvolution2", 1280 x 720 x 1, Mips: 1, Format: 0xA, Flags: 0x5
[2022.09.27-14.36.36:819][428]LogD3D12RHI: Display: D3D12 ReleaseResources: "RayTracingReflections", 1280 x 720 x 1, Mips: 1, Format: 0xA, Flags: 0x5
[2022.09.27-14.36.36:819][428]LogD3D12RHI: Display: D3D12 ReleaseResources: "ReflectionsRejectionPreConvolution0", 1280 x 720 x 1, Mips: 1, Format: 0xA, Flags: 0x5
[2022.09.27-14.36.36:819][428]LogD3D12RHI: Display: D3D12 ReleaseResources: "ReflectionsReconstruction0", 1280 x 720 x 1, Mips: 1, Format: 0xA, Flags: 0x5
[2022.09.27-14.36.36:819][428]LogD3D12RHI: Display: D3D12 ReleaseResources: "ReflectionsReconstruction1", 1280 x 720 x 1, Mips: 1, Format: 0x36, Flags: 0x5
[2022.09.27-14.36.36:819][428]LogD3D12RHI: Display: D3D12 ReleaseResources: "LightAttenuation", 1280 x 720 x 1, Mips: 1, Format: 0x5A, Flags: 0x1
[2022.09.27-14.36.36:819][428]LogD3D12RHI: Display: D3D12 ReleaseResources: "SeparateTranslucency", 1280 x 720 x 1, Mips: 1, Format: 0xA, Flags: 0x1
[2022.09.27-14.36.36:819][428]LogD3D12RHI: Display: D3D12 ReleaseResources: "SceneColor", 1280 x 720 x 1, Mips: 1, Format: 0xA, Flags: 0x1
[2022.09.27-14.36.36:819][428]LogD3D12RHI: Display: D3D12 ReleaseResources: "VelocityFlat", 1280 x 720 x 1, Mips: 1, Format: 0x1A, Flags: 0x4
[2022.09.27-14.36.36:820][428]LogD3D12RHI: Display: D3D12 ReleaseResources: "DilatedVelocityTile", 80 x 45 x 1, Mips: 1, Format: 0xA, Flags: 0x4
[2022.09.27-14.36.36:820][428]LogD3D12RHI: Display: D3D12 ReleaseResources: "VelocityTile", 80 x 45 x 1, Mips: 1, Format: 0xA, Flags: 0x4
[2022.09.27-14.36.36:820][428]LogD3D12RHI: Display: D3D12 ReleaseResources: "MotionBlur", 1280 x 720 x 1, Mips: 1, Format: 0x1A, Flags: 0x1
[2022.09.27-14.36.36:820][428]LogD3D12RHI: Display: D3D12 ReleaseResources: "BloomX", 640 x 360 x 1, Mips: 1, Format: 0x1A, Flags: 0x1
[2022.09.27-14.36.36:820][428]LogD3D12RHI: Display: D3D12 ReleaseResources: "Histogram", 16 x 120 x 1, Mips: 1, Format: 0xA, Flags: 0x5
[2022.09.27-14.36.36:821][428]LogD3D12RHI: Display: D3D12 ReleaseResources: "HistogramReduce", 16 x 2 x 1, Mips: 1, Format: 0x2, Flags: 0x1
[2022.09.27-14.36.36:821][428]LogD3D12RHI: Display: D3D12 ReleaseResources: "BloomX", 320 x 180 x 1, Mips: 1, Format: 0x1A, Flags: 0x1
[2022.09.27-14.36.36:821][428]LogD3D12RHI: Display: D3D12 ReleaseResources: "BloomX", 160 x 90 x 1, Mips: 1, Format: 0x1A, Flags: 0x1
[2022.09.27-14.36.36:821][428]LogD3D12RHI: Display: D3D12 ReleaseResources: "BloomX", 80 x 45 x 1, Mips: 1, Format: 0x1A, Flags: 0x1
[2022.09.27-14.36.36:821][428]LogD3D12RHI: Display: D3D12 ReleaseResources: "BloomX", 40 x 23 x 1, Mips: 1, Format: 0x1A, Flags: 0x1
[2022.09.27-14.36.36:821][428]LogD3D12RHI: Display: D3D12 ReleaseResources: "BloomX", 20 x 12 x 1, Mips: 1, Format: 0x1A, Flags: 0x1
[2022.09.27-14.36.36:821][428]LogD3D12RHI: Display: D3D12 ReleaseResources: "BloomY", 20 x 12 x 1, Mips: 1, Format: 0x1A, Flags: 0x1
[2022.09.27-14.36.36:822][428]LogD3D12RHI: Display: D3D12 ReleaseResources: "BloomY", 40 x 23 x 1, Mips: 1, Format: 0x1A, Flags: 0x1
[2022.09.27-14.36.36:822][428]LogD3D12RHI: Display: D3D12 ReleaseResources: "BloomY", 80 x 45 x 1, Mips: 1, Format: 0x1A, Flags: 0x1
[2022.09.27-14.36.36:822][428]LogD3D12RHI: Display: D3D12 ReleaseResources: "BloomY", 160 x 90 x 1, Mips: 1, Format: 0x1A, Flags: 0x1
[2022.09.27-14.36.36:822][428]LogD3D12RHI: Display: D3D12 ReleaseResources: "BloomY", 320 x 180 x 1, Mips: 1, Format: 0x1A, Flags: 0x1
[2022.09.27-14.36.36:822][428]LogD3D12RHI: Display: D3D12 ReleaseResources: "BloomY", 640 x 360 x 1, Mips: 1, Format: 0x1A, Flags: 0x1
[2022.09.27-14.36.36:822][428]LogD3D12RHI: Display: D3D12 ReleaseResources: "SceneDepthZ", 1280 x 720 x 1, Mips: 1, Format: 0x13, Flags: 0x2
[2022.09.27-14.36.36:823][428]LogD3D12RHI: Display: D3D12 ReleaseResources: "None", 11796480 x 1 x 1, Mips: 1, Format: 0x0, Flags: 0x4
[2022.09.27-14.36.36:823][428]LogD3D12RHI: Display: D3D12 ReleaseResources: "None", 35 x 1 x 1, Mips: 1, Format: 0x2, Flags: 0x4
[2022.09.27-14.36.36:823][428]LogD3D12RHI: Display: D3D12 ReleaseResources: "None", 512 x 512 x 1, Mips: 1, Format: 0x5A, Flags: 0x1
[2022.09.27-14.36.36:823][428]LogD3D12RHI: Display: D3D12 ReleaseResources: "None", 1 x 1 x 1, Mips: 1, Format: 0x1B, Flags: 0x4
[2022.09.27-14.36.36:823][428]LogD3D12RHI: Display: D3D12 ReleaseResources: "None", 16 x 1 x 1, Mips: 1, Format: 0x0, Flags: 0x0
[2022.09.27-14.36.36:823][428]LogD3D12RHI: Display: D3D12 ReleaseResources: "ParticleAttributes", 1024 x 1024 x 1, Mips: 1, Format: 0x5A, Flags: 0x1
[2022.09.27-14.36.36:824][428]LogD3D12RHI: Display: D3D12 ReleaseResources: "ParticleAttributes", 1024 x 1024 x 1, Mips: 1, Format: 0x5A, Flags: 0x1
[2022.09.27-14.36.36:824][428]LogD3D12RHI: Display: D3D12 ReleaseResources: "ParticleStateVelocity", 1024 x 1024 x 1, Mips: 1, Format: 0xA, Flags: 0x1
[2022.09.27-14.36.36:824][428]LogD3D12RHI: Display: D3D12 ReleaseResources: "ParticleStatePosition", 1024 x 1024 x 1, Mips: 1, Format: 0x2, Flags: 0x1
[2022.09.27-14.36.36:824][428]LogD3D12RHI: Display: D3D12 ReleaseResources: "ParticleStateVelocity", 1024 x 1024 x 1, Mips: 1, Format: 0xA, Flags: 0x1
[2022.09.27-14.36.36:825][428]LogD3D12RHI: Display: D3D12 ReleaseResources: "ParticleStatePosition", 1024 x 1024 x 1, Mips: 1, Format: 0x2, Flags: 0x1
[2022.09.27-14.36.36:897][428]LogD3D12RHI: ~FD3D12DynamicRHI
[2022.09.27-14.36.36:903][428]LogExit: Exiting.
[2022.09.27-14.36.36:912][428]Log file closed, 09/27/22 23:36:36
