Log file open, 10/08/22 18:37:19
LogInit: Display: Running engine for game: ActionGame
LogPlatformFile: Not using cached read wrapper
LogTaskGraph: Started task graph with 5 named threads and 26 total threads with 3 sets of task threads.
LogStats: Stats thread started at 0.211658
LogD3D11RHI: Loaded GFSDK_Aftermath_Lib.x64.dll
LogICUInternationalization: ICU TimeZone Detection - Raw Offset: +9:00, Platform Override: ''
LogPluginManager: Mounting plugin Paper2D
LogPluginManager: Mounting plugin AISupport
LogPluginManager: Mounting plugin LightPropagationVolume
LogPluginManager: Mounting plugin CameraShakePreviewer
LogPluginManager: Mounting plugin ActorLayerUtilities
LogPluginManager: Mounting plugin AnimationSharing
LogPluginManager: Mounting plugin CLionSourceCodeAccess
LogPluginManager: Mounting plugin CodeLiteSourceCodeAccess
LogPluginManager: Mounting plugin GitSourceControl
LogPluginManager: Mounting plugin KDevelopSourceCodeAccess
LogPluginManager: Mounting plugin NullSourceCodeAccess
LogPluginManager: Mounting plugin PerforceSourceControl
LogPluginManager: Mounting plugin PlasticSourceControl
LogPluginManager: Mounting plugin RiderSourceCodeAccess
LogPluginManager: Mounting plugin SubversionSourceControl
LogPluginManager: Mounting plugin UObjectPlugin
LogPluginManager: Mounting plugin VisualStudioCodeSourceCodeAccess
LogPluginManager: Mounting plugin VisualStudioSourceCodeAccess
LogPluginManager: Mounting plugin XCodeSourceCodeAccess
LogPluginManager: Mounting plugin AssetManagerEditor
LogPluginManager: Mounting plugin CryptoKeys
LogPluginManager: Mounting plugin CurveEditorTools
LogPluginManager: Mounting plugin DataValidation
LogPluginManager: Mounting plugin EditorScriptingUtilities
LogPluginManager: Mounting plugin FacialAnimation
LogPluginManager: Mounting plugin GameplayTagsEditor
LogPluginManager: Mounting plugin GeometryMode
LogPluginManager: Mounting plugin MacGraphicsSwitching
LogPluginManager: Mounting plugin MaterialAnalyzer
LogPluginManager: Mounting plugin MobileLauncherProfileWizard
LogPluginManager: Mounting plugin PluginBrowser
LogPluginManager: Mounting plugin SpeedTreeImporter
LogPluginManager: Mounting plugin DatasmithContent
LogPluginManager: Mounting plugin VariantManagerContent
LogPluginManager: Mounting plugin AlembicImporter
LogPluginManager: Mounting plugin AutomationUtils
LogPluginManager: Mounting plugin BackChannel
LogPluginManager: Mounting plugin ChaosCloth
LogPluginManager: Mounting plugin ChaosClothEditor
LogPluginManager: Mounting plugin ChaosEditor
LogPluginManager: Mounting plugin ChaosNiagara
LogPluginManager: Mounting plugin ChaosSolverPlugin
LogPluginManager: Mounting plugin CharacterAI
LogPluginManager: Mounting plugin GeometryCache
LogPluginManager: Mounting plugin GeometryCollectionPlugin
LogPluginManager: Mounting plugin GeometryProcessing
LogPluginManager: Mounting plugin PlanarCut
LogPluginManager: Mounting plugin PlatformCrypto
LogPluginManager: Mounting plugin ProxyLODPlugin
LogPluginManager: Mounting plugin SkeletalReduction
LogPluginManager: Mounting plugin Niagara
LogPluginManager: Mounting plugin MagicLeap
LogPluginManager: Mounting plugin MagicLeapLightEstimation
LogPluginManager: Mounting plugin MagicLeapMedia
LogPluginManager: Mounting plugin MagicLeapPassableWorld
LogPluginManager: Mounting plugin MLSDK
LogPluginManager: Mounting plugin AndroidMedia
LogPluginManager: Mounting plugin AvfMedia
LogPluginManager: Mounting plugin ImgMedia
LogPluginManager: Mounting plugin MediaCompositing
LogPluginManager: Mounting plugin MediaPlayerEditor
LogPluginManager: Mounting plugin WebMMedia
LogPluginManager: Mounting plugin WmfMedia
LogPluginManager: Mounting plugin MeshPainting
LogPluginManager: Mounting plugin TcpMessaging
LogPluginManager: Mounting plugin UdpMessaging
LogPluginManager: Mounting plugin ActorSequence
LogPluginManager: Mounting plugin LevelSequenceEditor
LogPluginManager: Mounting plugin MatineeToLevelSequence
LogPluginManager: Mounting plugin MovieRenderPipeline
LogPluginManager: Mounting plugin TemplateSequence
LogPluginManager: Mounting plugin NetcodeUnitTest
LogPluginManager: Mounting plugin NUTUnrealEngine4
LogPluginManager: Mounting plugin OnlineSubsystemGooglePlay
LogPluginManager: Mounting plugin OnlineSubsystemIOS
LogPluginManager: Mounting plugin OnlineSubsystem
LogPluginManager: Mounting plugin OnlineSubsystemNull
LogPluginManager: Mounting plugin OnlineSubsystemUtils
LogPluginManager: Mounting plugin LauncherChunkInstaller
LogPluginManager: Mounting plugin AndroidDeviceProfileSelector
LogPluginManager: Mounting plugin AndroidMoviePlayer
LogPluginManager: Mounting plugin AndroidPermission
LogPluginManager: Mounting plugin AppleImageUtils
LogPluginManager: Mounting plugin AppleMoviePlayer
LogPluginManager: Mounting plugin ArchVisCharacter
LogPluginManager: Mounting plugin AssetTags
LogPluginManager: Mounting plugin AudioCapture
LogPluginManager: Mounting plugin CableComponent
LogPluginManager: Mounting plugin CustomMeshComponent
LogPluginManager: Mounting plugin EditableMesh
LogPluginManager: Mounting plugin ExampleDeviceProfileSelector
LogPluginManager: Mounting plugin GoogleCloudMessaging
LogPluginManager: Mounting plugin GooglePAD
LogPluginManager: Mounting plugin IOSDeviceProfileSelector
LogPluginManager: Mounting plugin LinuxDeviceProfileSelector
LogPluginManager: Mounting plugin LocationServicesBPLibrary
LogPluginManager: Mounting plugin MobilePatchingUtils
LogPluginManager: Mounting plugin OculusVR
LogPluginManager: Mounting plugin PhysXVehicles
LogPluginManager: Mounting plugin PostSplashScreen
LogPluginManager: Mounting plugin ProceduralMeshComponent
LogPluginManager: Mounting plugin RuntimePhysXCooking
LogPluginManager: Mounting plugin SignificanceManager
LogPluginManager: Mounting plugin SoundFields
LogPluginManager: Mounting plugin SteamVR
LogPluginManager: Mounting plugin Synthesis
LogPluginManager: Mounting plugin WebMMoviePlayer
LogPluginManager: Mounting plugin WindowsMoviePlayer
LogPluginManager: Mounting plugin ScreenshotTools
LogInit: Using libcurl 7.55.1-DEV
LogInit:  - built for x86_64-pc-win32
LogInit:  - supports SSL with OpenSSL/1.1.1
LogInit:  - supports HTTP deflate (compression) using libz 1.2.8
LogInit:  - other features:
LogInit:      CURL_VERSION_SSL
LogInit:      CURL_VERSION_LIBZ
LogInit:      CURL_VERSION_IPV6
LogInit:      CURL_VERSION_ASYNCHDNS
LogInit:      CURL_VERSION_LARGEFILE
LogInit:      CURL_VERSION_IDN
LogInit:  CurlRequestOptions (configurable via config and command line):
LogInit:  - bVerifyPeer = true  - Libcurl will verify peer certificate
LogInit:  - bUseHttpProxy = false  - Libcurl will NOT use HTTP proxy
LogInit:  - bDontReuseConnections = false  - Libcurl will reuse connections
LogInit:  - MaxHostConnections = 16  - Libcurl will limit the number of connections to a host
LogInit:  - LocalHostAddr = Default
LogInit:  - BufferSize = 65536
LogOnline: OSS: Creating online subsystem instance for: NULL
LogInit: WinSock: version 1.1 (2.2), MaxSocks=32767, MaxUdp=65467
LogOnline: OSS: TryLoadSubsystemAndSetDefault: Loaded subsystem for module [NULL]
LogInit: Build: ++UE4+Release-4.25-CL-14469661
LogInit: Engine Version: 4.25.4-14469661+++UE4+Release-4.25
LogInit: Compatible Engine Version: 4.25.0-13144385+++UE4+Release-4.25
LogInit: Net CL: 13144385
LogInit: OS: Windows 10 (Release 2009) (), CPU: Intel(R) Core(TM) i7-9700K CPU @ 3.60GHz, GPU: NVIDIA GeForce RTX 2080
LogInit: Compiled (64-bit): Oct 11 2020 08:10:49
LogInit: Compiled with Visual C++: 19.24.28315.00
LogInit: Build Configuration: Development
LogInit: Branch Name: ++UE4+Release-4.25
LogInit: Command Line:  /Game/Level/Battle -game -PIEVIACONSOLE -Multiprocess GameUserSettingsINI=C:/Users/Chanwoongs/Desktop/Project/Unreal_Engine_Tutorial/C++/ActionGame/Saved/Config/Windows/PIEGameUserSettings0.ini -MultiprocessSaveConfig -MultiprocessOSS -messaging -SessionName="Play in Standalone Game" -windowed -ResX=1280 -ResY=720
LogInit: Base Directory: D:/Game/UE_4.25/Engine/Binaries/Win64/
LogInit: Allocator: TBB
LogInit: Installed Engine Build: 1
LogDevObjectVersion: Number of dev versions registered: 26
LogDevObjectVersion:   Dev-Blueprints (B0D832E4-1F89-4F0D-ACCF-7EB736FD4AA2): 10
LogDevObjectVersion:   Dev-Build (E1C64328-A22C-4D53-A36C-8E866417BD8C): 0
LogDevObjectVersion:   Dev-Core (375EC13C-06E4-48FB-B500-84F0262A717E): 4
LogDevObjectVersion:   Dev-Editor (E4B068ED-F494-42E9-A231-DA0B2E46BB41): 38
LogDevObjectVersion:   Dev-Framework (CFFC743F-43B0-4480-9391-14DF171D2073): 37
LogDevObjectVersion:   Dev-Mobile (B02B49B5-BB20-44E9-A304-32B752E40360): 2
LogDevObjectVersion:   Dev-Networking (A4E4105C-59A1-49B5-A7C5-40C4547EDFEE): 0
LogDevObjectVersion:   Dev-Online (39C831C9-5AE6-47DC-9A44-9C173E1C8E7C): 0
LogDevObjectVersion:   Dev-Physics (78F01B33-EBEA-4F98-B9B4-84EACCB95AA2): 4
LogDevObjectVersion:   Dev-Platform (6631380F-2D4D-43E0-8009-CF276956A95A): 0
LogDevObjectVersion:   Dev-Rendering (12F88B9F-8875-4AFC-A67C-D90C383ABD29): 43
LogDevObjectVersion:   Dev-Sequencer (7B5AE74C-D270-4C10-A958-57980B212A5A): 12
LogDevObjectVersion:   Dev-VR (D7296918-1DD6-4BDD-9DE2-64A83CC13884): 3
LogDevObjectVersion:   Dev-LoadTimes (C2A15278-BFE7-4AFE-6C17-90FF531DF755): 1
LogDevObjectVersion:   Private-Geometry (6EACA3D4-40EC-4CC1-B786-8BED09428FC5): 3
LogDevObjectVersion:   Dev-AnimPhys (29E575DD-E0A3-4627-9D10-D276232CDCEA): 17
LogDevObjectVersion:   Dev-Anim (AF43A65D-7FD3-4947-9873-3E8ED9C1BB05): 7
LogDevObjectVersion:   Dev-ReflectionCapture (6B266CEC-1EC7-4B8F-A30B-E4D90942FC07): 1
LogDevObjectVersion:   Dev-Automation (0DF73D61-A23F-47EA-B727-89E90C41499A): 1
LogDevObjectVersion:   FortniteMain (601D1886-AC64-4F84-AA16-D3DE0DEAC7D6): 31
LogDevObjectVersion:   Dev-Enterprise (9DFFBCD6-494F-0158-E221-12823C92A888): 10
LogDevObjectVersion:   Dev-Niagara (F2AED0AC-9AFE-416F-8664-AA7FFA26D6FC): 1
LogDevObjectVersion:   Dev-Destruction (174F1F0B-B4C6-45A5-B13F-2EE8D0FB917D): 10
LogDevObjectVersion:   Dev-Physics-Ext (35F94A83-E258-406C-A318-09F59610247C): 37
LogDevObjectVersion:   Dev-PhysicsMaterial-Chaos (B68FC16E-8B1B-42E2-B453-215C058844FE): 1
LogDevObjectVersion:   Dev-CineCamera (B2E18506-4273-CFC2-A54E-F4BB758BBA07): 1
LogInit: Presizing for max 25165824 objects, including 0 objects not considered by GC, pre-allocating 0 bytes for permanent pool.
LogConfig: Applying CVar settings from Section [/Script/Engine.StreamingSettings] File [C:/Users/Chanwoongs/Desktop/Project/Unreal_Engine_Tutorial/C++/ActionGame/Saved/Config/Windows/Engine.ini]
LogConfig: Setting CVar [[s.MinBulkDataSizeForAsyncLoading:131072]]
LogConfig: Setting CVar [[s.AsyncLoadingThreadEnabled:0]]
LogConfig: Setting CVar [[s.EventDrivenLoaderEnabled:1]]
LogConfig: Setting CVar [[s.WarnIfTimeLimitExceeded:0]]
LogConfig: Setting CVar [[s.TimeLimitExceededMultiplier:1.5]]
LogConfig: Setting CVar [[s.TimeLimitExceededMinTime:0.005]]
LogConfig: Setting CVar [[s.UseBackgroundLevelStreaming:1]]
LogConfig: Setting CVar [[s.PriorityAsyncLoadingExtraTime:15.0]]
LogConfig: Setting CVar [[s.LevelStreamingActorsUpdateTimeLimit:5.0]]
LogConfig: Setting CVar [[s.PriorityLevelStreamingActorsUpdateExtraTime:5.0]]
LogConfig: Setting CVar [[s.LevelStreamingComponentsRegistrationGranularity:10]]
LogConfig: Setting CVar [[s.UnregisterComponentsTimeLimit:1.0]]
LogConfig: Setting CVar [[s.LevelStreamingComponentsUnregistrationGranularity:5]]
LogConfig: Setting CVar [[s.FlushStreamingOnExit:1]]
LogInit: Object subsystem initialized
LogConfig: Setting CVar [[con.DebugEarlyDefault:1]]
LogConfig: Setting CVar [[r.setres:1280x720]]
[2022.10.08-09.37.19:492][  0]LogConfig: Setting CVar [[con.DebugEarlyDefault:1]]
[2022.10.08-09.37.19:492][  0]LogConfig: Setting CVar [[r.setres:1280x720]]
[2022.10.08-09.37.19:492][  0]LogConfig: Applying CVar settings from Section [/Script/Engine.RendererSettings] File [C:/Users/Chanwoongs/Desktop/Project/Unreal_Engine_Tutorial/C++/ActionGame/Saved/Config/Windows/Engine.ini]
[2022.10.08-09.37.19:492][  0]LogConfig: Setting CVar [[r.GPUCrashDebugging:0]]
[2022.10.08-09.37.19:492][  0]LogConfig: Setting CVar [[r.SkinCache.CompileShaders:1]]
[2022.10.08-09.37.19:492][  0]LogConfig: Setting CVar [[r.RayTracing:1]]
[2022.10.08-09.37.19:492][  0]LogConfig: Applying CVar settings from Section [/Script/Engine.RendererOverrideSettings] File [C:/Users/Chanwoongs/Desktop/Project/Unreal_Engine_Tutorial/C++/ActionGame/Saved/Config/Windows/Engine.ini]
[2022.10.08-09.37.19:492][  0]LogConfig: Applying CVar settings from Section [/Script/Engine.StreamingSettings] File [C:/Users/Chanwoongs/Desktop/Project/Unreal_Engine_Tutorial/C++/ActionGame/Saved/Config/Windows/Engine.ini]
[2022.10.08-09.37.19:492][  0]LogConfig: Setting CVar [[s.MinBulkDataSizeForAsyncLoading:131072]]
[2022.10.08-09.37.19:492][  0]LogConfig: Setting CVar [[s.AsyncLoadingThreadEnabled:0]]
[2022.10.08-09.37.19:492][  0]LogConfig: Setting CVar [[s.EventDrivenLoaderEnabled:1]]
[2022.10.08-09.37.19:492][  0]LogConfig: Setting CVar [[s.WarnIfTimeLimitExceeded:0]]
[2022.10.08-09.37.19:492][  0]LogConfig: Setting CVar [[s.TimeLimitExceededMultiplier:1.5]]
[2022.10.08-09.37.19:492][  0]LogConfig: Setting CVar [[s.TimeLimitExceededMinTime:0.005]]
[2022.10.08-09.37.19:492][  0]LogConfig: Setting CVar [[s.UseBackgroundLevelStreaming:1]]
[2022.10.08-09.37.19:492][  0]LogConfig: Setting CVar [[s.PriorityAsyncLoadingExtraTime:15.0]]
[2022.10.08-09.37.19:492][  0]LogConfig: Setting CVar [[s.LevelStreamingActorsUpdateTimeLimit:5.0]]
[2022.10.08-09.37.19:492][  0]LogConfig: Setting CVar [[s.PriorityLevelStreamingActorsUpdateExtraTime:5.0]]
[2022.10.08-09.37.19:493][  0]LogConfig: Setting CVar [[s.LevelStreamingComponentsRegistrationGranularity:10]]
[2022.10.08-09.37.19:493][  0]LogConfig: Setting CVar [[s.UnregisterComponentsTimeLimit:1.0]]
[2022.10.08-09.37.19:493][  0]LogConfig: Setting CVar [[s.LevelStreamingComponentsUnregistrationGranularity:5]]
[2022.10.08-09.37.19:493][  0]LogConfig: Setting CVar [[s.FlushStreamingOnExit:1]]
[2022.10.08-09.37.19:493][  0]LogConfig: Applying CVar settings from Section [/Script/Engine.GarbageCollectionSettings] File [C:/Users/Chanwoongs/Desktop/Project/Unreal_Engine_Tutorial/C++/ActionGame/Saved/Config/Windows/Engine.ini]
[2022.10.08-09.37.19:493][  0]LogConfig: Setting CVar [[gc.MaxObjectsNotConsideredByGC:1]]
[2022.10.08-09.37.19:493][  0]LogConfig: Setting CVar [[gc.SizeOfPermanentObjectPool:0]]
[2022.10.08-09.37.19:493][  0]LogConfig: Setting CVar [[gc.FlushStreamingOnGC:0]]
[2022.10.08-09.37.19:493][  0]LogConfig: Setting CVar [[gc.NumRetriesBeforeForcingGC:10]]
[2022.10.08-09.37.19:493][  0]LogConfig: Setting CVar [[gc.AllowParallelGC:1]]
[2022.10.08-09.37.19:493][  0]LogConfig: Setting CVar [[gc.TimeBetweenPurgingPendingKillObjects:61.1]]
[2022.10.08-09.37.19:493][  0]LogConfig: Setting CVar [[gc.MaxObjectsInEditor:25165824]]
[2022.10.08-09.37.19:493][  0]LogConfig: Setting CVar [[gc.IncrementalBeginDestroyEnabled:1]]
[2022.10.08-09.37.19:493][  0]LogConfig: Setting CVar [[gc.CreateGCClusters:1]]
[2022.10.08-09.37.19:493][  0]LogConfig: Setting CVar [[gc.MinGCClusterSize:5]]
[2022.10.08-09.37.19:493][  0]LogConfig: Setting CVar [[gc.ActorClusteringEnabled:0]]
[2022.10.08-09.37.19:493][  0]LogConfig: Setting CVar [[gc.BlueprintClusteringEnabled:0]]
[2022.10.08-09.37.19:493][  0]LogConfig: Setting CVar [[gc.UseDisregardForGCOnDedicatedServers:0]]
[2022.10.08-09.37.19:493][  0]LogConfig: Applying CVar settings from Section [/Script/Engine.NetworkSettings] File [C:/Users/Chanwoongs/Desktop/Project/Unreal_Engine_Tutorial/C++/ActionGame/Saved/Config/Windows/Engine.ini]
[2022.10.08-09.37.19:493][  0]LogConfig: Applying CVar settings from Section [/Script/UnrealEd.CookerSettings] File [C:/Users/Chanwoongs/Desktop/Project/Unreal_Engine_Tutorial/C++/ActionGame/Saved/Config/Windows/Engine.ini]
[2022.10.08-09.37.19:499][  0]LogConfig: Applying CVar settings from Section [ViewDistanceQuality@3] File [C:/Users/Chanwoongs/Desktop/Project/Unreal_Engine_Tutorial/C++/ActionGame/Saved/Config/Windows/Scalability.ini]
[2022.10.08-09.37.19:499][  0]LogConfig: Setting CVar [[r.SkeletalMeshLODBias:0]]
[2022.10.08-09.37.19:499][  0]LogConfig: Setting CVar [[r.ViewDistanceScale:1.0]]
[2022.10.08-09.37.19:499][  0]LogConfig: Applying CVar settings from Section [AntiAliasingQuality@3] File [C:/Users/Chanwoongs/Desktop/Project/Unreal_Engine_Tutorial/C++/ActionGame/Saved/Config/Windows/Scalability.ini]
[2022.10.08-09.37.19:499][  0]LogConfig: Setting CVar [[r.PostProcessAAQuality:4]]
[2022.10.08-09.37.19:499][  0]LogConfig: Applying CVar settings from Section [ShadowQuality@3] File [C:/Users/Chanwoongs/Desktop/Project/Unreal_Engine_Tutorial/C++/ActionGame/Saved/Config/Windows/Scalability.ini]
[2022.10.08-09.37.19:499][  0]LogConfig: Setting CVar [[r.LightFunctionQuality:1]]
[2022.10.08-09.37.19:499][  0]LogConfig: Setting CVar [[r.ShadowQuality:5]]
[2022.10.08-09.37.19:499][  0]LogConfig: Setting CVar [[r.Shadow.CSM.MaxCascades:10]]
[2022.10.08-09.37.19:499][  0]LogConfig: Setting CVar [[r.Shadow.MaxResolution:2048]]
[2022.10.08-09.37.19:499][  0]LogConfig: Setting CVar [[r.Shadow.MaxCSMResolution:2048]]
[2022.10.08-09.37.19:499][  0]LogConfig: Setting CVar [[r.Shadow.RadiusThreshold:0.01]]
[2022.10.08-09.37.19:499][  0]LogConfig: Setting CVar [[r.Shadow.DistanceScale:1.0]]
[2022.10.08-09.37.19:499][  0]LogConfig: Setting CVar [[r.Shadow.CSM.TransitionScale:1.0]]
[2022.10.08-09.37.19:499][  0]LogConfig: Setting CVar [[r.Shadow.PreShadowResolutionFactor:1.0]]
[2022.10.08-09.37.19:499][  0]LogConfig: Setting CVar [[r.DistanceFieldShadowing:1]]
[2022.10.08-09.37.19:499][  0]LogConfig: Setting CVar [[r.DistanceFieldAO:1]]
[2022.10.08-09.37.19:499][  0]LogConfig: Setting CVar [[r.AOQuality:2]]
[2022.10.08-09.37.19:499][  0]LogConfig: Setting CVar [[r.VolumetricFog:1]]
[2022.10.08-09.37.19:499][  0]LogConfig: Setting CVar [[r.VolumetricFog.GridPixelSize:8]]
[2022.10.08-09.37.19:499][  0]LogConfig: Setting CVar [[r.VolumetricFog.GridSizeZ:128]]
[2022.10.08-09.37.19:499][  0]LogConfig: Setting CVar [[r.VolumetricFog.HistoryMissSupersampleCount:4]]
[2022.10.08-09.37.19:499][  0]LogConfig: Setting CVar [[r.LightMaxDrawDistanceScale:1]]
[2022.10.08-09.37.19:499][  0]LogConfig: Setting CVar [[r.CapsuleShadows:1]]
[2022.10.08-09.37.19:499][  0]LogConfig: Applying CVar settings from Section [PostProcessQuality@3] File [C:/Users/Chanwoongs/Desktop/Project/Unreal_Engine_Tutorial/C++/ActionGame/Saved/Config/Windows/Scalability.ini]
[2022.10.08-09.37.19:499][  0]LogConfig: Setting CVar [[r.MotionBlurQuality:4]]
[2022.10.08-09.37.19:499][  0]LogConfig: Setting CVar [[r.AmbientOcclusionMipLevelFactor:0.4]]
[2022.10.08-09.37.19:499][  0]LogConfig: Setting CVar [[r.AmbientOcclusionMaxQuality:100]]
[2022.10.08-09.37.19:499][  0]LogConfig: Setting CVar [[r.AmbientOcclusionLevels:-1]]
[2022.10.08-09.37.19:499][  0]LogConfig: Setting CVar [[r.AmbientOcclusionRadiusScale:1.0]]
[2022.10.08-09.37.19:499][  0]LogConfig: Setting CVar [[r.DepthOfFieldQuality:2]]
[2022.10.08-09.37.19:499][  0]LogConfig: Setting CVar [[r.RenderTargetPoolMin:400]]
[2022.10.08-09.37.19:499][  0]LogConfig: Setting CVar [[r.LensFlareQuality:2]]
[2022.10.08-09.37.19:499][  0]LogConfig: Setting CVar [[r.SceneColorFringeQuality:1]]
[2022.10.08-09.37.19:499][  0]LogConfig: Setting CVar [[r.EyeAdaptationQuality:2]]
[2022.10.08-09.37.19:499][  0]LogConfig: Setting CVar [[r.BloomQuality:5]]
[2022.10.08-09.37.19:499][  0]LogConfig: Setting CVar [[r.FastBlurThreshold:100]]
[2022.10.08-09.37.19:499][  0]LogConfig: Setting CVar [[r.Upscale.Quality:3]]
[2022.10.08-09.37.19:499][  0]LogConfig: Setting CVar [[r.Tonemapper.GrainQuantization:1]]
[2022.10.08-09.37.19:499][  0]LogConfig: Setting CVar [[r.LightShaftQuality:1]]
[2022.10.08-09.37.19:499][  0]LogConfig: Setting CVar [[r.Filter.SizeScale:1]]
[2022.10.08-09.37.19:499][  0]LogConfig: Setting CVar [[r.Tonemapper.Quality:5]]
[2022.10.08-09.37.19:499][  0]LogConfig: Setting CVar [[r.DOF.Gather.AccumulatorQuality:1        ; higher gathering accumulator quality]]
[2022.10.08-09.37.19:499][  0]LogConfig: Setting CVar [[r.DOF.Gather.PostfilterMethod:1          ; Median3x3 postfilering method]]
[2022.10.08-09.37.19:499][  0]LogConfig: Setting CVar [[r.DOF.Gather.EnableBokehSettings:0       ; no bokeh simulation when gathering]]
[2022.10.08-09.37.19:499][  0]LogConfig: Setting CVar [[r.DOF.Gather.RingCount:4                 ; medium number of samples when gathering]]
[2022.10.08-09.37.19:499][  0]LogConfig: Setting CVar [[r.DOF.Scatter.ForegroundCompositing:1    ; additive foreground scattering]]
[2022.10.08-09.37.19:499][  0]LogConfig: Setting CVar [[r.DOF.Scatter.BackgroundCompositing:2    ; additive background scattering]]
[2022.10.08-09.37.19:499][  0]LogConfig: Setting CVar [[r.DOF.Scatter.EnableBokehSettings:1      ; bokeh simulation when scattering]]
[2022.10.08-09.37.19:499][  0]LogConfig: Setting CVar [[r.DOF.Scatter.MaxSpriteRatio:0.1         ; only a maximum of 10% of scattered bokeh]]
[2022.10.08-09.37.19:499][  0]LogConfig: Setting CVar [[r.DOF.Recombine.Quality:1                ; cheap slight out of focus]]
[2022.10.08-09.37.19:499][  0]LogConfig: Setting CVar [[r.DOF.Recombine.EnableBokehSettings:0    ; no bokeh simulation on slight out of focus]]
[2022.10.08-09.37.19:499][  0]LogConfig: Setting CVar [[r.DOF.TemporalAAQuality:1                ; more stable temporal accumulation]]
[2022.10.08-09.37.19:499][  0]LogConfig: Setting CVar [[r.DOF.Kernel.MaxForegroundRadius:0.025]]
[2022.10.08-09.37.19:499][  0]LogConfig: Setting CVar [[r.DOF.Kernel.MaxBackgroundRadius:0.025]]
[2022.10.08-09.37.19:499][  0]LogConfig: Applying CVar settings from Section [TextureQuality@3] File [C:/Users/Chanwoongs/Desktop/Project/Unreal_Engine_Tutorial/C++/ActionGame/Saved/Config/Windows/Scalability.ini]
[2022.10.08-09.37.19:499][  0]LogConfig: Setting CVar [[r.Streaming.MipBias:0]]
[2022.10.08-09.37.19:499][  0]LogConfig: Setting CVar [[r.Streaming.AmortizeCPUToGPUCopy:0]]
[2022.10.08-09.37.19:499][  0]LogConfig: Setting CVar [[r.Streaming.MaxNumTexturesToStreamPerFrame:0]]
[2022.10.08-09.37.19:499][  0]LogConfig: Setting CVar [[r.Streaming.Boost:1]]
[2022.10.08-09.37.19:499][  0]LogConfig: Setting CVar [[r.MaxAnisotropy:8]]
[2022.10.08-09.37.19:499][  0]LogConfig: Setting CVar [[r.VT.MaxAnisotropy:8]]
[2022.10.08-09.37.19:499][  0]LogConfig: Setting CVar [[r.Streaming.LimitPoolSizeToVRAM:0]]
[2022.10.08-09.37.19:499][  0]LogConfig: Setting CVar [[r.Streaming.PoolSize:1000]]
[2022.10.08-09.37.19:499][  0]LogConfig: Setting CVar [[r.Streaming.MaxEffectiveScreenSize:0]]
[2022.10.08-09.37.19:499][  0]LogConfig: Applying CVar settings from Section [EffectsQuality@3] File [C:/Users/Chanwoongs/Desktop/Project/Unreal_Engine_Tutorial/C++/ActionGame/Saved/Config/Windows/Scalability.ini]
[2022.10.08-09.37.19:499][  0]LogConfig: Setting CVar [[r.TranslucencyLightingVolumeDim:64]]
[2022.10.08-09.37.19:499][  0]LogConfig: Setting CVar [[r.RefractionQuality:2]]
[2022.10.08-09.37.19:500][  0]LogConfig: Setting CVar [[r.SSR.Quality:3]]
[2022.10.08-09.37.19:500][  0]LogConfig: Setting CVar [[r.SSR.HalfResSceneColor:0]]
[2022.10.08-09.37.19:500][  0]LogConfig: Setting CVar [[r.SceneColorFormat:4]]
[2022.10.08-09.37.19:500][  0]LogConfig: Setting CVar [[r.DetailMode:2]]
[2022.10.08-09.37.19:500][  0]LogConfig: Setting CVar [[r.TranslucencyVolumeBlur:1]]
[2022.10.08-09.37.19:500][  0]LogConfig: Setting CVar [[r.MaterialQualityLevel:1 ; High quality]]
[2022.10.08-09.37.19:500][  0]LogConfig: Setting CVar [[r.SSS.Scale:1]]
[2022.10.08-09.37.19:500][  0]LogConfig: Setting CVar [[r.SSS.SampleSet:2]]
[2022.10.08-09.37.19:500][  0]LogConfig: Setting CVar [[r.SSS.Quality:1]]
[2022.10.08-09.37.19:500][  0]LogConfig: Setting CVar [[r.SSS.HalfRes:0]]
[2022.10.08-09.37.19:500][  0]LogConfig: Setting CVar [[r.SSGI.Quality:3]]
[2022.10.08-09.37.19:500][  0]LogConfig: Setting CVar [[r.EmitterSpawnRateScale:1.0]]
[2022.10.08-09.37.19:500][  0]LogConfig: Setting CVar [[r.ParticleLightQuality:2]]
[2022.10.08-09.37.19:500][  0]LogConfig: Setting CVar [[r.SkyAtmosphere.AerialPerspectiveLUT.FastApplyOnOpaque:1 ; Always have FastSkyLUT 1 in this case to avoid wrong sky]]
[2022.10.08-09.37.19:500][  0]LogConfig: Setting CVar [[r.SkyAtmosphere.AerialPerspectiveLUT.SampleCountPerSlice:1]]
[2022.10.08-09.37.19:500][  0]LogConfig: Setting CVar [[r.SkyAtmosphere.AerialPerspectiveLUT.DepthResolution:16.0]]
[2022.10.08-09.37.19:500][  0]LogConfig: Setting CVar [[r.SkyAtmosphere.FastSkyLUT:1]]
[2022.10.08-09.37.19:500][  0]LogConfig: Setting CVar [[r.SkyAtmosphere.FastSkyLUT.SampleCountMin:4.0]]
[2022.10.08-09.37.19:500][  0]LogConfig: Setting CVar [[r.SkyAtmosphere.FastSkyLUT.SampleCountMax:32.0]]
[2022.10.08-09.37.19:500][  0]LogConfig: Setting CVar [[r.SkyAtmosphere.SampleCountMin:4.0]]
[2022.10.08-09.37.19:500][  0]LogConfig: Setting CVar [[r.SkyAtmosphere.SampleCountMax:32.0]]
[2022.10.08-09.37.19:500][  0]LogConfig: Setting CVar [[r.SkyAtmosphere.TransmittanceLUT.UseSmallFormat:0]]
[2022.10.08-09.37.19:500][  0]LogConfig: Setting CVar [[r.SkyAtmosphere.TransmittanceLUT.SampleCount:10.0]]
[2022.10.08-09.37.19:500][  0]LogConfig: Setting CVar [[r.SkyAtmosphere.MultiScatteringLUT.SampleCount:15.0]]
[2022.10.08-09.37.19:500][  0]LogConfig: Applying CVar settings from Section [FoliageQuality@3] File [C:/Users/Chanwoongs/Desktop/Project/Unreal_Engine_Tutorial/C++/ActionGame/Saved/Config/Windows/Scalability.ini]
[2022.10.08-09.37.19:500][  0]LogConfig: Setting CVar [[foliage.DensityScale:1.0]]
[2022.10.08-09.37.19:500][  0]LogConfig: Setting CVar [[grass.DensityScale:1.0]]
[2022.10.08-09.37.19:500][  0]LogConfig: Applying CVar settings from Section [ShadingQuality@3] File [C:/Users/Chanwoongs/Desktop/Project/Unreal_Engine_Tutorial/C++/ActionGame/Saved/Config/Windows/Scalability.ini]
[2022.10.08-09.37.19:500][  0]LogConfig: Setting CVar [[r.HairStrands.SkyLighting.SampleCount:16]]
[2022.10.08-09.37.19:500][  0]LogConfig: Setting CVar [[r.HairStrands.SkyLighting.JitterIntegration:0]]
[2022.10.08-09.37.19:500][  0]LogConfig: Setting CVar [[r.HairStrands.SkyAO.SampleCount:16]]
[2022.10.08-09.37.19:500][  0]LogConfig: Setting CVar [[r.HairStrands.DeepShadow.SuperSampling:0]]
[2022.10.08-09.37.19:500][  0]LogConfig: Setting CVar [[r.HairStrands.VisibilityPPLL:0]]
[2022.10.08-09.37.19:500][  0]LogConfig: Setting CVar [[r.HairStrands.RasterizationScale:0.5]]
[2022.10.08-09.37.19:500][  0]LogConfig: Setting CVar [[r.HairStrands.VelocityRasterizationScale:1]]
[2022.10.08-09.37.19:500][  0]LogInit: Selected Device Profile: [Windows]
[2022.10.08-09.37.19:500][  0]LogInit: Applying CVar settings loaded from the selected device profile: [Windows]
[2022.10.08-09.37.19:500][  0]LogHAL: Display: Platform has ~ 48 GB [51453968384 / 68719476736 / 48], which maps to Largest [LargestMinGB=32, LargerMinGB=12, DefaultMinGB=8, SmallerMinGB=6, SmallestMinGB=0)
[2022.10.08-09.37.19:500][  0]LogInit: Going up to parent DeviceProfile []
[2022.10.08-09.37.19:500][  0]LogConfig: Applying CVar settings from Section [ViewDistanceQuality@3] File [C:/Users/Chanwoongs/Desktop/Project/Unreal_Engine_Tutorial/C++/ActionGame/Saved/Config/Windows/Scalability.ini]
[2022.10.08-09.37.19:500][  0]LogConfig: Setting CVar [[r.SkeletalMeshLODBias:0]]
[2022.10.08-09.37.19:500][  0]LogConfig: Setting CVar [[r.ViewDistanceScale:1.0]]
[2022.10.08-09.37.19:500][  0]LogConfig: Applying CVar settings from Section [AntiAliasingQuality@3] File [C:/Users/Chanwoongs/Desktop/Project/Unreal_Engine_Tutorial/C++/ActionGame/Saved/Config/Windows/Scalability.ini]
[2022.10.08-09.37.19:500][  0]LogConfig: Setting CVar [[r.PostProcessAAQuality:4]]
[2022.10.08-09.37.19:500][  0]LogConfig: Applying CVar settings from Section [ShadowQuality@3] File [C:/Users/Chanwoongs/Desktop/Project/Unreal_Engine_Tutorial/C++/ActionGame/Saved/Config/Windows/Scalability.ini]
[2022.10.08-09.37.19:500][  0]LogConfig: Setting CVar [[r.LightFunctionQuality:1]]
[2022.10.08-09.37.19:500][  0]LogConfig: Setting CVar [[r.ShadowQuality:5]]
[2022.10.08-09.37.19:500][  0]LogConfig: Setting CVar [[r.Shadow.CSM.MaxCascades:10]]
[2022.10.08-09.37.19:500][  0]LogConfig: Setting CVar [[r.Shadow.MaxResolution:2048]]
[2022.10.08-09.37.19:500][  0]LogConfig: Setting CVar [[r.Shadow.MaxCSMResolution:2048]]
[2022.10.08-09.37.19:500][  0]LogConfig: Setting CVar [[r.Shadow.RadiusThreshold:0.01]]
[2022.10.08-09.37.19:500][  0]LogConfig: Setting CVar [[r.Shadow.DistanceScale:1.0]]
[2022.10.08-09.37.19:500][  0]LogConfig: Setting CVar [[r.Shadow.CSM.TransitionScale:1.0]]
[2022.10.08-09.37.19:500][  0]LogConfig: Setting CVar [[r.Shadow.PreShadowResolutionFactor:1.0]]
[2022.10.08-09.37.19:500][  0]LogConfig: Setting CVar [[r.DistanceFieldShadowing:1]]
[2022.10.08-09.37.19:500][  0]LogConfig: Setting CVar [[r.DistanceFieldAO:1]]
[2022.10.08-09.37.19:500][  0]LogConfig: Setting CVar [[r.AOQuality:2]]
[2022.10.08-09.37.19:500][  0]LogConfig: Setting CVar [[r.VolumetricFog:1]]
[2022.10.08-09.37.19:500][  0]LogConfig: Setting CVar [[r.VolumetricFog.GridPixelSize:8]]
[2022.10.08-09.37.19:500][  0]LogConfig: Setting CVar [[r.VolumetricFog.GridSizeZ:128]]
[2022.10.08-09.37.19:500][  0]LogConfig: Setting CVar [[r.VolumetricFog.HistoryMissSupersampleCount:4]]
[2022.10.08-09.37.19:500][  0]LogConfig: Setting CVar [[r.LightMaxDrawDistanceScale:1]]
[2022.10.08-09.37.19:500][  0]LogConfig: Setting CVar [[r.CapsuleShadows:1]]
[2022.10.08-09.37.19:500][  0]LogConfig: Applying CVar settings from Section [PostProcessQuality@3] File [C:/Users/Chanwoongs/Desktop/Project/Unreal_Engine_Tutorial/C++/ActionGame/Saved/Config/Windows/Scalability.ini]
[2022.10.08-09.37.19:501][  0]LogConfig: Setting CVar [[r.MotionBlurQuality:4]]
[2022.10.08-09.37.19:501][  0]LogConfig: Setting CVar [[r.AmbientOcclusionMipLevelFactor:0.4]]
[2022.10.08-09.37.19:501][  0]LogConfig: Setting CVar [[r.AmbientOcclusionMaxQuality:100]]
[2022.10.08-09.37.19:501][  0]LogConfig: Setting CVar [[r.AmbientOcclusionLevels:-1]]
[2022.10.08-09.37.19:501][  0]LogConfig: Setting CVar [[r.AmbientOcclusionRadiusScale:1.0]]
[2022.10.08-09.37.19:501][  0]LogConfig: Setting CVar [[r.DepthOfFieldQuality:2]]
[2022.10.08-09.37.19:501][  0]LogConfig: Setting CVar [[r.RenderTargetPoolMin:400]]
[2022.10.08-09.37.19:501][  0]LogConfig: Setting CVar [[r.LensFlareQuality:2]]
[2022.10.08-09.37.19:501][  0]LogConfig: Setting CVar [[r.SceneColorFringeQuality:1]]
[2022.10.08-09.37.19:501][  0]LogConfig: Setting CVar [[r.EyeAdaptationQuality:2]]
[2022.10.08-09.37.19:501][  0]LogConfig: Setting CVar [[r.BloomQuality:5]]
[2022.10.08-09.37.19:501][  0]LogConfig: Setting CVar [[r.FastBlurThreshold:100]]
[2022.10.08-09.37.19:501][  0]LogConfig: Setting CVar [[r.Upscale.Quality:3]]
[2022.10.08-09.37.19:501][  0]LogConfig: Setting CVar [[r.Tonemapper.GrainQuantization:1]]
[2022.10.08-09.37.19:501][  0]LogConfig: Setting CVar [[r.LightShaftQuality:1]]
[2022.10.08-09.37.19:501][  0]LogConfig: Setting CVar [[r.Filter.SizeScale:1]]
[2022.10.08-09.37.19:501][  0]LogConfig: Setting CVar [[r.Tonemapper.Quality:5]]
[2022.10.08-09.37.19:501][  0]LogConfig: Setting CVar [[r.DOF.Gather.AccumulatorQuality:1        ; higher gathering accumulator quality]]
[2022.10.08-09.37.19:501][  0]LogConfig: Setting CVar [[r.DOF.Gather.PostfilterMethod:1          ; Median3x3 postfilering method]]
[2022.10.08-09.37.19:501][  0]LogConfig: Setting CVar [[r.DOF.Gather.EnableBokehSettings:0       ; no bokeh simulation when gathering]]
[2022.10.08-09.37.19:501][  0]LogConfig: Setting CVar [[r.DOF.Gather.RingCount:4                 ; medium number of samples when gathering]]
[2022.10.08-09.37.19:501][  0]LogConfig: Setting CVar [[r.DOF.Scatter.ForegroundCompositing:1    ; additive foreground scattering]]
[2022.10.08-09.37.19:501][  0]LogConfig: Setting CVar [[r.DOF.Scatter.BackgroundCompositing:2    ; additive background scattering]]
[2022.10.08-09.37.19:501][  0]LogConfig: Setting CVar [[r.DOF.Scatter.EnableBokehSettings:1      ; bokeh simulation when scattering]]
[2022.10.08-09.37.19:501][  0]LogConfig: Setting CVar [[r.DOF.Scatter.MaxSpriteRatio:0.1         ; only a maximum of 10% of scattered bokeh]]
[2022.10.08-09.37.19:501][  0]LogConfig: Setting CVar [[r.DOF.Recombine.Quality:1                ; cheap slight out of focus]]
[2022.10.08-09.37.19:501][  0]LogConfig: Setting CVar [[r.DOF.Recombine.EnableBokehSettings:0    ; no bokeh simulation on slight out of focus]]
[2022.10.08-09.37.19:501][  0]LogConfig: Setting CVar [[r.DOF.TemporalAAQuality:1                ; more stable temporal accumulation]]
[2022.10.08-09.37.19:501][  0]LogConfig: Setting CVar [[r.DOF.Kernel.MaxForegroundRadius:0.025]]
[2022.10.08-09.37.19:501][  0]LogConfig: Setting CVar [[r.DOF.Kernel.MaxBackgroundRadius:0.025]]
[2022.10.08-09.37.19:501][  0]LogConfig: Applying CVar settings from Section [TextureQuality@3] File [C:/Users/Chanwoongs/Desktop/Project/Unreal_Engine_Tutorial/C++/ActionGame/Saved/Config/Windows/Scalability.ini]
[2022.10.08-09.37.19:501][  0]LogConfig: Setting CVar [[r.Streaming.MipBias:0]]
[2022.10.08-09.37.19:501][  0]LogConfig: Setting CVar [[r.Streaming.AmortizeCPUToGPUCopy:0]]
[2022.10.08-09.37.19:501][  0]LogConfig: Setting CVar [[r.Streaming.MaxNumTexturesToStreamPerFrame:0]]
[2022.10.08-09.37.19:501][  0]LogConfig: Setting CVar [[r.Streaming.Boost:1]]
[2022.10.08-09.37.19:501][  0]LogConfig: Setting CVar [[r.MaxAnisotropy:8]]
[2022.10.08-09.37.19:501][  0]LogConfig: Setting CVar [[r.VT.MaxAnisotropy:8]]
[2022.10.08-09.37.19:501][  0]LogConfig: Setting CVar [[r.Streaming.LimitPoolSizeToVRAM:0]]
[2022.10.08-09.37.19:501][  0]LogConfig: Setting CVar [[r.Streaming.PoolSize:1000]]
[2022.10.08-09.37.19:501][  0]LogConfig: Setting CVar [[r.Streaming.MaxEffectiveScreenSize:0]]
[2022.10.08-09.37.19:501][  0]LogConfig: Applying CVar settings from Section [EffectsQuality@3] File [C:/Users/Chanwoongs/Desktop/Project/Unreal_Engine_Tutorial/C++/ActionGame/Saved/Config/Windows/Scalability.ini]
[2022.10.08-09.37.19:501][  0]LogConfig: Setting CVar [[r.TranslucencyLightingVolumeDim:64]]
[2022.10.08-09.37.19:501][  0]LogConfig: Setting CVar [[r.RefractionQuality:2]]
[2022.10.08-09.37.19:501][  0]LogConfig: Setting CVar [[r.SSR.Quality:3]]
[2022.10.08-09.37.19:501][  0]LogConfig: Setting CVar [[r.SSR.HalfResSceneColor:0]]
[2022.10.08-09.37.19:501][  0]LogConfig: Setting CVar [[r.SceneColorFormat:4]]
[2022.10.08-09.37.19:501][  0]LogConfig: Setting CVar [[r.DetailMode:2]]
[2022.10.08-09.37.19:501][  0]LogConfig: Setting CVar [[r.TranslucencyVolumeBlur:1]]
[2022.10.08-09.37.19:501][  0]LogConfig: Setting CVar [[r.MaterialQualityLevel:1 ; High quality]]
[2022.10.08-09.37.19:501][  0]LogConfig: Setting CVar [[r.SSS.Scale:1]]
[2022.10.08-09.37.19:501][  0]LogConfig: Setting CVar [[r.SSS.SampleSet:2]]
[2022.10.08-09.37.19:501][  0]LogConfig: Setting CVar [[r.SSS.Quality:1]]
[2022.10.08-09.37.19:501][  0]LogConfig: Setting CVar [[r.SSS.HalfRes:0]]
[2022.10.08-09.37.19:501][  0]LogConfig: Setting CVar [[r.SSGI.Quality:3]]
[2022.10.08-09.37.19:501][  0]LogConfig: Setting CVar [[r.EmitterSpawnRateScale:1.0]]
[2022.10.08-09.37.19:501][  0]LogConfig: Setting CVar [[r.ParticleLightQuality:2]]
[2022.10.08-09.37.19:501][  0]LogConfig: Setting CVar [[r.SkyAtmosphere.AerialPerspectiveLUT.FastApplyOnOpaque:1 ; Always have FastSkyLUT 1 in this case to avoid wrong sky]]
[2022.10.08-09.37.19:501][  0]LogConfig: Setting CVar [[r.SkyAtmosphere.AerialPerspectiveLUT.SampleCountPerSlice:1]]
[2022.10.08-09.37.19:501][  0]LogConfig: Setting CVar [[r.SkyAtmosphere.AerialPerspectiveLUT.DepthResolution:16.0]]
[2022.10.08-09.37.19:501][  0]LogConfig: Setting CVar [[r.SkyAtmosphere.FastSkyLUT:1]]
[2022.10.08-09.37.19:501][  0]LogConfig: Setting CVar [[r.SkyAtmosphere.FastSkyLUT.SampleCountMin:4.0]]
[2022.10.08-09.37.19:501][  0]LogConfig: Setting CVar [[r.SkyAtmosphere.FastSkyLUT.SampleCountMax:32.0]]
[2022.10.08-09.37.19:501][  0]LogConfig: Setting CVar [[r.SkyAtmosphere.SampleCountMin:4.0]]
[2022.10.08-09.37.19:501][  0]LogConfig: Setting CVar [[r.SkyAtmosphere.SampleCountMax:32.0]]
[2022.10.08-09.37.19:501][  0]LogConfig: Setting CVar [[r.SkyAtmosphere.TransmittanceLUT.UseSmallFormat:0]]
[2022.10.08-09.37.19:501][  0]LogConfig: Setting CVar [[r.SkyAtmosphere.TransmittanceLUT.SampleCount:10.0]]
[2022.10.08-09.37.19:501][  0]LogConfig: Setting CVar [[r.SkyAtmosphere.MultiScatteringLUT.SampleCount:15.0]]
[2022.10.08-09.37.19:501][  0]LogConfig: Applying CVar settings from Section [FoliageQuality@3] File [C:/Users/Chanwoongs/Desktop/Project/Unreal_Engine_Tutorial/C++/ActionGame/Saved/Config/Windows/Scalability.ini]
[2022.10.08-09.37.19:501][  0]LogConfig: Setting CVar [[foliage.DensityScale:1.0]]
[2022.10.08-09.37.19:501][  0]LogConfig: Setting CVar [[grass.DensityScale:1.0]]
[2022.10.08-09.37.19:501][  0]LogConfig: Applying CVar settings from Section [ShadingQuality@3] File [C:/Users/Chanwoongs/Desktop/Project/Unreal_Engine_Tutorial/C++/ActionGame/Saved/Config/Windows/Scalability.ini]
[2022.10.08-09.37.19:501][  0]LogConfig: Setting CVar [[r.HairStrands.SkyLighting.SampleCount:16]]
[2022.10.08-09.37.19:501][  0]LogConfig: Setting CVar [[r.HairStrands.SkyLighting.JitterIntegration:0]]
[2022.10.08-09.37.19:501][  0]LogConfig: Setting CVar [[r.HairStrands.SkyAO.SampleCount:16]]
[2022.10.08-09.37.19:501][  0]LogConfig: Setting CVar [[r.HairStrands.DeepShadow.SuperSampling:0]]
[2022.10.08-09.37.19:501][  0]LogConfig: Setting CVar [[r.HairStrands.VisibilityPPLL:0]]
[2022.10.08-09.37.19:501][  0]LogConfig: Setting CVar [[r.HairStrands.RasterizationScale:0.5]]
[2022.10.08-09.37.19:501][  0]LogConfig: Setting CVar [[r.HairStrands.VelocityRasterizationScale:1]]
[2022.10.08-09.37.19:501][  0]LogConfig: Applying CVar settings from Section [Startup] File [../../../Engine/Config/ConsoleVariables.ini]
[2022.10.08-09.37.19:502][  0]LogConfig: Setting CVar [[net.UseAdaptiveNetUpdateFrequency:0]]
[2022.10.08-09.37.19:502][  0]LogConfig: Setting CVar [[p.chaos.AllowCreatePhysxBodies:1]]
[2022.10.08-09.37.19:502][  0]LogConfig: Setting CVar [[fx.SkipVectorVMBackendOptimizations:1]]
[2022.10.08-09.37.19:502][  0]LogConfig: Applying CVar settings from Section [ConsoleVariables] File [C:/Users/Chanwoongs/Desktop/Project/Unreal_Engine_Tutorial/C++/ActionGame/Saved/Config/Windows/Engine.ini]
[2022.10.08-09.37.19:502][  0]LogInit: Computer: 찬웅
[2022.10.08-09.37.19:502][  0]LogInit: User: Chanwoongs
[2022.10.08-09.37.19:502][  0]LogInit: CPU Page size=4096, Cores=8
[2022.10.08-09.37.19:502][  0]LogInit: High frequency timer resolution =10.000000 MHz
[2022.10.08-09.37.19:502][  0]LogMemory: Memory total: Physical=47.9GB (48GB approx)
[2022.10.08-09.37.19:502][  0]LogMemory: Platform Memory Stats for Windows
[2022.10.08-09.37.19:502][  0]LogMemory: Process Physical Memory: 119.34 MB used, 119.35 MB peak
[2022.10.08-09.37.19:502][  0]LogMemory: Process Virtual Memory: 97.36 MB used, 97.36 MB peak
[2022.10.08-09.37.19:502][  0]LogMemory: Physical Memory: 14545.11 MB used,  34525.22 MB free, 49070.33 MB total
[2022.10.08-09.37.19:502][  0]LogMemory: Virtual Memory: 5150.08 MB used,  134212576.00 MB free, 134217728.00 MB total
[2022.10.08-09.37.19:514][  0]LogWindows: WindowsPlatformFeatures enabled
[2022.10.08-09.37.19:655][  0]LogInit: Physics initialised using underlying interface: PhysX
[2022.10.08-09.37.19:656][  0]LogInit: Using OS detected language (ko-KR).
[2022.10.08-09.37.19:656][  0]LogInit: Using OS detected locale (ko-KR).
[2022.10.08-09.37.19:657][  0]LogTextLocalizationManager: No specific localization for 'ko-KR' exists, so the 'ko' localization will be used.
[2022.10.08-09.37.19:779][  0]LogSlate: New Slate User Created.  User Index 0, Is Virtual User: 0
[2022.10.08-09.37.19:779][  0]LogSlate: Slate User Registered.  User Index 0, Is Virtual User: 0
[2022.10.08-09.37.19:797][  0]LogD3D12RHI: Aftermath initialized
[2022.10.08-09.37.19:797][  0]LogD3D12RHI: Loading WinPixEventRuntime.dll for PIX profiling (from ../../../Engine/Binaries/ThirdParty/Windows/WinPixEventRuntime/x64).
[2022.10.08-09.37.19:805][  0]LogHMD: Failed to initialize OpenVR with code 110
[2022.10.08-09.37.20:050][  0]LogD3D12RHI: Found D3D12 adapter 0: NVIDIA GeForce RTX 2080 (Max supported Feature Level 12_1)
[2022.10.08-09.37.20:050][  0]LogD3D12RHI: Adapter has 8010MB of dedicated video memory, 0MB of dedicated system memory, and 24535MB of shared system memory, 2 output[s]
[2022.10.08-09.37.20:058][  0]LogD3D12RHI: Found D3D12 adapter 1: Microsoft Basic Render Driver (Max supported Feature Level 12_1)
[2022.10.08-09.37.20:058][  0]LogD3D12RHI: Adapter has 0MB of dedicated video memory, 0MB of dedicated system memory, and 24535MB of shared system memory, 0 output[s]
[2022.10.08-09.37.20:058][  0]LogD3D12RHI: Forcing D3D12.AsyncDeferredDeletion=0 as a workaround for a deadlock.
[2022.10.08-09.37.20:058][  0]LogD3D12RHI: Chosen D3D12 Adapter Id = 0
[2022.10.08-09.37.20:064][  0]LogD3D12RHI: Emitting draw events for PIX profiling.
[2022.10.08-09.37.20:140][  0]LogD3D12RHI: D3D12 ray tracing enabled.
[2022.10.08-09.37.20:140][  0]LogD3D12RHI: The system supports ID3D12Device1.
[2022.10.08-09.37.20:140][  0]LogD3D12RHI: The system supports ID3D12Device2.
[2022.10.08-09.37.20:191][  0]LogD3D12RHI: [GPUBreadCrumb] Successfully setup breadcrumb resource for 3D Queue 0
[2022.10.08-09.37.20:196][  0]LogD3D12RHI: [GPUBreadCrumb] Successfully setup breadcrumb resource for Copy Queue 0
[2022.10.08-09.37.20:211][  0]LogD3D12RHI: [GPUBreadCrumb] Successfully setup breadcrumb resource for Compute Queue 0
[2022.10.08-09.37.20:217][  0]LogD3D12RHI: Display: Not using pipeline state disk cache per r.D3D12.PSO.DiskCache=0
[2022.10.08-09.37.20:217][  0]LogD3D12RHI: Display: Not using driver-optimized pipeline state disk cache per r.D3D12.PSO.DriverOptimizedDiskCache=0
[2022.10.08-09.37.20:218][  0]LogD3D12RHI:     GPU DeviceId: 0x1e87 (for the marketing name, search the web for "GPU Device Id")
[2022.10.08-09.37.20:218][  0]LogWindows: EnumDisplayDevices:
[2022.10.08-09.37.20:219][  0]LogWindows:    0. 'NVIDIA GeForce RTX 2080' (P:1 D:1)
[2022.10.08-09.37.20:220][  0]LogWindows:    1. 'NVIDIA GeForce RTX 2080' (P:0 D:1)
[2022.10.08-09.37.20:221][  0]LogWindows:    2. 'NVIDIA GeForce RTX 2080' (P:0 D:0)
[2022.10.08-09.37.20:222][  0]LogWindows:    3. 'NVIDIA GeForce RTX 2080' (P:0 D:0)
[2022.10.08-09.37.20:223][  0]LogWindows: DebugString: FoundDriverCount:4 
[2022.10.08-09.37.20:223][  0]LogD3D12RHI:     Adapter Name: NVIDIA GeForce RTX 2080
[2022.10.08-09.37.20:223][  0]LogD3D12RHI:   Driver Version: 517.48 (internal:31.0.15.1748, unified:517.48)
[2022.10.08-09.37.20:223][  0]LogD3D12RHI:      Driver Date: 9-21-2022
[2022.10.08-09.37.20:223][  0]LogRHI: Texture pool is 4562 MB (70% of 6517 MB)
[2022.10.08-09.37.20:223][  0]LogD3D12RHI: Async texture creation enabled
[2022.10.08-09.37.20:223][  0]LogD3D12RHI: RHI has support for 64 bit atomics
[2022.10.08-09.37.20:657][  0]LogTargetPlatformManager: Display: Loaded TargetPlatform 'WindowsNoEditor'
[2022.10.08-09.37.20:664][  0]LogTargetPlatformManager: Display: Loaded TargetPlatform 'Windows'
[2022.10.08-09.37.20:675][  0]LogTargetPlatformManager: Display: Loaded TargetPlatform 'WindowsClient'
[2022.10.08-09.37.20:686][  0]LogTargetPlatformManager: Display: Loaded TargetPlatform 'WindowsServer'
[2022.10.08-09.37.20:686][  0]LogTargetPlatformManager: Display: Building Assets For Windows
[2022.10.08-09.37.20:699][  0]LogAudioDebug: Display: Lib vorbis DLL was dynamically loaded.
[2022.10.08-09.37.20:793][  0]LogShaderCompilers: Guid format shader working directory is -23 characters bigger than the processId version (C:/Users/Chanwoongs/Desktop/Project/Unreal_Engine_Tutorial/C++/ActionGame/Intermediate/Shaders/WorkingDirectory/22356/).
[2022.10.08-09.37.20:793][  0]LogShaderCompilers: Cleaned the shader compiler working directory 'C:/Users/Chanwoongs/AppData/Local/Temp/UnrealShaderWorkingDir/B016CB264922060CF5B8C19C83CD25E8/'.
[2022.10.08-09.37.20:794][  0]LogXGEController: Cannot use XGE Controller as Incredibuild is not installed on this machine.
[2022.10.08-09.37.20:794][  0]LogShaderCompilers: Cannot use XGE Shader Compiler as Incredibuild is not installed on this machine.
[2022.10.08-09.37.20:794][  0]LogShaderCompilers: Display: Using Local Shader Compiler.
[2022.10.08-09.37.21:472][  0]LogDerivedDataCache: Display: Max Cache Size: 512 MB
[2022.10.08-09.37.21:522][  0]LogDerivedDataCache: Loaded boot cache 0.05s 114MB C:/Users/Chanwoongs/AppData/Local/UnrealEngine/4.25/DerivedDataCache/Boot.ddc.
[2022.10.08-09.37.21:522][  0]LogDerivedDataCache: Display: Loaded Boot cache: C:/Users/Chanwoongs/AppData/Local/UnrealEngine/4.25/DerivedDataCache/Boot.ddc
[2022.10.08-09.37.21:522][  0]LogDerivedDataCache: FDerivedDataBackendGraph:  Pak pak cache file C:/Users/Chanwoongs/Desktop/Project/Unreal_Engine_Tutorial/C++/ActionGame/DerivedDataCache/DDC.ddp not found, will not use a pak cache.
[2022.10.08-09.37.21:522][  0]LogDerivedDataCache: Unable to find inner node Pak for hierarchical cache Hierarchy.
[2022.10.08-09.37.21:522][  0]LogDerivedDataCache: FDerivedDataBackendGraph:  CompressedPak pak cache file C:/Users/Chanwoongs/Desktop/Project/Unreal_Engine_Tutorial/C++/ActionGame/DerivedDataCache/Compressed.ddp not found, will not use a pak cache.
[2022.10.08-09.37.21:522][  0]LogDerivedDataCache: Unable to find inner node CompressedPak for hierarchical cache Hierarchy.
[2022.10.08-09.37.21:530][  0]LogDerivedDataCache: Display: Pak cache opened for reading ../../../Engine/DerivedDataCache/Compressed.ddp.
[2022.10.08-09.37.21:530][  0]LogDerivedDataCache: FDerivedDataBackendGraph:  EnterprisePak pak cache file ../../../Enterprise/DerivedDataCache/Compressed.ddp not found, will not use a pak cache.
[2022.10.08-09.37.21:530][  0]LogDerivedDataCache: Unable to find inner node EnterprisePak for hierarchical cache Hierarchy.
[2022.10.08-09.37.21:532][  0]LogDerivedDataCache: Using Local data cache path C:/Users/Chanwoongs/AppData/Local/UnrealEngine/Common/DerivedDataCache: Writable
[2022.10.08-09.37.21:532][  0]LogDerivedDataCache: Shared data cache path not found in *engine.ini, will not use an Shared cache.
[2022.10.08-09.37.21:532][  0]LogDerivedDataCache: Unable to find inner node Shared for hierarchical cache Hierarchy.
[2022.10.08-09.37.21:573][  0]LogSlate: Using FreeType 2.10.0
[2022.10.08-09.37.21:573][  0]LogSlate: SlateFontServices - WITH_FREETYPE: 1, WITH_HARFBUZZ: 1
[2022.10.08-09.37.21:663][  0]LogInit: Using OS detected language (ko-KR).
[2022.10.08-09.37.21:663][  0]LogInit: Using OS detected locale (ko-KR).
[2022.10.08-09.37.21:663][  0]LogTextLocalizationManager: No localization for 'ko-KR' exists, so 'en' will be used for the language.
[2022.10.08-09.37.21:663][  0]LogTextLocalizationManager: No localization for 'ko-KR' exists, so 'en' will be used for the locale.
[2022.10.08-09.37.21:663][  0]LogSlate: FontCache flush requested. Reason: Culture for localization was changed
[2022.10.08-09.37.21:663][  0]LogSlate: FontCache flush requested. Reason: Culture for localization was changed
[2022.10.08-09.37.21:664][  0]LogTextLocalizationManager: Compacting localization data took   0.00ms
[2022.10.08-09.37.21:666][  0]LogAssetRegistry: FAssetRegistry took 0.0014 seconds to start up
[2022.10.08-09.37.21:805][  0]LogPackageLocalizationCache: Processed 19 localized package path(s) for 1 prioritized culture(s) in 0.001041 seconds
[2022.10.08-09.37.21:855][  0]LogInit: Selected Device Profile: [Windows]
[2022.10.08-09.37.21:972][  0]LogMeshReduction: Using QuadricMeshReduction for automatic static mesh reduction
[2022.10.08-09.37.21:972][  0]LogMeshReduction: Using SimplygonMeshReduction for automatic skeletal mesh reduction
[2022.10.08-09.37.21:972][  0]LogMeshReduction: Using ProxyLODMeshReduction for automatic mesh merging
[2022.10.08-09.37.21:972][  0]LogMeshReduction: No distributed automatic mesh merging module available
[2022.10.08-09.37.21:972][  0]LogMeshMerging: No distributed automatic mesh merging module available
[2022.10.08-09.37.22:073][  0]LogNetVersion: ActionGame 1.0.0, NetCL: 13144385, EngineNetVer: 14, GameNetVer: 0 (Checksum: 4144894281)
[2022.10.08-09.37.22:263][  0]LogAISub: UAISubsystem::UAISubsystem AISubsystem (00000238224C8100), frame # 0
[2022.10.08-09.37.22:263][  0]LogAISub: UAISubsystem::UAISubsystem AIPerceptionSystem (00000238223E2980), frame # 0
[2022.10.08-09.37.22:264][  0]LogAISub: UAISubsystem::UAISubsystem EnvQueryManager (00000238223E7600), frame # 0
[2022.10.08-09.37.22:384][  0]LogCollectionManager: Loaded 0 collections in 0.001128 seconds
[2022.10.08-09.37.22:386][  0]LogFileCache: Scanning file cache for directory 'C:/Users/Chanwoongs/Desktop/Project/Unreal_Engine_Tutorial/C++/ActionGame/Saved/Collections/' took 0.00s
[2022.10.08-09.37.22:386][  0]LogFileCache: Scanning file cache for directory 'C:/Users/Chanwoongs/Desktop/Project/Unreal_Engine_Tutorial/C++/ActionGame/Content/Developers/Chanwoongs/Collections/' took 0.00s
[2022.10.08-09.37.22:386][  0]LogFileCache: Scanning file cache for directory 'C:/Users/Chanwoongs/Desktop/Project/Unreal_Engine_Tutorial/C++/ActionGame/Content/Collections/' took 0.00s
[2022.10.08-09.37.22:386][  0]LogCollectionManager: Fixed up redirectors for 0 collections in 0.000003 seconds (updated 0 objects)
[2022.10.08-09.37.22:479][  0]LogMoviePlayer: Initializing movie player
[2022.10.08-09.37.22:579][  0]LogD3D12RHI: Creating RTPSO with 3 shaders (0 cached, 3 new) took 35.25 ms. Compile time 5.54 ms, link time 29.64 ms.
[2022.10.08-09.37.22:605][  0]LogD3D12RHI: Creating RTPSO with 3 shaders (1 cached, 2 new) took 25.73 ms. Compile time 2.33 ms, link time 23.38 ms.
[2022.10.08-09.37.22:777][  0]LogTcpMessaging: Initializing TcpMessaging bridge
[2022.10.08-09.37.22:783][  0]LogUdpMessaging: Initializing bridge on interface 0.0.0.0:0 to multicast group 230.0.0.1:6666.
[2022.10.08-09.37.22:831][  0]LogAnimation: Warning: SkeletalMesh SK_Mannequin has no skeleton. This needs to fixed before an animation can be set
[2022.10.08-09.37.22:840][  0]LogAnimation: Warning: SkeletalMesh SK_Mannequin has no skeleton. This needs to fixed before an animation can be set
[2022.10.08-09.37.22:842][  0]LogAnimation: Warning: SkeletalMesh SK_Mannequin has no skeleton. This needs to fixed before an animation can be set
[2022.10.08-09.37.22:891][  0]LogUObjectGlobals: Warning: 'C:/Users/Chanwoongs/Desktop/Project/Unreal_Engine_Tutorial/C++/ActionGame/Content/Character/Montages/OneHand/Sword_Draw_Montage.uasset' 로드 도중 '/Game/Notifies/Sword/AN_Equipped' 로드에 실패했습니다: 파일을 찾을 수 없습니다.
[2022.10.08-09.37.22:891][  0]LogUObjectGlobals: Warning: 'C:/Users/Chanwoongs/Desktop/Project/Unreal_Engine_Tutorial/C++/ActionGame/Content/Character/Montages/OneHand/Sword_Draw_Montage.uasset' 로드 도중 '/Game/Notifies/Sword/AN_Equipped' 로드에 실패했습니다: 애셋에 대한 파일을 찾을 수 없습니다.
[2022.10.08-09.37.22:892][  0]LogUObjectGlobals: Warning: 'C:/Users/Chanwoongs/Desktop/Project/Unreal_Engine_Tutorial/C++/ActionGame/Content/Character/Montages/OneHand/Sword_Draw_Montage.uasset' 로드 도중 '/Game/Notifies/Sword/AN_Equipped' 로드에 실패했습니다: 파일을 찾을 수 없습니다.
[2022.10.08-09.37.22:892][  0]LogUObjectGlobals: Warning: 'C:/Users/Chanwoongs/Desktop/Project/Unreal_Engine_Tutorial/C++/ActionGame/Content/Character/Montages/OneHand/Sword_Draw_Montage.uasset' 로드 도중 '/Game/Notifies/Sword/AN_Equipped' 로드에 실패했습니다: 애셋에 대한 파일을 찾을 수 없습니다.
[2022.10.08-09.37.22:892][  0]LogUObjectGlobals: Warning: 'C:/Users/Chanwoongs/Desktop/Project/Unreal_Engine_Tutorial/C++/ActionGame/Content/Character/Montages/OneHand/Sword_Draw_Montage.uasset' 로드 도중 '/Game/Notifies/Sword/AN_GrabSword' 로드에 실패했습니다: 파일을 찾을 수 없습니다.
[2022.10.08-09.37.22:892][  0]LogUObjectGlobals: Warning: 'C:/Users/Chanwoongs/Desktop/Project/Unreal_Engine_Tutorial/C++/ActionGame/Content/Character/Montages/OneHand/Sword_Draw_Montage.uasset' 로드 도중 '/Game/Notifies/Sword/AN_GrabSword' 로드에 실패했습니다: 애셋에 대한 파일을 찾을 수 없습니다.
[2022.10.08-09.37.22:893][  0]LogUObjectGlobals: Warning: 'C:/Users/Chanwoongs/Desktop/Project/Unreal_Engine_Tutorial/C++/ActionGame/Content/Character/Montages/OneHand/Sword_Draw_Montage.uasset' 로드 도중 '/Game/Notifies/Sword/AN_GrabSword' 로드에 실패했습니다: 파일을 찾을 수 없습니다.
[2022.10.08-09.37.22:893][  0]LogUObjectGlobals: Warning: 'C:/Users/Chanwoongs/Desktop/Project/Unreal_Engine_Tutorial/C++/ActionGame/Content/Character/Montages/OneHand/Sword_Draw_Montage.uasset' 로드 도중 '/Game/Notifies/Sword/AN_GrabSword' 로드에 실패했습니다: 애셋에 대한 파일을 찾을 수 없습니다.
[2022.10.08-09.37.22:956][  0]SourceControl: 소스 컨트롤이 꺼졌습니다.
[2022.10.08-09.37.22:956][  0]SourceControl: 소스 컨트롤이 꺼졌습니다.
[2022.10.08-09.37.22:972][  0]SourceControl: 소스 컨트롤이 꺼졌습니다.
[2022.10.08-09.37.23:175][  0]LogAndroidPermission: UAndroidPermissionCallbackProxy::GetInstance
[2022.10.08-09.37.23:206][  0]LogAudioCaptureCore: Display: No Audio Capture implementations found. Audio input will be silent.
[2022.10.08-09.37.23:206][  0]LogAudioCaptureCore: Display: No Audio Capture implementations found. Audio input will be silent.
[2022.10.08-09.37.23:262][  0]LogOcInput: OculusInput pre-init called
[2022.10.08-09.37.23:276][  0]LogUObjectArray: 19831 objects as part of root set at end of initial load.
[2022.10.08-09.37.23:276][  0]LogUObjectAllocator: 5356576 out of 0 bytes used by permanent object pool.
[2022.10.08-09.37.23:276][  0]LogUObjectArray: CloseDisregardForGC: 0/0 objects in disregard for GC pool
[2022.10.08-09.37.23:317][  0]LogEngine: Initializing Engine...
[2022.10.08-09.37.23:318][  0]LogHMD: Failed to initialize OpenVR with code 110
[2022.10.08-09.37.23:318][  0]LogMagicLeap: Warning: VR disabled because ZI is not enabled.  To enable, in the editor, Edit -> Project Settings -> Plugins -> Magic Leap Plugin -> Enable Zero Iteration
[2022.10.08-09.37.23:319][  0]LogStats: UGameplayTagsManager::InitializeManager -  0.000 s
[2022.10.08-09.37.23:395][  0]LogInit: Initializing FReadOnlyCVARCache
[2022.10.08-09.37.23:401][  0]LogAudioMixer: Display: Audio Mixer Platform Settings:
[2022.10.08-09.37.23:401][  0]LogAudioMixer: Display: 	Sample Rate:						  48000
[2022.10.08-09.37.23:401][  0]LogAudioMixer: Display: 	Callback Buffer Frame Size Requested: 1024
[2022.10.08-09.37.23:401][  0]LogAudioMixer: Display: 	Callback Buffer Frame Size To Use:	  1024
[2022.10.08-09.37.23:401][  0]LogAudioMixer: Display: 	Number of buffers to queue:			  2
[2022.10.08-09.37.23:401][  0]LogAudioMixer: Display: 	Max Channels (voices):				  32
[2022.10.08-09.37.23:401][  0]LogAudioMixer: Display: 	Number of Async Source Workers:		  0
[2022.10.08-09.37.23:401][  0]LogAudio: Display: AudioDevice MaxSources: 32
[2022.10.08-09.37.23:401][  0]LogAudio: Display: Using built-in audio occlusion.
[2022.10.08-09.37.23:401][  0]LogAudioMixer: Display: Initializing audio mixer.
[2022.10.08-09.37.23:438][  0]LogAudioMixer: Display: 0: FrontLeft
[2022.10.08-09.37.23:438][  0]LogAudioMixer: Display: 1: FrontRight
[2022.10.08-09.37.23:540][  0]LogAudioMixer: Display: Using Audio Device 스피커(Realtek(R) Audio)
[2022.10.08-09.37.23:541][  0]LogAudioMixer: Display: Initializing Sound Submixes...
[2022.10.08-09.37.23:544][  0]LogAudioMixer: Display: Creating Master Submix 'MasterSubmixDefault'
[2022.10.08-09.37.23:544][  0]LogAudioMixer: Display: Creating Master Submix 'MasterReverbSubmixDefault'
[2022.10.08-09.37.23:546][  0]LogAudioMixer: Display: Creating Master Submix 'MasterEQSubmixDefault'
[2022.10.08-09.37.23:547][  0]LogInit: FAudioDevice initialized.
[2022.10.08-09.37.23:548][  0]LogNetVersion: Set ProjectVersion to 1.0.0.0. Version Checksum will be recalculated on next use.
[2022.10.08-09.37.23:550][  0]LogInit: Texture streaming: Enabled
[2022.10.08-09.37.23:617][  0]LogSlate: Updating window title bar state: overlay mode, drag disabled, window buttons hidden, title bar hidden
[2022.10.08-09.37.23:617][  0]LogInit: Display: Game Engine Initialized.
[2022.10.08-09.37.23:617][  0]LogNiagaraEditor: Warning: GEditor isn't valid! Particle reset commands will not work for Niagara components!
[2022.10.08-09.37.23:660][  0]LogInit: Display: Starting Game.
[2022.10.08-09.37.23:660][  0]LogNet: Browse: /Game/Level/Battle?Name=Player
[2022.10.08-09.37.23:660][  0]LogLoad: LoadMap: /Game/Level/Battle?Name=Player
[2022.10.08-09.37.23:660][  0]LogWorld: BeginTearingDown for /Temp/Untitled_0
[2022.10.08-09.37.23:661][  0]LogWorld: UWorld::CleanupWorld for Untitled, bSessionEnded=true, bCleanupResources=true
[2022.10.08-09.37.23:661][  0]LogSlate: InvalidateAllWidgets triggered.  All widgets were invalidated
[2022.10.08-09.37.23:671][  0]LogUObjectHash: Compacting FUObjectHashTables data took   0.46ms
[2022.10.08-09.37.23:752][  0]LogAIModule: Creating AISystem for world Battle
[2022.10.08-09.37.23:752][  0]LogAISub: UAISubsystem::UAISubsystem EnvQueryManager (000002383804BC00), frame # 0
[2022.10.08-09.37.23:752][  0]LogAISub: UAISubsystem::UAISubsystem AIPerceptionSystem (0000023838190680), frame # 0
[2022.10.08-09.37.23:752][  0]LogLoad: Game class is 'CGameMode'
[2022.10.08-09.37.23:754][  0]LogWorld: Bringing World /Game/Level/Battle.Battle up for play (max tick rate 0) at 2022.10.08-18.37.23
[2022.10.08-09.37.23:754][  0]LogWorld: Bringing up level for play took: 0.001152
[2022.10.08-09.37.38:619][  0]LogWindows: Error: === Critical error: ===
[2022.10.08-09.37.38:619][  0]LogWindows: Error: 
[2022.10.08-09.37.38:619][  0]LogWindows: Error: Fatal error!
[2022.10.08-09.37.38:619][  0]LogWindows: Error: 
[2022.10.08-09.37.38:619][  0]LogWindows: Error: Unhandled Exception: EXCEPTION_ACCESS_VIOLATION reading address 0x000001b0
[2022.10.08-09.37.38:619][  0]LogWindows: Error: 
[2022.10.08-09.37.38:619][  0]LogWindows: Error: [Callstack] 0x00007ffaa109e7cd UE4Editor-Engine.dll!AActor::GetActorLabel() [D:\Build\++UE4\Sync\Engine\Source\Runtime\Engine\Private\ActorEditor.cpp:782]
[2022.10.08-09.37.38:619][  0]LogWindows: Error: [Callstack] 0x00007ffaa10cb45a UE4Editor-Engine.dll!AActor::SetActorLabelInternal() [D:\Build\++UE4\Sync\Engine\Source\Runtime\Engine\Private\ActorEditor.cpp:846]
[2022.10.08-09.37.38:619][  0]LogWindows: Error: [Callstack] 0x00007ffa61f369aa UE4Editor-ActionGame-0073.dll!UCActionData::BeginPlay() [C:\Users\Chanwoongs\Desktop\Project\Unreal_Engine_Tutorial\C++\ActionGame\Source\ActionGame\Actions\CActionData.cpp:16]
[2022.10.08-09.37.38:619][  0]LogWindows: Error: [Callstack] 0x00007ffa61f3e2e0 UE4Editor-ActionGame-0073.dll!UCActionComponent::BeginPlay() [C:\Users\Chanwoongs\Desktop\Project\Unreal_Engine_Tutorial\C++\ActionGame\Source\ActionGame\Components\CActionComponent.cpp:18]
[2022.10.08-09.37.38:619][  0]LogWindows: Error: [Callstack] 0x00007ffaa1084b66 UE4Editor-Engine.dll!AActor::BeginPlay() [D:\Build\++UE4\Sync\Engine\Source\Runtime\Engine\Private\Actor.cpp:3435]
[2022.10.08-09.37.38:619][  0]LogWindows: Error: [Callstack] 0x00007ffa61f3c596 UE4Editor-ActionGame-0073.dll!ACPlayer::BeginPlay() [C:\Users\Chanwoongs\Desktop\Project\Unreal_Engine_Tutorial\C++\ActionGame\Source\ActionGame\Characters\CPlayer.cpp:62]
[2022.10.08-09.37.38:619][  0]LogWindows: Error: [Callstack] 0x00007ffaa109097c UE4Editor-Engine.dll!AActor::DispatchBeginPlay() [D:\Build\++UE4\Sync\Engine\Source\Runtime\Engine\Private\Actor.cpp:3397]
[2022.10.08-09.37.38:619][  0]LogWindows: Error: [Callstack] 0x00007ffaa233958d UE4Editor-Engine.dll!AWorldSettings::NotifyBeginPlay() [D:\Build\++UE4\Sync\Engine\Source\Runtime\Engine\Private\WorldSettings.cpp:246]
[2022.10.08-09.37.38:619][  0]LogWindows: Error: [Callstack] 0x00007ffaa1773151 UE4Editor-Engine.dll!AGameStateBase::HandleBeginPlay() [D:\Build\++UE4\Sync\Engine\Source\Runtime\Engine\Private\GameStateBase.cpp:205]
[2022.10.08-09.37.38:619][  0]LogWindows: Error: [Callstack] 0x00007ffaa22e3a2e UE4Editor-Engine.dll!UWorld::BeginPlay() [D:\Build\++UE4\Sync\Engine\Source\Runtime\Engine\Private\World.cpp:4184]
[2022.10.08-09.37.38:619][  0]LogWindows: Error: [Callstack] 0x00007ffaa220af1d UE4Editor-Engine.dll!UEngine::LoadMap() [D:\Build\++UE4\Sync\Engine\Source\Runtime\Engine\Private\UnrealEngine.cpp:12896]
[2022.10.08-09.37.38:619][  0]LogWindows: Error: [Callstack] 0x00007ffaa21b3882 UE4Editor-Engine.dll!UEngine::Browse() [D:\Build\++UE4\Sync\Engine\Source\Runtime\Engine\Private\UnrealEngine.cpp:12101]
[2022.10.08-09.37.38:619][  0]LogWindows: Error: [Callstack] 0x00007ffaa179355d UE4Editor-Engine.dll!UGameInstance::StartGameInstance() [D:\Build\++UE4\Sync\Engine\Source\Runtime\Engine\Private\GameInstance.cpp:579]
[2022.10.08-09.37.38:619][  0]LogWindows: Error: [Callstack] 0x00007ff7192e2e44 UE4Editor.exe!FEngineLoop::Init() [D:\Build\++UE4\Sync\Engine\Source\Runtime\Launch\Private\LaunchEngineLoop.cpp:4031]
[2022.10.08-09.37.38:619][  0]LogWindows: Error: [Callstack] 0x00007ff7192fb902 UE4Editor.exe!GuardedMain() [D:\Build\++UE4\Sync\Engine\Source\Runtime\Launch\Private\Launch.cpp:155]
[2022.10.08-09.37.38:619][  0]LogWindows: Error: [Callstack] 0x00007ff7192fbb5a UE4Editor.exe!GuardedMainWrapper() [D:\Build\++UE4\Sync\Engine\Source\Runtime\Launch\Private\Windows\LaunchWindows.cpp:137]
[2022.10.08-09.37.38:619][  0]LogWindows: Error: [Callstack] 0x00007ff71930e31d UE4Editor.exe!WinMain() [D:\Build\++UE4\Sync\Engine\Source\Runtime\Launch\Private\Windows\LaunchWindows.cpp:268]
[2022.10.08-09.37.38:619][  0]LogWindows: Error: [Callstack] 0x00007ff71931145a UE4Editor.exe!__scrt_common_main_seh() [d:\agent\_work\5\s\src\vctools\crt\vcstartup\src\startup\exe_common.inl:288]
[2022.10.08-09.37.38:619][  0]LogWindows: Error: [Callstack] 0x00007ffb22ba7034 KERNEL32.DLL!UnknownFunction []
[2022.10.08-09.37.38:619][  0]LogWindows: Error: [Callstack] 0x00007ffb243026a1 ntdll.dll!UnknownFunction []
[2022.10.08-09.37.38:619][  0]LogWindows: Error: 
[2022.10.08-09.37.38:628][  0]LogExit: Executing StaticShutdownAfterError
[2022.10.08-09.37.38:629][  0]LogWindows: FPlatformMisc::RequestExit(1)
[2022.10.08-09.37.38:629][  0]LogCore: Engine exit requested (reason: Win RequestExit)
[2022.10.08-09.37.38:638][  0]Log file closed, 10/08/22 18:37:38
