Log file open, 11/07/22 01:12:34
LogInit: Display: Running engine for game: ActionGame
LogPlatformFile: Not using cached read wrapper
LogTaskGraph: Started task graph with 5 named threads and 26 total threads with 3 sets of task threads.
LogStats: Stats thread started at 0.219314
LogD3D11RHI: Loaded GFSDK_Aftermath_Lib.x64.dll
LogICUInternationalization: ICU TimeZone Detection - Raw Offset: +9:00, Platform Override: ''
LogPluginManager: Mounting plugin Paper2D
LogPluginManager: Mounting plugin AISupport
LogPluginManager: Mounting plugin LightPropagationVolume
LogPluginManager: Mounting plugin CameraShakePreviewer
LogPluginManager: Mounting plugin ActorLayerUtilities
LogPluginManager: Mounting plugin AnimationSharing
LogPluginManager: Mounting plugin CLionSourceCodeAccess
LogPluginManager: Mounting plugin CodeLiteSourceCodeAccess
LogPluginManager: Mounting plugin GitSourceControl
LogPluginManager: Mounting plugin KDevelopSourceCodeAccess
LogPluginManager: Mounting plugin NullSourceCodeAccess
LogPluginManager: Mounting plugin PerforceSourceControl
LogPluginManager: Mounting plugin PlasticSourceControl
LogPluginManager: Mounting plugin RiderSourceCodeAccess
LogPluginManager: Mounting plugin SubversionSourceControl
LogPluginManager: Mounting plugin UObjectPlugin
LogPluginManager: Mounting plugin VisualStudioCodeSourceCodeAccess
LogPluginManager: Mounting plugin VisualStudioSourceCodeAccess
LogPluginManager: Mounting plugin XCodeSourceCodeAccess
LogPluginManager: Mounting plugin AssetManagerEditor
LogPluginManager: Mounting plugin CryptoKeys
LogPluginManager: Mounting plugin CurveEditorTools
LogPluginManager: Mounting plugin DataValidation
LogPluginManager: Mounting plugin EditorScriptingUtilities
LogPluginManager: Mounting plugin FacialAnimation
LogPluginManager: Mounting plugin GameplayTagsEditor
LogPluginManager: Mounting plugin GeometryMode
LogPluginManager: Mounting plugin MacGraphicsSwitching
LogPluginManager: Mounting plugin MaterialAnalyzer
LogPluginManager: Mounting plugin MobileLauncherProfileWizard
LogPluginManager: Mounting plugin PluginBrowser
LogPluginManager: Mounting plugin SpeedTreeImporter
LogPluginManager: Mounting plugin DatasmithContent
LogPluginManager: Mounting plugin VariantManagerContent
LogPluginManager: Mounting plugin AlembicImporter
LogPluginManager: Mounting plugin AutomationUtils
LogPluginManager: Mounting plugin BackChannel
LogPluginManager: Mounting plugin ChaosCloth
LogPluginManager: Mounting plugin ChaosClothEditor
LogPluginManager: Mounting plugin ChaosEditor
LogPluginManager: Mounting plugin ChaosNiagara
LogPluginManager: Mounting plugin ChaosSolverPlugin
LogPluginManager: Mounting plugin CharacterAI
LogPluginManager: Mounting plugin GeometryCache
LogPluginManager: Mounting plugin GeometryCollectionPlugin
LogPluginManager: Mounting plugin GeometryProcessing
LogPluginManager: Mounting plugin PlanarCut
LogPluginManager: Mounting plugin PlatformCrypto
LogPluginManager: Mounting plugin ProxyLODPlugin
LogPluginManager: Mounting plugin SkeletalReduction
LogPluginManager: Mounting plugin Niagara
LogPluginManager: Mounting plugin MagicLeap
LogPluginManager: Mounting plugin MagicLeapLightEstimation
LogPluginManager: Mounting plugin MagicLeapMedia
LogPluginManager: Mounting plugin MagicLeapPassableWorld
LogPluginManager: Mounting plugin MLSDK
LogPluginManager: Mounting plugin AndroidMedia
LogPluginManager: Mounting plugin AvfMedia
LogPluginManager: Mounting plugin ImgMedia
LogPluginManager: Mounting plugin MediaCompositing
LogPluginManager: Mounting plugin MediaPlayerEditor
LogPluginManager: Mounting plugin WebMMedia
LogPluginManager: Mounting plugin WmfMedia
LogPluginManager: Mounting plugin MeshPainting
LogPluginManager: Mounting plugin TcpMessaging
LogPluginManager: Mounting plugin UdpMessaging
LogPluginManager: Mounting plugin ActorSequence
LogPluginManager: Mounting plugin LevelSequenceEditor
LogPluginManager: Mounting plugin MatineeToLevelSequence
LogPluginManager: Mounting plugin MovieRenderPipeline
LogPluginManager: Mounting plugin TemplateSequence
LogPluginManager: Mounting plugin NetcodeUnitTest
LogPluginManager: Mounting plugin NUTUnrealEngine4
LogPluginManager: Mounting plugin OnlineSubsystemGooglePlay
LogPluginManager: Mounting plugin OnlineSubsystemIOS
LogPluginManager: Mounting plugin OnlineSubsystem
LogPluginManager: Mounting plugin OnlineSubsystemNull
LogPluginManager: Mounting plugin OnlineSubsystemUtils
LogPluginManager: Mounting plugin LauncherChunkInstaller
LogPluginManager: Mounting plugin AndroidDeviceProfileSelector
LogPluginManager: Mounting plugin AndroidMoviePlayer
LogPluginManager: Mounting plugin AndroidPermission
LogPluginManager: Mounting plugin AppleImageUtils
LogPluginManager: Mounting plugin AppleMoviePlayer
LogPluginManager: Mounting plugin ArchVisCharacter
LogPluginManager: Mounting plugin AssetTags
LogPluginManager: Mounting plugin AudioCapture
LogPluginManager: Mounting plugin CableComponent
LogPluginManager: Mounting plugin CustomMeshComponent
LogPluginManager: Mounting plugin EditableMesh
LogPluginManager: Mounting plugin ExampleDeviceProfileSelector
LogPluginManager: Mounting plugin GoogleCloudMessaging
LogPluginManager: Mounting plugin GooglePAD
LogPluginManager: Mounting plugin IOSDeviceProfileSelector
LogPluginManager: Mounting plugin LinuxDeviceProfileSelector
LogPluginManager: Mounting plugin LocationServicesBPLibrary
LogPluginManager: Mounting plugin MobilePatchingUtils
LogPluginManager: Mounting plugin OculusVR
LogPluginManager: Mounting plugin PhysXVehicles
LogPluginManager: Mounting plugin PostSplashScreen
LogPluginManager: Mounting plugin ProceduralMeshComponent
LogPluginManager: Mounting plugin RuntimePhysXCooking
LogPluginManager: Mounting plugin SignificanceManager
LogPluginManager: Mounting plugin SoundFields
LogPluginManager: Mounting plugin SteamVR
LogPluginManager: Mounting plugin Synthesis
LogPluginManager: Mounting plugin WebMMoviePlayer
LogPluginManager: Mounting plugin WindowsMoviePlayer
LogPluginManager: Mounting plugin ScreenshotTools
LogInit: Using libcurl 7.55.1-DEV
LogInit:  - built for x86_64-pc-win32
LogInit:  - supports SSL with OpenSSL/1.1.1
LogInit:  - supports HTTP deflate (compression) using libz 1.2.8
LogInit:  - other features:
LogInit:      CURL_VERSION_SSL
LogInit:      CURL_VERSION_LIBZ
LogInit:      CURL_VERSION_IPV6
LogInit:      CURL_VERSION_ASYNCHDNS
LogInit:      CURL_VERSION_LARGEFILE
LogInit:      CURL_VERSION_IDN
LogInit:  CurlRequestOptions (configurable via config and command line):
LogInit:  - bVerifyPeer = true  - Libcurl will verify peer certificate
LogInit:  - bUseHttpProxy = false  - Libcurl will NOT use HTTP proxy
LogInit:  - bDontReuseConnections = false  - Libcurl will reuse connections
LogInit:  - MaxHostConnections = 16  - Libcurl will limit the number of connections to a host
LogInit:  - LocalHostAddr = Default
LogInit:  - BufferSize = 65536
LogOnline: OSS: Creating online subsystem instance for: NULL
LogInit: WinSock: version 1.1 (2.2), MaxSocks=32767, MaxUdp=65467
LogOnline: OSS: TryLoadSubsystemAndSetDefault: Loaded subsystem for module [NULL]
LogInit: Build: ++UE4+Release-4.25-CL-14469661
LogInit: Engine Version: 4.25.4-14469661+++UE4+Release-4.25
LogInit: Compatible Engine Version: 4.25.0-13144385+++UE4+Release-4.25
LogInit: Net CL: 13144385
LogInit: OS: Windows 10 (Release 2009) (), CPU: Intel(R) Core(TM) i7-9700K CPU @ 3.60GHz, GPU: NVIDIA GeForce RTX 2080
LogInit: Compiled (64-bit): Oct 11 2020 08:10:49
LogInit: Compiled with Visual C++: 19.24.28315.00
LogInit: Build Configuration: Development
LogInit: Branch Name: ++UE4+Release-4.25
LogInit: Command Line:  /Game/Level/AI_Wizard -game -PIEVIACONSOLE -Multiprocess GameUserSettingsINI=C:/Users/Chanwoongs/Desktop/Project/Unreal_Engine_Tutorial/C++/ActionGame/Saved/Config/Windows/PIEGameUserSettings0.ini -MultiprocessSaveConfig -MultiprocessOSS -messaging -SessionName="Play in Standalone Game" -windowed -ResX=1280 -ResY=720
LogInit: Base Directory: D:/Game/UE_4.25/Engine/Binaries/Win64/
LogInit: Allocator: TBB
LogInit: Installed Engine Build: 1
LogDevObjectVersion: Number of dev versions registered: 26
LogDevObjectVersion:   Dev-Blueprints (B0D832E4-1F89-4F0D-ACCF-7EB736FD4AA2): 10
LogDevObjectVersion:   Dev-Build (E1C64328-A22C-4D53-A36C-8E866417BD8C): 0
LogDevObjectVersion:   Dev-Core (375EC13C-06E4-48FB-B500-84F0262A717E): 4
LogDevObjectVersion:   Dev-Editor (E4B068ED-F494-42E9-A231-DA0B2E46BB41): 38
LogDevObjectVersion:   Dev-Framework (CFFC743F-43B0-4480-9391-14DF171D2073): 37
LogDevObjectVersion:   Dev-Mobile (B02B49B5-BB20-44E9-A304-32B752E40360): 2
LogDevObjectVersion:   Dev-Networking (A4E4105C-59A1-49B5-A7C5-40C4547EDFEE): 0
LogDevObjectVersion:   Dev-Online (39C831C9-5AE6-47DC-9A44-9C173E1C8E7C): 0
LogDevObjectVersion:   Dev-Physics (78F01B33-EBEA-4F98-B9B4-84EACCB95AA2): 4
LogDevObjectVersion:   Dev-Platform (6631380F-2D4D-43E0-8009-CF276956A95A): 0
LogDevObjectVersion:   Dev-Rendering (12F88B9F-8875-4AFC-A67C-D90C383ABD29): 43
LogDevObjectVersion:   Dev-Sequencer (7B5AE74C-D270-4C10-A958-57980B212A5A): 12
LogDevObjectVersion:   Dev-VR (D7296918-1DD6-4BDD-9DE2-64A83CC13884): 3
LogDevObjectVersion:   Dev-LoadTimes (C2A15278-BFE7-4AFE-6C17-90FF531DF755): 1
LogDevObjectVersion:   Private-Geometry (6EACA3D4-40EC-4CC1-B786-8BED09428FC5): 3
LogDevObjectVersion:   Dev-AnimPhys (29E575DD-E0A3-4627-9D10-D276232CDCEA): 17
LogDevObjectVersion:   Dev-Anim (AF43A65D-7FD3-4947-9873-3E8ED9C1BB05): 7
LogDevObjectVersion:   Dev-ReflectionCapture (6B266CEC-1EC7-4B8F-A30B-E4D90942FC07): 1
LogDevObjectVersion:   Dev-Automation (0DF73D61-A23F-47EA-B727-89E90C41499A): 1
LogDevObjectVersion:   FortniteMain (601D1886-AC64-4F84-AA16-D3DE0DEAC7D6): 31
LogDevObjectVersion:   Dev-Enterprise (9DFFBCD6-494F-0158-E221-12823C92A888): 10
LogDevObjectVersion:   Dev-Niagara (F2AED0AC-9AFE-416F-8664-AA7FFA26D6FC): 1
LogDevObjectVersion:   Dev-Destruction (174F1F0B-B4C6-45A5-B13F-2EE8D0FB917D): 10
LogDevObjectVersion:   Dev-Physics-Ext (35F94A83-E258-406C-A318-09F59610247C): 37
LogDevObjectVersion:   Dev-PhysicsMaterial-Chaos (B68FC16E-8B1B-42E2-B453-215C058844FE): 1
LogDevObjectVersion:   Dev-CineCamera (B2E18506-4273-CFC2-A54E-F4BB758BBA07): 1
LogInit: Presizing for max 25165824 objects, including 0 objects not considered by GC, pre-allocating 0 bytes for permanent pool.
LogConfig: Applying CVar settings from Section [/Script/Engine.StreamingSettings] File [C:/Users/Chanwoongs/Desktop/Project/Unreal_Engine_Tutorial/C++/ActionGame/Saved/Config/Windows/Engine.ini]
LogConfig: Setting CVar [[s.MinBulkDataSizeForAsyncLoading:131072]]
LogConfig: Setting CVar [[s.AsyncLoadingThreadEnabled:0]]
LogConfig: Setting CVar [[s.EventDrivenLoaderEnabled:1]]
LogConfig: Setting CVar [[s.WarnIfTimeLimitExceeded:0]]
LogConfig: Setting CVar [[s.TimeLimitExceededMultiplier:1.5]]
LogConfig: Setting CVar [[s.TimeLimitExceededMinTime:0.005]]
LogConfig: Setting CVar [[s.UseBackgroundLevelStreaming:1]]
LogConfig: Setting CVar [[s.PriorityAsyncLoadingExtraTime:15.0]]
LogConfig: Setting CVar [[s.LevelStreamingActorsUpdateTimeLimit:5.0]]
LogConfig: Setting CVar [[s.PriorityLevelStreamingActorsUpdateExtraTime:5.0]]
LogConfig: Setting CVar [[s.LevelStreamingComponentsRegistrationGranularity:10]]
LogConfig: Setting CVar [[s.UnregisterComponentsTimeLimit:1.0]]
LogConfig: Setting CVar [[s.LevelStreamingComponentsUnregistrationGranularity:5]]
LogConfig: Setting CVar [[s.FlushStreamingOnExit:1]]
LogInit: Object subsystem initialized
LogConfig: Setting CVar [[con.DebugEarlyDefault:1]]
LogConfig: Setting CVar [[r.setres:1280x720]]
[2022.11.06-16.12.34:786][  0]LogConfig: Setting CVar [[con.DebugEarlyDefault:1]]
[2022.11.06-16.12.34:786][  0]LogConfig: Setting CVar [[r.setres:1280x720]]
[2022.11.06-16.12.34:786][  0]LogConfig: Applying CVar settings from Section [/Script/Engine.RendererSettings] File [C:/Users/Chanwoongs/Desktop/Project/Unreal_Engine_Tutorial/C++/ActionGame/Saved/Config/Windows/Engine.ini]
[2022.11.06-16.12.34:786][  0]LogConfig: Setting CVar [[r.GPUCrashDebugging:0]]
[2022.11.06-16.12.34:786][  0]LogConfig: Setting CVar [[r.SkinCache.CompileShaders:1]]
[2022.11.06-16.12.34:786][  0]LogConfig: Setting CVar [[r.RayTracing:1]]
[2022.11.06-16.12.34:786][  0]LogConfig: Applying CVar settings from Section [/Script/Engine.RendererOverrideSettings] File [C:/Users/Chanwoongs/Desktop/Project/Unreal_Engine_Tutorial/C++/ActionGame/Saved/Config/Windows/Engine.ini]
[2022.11.06-16.12.34:786][  0]LogConfig: Applying CVar settings from Section [/Script/Engine.StreamingSettings] File [C:/Users/Chanwoongs/Desktop/Project/Unreal_Engine_Tutorial/C++/ActionGame/Saved/Config/Windows/Engine.ini]
[2022.11.06-16.12.34:786][  0]LogConfig: Setting CVar [[s.MinBulkDataSizeForAsyncLoading:131072]]
[2022.11.06-16.12.34:786][  0]LogConfig: Setting CVar [[s.AsyncLoadingThreadEnabled:0]]
[2022.11.06-16.12.34:786][  0]LogConfig: Setting CVar [[s.EventDrivenLoaderEnabled:1]]
[2022.11.06-16.12.34:786][  0]LogConfig: Setting CVar [[s.WarnIfTimeLimitExceeded:0]]
[2022.11.06-16.12.34:786][  0]LogConfig: Setting CVar [[s.TimeLimitExceededMultiplier:1.5]]
[2022.11.06-16.12.34:786][  0]LogConfig: Setting CVar [[s.TimeLimitExceededMinTime:0.005]]
[2022.11.06-16.12.34:786][  0]LogConfig: Setting CVar [[s.UseBackgroundLevelStreaming:1]]
[2022.11.06-16.12.34:786][  0]LogConfig: Setting CVar [[s.PriorityAsyncLoadingExtraTime:15.0]]
[2022.11.06-16.12.34:786][  0]LogConfig: Setting CVar [[s.LevelStreamingActorsUpdateTimeLimit:5.0]]
[2022.11.06-16.12.34:786][  0]LogConfig: Setting CVar [[s.PriorityLevelStreamingActorsUpdateExtraTime:5.0]]
[2022.11.06-16.12.34:786][  0]LogConfig: Setting CVar [[s.LevelStreamingComponentsRegistrationGranularity:10]]
[2022.11.06-16.12.34:787][  0]LogConfig: Setting CVar [[s.UnregisterComponentsTimeLimit:1.0]]
[2022.11.06-16.12.34:787][  0]LogConfig: Setting CVar [[s.LevelStreamingComponentsUnregistrationGranularity:5]]
[2022.11.06-16.12.34:787][  0]LogConfig: Setting CVar [[s.FlushStreamingOnExit:1]]
[2022.11.06-16.12.34:787][  0]LogConfig: Applying CVar settings from Section [/Script/Engine.GarbageCollectionSettings] File [C:/Users/Chanwoongs/Desktop/Project/Unreal_Engine_Tutorial/C++/ActionGame/Saved/Config/Windows/Engine.ini]
[2022.11.06-16.12.34:787][  0]LogConfig: Setting CVar [[gc.MaxObjectsNotConsideredByGC:1]]
[2022.11.06-16.12.34:787][  0]LogConfig: Setting CVar [[gc.SizeOfPermanentObjectPool:0]]
[2022.11.06-16.12.34:787][  0]LogConfig: Setting CVar [[gc.FlushStreamingOnGC:0]]
[2022.11.06-16.12.34:787][  0]LogConfig: Setting CVar [[gc.NumRetriesBeforeForcingGC:10]]
[2022.11.06-16.12.34:787][  0]LogConfig: Setting CVar [[gc.AllowParallelGC:1]]
[2022.11.06-16.12.34:787][  0]LogConfig: Setting CVar [[gc.TimeBetweenPurgingPendingKillObjects:61.1]]
[2022.11.06-16.12.34:787][  0]LogConfig: Setting CVar [[gc.MaxObjectsInEditor:25165824]]
[2022.11.06-16.12.34:787][  0]LogConfig: Setting CVar [[gc.IncrementalBeginDestroyEnabled:1]]
[2022.11.06-16.12.34:787][  0]LogConfig: Setting CVar [[gc.CreateGCClusters:1]]
[2022.11.06-16.12.34:787][  0]LogConfig: Setting CVar [[gc.MinGCClusterSize:5]]
[2022.11.06-16.12.34:787][  0]LogConfig: Setting CVar [[gc.ActorClusteringEnabled:0]]
[2022.11.06-16.12.34:787][  0]LogConfig: Setting CVar [[gc.BlueprintClusteringEnabled:0]]
[2022.11.06-16.12.34:787][  0]LogConfig: Setting CVar [[gc.UseDisregardForGCOnDedicatedServers:0]]
[2022.11.06-16.12.34:787][  0]LogConfig: Applying CVar settings from Section [/Script/Engine.NetworkSettings] File [C:/Users/Chanwoongs/Desktop/Project/Unreal_Engine_Tutorial/C++/ActionGame/Saved/Config/Windows/Engine.ini]
[2022.11.06-16.12.34:787][  0]LogConfig: Applying CVar settings from Section [/Script/UnrealEd.CookerSettings] File [C:/Users/Chanwoongs/Desktop/Project/Unreal_Engine_Tutorial/C++/ActionGame/Saved/Config/Windows/Engine.ini]
[2022.11.06-16.12.34:793][  0]LogConfig: Applying CVar settings from Section [ViewDistanceQuality@3] File [C:/Users/Chanwoongs/Desktop/Project/Unreal_Engine_Tutorial/C++/ActionGame/Saved/Config/Windows/Scalability.ini]
[2022.11.06-16.12.34:793][  0]LogConfig: Setting CVar [[r.SkeletalMeshLODBias:0]]
[2022.11.06-16.12.34:793][  0]LogConfig: Setting CVar [[r.ViewDistanceScale:1.0]]
[2022.11.06-16.12.34:793][  0]LogConfig: Applying CVar settings from Section [AntiAliasingQuality@3] File [C:/Users/Chanwoongs/Desktop/Project/Unreal_Engine_Tutorial/C++/ActionGame/Saved/Config/Windows/Scalability.ini]
[2022.11.06-16.12.34:793][  0]LogConfig: Setting CVar [[r.PostProcessAAQuality:4]]
[2022.11.06-16.12.34:793][  0]LogConfig: Applying CVar settings from Section [ShadowQuality@3] File [C:/Users/Chanwoongs/Desktop/Project/Unreal_Engine_Tutorial/C++/ActionGame/Saved/Config/Windows/Scalability.ini]
[2022.11.06-16.12.34:793][  0]LogConfig: Setting CVar [[r.LightFunctionQuality:1]]
[2022.11.06-16.12.34:793][  0]LogConfig: Setting CVar [[r.ShadowQuality:5]]
[2022.11.06-16.12.34:793][  0]LogConfig: Setting CVar [[r.Shadow.CSM.MaxCascades:10]]
[2022.11.06-16.12.34:793][  0]LogConfig: Setting CVar [[r.Shadow.MaxResolution:2048]]
[2022.11.06-16.12.34:793][  0]LogConfig: Setting CVar [[r.Shadow.MaxCSMResolution:2048]]
[2022.11.06-16.12.34:793][  0]LogConfig: Setting CVar [[r.Shadow.RadiusThreshold:0.01]]
[2022.11.06-16.12.34:793][  0]LogConfig: Setting CVar [[r.Shadow.DistanceScale:1.0]]
[2022.11.06-16.12.34:793][  0]LogConfig: Setting CVar [[r.Shadow.CSM.TransitionScale:1.0]]
[2022.11.06-16.12.34:793][  0]LogConfig: Setting CVar [[r.Shadow.PreShadowResolutionFactor:1.0]]
[2022.11.06-16.12.34:793][  0]LogConfig: Setting CVar [[r.DistanceFieldShadowing:1]]
[2022.11.06-16.12.34:793][  0]LogConfig: Setting CVar [[r.DistanceFieldAO:1]]
[2022.11.06-16.12.34:793][  0]LogConfig: Setting CVar [[r.AOQuality:2]]
[2022.11.06-16.12.34:793][  0]LogConfig: Setting CVar [[r.VolumetricFog:1]]
[2022.11.06-16.12.34:793][  0]LogConfig: Setting CVar [[r.VolumetricFog.GridPixelSize:8]]
[2022.11.06-16.12.34:793][  0]LogConfig: Setting CVar [[r.VolumetricFog.GridSizeZ:128]]
[2022.11.06-16.12.34:793][  0]LogConfig: Setting CVar [[r.VolumetricFog.HistoryMissSupersampleCount:4]]
[2022.11.06-16.12.34:793][  0]LogConfig: Setting CVar [[r.LightMaxDrawDistanceScale:1]]
[2022.11.06-16.12.34:793][  0]LogConfig: Setting CVar [[r.CapsuleShadows:1]]
[2022.11.06-16.12.34:793][  0]LogConfig: Applying CVar settings from Section [PostProcessQuality@3] File [C:/Users/Chanwoongs/Desktop/Project/Unreal_Engine_Tutorial/C++/ActionGame/Saved/Config/Windows/Scalability.ini]
[2022.11.06-16.12.34:793][  0]LogConfig: Setting CVar [[r.MotionBlurQuality:4]]
[2022.11.06-16.12.34:793][  0]LogConfig: Setting CVar [[r.AmbientOcclusionMipLevelFactor:0.4]]
[2022.11.06-16.12.34:793][  0]LogConfig: Setting CVar [[r.AmbientOcclusionMaxQuality:100]]
[2022.11.06-16.12.34:793][  0]LogConfig: Setting CVar [[r.AmbientOcclusionLevels:-1]]
[2022.11.06-16.12.34:793][  0]LogConfig: Setting CVar [[r.AmbientOcclusionRadiusScale:1.0]]
[2022.11.06-16.12.34:793][  0]LogConfig: Setting CVar [[r.DepthOfFieldQuality:2]]
[2022.11.06-16.12.34:793][  0]LogConfig: Setting CVar [[r.RenderTargetPoolMin:400]]
[2022.11.06-16.12.34:793][  0]LogConfig: Setting CVar [[r.LensFlareQuality:2]]
[2022.11.06-16.12.34:793][  0]LogConfig: Setting CVar [[r.SceneColorFringeQuality:1]]
[2022.11.06-16.12.34:793][  0]LogConfig: Setting CVar [[r.EyeAdaptationQuality:2]]
[2022.11.06-16.12.34:793][  0]LogConfig: Setting CVar [[r.BloomQuality:5]]
[2022.11.06-16.12.34:793][  0]LogConfig: Setting CVar [[r.FastBlurThreshold:100]]
[2022.11.06-16.12.34:793][  0]LogConfig: Setting CVar [[r.Upscale.Quality:3]]
[2022.11.06-16.12.34:793][  0]LogConfig: Setting CVar [[r.Tonemapper.GrainQuantization:1]]
[2022.11.06-16.12.34:793][  0]LogConfig: Setting CVar [[r.LightShaftQuality:1]]
[2022.11.06-16.12.34:793][  0]LogConfig: Setting CVar [[r.Filter.SizeScale:1]]
[2022.11.06-16.12.34:793][  0]LogConfig: Setting CVar [[r.Tonemapper.Quality:5]]
[2022.11.06-16.12.34:793][  0]LogConfig: Setting CVar [[r.DOF.Gather.AccumulatorQuality:1        ; higher gathering accumulator quality]]
[2022.11.06-16.12.34:793][  0]LogConfig: Setting CVar [[r.DOF.Gather.PostfilterMethod:1          ; Median3x3 postfilering method]]
[2022.11.06-16.12.34:793][  0]LogConfig: Setting CVar [[r.DOF.Gather.EnableBokehSettings:0       ; no bokeh simulation when gathering]]
[2022.11.06-16.12.34:793][  0]LogConfig: Setting CVar [[r.DOF.Gather.RingCount:4                 ; medium number of samples when gathering]]
[2022.11.06-16.12.34:793][  0]LogConfig: Setting CVar [[r.DOF.Scatter.ForegroundCompositing:1    ; additive foreground scattering]]
[2022.11.06-16.12.34:793][  0]LogConfig: Setting CVar [[r.DOF.Scatter.BackgroundCompositing:2    ; additive background scattering]]
[2022.11.06-16.12.34:793][  0]LogConfig: Setting CVar [[r.DOF.Scatter.EnableBokehSettings:1      ; bokeh simulation when scattering]]
[2022.11.06-16.12.34:793][  0]LogConfig: Setting CVar [[r.DOF.Scatter.MaxSpriteRatio:0.1         ; only a maximum of 10% of scattered bokeh]]
[2022.11.06-16.12.34:793][  0]LogConfig: Setting CVar [[r.DOF.Recombine.Quality:1                ; cheap slight out of focus]]
[2022.11.06-16.12.34:793][  0]LogConfig: Setting CVar [[r.DOF.Recombine.EnableBokehSettings:0    ; no bokeh simulation on slight out of focus]]
[2022.11.06-16.12.34:793][  0]LogConfig: Setting CVar [[r.DOF.TemporalAAQuality:1                ; more stable temporal accumulation]]
[2022.11.06-16.12.34:793][  0]LogConfig: Setting CVar [[r.DOF.Kernel.MaxForegroundRadius:0.025]]
[2022.11.06-16.12.34:793][  0]LogConfig: Setting CVar [[r.DOF.Kernel.MaxBackgroundRadius:0.025]]
[2022.11.06-16.12.34:793][  0]LogConfig: Applying CVar settings from Section [TextureQuality@3] File [C:/Users/Chanwoongs/Desktop/Project/Unreal_Engine_Tutorial/C++/ActionGame/Saved/Config/Windows/Scalability.ini]
[2022.11.06-16.12.34:793][  0]LogConfig: Setting CVar [[r.Streaming.MipBias:0]]
[2022.11.06-16.12.34:793][  0]LogConfig: Setting CVar [[r.Streaming.AmortizeCPUToGPUCopy:0]]
[2022.11.06-16.12.34:793][  0]LogConfig: Setting CVar [[r.Streaming.MaxNumTexturesToStreamPerFrame:0]]
[2022.11.06-16.12.34:793][  0]LogConfig: Setting CVar [[r.Streaming.Boost:1]]
[2022.11.06-16.12.34:794][  0]LogConfig: Setting CVar [[r.MaxAnisotropy:8]]
[2022.11.06-16.12.34:794][  0]LogConfig: Setting CVar [[r.VT.MaxAnisotropy:8]]
[2022.11.06-16.12.34:794][  0]LogConfig: Setting CVar [[r.Streaming.LimitPoolSizeToVRAM:0]]
[2022.11.06-16.12.34:794][  0]LogConfig: Setting CVar [[r.Streaming.PoolSize:1000]]
[2022.11.06-16.12.34:794][  0]LogConfig: Setting CVar [[r.Streaming.MaxEffectiveScreenSize:0]]
[2022.11.06-16.12.34:794][  0]LogConfig: Applying CVar settings from Section [EffectsQuality@3] File [C:/Users/Chanwoongs/Desktop/Project/Unreal_Engine_Tutorial/C++/ActionGame/Saved/Config/Windows/Scalability.ini]
[2022.11.06-16.12.34:794][  0]LogConfig: Setting CVar [[r.TranslucencyLightingVolumeDim:64]]
[2022.11.06-16.12.34:794][  0]LogConfig: Setting CVar [[r.RefractionQuality:2]]
[2022.11.06-16.12.34:794][  0]LogConfig: Setting CVar [[r.SSR.Quality:3]]
[2022.11.06-16.12.34:794][  0]LogConfig: Setting CVar [[r.SSR.HalfResSceneColor:0]]
[2022.11.06-16.12.34:794][  0]LogConfig: Setting CVar [[r.SceneColorFormat:4]]
[2022.11.06-16.12.34:794][  0]LogConfig: Setting CVar [[r.DetailMode:2]]
[2022.11.06-16.12.34:794][  0]LogConfig: Setting CVar [[r.TranslucencyVolumeBlur:1]]
[2022.11.06-16.12.34:794][  0]LogConfig: Setting CVar [[r.MaterialQualityLevel:1 ; High quality]]
[2022.11.06-16.12.34:794][  0]LogConfig: Setting CVar [[r.SSS.Scale:1]]
[2022.11.06-16.12.34:794][  0]LogConfig: Setting CVar [[r.SSS.SampleSet:2]]
[2022.11.06-16.12.34:794][  0]LogConfig: Setting CVar [[r.SSS.Quality:1]]
[2022.11.06-16.12.34:794][  0]LogConfig: Setting CVar [[r.SSS.HalfRes:0]]
[2022.11.06-16.12.34:794][  0]LogConfig: Setting CVar [[r.SSGI.Quality:3]]
[2022.11.06-16.12.34:794][  0]LogConfig: Setting CVar [[r.EmitterSpawnRateScale:1.0]]
[2022.11.06-16.12.34:794][  0]LogConfig: Setting CVar [[r.ParticleLightQuality:2]]
[2022.11.06-16.12.34:794][  0]LogConfig: Setting CVar [[r.SkyAtmosphere.AerialPerspectiveLUT.FastApplyOnOpaque:1 ; Always have FastSkyLUT 1 in this case to avoid wrong sky]]
[2022.11.06-16.12.34:794][  0]LogConfig: Setting CVar [[r.SkyAtmosphere.AerialPerspectiveLUT.SampleCountPerSlice:1]]
[2022.11.06-16.12.34:794][  0]LogConfig: Setting CVar [[r.SkyAtmosphere.AerialPerspectiveLUT.DepthResolution:16.0]]
[2022.11.06-16.12.34:794][  0]LogConfig: Setting CVar [[r.SkyAtmosphere.FastSkyLUT:1]]
[2022.11.06-16.12.34:794][  0]LogConfig: Setting CVar [[r.SkyAtmosphere.FastSkyLUT.SampleCountMin:4.0]]
[2022.11.06-16.12.34:794][  0]LogConfig: Setting CVar [[r.SkyAtmosphere.FastSkyLUT.SampleCountMax:32.0]]
[2022.11.06-16.12.34:794][  0]LogConfig: Setting CVar [[r.SkyAtmosphere.SampleCountMin:4.0]]
[2022.11.06-16.12.34:794][  0]LogConfig: Setting CVar [[r.SkyAtmosphere.SampleCountMax:32.0]]
[2022.11.06-16.12.34:794][  0]LogConfig: Setting CVar [[r.SkyAtmosphere.TransmittanceLUT.UseSmallFormat:0]]
[2022.11.06-16.12.34:794][  0]LogConfig: Setting CVar [[r.SkyAtmosphere.TransmittanceLUT.SampleCount:10.0]]
[2022.11.06-16.12.34:794][  0]LogConfig: Setting CVar [[r.SkyAtmosphere.MultiScatteringLUT.SampleCount:15.0]]
[2022.11.06-16.12.34:794][  0]LogConfig: Applying CVar settings from Section [FoliageQuality@3] File [C:/Users/Chanwoongs/Desktop/Project/Unreal_Engine_Tutorial/C++/ActionGame/Saved/Config/Windows/Scalability.ini]
[2022.11.06-16.12.34:794][  0]LogConfig: Setting CVar [[foliage.DensityScale:1.0]]
[2022.11.06-16.12.34:794][  0]LogConfig: Setting CVar [[grass.DensityScale:1.0]]
[2022.11.06-16.12.34:794][  0]LogConfig: Applying CVar settings from Section [ShadingQuality@3] File [C:/Users/Chanwoongs/Desktop/Project/Unreal_Engine_Tutorial/C++/ActionGame/Saved/Config/Windows/Scalability.ini]
[2022.11.06-16.12.34:794][  0]LogConfig: Setting CVar [[r.HairStrands.SkyLighting.SampleCount:16]]
[2022.11.06-16.12.34:794][  0]LogConfig: Setting CVar [[r.HairStrands.SkyLighting.JitterIntegration:0]]
[2022.11.06-16.12.34:794][  0]LogConfig: Setting CVar [[r.HairStrands.SkyAO.SampleCount:16]]
[2022.11.06-16.12.34:794][  0]LogConfig: Setting CVar [[r.HairStrands.DeepShadow.SuperSampling:0]]
[2022.11.06-16.12.34:794][  0]LogConfig: Setting CVar [[r.HairStrands.VisibilityPPLL:0]]
[2022.11.06-16.12.34:794][  0]LogConfig: Setting CVar [[r.HairStrands.RasterizationScale:0.5]]
[2022.11.06-16.12.34:794][  0]LogConfig: Setting CVar [[r.HairStrands.VelocityRasterizationScale:1]]
[2022.11.06-16.12.34:794][  0]LogInit: Selected Device Profile: [Windows]
[2022.11.06-16.12.34:794][  0]LogInit: Applying CVar settings loaded from the selected device profile: [Windows]
[2022.11.06-16.12.34:794][  0]LogHAL: Display: Platform has ~ 48 GB [51453968384 / 68719476736 / 48], which maps to Largest [LargestMinGB=32, LargerMinGB=12, DefaultMinGB=8, SmallerMinGB=6, SmallestMinGB=0)
[2022.11.06-16.12.34:794][  0]LogInit: Going up to parent DeviceProfile []
[2022.11.06-16.12.34:794][  0]LogConfig: Applying CVar settings from Section [ViewDistanceQuality@3] File [C:/Users/Chanwoongs/Desktop/Project/Unreal_Engine_Tutorial/C++/ActionGame/Saved/Config/Windows/Scalability.ini]
[2022.11.06-16.12.34:794][  0]LogConfig: Setting CVar [[r.SkeletalMeshLODBias:0]]
[2022.11.06-16.12.34:794][  0]LogConfig: Setting CVar [[r.ViewDistanceScale:1.0]]
[2022.11.06-16.12.34:794][  0]LogConfig: Applying CVar settings from Section [AntiAliasingQuality@3] File [C:/Users/Chanwoongs/Desktop/Project/Unreal_Engine_Tutorial/C++/ActionGame/Saved/Config/Windows/Scalability.ini]
[2022.11.06-16.12.34:794][  0]LogConfig: Setting CVar [[r.PostProcessAAQuality:4]]
[2022.11.06-16.12.34:794][  0]LogConfig: Applying CVar settings from Section [ShadowQuality@3] File [C:/Users/Chanwoongs/Desktop/Project/Unreal_Engine_Tutorial/C++/ActionGame/Saved/Config/Windows/Scalability.ini]
[2022.11.06-16.12.34:794][  0]LogConfig: Setting CVar [[r.LightFunctionQuality:1]]
[2022.11.06-16.12.34:794][  0]LogConfig: Setting CVar [[r.ShadowQuality:5]]
[2022.11.06-16.12.34:794][  0]LogConfig: Setting CVar [[r.Shadow.CSM.MaxCascades:10]]
[2022.11.06-16.12.34:794][  0]LogConfig: Setting CVar [[r.Shadow.MaxResolution:2048]]
[2022.11.06-16.12.34:794][  0]LogConfig: Setting CVar [[r.Shadow.MaxCSMResolution:2048]]
[2022.11.06-16.12.34:794][  0]LogConfig: Setting CVar [[r.Shadow.RadiusThreshold:0.01]]
[2022.11.06-16.12.34:794][  0]LogConfig: Setting CVar [[r.Shadow.DistanceScale:1.0]]
[2022.11.06-16.12.34:794][  0]LogConfig: Setting CVar [[r.Shadow.CSM.TransitionScale:1.0]]
[2022.11.06-16.12.34:794][  0]LogConfig: Setting CVar [[r.Shadow.PreShadowResolutionFactor:1.0]]
[2022.11.06-16.12.34:794][  0]LogConfig: Setting CVar [[r.DistanceFieldShadowing:1]]
[2022.11.06-16.12.34:794][  0]LogConfig: Setting CVar [[r.DistanceFieldAO:1]]
[2022.11.06-16.12.34:794][  0]LogConfig: Setting CVar [[r.AOQuality:2]]
[2022.11.06-16.12.34:794][  0]LogConfig: Setting CVar [[r.VolumetricFog:1]]
[2022.11.06-16.12.34:794][  0]LogConfig: Setting CVar [[r.VolumetricFog.GridPixelSize:8]]
[2022.11.06-16.12.34:794][  0]LogConfig: Setting CVar [[r.VolumetricFog.GridSizeZ:128]]
[2022.11.06-16.12.34:794][  0]LogConfig: Setting CVar [[r.VolumetricFog.HistoryMissSupersampleCount:4]]
[2022.11.06-16.12.34:794][  0]LogConfig: Setting CVar [[r.LightMaxDrawDistanceScale:1]]
[2022.11.06-16.12.34:794][  0]LogConfig: Setting CVar [[r.CapsuleShadows:1]]
[2022.11.06-16.12.34:794][  0]LogConfig: Applying CVar settings from Section [PostProcessQuality@3] File [C:/Users/Chanwoongs/Desktop/Project/Unreal_Engine_Tutorial/C++/ActionGame/Saved/Config/Windows/Scalability.ini]
[2022.11.06-16.12.34:794][  0]LogConfig: Setting CVar [[r.MotionBlurQuality:4]]
[2022.11.06-16.12.34:794][  0]LogConfig: Setting CVar [[r.AmbientOcclusionMipLevelFactor:0.4]]
[2022.11.06-16.12.34:794][  0]LogConfig: Setting CVar [[r.AmbientOcclusionMaxQuality:100]]
[2022.11.06-16.12.34:794][  0]LogConfig: Setting CVar [[r.AmbientOcclusionLevels:-1]]
[2022.11.06-16.12.34:794][  0]LogConfig: Setting CVar [[r.AmbientOcclusionRadiusScale:1.0]]
[2022.11.06-16.12.34:794][  0]LogConfig: Setting CVar [[r.DepthOfFieldQuality:2]]
[2022.11.06-16.12.34:794][  0]LogConfig: Setting CVar [[r.RenderTargetPoolMin:400]]
[2022.11.06-16.12.34:794][  0]LogConfig: Setting CVar [[r.LensFlareQuality:2]]
[2022.11.06-16.12.34:794][  0]LogConfig: Setting CVar [[r.SceneColorFringeQuality:1]]
[2022.11.06-16.12.34:794][  0]LogConfig: Setting CVar [[r.EyeAdaptationQuality:2]]
[2022.11.06-16.12.34:794][  0]LogConfig: Setting CVar [[r.BloomQuality:5]]
[2022.11.06-16.12.34:794][  0]LogConfig: Setting CVar [[r.FastBlurThreshold:100]]
[2022.11.06-16.12.34:794][  0]LogConfig: Setting CVar [[r.Upscale.Quality:3]]
[2022.11.06-16.12.34:794][  0]LogConfig: Setting CVar [[r.Tonemapper.GrainQuantization:1]]
[2022.11.06-16.12.34:794][  0]LogConfig: Setting CVar [[r.LightShaftQuality:1]]
[2022.11.06-16.12.34:794][  0]LogConfig: Setting CVar [[r.Filter.SizeScale:1]]
[2022.11.06-16.12.34:795][  0]LogConfig: Setting CVar [[r.Tonemapper.Quality:5]]
[2022.11.06-16.12.34:795][  0]LogConfig: Setting CVar [[r.DOF.Gather.AccumulatorQuality:1        ; higher gathering accumulator quality]]
[2022.11.06-16.12.34:795][  0]LogConfig: Setting CVar [[r.DOF.Gather.PostfilterMethod:1          ; Median3x3 postfilering method]]
[2022.11.06-16.12.34:795][  0]LogConfig: Setting CVar [[r.DOF.Gather.EnableBokehSettings:0       ; no bokeh simulation when gathering]]
[2022.11.06-16.12.34:795][  0]LogConfig: Setting CVar [[r.DOF.Gather.RingCount:4                 ; medium number of samples when gathering]]
[2022.11.06-16.12.34:795][  0]LogConfig: Setting CVar [[r.DOF.Scatter.ForegroundCompositing:1    ; additive foreground scattering]]
[2022.11.06-16.12.34:795][  0]LogConfig: Setting CVar [[r.DOF.Scatter.BackgroundCompositing:2    ; additive background scattering]]
[2022.11.06-16.12.34:795][  0]LogConfig: Setting CVar [[r.DOF.Scatter.EnableBokehSettings:1      ; bokeh simulation when scattering]]
[2022.11.06-16.12.34:795][  0]LogConfig: Setting CVar [[r.DOF.Scatter.MaxSpriteRatio:0.1         ; only a maximum of 10% of scattered bokeh]]
[2022.11.06-16.12.34:795][  0]LogConfig: Setting CVar [[r.DOF.Recombine.Quality:1                ; cheap slight out of focus]]
[2022.11.06-16.12.34:795][  0]LogConfig: Setting CVar [[r.DOF.Recombine.EnableBokehSettings:0    ; no bokeh simulation on slight out of focus]]
[2022.11.06-16.12.34:795][  0]LogConfig: Setting CVar [[r.DOF.TemporalAAQuality:1                ; more stable temporal accumulation]]
[2022.11.06-16.12.34:795][  0]LogConfig: Setting CVar [[r.DOF.Kernel.MaxForegroundRadius:0.025]]
[2022.11.06-16.12.34:795][  0]LogConfig: Setting CVar [[r.DOF.Kernel.MaxBackgroundRadius:0.025]]
[2022.11.06-16.12.34:795][  0]LogConfig: Applying CVar settings from Section [TextureQuality@3] File [C:/Users/Chanwoongs/Desktop/Project/Unreal_Engine_Tutorial/C++/ActionGame/Saved/Config/Windows/Scalability.ini]
[2022.11.06-16.12.34:795][  0]LogConfig: Setting CVar [[r.Streaming.MipBias:0]]
[2022.11.06-16.12.34:795][  0]LogConfig: Setting CVar [[r.Streaming.AmortizeCPUToGPUCopy:0]]
[2022.11.06-16.12.34:795][  0]LogConfig: Setting CVar [[r.Streaming.MaxNumTexturesToStreamPerFrame:0]]
[2022.11.06-16.12.34:795][  0]LogConfig: Setting CVar [[r.Streaming.Boost:1]]
[2022.11.06-16.12.34:795][  0]LogConfig: Setting CVar [[r.MaxAnisotropy:8]]
[2022.11.06-16.12.34:795][  0]LogConfig: Setting CVar [[r.VT.MaxAnisotropy:8]]
[2022.11.06-16.12.34:795][  0]LogConfig: Setting CVar [[r.Streaming.LimitPoolSizeToVRAM:0]]
[2022.11.06-16.12.34:795][  0]LogConfig: Setting CVar [[r.Streaming.PoolSize:1000]]
[2022.11.06-16.12.34:795][  0]LogConfig: Setting CVar [[r.Streaming.MaxEffectiveScreenSize:0]]
[2022.11.06-16.12.34:795][  0]LogConfig: Applying CVar settings from Section [EffectsQuality@3] File [C:/Users/Chanwoongs/Desktop/Project/Unreal_Engine_Tutorial/C++/ActionGame/Saved/Config/Windows/Scalability.ini]
[2022.11.06-16.12.34:795][  0]LogConfig: Setting CVar [[r.TranslucencyLightingVolumeDim:64]]
[2022.11.06-16.12.34:795][  0]LogConfig: Setting CVar [[r.RefractionQuality:2]]
[2022.11.06-16.12.34:795][  0]LogConfig: Setting CVar [[r.SSR.Quality:3]]
[2022.11.06-16.12.34:795][  0]LogConfig: Setting CVar [[r.SSR.HalfResSceneColor:0]]
[2022.11.06-16.12.34:795][  0]LogConfig: Setting CVar [[r.SceneColorFormat:4]]
[2022.11.06-16.12.34:795][  0]LogConfig: Setting CVar [[r.DetailMode:2]]
[2022.11.06-16.12.34:795][  0]LogConfig: Setting CVar [[r.TranslucencyVolumeBlur:1]]
[2022.11.06-16.12.34:795][  0]LogConfig: Setting CVar [[r.MaterialQualityLevel:1 ; High quality]]
[2022.11.06-16.12.34:795][  0]LogConfig: Setting CVar [[r.SSS.Scale:1]]
[2022.11.06-16.12.34:795][  0]LogConfig: Setting CVar [[r.SSS.SampleSet:2]]
[2022.11.06-16.12.34:795][  0]LogConfig: Setting CVar [[r.SSS.Quality:1]]
[2022.11.06-16.12.34:795][  0]LogConfig: Setting CVar [[r.SSS.HalfRes:0]]
[2022.11.06-16.12.34:795][  0]LogConfig: Setting CVar [[r.SSGI.Quality:3]]
[2022.11.06-16.12.34:795][  0]LogConfig: Setting CVar [[r.EmitterSpawnRateScale:1.0]]
[2022.11.06-16.12.34:795][  0]LogConfig: Setting CVar [[r.ParticleLightQuality:2]]
[2022.11.06-16.12.34:795][  0]LogConfig: Setting CVar [[r.SkyAtmosphere.AerialPerspectiveLUT.FastApplyOnOpaque:1 ; Always have FastSkyLUT 1 in this case to avoid wrong sky]]
[2022.11.06-16.12.34:795][  0]LogConfig: Setting CVar [[r.SkyAtmosphere.AerialPerspectiveLUT.SampleCountPerSlice:1]]
[2022.11.06-16.12.34:795][  0]LogConfig: Setting CVar [[r.SkyAtmosphere.AerialPerspectiveLUT.DepthResolution:16.0]]
[2022.11.06-16.12.34:795][  0]LogConfig: Setting CVar [[r.SkyAtmosphere.FastSkyLUT:1]]
[2022.11.06-16.12.34:795][  0]LogConfig: Setting CVar [[r.SkyAtmosphere.FastSkyLUT.SampleCountMin:4.0]]
[2022.11.06-16.12.34:795][  0]LogConfig: Setting CVar [[r.SkyAtmosphere.FastSkyLUT.SampleCountMax:32.0]]
[2022.11.06-16.12.34:795][  0]LogConfig: Setting CVar [[r.SkyAtmosphere.SampleCountMin:4.0]]
[2022.11.06-16.12.34:795][  0]LogConfig: Setting CVar [[r.SkyAtmosphere.SampleCountMax:32.0]]
[2022.11.06-16.12.34:795][  0]LogConfig: Setting CVar [[r.SkyAtmosphere.TransmittanceLUT.UseSmallFormat:0]]
[2022.11.06-16.12.34:795][  0]LogConfig: Setting CVar [[r.SkyAtmosphere.TransmittanceLUT.SampleCount:10.0]]
[2022.11.06-16.12.34:795][  0]LogConfig: Setting CVar [[r.SkyAtmosphere.MultiScatteringLUT.SampleCount:15.0]]
[2022.11.06-16.12.34:795][  0]LogConfig: Applying CVar settings from Section [FoliageQuality@3] File [C:/Users/Chanwoongs/Desktop/Project/Unreal_Engine_Tutorial/C++/ActionGame/Saved/Config/Windows/Scalability.ini]
[2022.11.06-16.12.34:795][  0]LogConfig: Setting CVar [[foliage.DensityScale:1.0]]
[2022.11.06-16.12.34:795][  0]LogConfig: Setting CVar [[grass.DensityScale:1.0]]
[2022.11.06-16.12.34:795][  0]LogConfig: Applying CVar settings from Section [ShadingQuality@3] File [C:/Users/Chanwoongs/Desktop/Project/Unreal_Engine_Tutorial/C++/ActionGame/Saved/Config/Windows/Scalability.ini]
[2022.11.06-16.12.34:795][  0]LogConfig: Setting CVar [[r.HairStrands.SkyLighting.SampleCount:16]]
[2022.11.06-16.12.34:795][  0]LogConfig: Setting CVar [[r.HairStrands.SkyLighting.JitterIntegration:0]]
[2022.11.06-16.12.34:795][  0]LogConfig: Setting CVar [[r.HairStrands.SkyAO.SampleCount:16]]
[2022.11.06-16.12.34:795][  0]LogConfig: Setting CVar [[r.HairStrands.DeepShadow.SuperSampling:0]]
[2022.11.06-16.12.34:795][  0]LogConfig: Setting CVar [[r.HairStrands.VisibilityPPLL:0]]
[2022.11.06-16.12.34:795][  0]LogConfig: Setting CVar [[r.HairStrands.RasterizationScale:0.5]]
[2022.11.06-16.12.34:795][  0]LogConfig: Setting CVar [[r.HairStrands.VelocityRasterizationScale:1]]
[2022.11.06-16.12.34:795][  0]LogConfig: Applying CVar settings from Section [Startup] File [../../../Engine/Config/ConsoleVariables.ini]
[2022.11.06-16.12.34:795][  0]LogConfig: Setting CVar [[net.UseAdaptiveNetUpdateFrequency:0]]
[2022.11.06-16.12.34:796][  0]LogConfig: Setting CVar [[p.chaos.AllowCreatePhysxBodies:1]]
[2022.11.06-16.12.34:796][  0]LogConfig: Setting CVar [[fx.SkipVectorVMBackendOptimizations:1]]
[2022.11.06-16.12.34:796][  0]LogConfig: Applying CVar settings from Section [ConsoleVariables] File [C:/Users/Chanwoongs/Desktop/Project/Unreal_Engine_Tutorial/C++/ActionGame/Saved/Config/Windows/Engine.ini]
[2022.11.06-16.12.34:796][  0]LogInit: Computer: 찬웅
[2022.11.06-16.12.34:796][  0]LogInit: User: Chanwoongs
[2022.11.06-16.12.34:796][  0]LogInit: CPU Page size=4096, Cores=8
[2022.11.06-16.12.34:796][  0]LogInit: High frequency timer resolution =10.000000 MHz
[2022.11.06-16.12.34:796][  0]LogMemory: Memory total: Physical=47.9GB (48GB approx)
[2022.11.06-16.12.34:796][  0]LogMemory: Platform Memory Stats for Windows
[2022.11.06-16.12.34:796][  0]LogMemory: Process Physical Memory: 119.77 MB used, 119.77 MB peak
[2022.11.06-16.12.34:796][  0]LogMemory: Process Virtual Memory: 97.33 MB used, 97.33 MB peak
[2022.11.06-16.12.34:796][  0]LogMemory: Physical Memory: 15945.14 MB used,  33125.18 MB free, 49070.33 MB total
[2022.11.06-16.12.34:796][  0]LogMemory: Virtual Memory: 5150.11 MB used,  134212576.00 MB free, 134217728.00 MB total
[2022.11.06-16.12.34:810][  0]LogWindows: WindowsPlatformFeatures enabled
[2022.11.06-16.12.34:953][  0]LogInit: Physics initialised using underlying interface: PhysX
[2022.11.06-16.12.34:953][  0]LogInit: Using OS detected language (ko-KR).
[2022.11.06-16.12.34:953][  0]LogInit: Using OS detected locale (ko-KR).
[2022.11.06-16.12.34:955][  0]LogTextLocalizationManager: No specific localization for 'ko-KR' exists, so the 'ko' localization will be used.
[2022.11.06-16.12.35:077][  0]LogSlate: New Slate User Created.  User Index 0, Is Virtual User: 0
[2022.11.06-16.12.35:077][  0]LogSlate: Slate User Registered.  User Index 0, Is Virtual User: 0
[2022.11.06-16.12.35:094][  0]LogD3D12RHI: Aftermath initialized
[2022.11.06-16.12.35:094][  0]LogD3D12RHI: Loading WinPixEventRuntime.dll for PIX profiling (from ../../../Engine/Binaries/ThirdParty/Windows/WinPixEventRuntime/x64).
[2022.11.06-16.12.35:101][  0]LogHMD: Failed to initialize OpenVR with code 110
[2022.11.06-16.12.35:352][  0]LogD3D12RHI: Found D3D12 adapter 0: NVIDIA GeForce RTX 2080 (Max supported Feature Level 12_1)
[2022.11.06-16.12.35:352][  0]LogD3D12RHI: Adapter has 8010MB of dedicated video memory, 0MB of dedicated system memory, and 24535MB of shared system memory, 2 output[s]
[2022.11.06-16.12.35:361][  0]LogD3D12RHI: Found D3D12 adapter 1: Microsoft Basic Render Driver (Max supported Feature Level 12_1)
[2022.11.06-16.12.35:361][  0]LogD3D12RHI: Adapter has 0MB of dedicated video memory, 0MB of dedicated system memory, and 24535MB of shared system memory, 0 output[s]
[2022.11.06-16.12.35:361][  0]LogD3D12RHI: Forcing D3D12.AsyncDeferredDeletion=0 as a workaround for a deadlock.
[2022.11.06-16.12.35:361][  0]LogD3D12RHI: Chosen D3D12 Adapter Id = 0
[2022.11.06-16.12.35:368][  0]LogD3D12RHI: Emitting draw events for PIX profiling.
[2022.11.06-16.12.35:530][  0]LogD3D12RHI: D3D12 ray tracing enabled.
[2022.11.06-16.12.35:530][  0]LogD3D12RHI: The system supports ID3D12Device1.
[2022.11.06-16.12.35:530][  0]LogD3D12RHI: The system supports ID3D12Device2.
[2022.11.06-16.12.35:561][  0]LogD3D12RHI: [GPUBreadCrumb] Successfully setup breadcrumb resource for 3D Queue 0
[2022.11.06-16.12.35:569][  0]LogD3D12RHI: [GPUBreadCrumb] Successfully setup breadcrumb resource for Copy Queue 0
[2022.11.06-16.12.35:580][  0]LogD3D12RHI: [GPUBreadCrumb] Successfully setup breadcrumb resource for Compute Queue 0
[2022.11.06-16.12.35:593][  0]LogD3D12RHI: Display: Not using pipeline state disk cache per r.D3D12.PSO.DiskCache=0
[2022.11.06-16.12.35:593][  0]LogD3D12RHI: Display: Not using driver-optimized pipeline state disk cache per r.D3D12.PSO.DriverOptimizedDiskCache=0
[2022.11.06-16.12.35:594][  0]LogD3D12RHI:     GPU DeviceId: 0x1e87 (for the marketing name, search the web for "GPU Device Id")
[2022.11.06-16.12.35:594][  0]LogWindows: EnumDisplayDevices:
[2022.11.06-16.12.35:595][  0]LogWindows:    0. 'NVIDIA GeForce RTX 2080' (P:1 D:1)
[2022.11.06-16.12.35:595][  0]LogWindows:    1. 'NVIDIA GeForce RTX 2080' (P:0 D:1)
[2022.11.06-16.12.35:596][  0]LogWindows:    2. 'NVIDIA GeForce RTX 2080' (P:0 D:0)
[2022.11.06-16.12.35:597][  0]LogWindows:    3. 'NVIDIA GeForce RTX 2080' (P:0 D:0)
[2022.11.06-16.12.35:598][  0]LogWindows: DebugString: FoundDriverCount:4 
[2022.11.06-16.12.35:598][  0]LogD3D12RHI:     Adapter Name: NVIDIA GeForce RTX 2080
[2022.11.06-16.12.35:598][  0]LogD3D12RHI:   Driver Version: 522.25 (internal:31.0.15.2225, unified:522.25)
[2022.11.06-16.12.35:598][  0]LogD3D12RHI:      Driver Date: 10-6-2022
[2022.11.06-16.12.35:598][  0]LogRHI: Texture pool is 4562 MB (70% of 6517 MB)
[2022.11.06-16.12.35:598][  0]LogD3D12RHI: Async texture creation enabled
[2022.11.06-16.12.35:598][  0]LogD3D12RHI: RHI has support for 64 bit atomics
[2022.11.06-16.12.36:031][  0]LogTargetPlatformManager: Display: Loaded TargetPlatform 'WindowsNoEditor'
[2022.11.06-16.12.36:039][  0]LogTargetPlatformManager: Display: Loaded TargetPlatform 'Windows'
[2022.11.06-16.12.36:051][  0]LogTargetPlatformManager: Display: Loaded TargetPlatform 'WindowsClient'
[2022.11.06-16.12.36:063][  0]LogTargetPlatformManager: Display: Loaded TargetPlatform 'WindowsServer'
[2022.11.06-16.12.36:063][  0]LogTargetPlatformManager: Display: Building Assets For Windows
[2022.11.06-16.12.36:076][  0]LogAudioDebug: Display: Lib vorbis DLL was dynamically loaded.
[2022.11.06-16.12.36:179][  0]LogShaderCompilers: Guid format shader working directory is -23 characters bigger than the processId version (C:/Users/Chanwoongs/Desktop/Project/Unreal_Engine_Tutorial/C++/ActionGame/Intermediate/Shaders/WorkingDirectory/25140/).
[2022.11.06-16.12.36:179][  0]LogShaderCompilers: Cleaned the shader compiler working directory 'C:/Users/Chanwoongs/AppData/Local/Temp/UnrealShaderWorkingDir/62A90B114B3C71197B908CAE03697F8D/'.
[2022.11.06-16.12.36:180][  0]LogXGEController: Cannot use XGE Controller as Incredibuild is not installed on this machine.
[2022.11.06-16.12.36:180][  0]LogShaderCompilers: Cannot use XGE Shader Compiler as Incredibuild is not installed on this machine.
[2022.11.06-16.12.36:180][  0]LogShaderCompilers: Display: Using Local Shader Compiler.
[2022.11.06-16.12.36:888][  0]LogDerivedDataCache: Display: Max Cache Size: 512 MB
[2022.11.06-16.12.36:943][  0]LogDerivedDataCache: Loaded boot cache 0.06s 119MB C:/Users/Chanwoongs/AppData/Local/UnrealEngine/4.25/DerivedDataCache/Boot.ddc.
[2022.11.06-16.12.36:943][  0]LogDerivedDataCache: Display: Loaded Boot cache: C:/Users/Chanwoongs/AppData/Local/UnrealEngine/4.25/DerivedDataCache/Boot.ddc
[2022.11.06-16.12.36:943][  0]LogDerivedDataCache: FDerivedDataBackendGraph:  Pak pak cache file C:/Users/Chanwoongs/Desktop/Project/Unreal_Engine_Tutorial/C++/ActionGame/DerivedDataCache/DDC.ddp not found, will not use a pak cache.
[2022.11.06-16.12.36:943][  0]LogDerivedDataCache: Unable to find inner node Pak for hierarchical cache Hierarchy.
[2022.11.06-16.12.36:943][  0]LogDerivedDataCache: FDerivedDataBackendGraph:  CompressedPak pak cache file C:/Users/Chanwoongs/Desktop/Project/Unreal_Engine_Tutorial/C++/ActionGame/DerivedDataCache/Compressed.ddp not found, will not use a pak cache.
[2022.11.06-16.12.36:943][  0]LogDerivedDataCache: Unable to find inner node CompressedPak for hierarchical cache Hierarchy.
[2022.11.06-16.12.36:951][  0]LogDerivedDataCache: Display: Pak cache opened for reading ../../../Engine/DerivedDataCache/Compressed.ddp.
[2022.11.06-16.12.36:951][  0]LogDerivedDataCache: FDerivedDataBackendGraph:  EnterprisePak pak cache file ../../../Enterprise/DerivedDataCache/Compressed.ddp not found, will not use a pak cache.
[2022.11.06-16.12.36:951][  0]LogDerivedDataCache: Unable to find inner node EnterprisePak for hierarchical cache Hierarchy.
[2022.11.06-16.12.36:953][  0]LogDerivedDataCache: Using Local data cache path C:/Users/Chanwoongs/AppData/Local/UnrealEngine/Common/DerivedDataCache: Writable
[2022.11.06-16.12.36:953][  0]LogDerivedDataCache: Shared data cache path not found in *engine.ini, will not use an Shared cache.
[2022.11.06-16.12.36:953][  0]LogDerivedDataCache: Unable to find inner node Shared for hierarchical cache Hierarchy.
[2022.11.06-16.12.36:992][  0]LogSlate: Using FreeType 2.10.0
[2022.11.06-16.12.36:993][  0]LogSlate: SlateFontServices - WITH_FREETYPE: 1, WITH_HARFBUZZ: 1
[2022.11.06-16.12.37:077][  0]LogInit: Using OS detected language (ko-KR).
[2022.11.06-16.12.37:077][  0]LogInit: Using OS detected locale (ko-KR).
[2022.11.06-16.12.37:077][  0]LogTextLocalizationManager: No localization for 'ko-KR' exists, so 'en' will be used for the language.
[2022.11.06-16.12.37:077][  0]LogTextLocalizationManager: No localization for 'ko-KR' exists, so 'en' will be used for the locale.
[2022.11.06-16.12.37:077][  0]LogSlate: FontCache flush requested. Reason: Culture for localization was changed
[2022.11.06-16.12.37:077][  0]LogSlate: FontCache flush requested. Reason: Culture for localization was changed
[2022.11.06-16.12.37:078][  0]LogTextLocalizationManager: Compacting localization data took   0.00ms
[2022.11.06-16.12.37:080][  0]LogAssetRegistry: FAssetRegistry took 0.0017 seconds to start up
[2022.11.06-16.12.37:227][  0]LogPackageLocalizationCache: Processed 19 localized package path(s) for 1 prioritized culture(s) in 0.001079 seconds
[2022.11.06-16.12.37:285][  0]LogInit: Selected Device Profile: [Windows]
[2022.11.06-16.12.37:410][  0]LogMeshReduction: Using QuadricMeshReduction for automatic static mesh reduction
[2022.11.06-16.12.37:410][  0]LogMeshReduction: Using SimplygonMeshReduction for automatic skeletal mesh reduction
[2022.11.06-16.12.37:410][  0]LogMeshReduction: Using ProxyLODMeshReduction for automatic mesh merging
[2022.11.06-16.12.37:410][  0]LogMeshReduction: No distributed automatic mesh merging module available
[2022.11.06-16.12.37:410][  0]LogMeshMerging: No distributed automatic mesh merging module available
[2022.11.06-16.12.37:520][  0]LogNetVersion: ActionGame 1.0.0, NetCL: 13144385, EngineNetVer: 14, GameNetVer: 0 (Checksum: 4144894281)
[2022.11.06-16.12.37:722][  0]LogAISub: UAISubsystem::UAISubsystem AISubsystem (0000023FAC034100), frame # 0
[2022.11.06-16.12.37:722][  0]LogAISub: UAISubsystem::UAISubsystem AIPerceptionSystem (0000023FABF52980), frame # 0
[2022.11.06-16.12.37:723][  0]LogAISub: UAISubsystem::UAISubsystem EnvQueryManager (0000023FABF5B600), frame # 0
[2022.11.06-16.12.37:857][  0]LogCollectionManager: Loaded 0 collections in 0.001470 seconds
[2022.11.06-16.12.37:860][  0]LogFileCache: Scanning file cache for directory 'C:/Users/Chanwoongs/Desktop/Project/Unreal_Engine_Tutorial/C++/ActionGame/Saved/Collections/' took 0.00s
[2022.11.06-16.12.37:860][  0]LogFileCache: Scanning file cache for directory 'C:/Users/Chanwoongs/Desktop/Project/Unreal_Engine_Tutorial/C++/ActionGame/Content/Developers/Chanwoongs/Collections/' took 0.00s
[2022.11.06-16.12.37:860][  0]LogFileCache: Scanning file cache for directory 'C:/Users/Chanwoongs/Desktop/Project/Unreal_Engine_Tutorial/C++/ActionGame/Content/Collections/' took 0.00s
[2022.11.06-16.12.37:860][  0]LogCollectionManager: Fixed up redirectors for 0 collections in 0.000003 seconds (updated 0 objects)
[2022.11.06-16.12.37:964][  0]LogMoviePlayer: Initializing movie player
[2022.11.06-16.12.38:141][  0]LogD3D12RHI: Creating RTPSO with 3 shaders (0 cached, 3 new) took 109.89 ms. Compile time 6.30 ms, link time 103.55 ms.
[2022.11.06-16.12.38:239][  0]LogD3D12RHI: Creating RTPSO with 3 shaders (1 cached, 2 new) took 98.01 ms. Compile time 4.00 ms, link time 93.99 ms.
[2022.11.06-16.12.38:435][  0]LogTcpMessaging: Initializing TcpMessaging bridge
[2022.11.06-16.12.38:441][  0]LogUdpMessaging: Initializing bridge on interface 0.0.0.0:0 to multicast group 230.0.0.1:6666.
[2022.11.06-16.12.38:702][  0]LogUObjectGlobals: Warning: 'C:/Users/Chanwoongs/Desktop/Project/Unreal_Engine_Tutorial/C++/ActionGame/Content/Character/Montages/IceBall/IceBall_Montage.uasset' 로드 도중 '/Game/Notifies/Wizard/AN_WizardThrow' 로드에 실패했습니다: 파일을 찾을 수 없습니다.
[2022.11.06-16.12.38:703][  0]LogUObjectGlobals: Warning: 'C:/Users/Chanwoongs/Desktop/Project/Unreal_Engine_Tutorial/C++/ActionGame/Content/Character/Montages/IceBall/IceBall_Montage.uasset' 로드 도중 '/Game/Notifies/Wizard/AN_WizardThrow' 로드에 실패했습니다: 애셋에 대한 파일을 찾을 수 없습니다.
[2022.11.06-16.12.38:703][  0]LogUObjectGlobals: Warning: 'C:/Users/Chanwoongs/Desktop/Project/Unreal_Engine_Tutorial/C++/ActionGame/Content/Character/Montages/IceBall/IceBall_Montage.uasset' 로드 도중 '/Game/Notifies/Wizard/AN_WizardThrow' 로드에 실패했습니다: 파일을 찾을 수 없습니다.
[2022.11.06-16.12.38:703][  0]LogUObjectGlobals: Warning: 'C:/Users/Chanwoongs/Desktop/Project/Unreal_Engine_Tutorial/C++/ActionGame/Content/Character/Montages/IceBall/IceBall_Montage.uasset' 로드 도중 '/Game/Notifies/Wizard/AN_WizardThrow' 로드에 실패했습니다: 애셋에 대한 파일을 찾을 수 없습니다.
[2022.11.06-16.12.38:711][  0]LogUObjectGlobals: Warning: 'C:/Users/Chanwoongs/Desktop/Project/Unreal_Engine_Tutorial/C++/ActionGame/Content/Character/Montages/OneHand/Sword_Draw_Montage.uasset' 로드 도중 '/Game/Notifies/Sword/AN_Equipped' 로드에 실패했습니다: 파일을 찾을 수 없습니다.
[2022.11.06-16.12.38:711][  0]LogUObjectGlobals: Warning: 'C:/Users/Chanwoongs/Desktop/Project/Unreal_Engine_Tutorial/C++/ActionGame/Content/Character/Montages/OneHand/Sword_Draw_Montage.uasset' 로드 도중 '/Game/Notifies/Sword/AN_Equipped' 로드에 실패했습니다: 애셋에 대한 파일을 찾을 수 없습니다.
[2022.11.06-16.12.38:712][  0]LogUObjectGlobals: Warning: 'C:/Users/Chanwoongs/Desktop/Project/Unreal_Engine_Tutorial/C++/ActionGame/Content/Character/Montages/OneHand/Sword_Draw_Montage.uasset' 로드 도중 '/Game/Notifies/Sword/AN_Equipped' 로드에 실패했습니다: 파일을 찾을 수 없습니다.
[2022.11.06-16.12.38:712][  0]LogUObjectGlobals: Warning: 'C:/Users/Chanwoongs/Desktop/Project/Unreal_Engine_Tutorial/C++/ActionGame/Content/Character/Montages/OneHand/Sword_Draw_Montage.uasset' 로드 도중 '/Game/Notifies/Sword/AN_Equipped' 로드에 실패했습니다: 애셋에 대한 파일을 찾을 수 없습니다.
[2022.11.06-16.12.38:712][  0]LogUObjectGlobals: Warning: 'C:/Users/Chanwoongs/Desktop/Project/Unreal_Engine_Tutorial/C++/ActionGame/Content/Character/Montages/OneHand/Sword_Draw_Montage.uasset' 로드 도중 '/Game/Notifies/Sword/AN_GrabSword' 로드에 실패했습니다: 파일을 찾을 수 없습니다.
[2022.11.06-16.12.38:713][  0]LogUObjectGlobals: Warning: 'C:/Users/Chanwoongs/Desktop/Project/Unreal_Engine_Tutorial/C++/ActionGame/Content/Character/Montages/OneHand/Sword_Draw_Montage.uasset' 로드 도중 '/Game/Notifies/Sword/AN_GrabSword' 로드에 실패했습니다: 애셋에 대한 파일을 찾을 수 없습니다.
[2022.11.06-16.12.38:713][  0]LogUObjectGlobals: Warning: 'C:/Users/Chanwoongs/Desktop/Project/Unreal_Engine_Tutorial/C++/ActionGame/Content/Character/Montages/OneHand/Sword_Draw_Montage.uasset' 로드 도중 '/Game/Notifies/Sword/AN_GrabSword' 로드에 실패했습니다: 파일을 찾을 수 없습니다.
[2022.11.06-16.12.38:713][  0]LogUObjectGlobals: Warning: 'C:/Users/Chanwoongs/Desktop/Project/Unreal_Engine_Tutorial/C++/ActionGame/Content/Character/Montages/OneHand/Sword_Draw_Montage.uasset' 로드 도중 '/Game/Notifies/Sword/AN_GrabSword' 로드에 실패했습니다: 애셋에 대한 파일을 찾을 수 없습니다.
[2022.11.06-16.12.38:746][  0]LogPackageName: Warning: Asset path "StaticMesh'FX_Meshes_IB.SM_Debris_Box_RadialFull'" is in short form, which is unsupported and -- even if valid -- resolving it will be really slow.
[2022.11.06-16.12.38:746][  0]LogPackageName: Warning: Please consider resaving package in order to speed-up loading.
[2022.11.06-16.12.38:929][  0]LogPackageName: SearchForPackageOnDisk took   0.182s, but failed to resolve StaticMesh'FX_Meshes_IB.
[2022.11.06-16.12.38:929][  0]LogPackageName: Warning: Asset path "StaticMesh'FX_Meshes_IB.SM_Debris_Box_RadialFull'" could not be resolved.
[2022.11.06-16.12.39:023][  0]SourceControl: 소스 컨트롤이 꺼졌습니다.
[2022.11.06-16.12.39:023][  0]SourceControl: 소스 컨트롤이 꺼졌습니다.
[2022.11.06-16.12.39:038][  0]SourceControl: 소스 컨트롤이 꺼졌습니다.
[2022.11.06-16.12.39:252][  0]LogAndroidPermission: UAndroidPermissionCallbackProxy::GetInstance
[2022.11.06-16.12.39:284][  0]LogAudioCaptureCore: Display: No Audio Capture implementations found. Audio input will be silent.
[2022.11.06-16.12.39:284][  0]LogAudioCaptureCore: Display: No Audio Capture implementations found. Audio input will be silent.
[2022.11.06-16.12.39:344][  0]LogOcInput: OculusInput pre-init called
[2022.11.06-16.12.39:358][  0]LogUObjectArray: 23335 objects as part of root set at end of initial load.
[2022.11.06-16.12.39:358][  0]LogUObjectAllocator: 6582960 out of 0 bytes used by permanent object pool.
[2022.11.06-16.12.39:358][  0]LogUObjectArray: CloseDisregardForGC: 0/0 objects in disregard for GC pool
[2022.11.06-16.12.39:399][  0]LogEngine: Initializing Engine...
[2022.11.06-16.12.39:400][  0]LogHMD: Failed to initialize OpenVR with code 110
[2022.11.06-16.12.39:400][  0]LogMagicLeap: Warning: VR disabled because ZI is not enabled.  To enable, in the editor, Edit -> Project Settings -> Plugins -> Magic Leap Plugin -> Enable Zero Iteration
[2022.11.06-16.12.39:401][  0]LogStats: UGameplayTagsManager::InitializeManager -  0.000 s
[2022.11.06-16.12.39:479][  0]LogInit: Initializing FReadOnlyCVARCache
[2022.11.06-16.12.39:485][  0]LogAudioMixer: Display: Audio Mixer Platform Settings:
[2022.11.06-16.12.39:485][  0]LogAudioMixer: Display: 	Sample Rate:						  48000
[2022.11.06-16.12.39:485][  0]LogAudioMixer: Display: 	Callback Buffer Frame Size Requested: 1024
[2022.11.06-16.12.39:485][  0]LogAudioMixer: Display: 	Callback Buffer Frame Size To Use:	  1024
[2022.11.06-16.12.39:485][  0]LogAudioMixer: Display: 	Number of buffers to queue:			  2
[2022.11.06-16.12.39:485][  0]LogAudioMixer: Display: 	Max Channels (voices):				  32
[2022.11.06-16.12.39:485][  0]LogAudioMixer: Display: 	Number of Async Source Workers:		  0
[2022.11.06-16.12.39:485][  0]LogAudio: Display: AudioDevice MaxSources: 32
[2022.11.06-16.12.39:485][  0]LogAudio: Display: Using built-in audio occlusion.
[2022.11.06-16.12.39:485][  0]LogAudioMixer: Display: Initializing audio mixer.
[2022.11.06-16.12.39:520][  0]LogAudioMixer: Display: 0: FrontLeft
[2022.11.06-16.12.39:520][  0]LogAudioMixer: Display: 1: FrontRight
[2022.11.06-16.12.39:620][  0]LogAudioMixer: Display: Using Audio Device 스피커(Realtek(R) Audio)
[2022.11.06-16.12.39:622][  0]LogAudioMixer: Display: Initializing Sound Submixes...
[2022.11.06-16.12.39:624][  0]LogAudioMixer: Display: Creating Master Submix 'MasterSubmixDefault'
[2022.11.06-16.12.39:624][  0]LogAudioMixer: Display: Creating Master Submix 'MasterReverbSubmixDefault'
[2022.11.06-16.12.39:624][  0]LogAudioMixer: Display: Creating Master Submix 'MasterEQSubmixDefault'
[2022.11.06-16.12.39:625][  0]LogInit: FAudioDevice initialized.
[2022.11.06-16.12.39:626][  0]LogNetVersion: Set ProjectVersion to 1.0.0.0. Version Checksum will be recalculated on next use.
[2022.11.06-16.12.39:628][  0]LogInit: Texture streaming: Enabled
[2022.11.06-16.12.39:702][  0]LogSlate: Updating window title bar state: overlay mode, drag disabled, window buttons hidden, title bar hidden
[2022.11.06-16.12.39:702][  0]LogInit: Display: Game Engine Initialized.
[2022.11.06-16.12.39:703][  0]LogNiagaraEditor: Warning: GEditor isn't valid! Particle reset commands will not work for Niagara components!
[2022.11.06-16.12.39:749][  0]LogInit: Display: Starting Game.
[2022.11.06-16.12.39:749][  0]LogNet: Browse: /Game/Level/AI_Wizard?Name=Player
[2022.11.06-16.12.39:749][  0]LogLoad: LoadMap: /Game/Level/AI_Wizard?Name=Player
[2022.11.06-16.12.39:749][  0]LogWorld: BeginTearingDown for /Temp/Untitled_0
[2022.11.06-16.12.39:750][  0]LogWorld: UWorld::CleanupWorld for Untitled, bSessionEnded=true, bCleanupResources=true
[2022.11.06-16.12.39:750][  0]LogSlate: InvalidateAllWidgets triggered.  All widgets were invalidated
[2022.11.06-16.12.39:761][  0]LogUObjectHash: Compacting FUObjectHashTables data took   0.57ms
[2022.11.06-16.12.39:849][  0]LogAIModule: Creating AISystem for world AI_Wizard
[2022.11.06-16.12.39:849][  0]LogAISub: UAISubsystem::UAISubsystem EnvQueryManager (0000023FC5F6D800), frame # 0
[2022.11.06-16.12.39:849][  0]LogAISub: UAISubsystem::UAISubsystem AIPerceptionSystem (0000023FC5F5B740), frame # 0
[2022.11.06-16.12.39:849][  0]LogLoad: Game class is 'CGameMode'
[2022.11.06-16.12.39:852][  0]LogWorld: Bringing World /Game/Level/AI_Wizard.AI_Wizard up for play (max tick rate 0) at 2022.11.07-01.12.39
[2022.11.06-16.12.43:445][  0]LogWindows: Error: === Critical error: ===
[2022.11.06-16.12.43:445][  0]LogWindows: Error: 
[2022.11.06-16.12.43:445][  0]LogWindows: Error: Fatal error!
[2022.11.06-16.12.43:445][  0]LogWindows: Error: 
[2022.11.06-16.12.43:445][  0]LogWindows: Error: Unhandled Exception: EXCEPTION_ACCESS_VIOLATION writing address 0x000000f0
[2022.11.06-16.12.43:445][  0]LogWindows: Error: 
[2022.11.06-16.12.43:445][  0]LogWindows: Error: [Callstack] 0x00007fffbd7201f8 UE4Editor-ActionGame-0046.dll!ACAIController::OnPossess() [C:\Users\Chanwoongs\Desktop\Project\Unreal_Engine_Tutorial\C++\ActionGame\Source\ActionGame\Characters\CAIController.cpp:57]
[2022.11.06-16.12.43:445][  0]LogWindows: Error: [Callstack] 0x00007fffd39277d7 UE4Editor-Engine.dll!AController::Possess() [D:\Build\++UE4\Sync\Engine\Source\Runtime\Engine\Private\Controller.cpp:321]
[2022.11.06-16.12.43:445][  0]LogWindows: Error: [Callstack] 0x00007fffd403cffd UE4Editor-Engine.dll!APawn::SpawnDefaultController() [D:\Build\++UE4\Sync\Engine\Source\Runtime\Engine\Private\Pawn.cpp:330]
[2022.11.06-16.12.43:445][  0]LogWindows: Error: [Callstack] 0x00007fffd4031624 UE4Editor-Engine.dll!APawn::PostInitializeComponents() [D:\Build\++UE4\Sync\Engine\Source\Runtime\Engine\Private\Pawn.cpp:131]
[2022.11.06-16.12.43:445][  0]LogWindows: Error: [Callstack] 0x00007fffd36ee465 UE4Editor-Engine.dll!ACharacter::PostInitializeComponents() [D:\Build\++UE4\Sync\Engine\Source\Runtime\Engine\Private\Character.cpp:117]
[2022.11.06-16.12.43:445][  0]LogWindows: Error: [Callstack] 0x00007fffd3c9caf1 UE4Editor-Engine.dll!ULevel::RouteActorInitialize() [D:\Build\++UE4\Sync\Engine\Source\Runtime\Engine\Private\Level.cpp:1881]
[2022.11.06-16.12.43:445][  0]LogWindows: Error: [Callstack] 0x00007fffd4665e8e UE4Editor-Engine.dll!UWorld::InitializeActorsForPlay() [D:\Build\++UE4\Sync\Engine\Source\Runtime\Engine\Private\World.cpp:4091]
[2022.11.06-16.12.43:445][  0]LogWindows: Error: [Callstack] 0x00007fffd456ac8d UE4Editor-Engine.dll!UEngine::LoadMap() [D:\Build\++UE4\Sync\Engine\Source\Runtime\Engine\Private\UnrealEngine.cpp:12856]
[2022.11.06-16.12.43:445][  0]LogWindows: Error: [Callstack] 0x00007fffd4513882 UE4Editor-Engine.dll!UEngine::Browse() [D:\Build\++UE4\Sync\Engine\Source\Runtime\Engine\Private\UnrealEngine.cpp:12101]
[2022.11.06-16.12.43:445][  0]LogWindows: Error: [Callstack] 0x00007fffd3af355d UE4Editor-Engine.dll!UGameInstance::StartGameInstance() [D:\Build\++UE4\Sync\Engine\Source\Runtime\Engine\Private\GameInstance.cpp:579]
[2022.11.06-16.12.43:445][  0]LogWindows: Error: [Callstack] 0x00007ff781c22e44 UE4Editor.exe!FEngineLoop::Init() [D:\Build\++UE4\Sync\Engine\Source\Runtime\Launch\Private\LaunchEngineLoop.cpp:4031]
[2022.11.06-16.12.43:445][  0]LogWindows: Error: [Callstack] 0x00007ff781c3b902 UE4Editor.exe!GuardedMain() [D:\Build\++UE4\Sync\Engine\Source\Runtime\Launch\Private\Launch.cpp:155]
[2022.11.06-16.12.43:445][  0]LogWindows: Error: [Callstack] 0x00007ff781c3bb5a UE4Editor.exe!GuardedMainWrapper() [D:\Build\++UE4\Sync\Engine\Source\Runtime\Launch\Private\Windows\LaunchWindows.cpp:137]
[2022.11.06-16.12.43:445][  0]LogWindows: Error: [Callstack] 0x00007ff781c4e31d UE4Editor.exe!WinMain() [D:\Build\++UE4\Sync\Engine\Source\Runtime\Launch\Private\Windows\LaunchWindows.cpp:268]
[2022.11.06-16.12.43:445][  0]LogWindows: Error: [Callstack] 0x00007ff781c5145a UE4Editor.exe!__scrt_common_main_seh() [d:\agent\_work\5\s\src\vctools\crt\vcstartup\src\startup\exe_common.inl:288]
[2022.11.06-16.12.43:445][  0]LogWindows: Error: [Callstack] 0x00007ff866f67034 KERNEL32.DLL!UnknownFunction []
[2022.11.06-16.12.43:445][  0]LogWindows: Error: [Callstack] 0x00007ff8670a26a1 ntdll.dll!UnknownFunction []
[2022.11.06-16.12.43:445][  0]LogWindows: Error: 
[2022.11.06-16.12.43:462][  0]LogExit: Executing StaticShutdownAfterError
[2022.11.06-16.12.43:463][  0]LogWindows: FPlatformMisc::RequestExit(1)
[2022.11.06-16.12.43:463][  0]LogCore: Engine exit requested (reason: Win RequestExit)
[2022.11.06-16.12.43:470][  0]Log file closed, 11/07/22 01:12:43
