Log file open, 10/20/22 23:11:17
LogInit: Display: Running engine for game: ActionGame
LogPlatformFile: Not using cached read wrapper
LogTaskGraph: Started task graph with 5 named threads and 26 total threads with 3 sets of task threads.
LogStats: Stats thread started at 0.244564
LogD3D11RHI: Loaded GFSDK_Aftermath_Lib.x64.dll
LogICUInternationalization: ICU TimeZone Detection - Raw Offset: +9:00, Platform Override: ''
LogPluginManager: Mounting plugin Paper2D
LogPluginManager: Mounting plugin AISupport
LogPluginManager: Mounting plugin LightPropagationVolume
LogPluginManager: Mounting plugin CameraShakePreviewer
LogPluginManager: Mounting plugin ActorLayerUtilities
LogPluginManager: Mounting plugin AnimationSharing
LogPluginManager: Mounting plugin CLionSourceCodeAccess
LogPluginManager: Mounting plugin CodeLiteSourceCodeAccess
LogPluginManager: Mounting plugin GitSourceControl
LogPluginManager: Mounting plugin KDevelopSourceCodeAccess
LogPluginManager: Mounting plugin NullSourceCodeAccess
LogPluginManager: Mounting plugin PerforceSourceControl
LogPluginManager: Mounting plugin PlasticSourceControl
LogPluginManager: Mounting plugin RiderSourceCodeAccess
LogPluginManager: Mounting plugin SubversionSourceControl
LogPluginManager: Mounting plugin UObjectPlugin
LogPluginManager: Mounting plugin VisualStudioCodeSourceCodeAccess
LogPluginManager: Mounting plugin VisualStudioSourceCodeAccess
LogPluginManager: Mounting plugin XCodeSourceCodeAccess
LogPluginManager: Mounting plugin AssetManagerEditor
LogPluginManager: Mounting plugin CryptoKeys
LogPluginManager: Mounting plugin CurveEditorTools
LogPluginManager: Mounting plugin DataValidation
LogPluginManager: Mounting plugin EditorScriptingUtilities
LogPluginManager: Mounting plugin FacialAnimation
LogPluginManager: Mounting plugin GameplayTagsEditor
LogPluginManager: Mounting plugin GeometryMode
LogPluginManager: Mounting plugin MacGraphicsSwitching
LogPluginManager: Mounting plugin MaterialAnalyzer
LogPluginManager: Mounting plugin MobileLauncherProfileWizard
LogPluginManager: Mounting plugin PluginBrowser
LogPluginManager: Mounting plugin SpeedTreeImporter
LogPluginManager: Mounting plugin DatasmithContent
LogPluginManager: Mounting plugin VariantManagerContent
LogPluginManager: Mounting plugin AlembicImporter
LogPluginManager: Mounting plugin AutomationUtils
LogPluginManager: Mounting plugin BackChannel
LogPluginManager: Mounting plugin ChaosCloth
LogPluginManager: Mounting plugin ChaosClothEditor
LogPluginManager: Mounting plugin ChaosEditor
LogPluginManager: Mounting plugin ChaosNiagara
LogPluginManager: Mounting plugin ChaosSolverPlugin
LogPluginManager: Mounting plugin CharacterAI
LogPluginManager: Mounting plugin GeometryCache
LogPluginManager: Mounting plugin GeometryCollectionPlugin
LogPluginManager: Mounting plugin GeometryProcessing
LogPluginManager: Mounting plugin PlanarCut
LogPluginManager: Mounting plugin PlatformCrypto
LogPluginManager: Mounting plugin ProxyLODPlugin
LogPluginManager: Mounting plugin SkeletalReduction
LogPluginManager: Mounting plugin Niagara
LogPluginManager: Mounting plugin MagicLeap
LogPluginManager: Mounting plugin MagicLeapLightEstimation
LogPluginManager: Mounting plugin MagicLeapMedia
LogPluginManager: Mounting plugin MagicLeapPassableWorld
LogPluginManager: Mounting plugin MLSDK
LogPluginManager: Mounting plugin AndroidMedia
LogPluginManager: Mounting plugin AvfMedia
LogPluginManager: Mounting plugin ImgMedia
LogPluginManager: Mounting plugin MediaCompositing
LogPluginManager: Mounting plugin MediaPlayerEditor
LogPluginManager: Mounting plugin WebMMedia
LogPluginManager: Mounting plugin WmfMedia
LogPluginManager: Mounting plugin MeshPainting
LogPluginManager: Mounting plugin TcpMessaging
LogPluginManager: Mounting plugin UdpMessaging
LogPluginManager: Mounting plugin ActorSequence
LogPluginManager: Mounting plugin LevelSequenceEditor
LogPluginManager: Mounting plugin MatineeToLevelSequence
LogPluginManager: Mounting plugin MovieRenderPipeline
LogPluginManager: Mounting plugin TemplateSequence
LogPluginManager: Mounting plugin NetcodeUnitTest
LogPluginManager: Mounting plugin NUTUnrealEngine4
LogPluginManager: Mounting plugin OnlineSubsystemGooglePlay
LogPluginManager: Mounting plugin OnlineSubsystemIOS
LogPluginManager: Mounting plugin OnlineSubsystem
LogPluginManager: Mounting plugin OnlineSubsystemNull
LogPluginManager: Mounting plugin OnlineSubsystemUtils
LogPluginManager: Mounting plugin LauncherChunkInstaller
LogPluginManager: Mounting plugin AndroidDeviceProfileSelector
LogPluginManager: Mounting plugin AndroidMoviePlayer
LogPluginManager: Mounting plugin AndroidPermission
LogPluginManager: Mounting plugin AppleImageUtils
LogPluginManager: Mounting plugin AppleMoviePlayer
LogPluginManager: Mounting plugin ArchVisCharacter
LogPluginManager: Mounting plugin AssetTags
LogPluginManager: Mounting plugin AudioCapture
LogPluginManager: Mounting plugin CableComponent
LogPluginManager: Mounting plugin CustomMeshComponent
LogPluginManager: Mounting plugin EditableMesh
LogPluginManager: Mounting plugin ExampleDeviceProfileSelector
LogPluginManager: Mounting plugin GoogleCloudMessaging
LogPluginManager: Mounting plugin GooglePAD
LogPluginManager: Mounting plugin IOSDeviceProfileSelector
LogPluginManager: Mounting plugin LinuxDeviceProfileSelector
LogPluginManager: Mounting plugin LocationServicesBPLibrary
LogPluginManager: Mounting plugin MobilePatchingUtils
LogPluginManager: Mounting plugin OculusVR
LogPluginManager: Mounting plugin PhysXVehicles
LogPluginManager: Mounting plugin PostSplashScreen
LogPluginManager: Mounting plugin ProceduralMeshComponent
LogPluginManager: Mounting plugin RuntimePhysXCooking
LogPluginManager: Mounting plugin SignificanceManager
LogPluginManager: Mounting plugin SoundFields
LogPluginManager: Mounting plugin SteamVR
LogPluginManager: Mounting plugin Synthesis
LogPluginManager: Mounting plugin WebMMoviePlayer
LogPluginManager: Mounting plugin WindowsMoviePlayer
LogPluginManager: Mounting plugin ScreenshotTools
LogInit: Using libcurl 7.55.1-DEV
LogInit:  - built for x86_64-pc-win32
LogInit:  - supports SSL with OpenSSL/1.1.1
LogInit:  - supports HTTP deflate (compression) using libz 1.2.8
LogInit:  - other features:
LogInit:      CURL_VERSION_SSL
LogInit:      CURL_VERSION_LIBZ
LogInit:      CURL_VERSION_IPV6
LogInit:      CURL_VERSION_ASYNCHDNS
LogInit:      CURL_VERSION_LARGEFILE
LogInit:      CURL_VERSION_IDN
LogInit:  CurlRequestOptions (configurable via config and command line):
LogInit:  - bVerifyPeer = true  - Libcurl will verify peer certificate
LogInit:  - bUseHttpProxy = false  - Libcurl will NOT use HTTP proxy
LogInit:  - bDontReuseConnections = false  - Libcurl will reuse connections
LogInit:  - MaxHostConnections = 16  - Libcurl will limit the number of connections to a host
LogInit:  - LocalHostAddr = Default
LogInit:  - BufferSize = 65536
LogOnline: OSS: Creating online subsystem instance for: NULL
LogInit: WinSock: version 1.1 (2.2), MaxSocks=32767, MaxUdp=65467
LogOnline: OSS: TryLoadSubsystemAndSetDefault: Loaded subsystem for module [NULL]
LogInit: Build: ++UE4+Release-4.25-CL-14469661
LogInit: Engine Version: 4.25.4-14469661+++UE4+Release-4.25
LogInit: Compatible Engine Version: 4.25.0-13144385+++UE4+Release-4.25
LogInit: Net CL: 13144385
LogInit: OS: Windows 10 (Release 2009) (), CPU: Intel(R) Core(TM) i7-9700K CPU @ 3.60GHz, GPU: NVIDIA GeForce RTX 2080
LogInit: Compiled (64-bit): Oct 11 2020 08:10:49
LogInit: Compiled with Visual C++: 19.24.28315.00
LogInit: Build Configuration: Development
LogInit: Branch Name: ++UE4+Release-4.25
LogInit: Command Line: 
LogInit: Base Directory: D:/Game/UE_4.25/Engine/Binaries/Win64/
LogInit: Allocator: TBB
LogInit: Installed Engine Build: 1
LogDevObjectVersion: Number of dev versions registered: 26
LogDevObjectVersion:   Dev-Blueprints (B0D832E4-1F89-4F0D-ACCF-7EB736FD4AA2): 10
LogDevObjectVersion:   Dev-Build (E1C64328-A22C-4D53-A36C-8E866417BD8C): 0
LogDevObjectVersion:   Dev-Core (375EC13C-06E4-48FB-B500-84F0262A717E): 4
LogDevObjectVersion:   Dev-Editor (E4B068ED-F494-42E9-A231-DA0B2E46BB41): 38
LogDevObjectVersion:   Dev-Framework (CFFC743F-43B0-4480-9391-14DF171D2073): 37
LogDevObjectVersion:   Dev-Mobile (B02B49B5-BB20-44E9-A304-32B752E40360): 2
LogDevObjectVersion:   Dev-Networking (A4E4105C-59A1-49B5-A7C5-40C4547EDFEE): 0
LogDevObjectVersion:   Dev-Online (39C831C9-5AE6-47DC-9A44-9C173E1C8E7C): 0
LogDevObjectVersion:   Dev-Physics (78F01B33-EBEA-4F98-B9B4-84EACCB95AA2): 4
LogDevObjectVersion:   Dev-Platform (6631380F-2D4D-43E0-8009-CF276956A95A): 0
LogDevObjectVersion:   Dev-Rendering (12F88B9F-8875-4AFC-A67C-D90C383ABD29): 43
LogDevObjectVersion:   Dev-Sequencer (7B5AE74C-D270-4C10-A958-57980B212A5A): 12
LogDevObjectVersion:   Dev-VR (D7296918-1DD6-4BDD-9DE2-64A83CC13884): 3
LogDevObjectVersion:   Dev-LoadTimes (C2A15278-BFE7-4AFE-6C17-90FF531DF755): 1
LogDevObjectVersion:   Private-Geometry (6EACA3D4-40EC-4CC1-B786-8BED09428FC5): 3
LogDevObjectVersion:   Dev-AnimPhys (29E575DD-E0A3-4627-9D10-D276232CDCEA): 17
LogDevObjectVersion:   Dev-Anim (AF43A65D-7FD3-4947-9873-3E8ED9C1BB05): 7
LogDevObjectVersion:   Dev-ReflectionCapture (6B266CEC-1EC7-4B8F-A30B-E4D90942FC07): 1
LogDevObjectVersion:   Dev-Automation (0DF73D61-A23F-47EA-B727-89E90C41499A): 1
LogDevObjectVersion:   FortniteMain (601D1886-AC64-4F84-AA16-D3DE0DEAC7D6): 31
LogDevObjectVersion:   Dev-Enterprise (9DFFBCD6-494F-0158-E221-12823C92A888): 10
LogDevObjectVersion:   Dev-Niagara (F2AED0AC-9AFE-416F-8664-AA7FFA26D6FC): 1
LogDevObjectVersion:   Dev-Destruction (174F1F0B-B4C6-45A5-B13F-2EE8D0FB917D): 10
LogDevObjectVersion:   Dev-Physics-Ext (35F94A83-E258-406C-A318-09F59610247C): 37
LogDevObjectVersion:   Dev-PhysicsMaterial-Chaos (B68FC16E-8B1B-42E2-B453-215C058844FE): 1
LogDevObjectVersion:   Dev-CineCamera (B2E18506-4273-CFC2-A54E-F4BB758BBA07): 1
LogInit: Presizing for max 25165824 objects, including 0 objects not considered by GC, pre-allocating 0 bytes for permanent pool.
LogConfig: Applying CVar settings from Section [/Script/Engine.StreamingSettings] File [C:/Users/Chanwoongs/Desktop/Project/Unreal_Engine_Tutorial/C++/ActionGame/Saved/Config/Windows/Engine.ini]
LogConfig: Setting CVar [[s.MinBulkDataSizeForAsyncLoading:131072]]
LogConfig: Setting CVar [[s.AsyncLoadingThreadEnabled:0]]
LogConfig: Setting CVar [[s.EventDrivenLoaderEnabled:1]]
LogConfig: Setting CVar [[s.WarnIfTimeLimitExceeded:0]]
LogConfig: Setting CVar [[s.TimeLimitExceededMultiplier:1.5]]
LogConfig: Setting CVar [[s.TimeLimitExceededMinTime:0.005]]
LogConfig: Setting CVar [[s.UseBackgroundLevelStreaming:1]]
LogConfig: Setting CVar [[s.PriorityAsyncLoadingExtraTime:15.0]]
LogConfig: Setting CVar [[s.LevelStreamingActorsUpdateTimeLimit:5.0]]
LogConfig: Setting CVar [[s.PriorityLevelStreamingActorsUpdateExtraTime:5.0]]
LogConfig: Setting CVar [[s.LevelStreamingComponentsRegistrationGranularity:10]]
LogConfig: Setting CVar [[s.UnregisterComponentsTimeLimit:1.0]]
LogConfig: Setting CVar [[s.LevelStreamingComponentsUnregistrationGranularity:5]]
LogConfig: Setting CVar [[s.FlushStreamingOnExit:1]]
LogInit: Object subsystem initialized
LogConfig: Setting CVar [[con.DebugEarlyDefault:1]]
LogConfig: Setting CVar [[r.setres:1280x720]]
[2022.10.20-14.11.18:089][  0]LogConfig: Setting CVar [[r.VSync:0]]
[2022.10.20-14.11.18:089][  0]LogConfig: Setting CVar [[r.RHICmdBypass:0]]
[2022.10.20-14.11.18:089][  0]LogConfig: Applying CVar settings from Section [/Script/Engine.RendererSettings] File [C:/Users/Chanwoongs/Desktop/Project/Unreal_Engine_Tutorial/C++/ActionGame/Saved/Config/Windows/Engine.ini]
[2022.10.20-14.11.18:089][  0]LogConfig: Setting CVar [[r.GPUCrashDebugging:0]]
[2022.10.20-14.11.18:089][  0]LogConfig: Setting CVar [[r.SkinCache.CompileShaders:1]]
[2022.10.20-14.11.18:089][  0]LogConfig: Setting CVar [[r.RayTracing:1]]
[2022.10.20-14.11.18:089][  0]LogConfig: Applying CVar settings from Section [/Script/Engine.RendererOverrideSettings] File [C:/Users/Chanwoongs/Desktop/Project/Unreal_Engine_Tutorial/C++/ActionGame/Saved/Config/Windows/Engine.ini]
[2022.10.20-14.11.18:089][  0]LogConfig: Applying CVar settings from Section [/Script/Engine.StreamingSettings] File [C:/Users/Chanwoongs/Desktop/Project/Unreal_Engine_Tutorial/C++/ActionGame/Saved/Config/Windows/Engine.ini]
[2022.10.20-14.11.18:090][  0]LogConfig: Setting CVar [[s.MinBulkDataSizeForAsyncLoading:131072]]
[2022.10.20-14.11.18:090][  0]LogConfig: Setting CVar [[s.AsyncLoadingThreadEnabled:0]]
[2022.10.20-14.11.18:090][  0]LogConfig: Setting CVar [[s.EventDrivenLoaderEnabled:1]]
[2022.10.20-14.11.18:090][  0]LogConfig: Setting CVar [[s.WarnIfTimeLimitExceeded:0]]
[2022.10.20-14.11.18:090][  0]LogConfig: Setting CVar [[s.TimeLimitExceededMultiplier:1.5]]
[2022.10.20-14.11.18:090][  0]LogConfig: Setting CVar [[s.TimeLimitExceededMinTime:0.005]]
[2022.10.20-14.11.18:090][  0]LogConfig: Setting CVar [[s.UseBackgroundLevelStreaming:1]]
[2022.10.20-14.11.18:090][  0]LogConfig: Setting CVar [[s.PriorityAsyncLoadingExtraTime:15.0]]
[2022.10.20-14.11.18:090][  0]LogConfig: Setting CVar [[s.LevelStreamingActorsUpdateTimeLimit:5.0]]
[2022.10.20-14.11.18:090][  0]LogConfig: Setting CVar [[s.PriorityLevelStreamingActorsUpdateExtraTime:5.0]]
[2022.10.20-14.11.18:090][  0]LogConfig: Setting CVar [[s.LevelStreamingComponentsRegistrationGranularity:10]]
[2022.10.20-14.11.18:090][  0]LogConfig: Setting CVar [[s.UnregisterComponentsTimeLimit:1.0]]
[2022.10.20-14.11.18:090][  0]LogConfig: Setting CVar [[s.LevelStreamingComponentsUnregistrationGranularity:5]]
[2022.10.20-14.11.18:090][  0]LogConfig: Setting CVar [[s.FlushStreamingOnExit:1]]
[2022.10.20-14.11.18:090][  0]LogConfig: Applying CVar settings from Section [/Script/Engine.GarbageCollectionSettings] File [C:/Users/Chanwoongs/Desktop/Project/Unreal_Engine_Tutorial/C++/ActionGame/Saved/Config/Windows/Engine.ini]
[2022.10.20-14.11.18:090][  0]LogConfig: Setting CVar [[gc.MaxObjectsNotConsideredByGC:1]]
[2022.10.20-14.11.18:090][  0]LogConfig: Setting CVar [[gc.SizeOfPermanentObjectPool:0]]
[2022.10.20-14.11.18:090][  0]LogConfig: Setting CVar [[gc.FlushStreamingOnGC:0]]
[2022.10.20-14.11.18:090][  0]LogConfig: Setting CVar [[gc.NumRetriesBeforeForcingGC:10]]
[2022.10.20-14.11.18:090][  0]LogConfig: Setting CVar [[gc.AllowParallelGC:1]]
[2022.10.20-14.11.18:090][  0]LogConfig: Setting CVar [[gc.TimeBetweenPurgingPendingKillObjects:61.1]]
[2022.10.20-14.11.18:090][  0]LogConfig: Setting CVar [[gc.MaxObjectsInEditor:25165824]]
[2022.10.20-14.11.18:090][  0]LogConfig: Setting CVar [[gc.IncrementalBeginDestroyEnabled:1]]
[2022.10.20-14.11.18:090][  0]LogConfig: Setting CVar [[gc.CreateGCClusters:1]]
[2022.10.20-14.11.18:090][  0]LogConfig: Setting CVar [[gc.MinGCClusterSize:5]]
[2022.10.20-14.11.18:090][  0]LogConfig: Setting CVar [[gc.ActorClusteringEnabled:0]]
[2022.10.20-14.11.18:090][  0]LogConfig: Setting CVar [[gc.BlueprintClusteringEnabled:0]]
[2022.10.20-14.11.18:090][  0]LogConfig: Setting CVar [[gc.UseDisregardForGCOnDedicatedServers:0]]
[2022.10.20-14.11.18:090][  0]LogConfig: Applying CVar settings from Section [/Script/Engine.NetworkSettings] File [C:/Users/Chanwoongs/Desktop/Project/Unreal_Engine_Tutorial/C++/ActionGame/Saved/Config/Windows/Engine.ini]
[2022.10.20-14.11.18:090][  0]LogConfig: Applying CVar settings from Section [/Script/UnrealEd.CookerSettings] File [C:/Users/Chanwoongs/Desktop/Project/Unreal_Engine_Tutorial/C++/ActionGame/Saved/Config/Windows/Engine.ini]
[2022.10.20-14.11.18:096][  0]LogConfig: Applying CVar settings from Section [ViewDistanceQuality@3] File [C:/Users/Chanwoongs/Desktop/Project/Unreal_Engine_Tutorial/C++/ActionGame/Saved/Config/Windows/Scalability.ini]
[2022.10.20-14.11.18:096][  0]LogConfig: Setting CVar [[r.SkeletalMeshLODBias:0]]
[2022.10.20-14.11.18:096][  0]LogConfig: Setting CVar [[r.ViewDistanceScale:1.0]]
[2022.10.20-14.11.18:096][  0]LogConfig: Applying CVar settings from Section [AntiAliasingQuality@3] File [C:/Users/Chanwoongs/Desktop/Project/Unreal_Engine_Tutorial/C++/ActionGame/Saved/Config/Windows/Scalability.ini]
[2022.10.20-14.11.18:096][  0]LogConfig: Setting CVar [[r.PostProcessAAQuality:4]]
[2022.10.20-14.11.18:096][  0]LogConfig: Applying CVar settings from Section [ShadowQuality@3] File [C:/Users/Chanwoongs/Desktop/Project/Unreal_Engine_Tutorial/C++/ActionGame/Saved/Config/Windows/Scalability.ini]
[2022.10.20-14.11.18:096][  0]LogConfig: Setting CVar [[r.LightFunctionQuality:1]]
[2022.10.20-14.11.18:096][  0]LogConfig: Setting CVar [[r.ShadowQuality:5]]
[2022.10.20-14.11.18:096][  0]LogConfig: Setting CVar [[r.Shadow.CSM.MaxCascades:10]]
[2022.10.20-14.11.18:096][  0]LogConfig: Setting CVar [[r.Shadow.MaxResolution:2048]]
[2022.10.20-14.11.18:096][  0]LogConfig: Setting CVar [[r.Shadow.MaxCSMResolution:2048]]
[2022.10.20-14.11.18:096][  0]LogConfig: Setting CVar [[r.Shadow.RadiusThreshold:0.01]]
[2022.10.20-14.11.18:096][  0]LogConfig: Setting CVar [[r.Shadow.DistanceScale:1.0]]
[2022.10.20-14.11.18:096][  0]LogConfig: Setting CVar [[r.Shadow.CSM.TransitionScale:1.0]]
[2022.10.20-14.11.18:096][  0]LogConfig: Setting CVar [[r.Shadow.PreShadowResolutionFactor:1.0]]
[2022.10.20-14.11.18:096][  0]LogConfig: Setting CVar [[r.DistanceFieldShadowing:1]]
[2022.10.20-14.11.18:096][  0]LogConfig: Setting CVar [[r.DistanceFieldAO:1]]
[2022.10.20-14.11.18:096][  0]LogConfig: Setting CVar [[r.AOQuality:2]]
[2022.10.20-14.11.18:096][  0]LogConfig: Setting CVar [[r.VolumetricFog:1]]
[2022.10.20-14.11.18:096][  0]LogConfig: Setting CVar [[r.VolumetricFog.GridPixelSize:8]]
[2022.10.20-14.11.18:096][  0]LogConfig: Setting CVar [[r.VolumetricFog.GridSizeZ:128]]
[2022.10.20-14.11.18:096][  0]LogConfig: Setting CVar [[r.VolumetricFog.HistoryMissSupersampleCount:4]]
[2022.10.20-14.11.18:096][  0]LogConfig: Setting CVar [[r.LightMaxDrawDistanceScale:1]]
[2022.10.20-14.11.18:096][  0]LogConfig: Setting CVar [[r.CapsuleShadows:1]]
[2022.10.20-14.11.18:096][  0]LogConfig: Applying CVar settings from Section [PostProcessQuality@3] File [C:/Users/Chanwoongs/Desktop/Project/Unreal_Engine_Tutorial/C++/ActionGame/Saved/Config/Windows/Scalability.ini]
[2022.10.20-14.11.18:096][  0]LogConfig: Setting CVar [[r.MotionBlurQuality:4]]
[2022.10.20-14.11.18:096][  0]LogConfig: Setting CVar [[r.AmbientOcclusionMipLevelFactor:0.4]]
[2022.10.20-14.11.18:096][  0]LogConfig: Setting CVar [[r.AmbientOcclusionMaxQuality:100]]
[2022.10.20-14.11.18:096][  0]LogConfig: Setting CVar [[r.AmbientOcclusionLevels:-1]]
[2022.10.20-14.11.18:096][  0]LogConfig: Setting CVar [[r.AmbientOcclusionRadiusScale:1.0]]
[2022.10.20-14.11.18:096][  0]LogConfig: Setting CVar [[r.DepthOfFieldQuality:2]]
[2022.10.20-14.11.18:096][  0]LogConfig: Setting CVar [[r.RenderTargetPoolMin:400]]
[2022.10.20-14.11.18:096][  0]LogConfig: Setting CVar [[r.LensFlareQuality:2]]
[2022.10.20-14.11.18:096][  0]LogConfig: Setting CVar [[r.SceneColorFringeQuality:1]]
[2022.10.20-14.11.18:096][  0]LogConfig: Setting CVar [[r.EyeAdaptationQuality:2]]
[2022.10.20-14.11.18:096][  0]LogConfig: Setting CVar [[r.BloomQuality:5]]
[2022.10.20-14.11.18:096][  0]LogConfig: Setting CVar [[r.FastBlurThreshold:100]]
[2022.10.20-14.11.18:096][  0]LogConfig: Setting CVar [[r.Upscale.Quality:3]]
[2022.10.20-14.11.18:096][  0]LogConfig: Setting CVar [[r.Tonemapper.GrainQuantization:1]]
[2022.10.20-14.11.18:096][  0]LogConfig: Setting CVar [[r.LightShaftQuality:1]]
[2022.10.20-14.11.18:096][  0]LogConfig: Setting CVar [[r.Filter.SizeScale:1]]
[2022.10.20-14.11.18:096][  0]LogConfig: Setting CVar [[r.Tonemapper.Quality:5]]
[2022.10.20-14.11.18:096][  0]LogConfig: Setting CVar [[r.DOF.Gather.AccumulatorQuality:1        ; higher gathering accumulator quality]]
[2022.10.20-14.11.18:096][  0]LogConfig: Setting CVar [[r.DOF.Gather.PostfilterMethod:1          ; Median3x3 postfilering method]]
[2022.10.20-14.11.18:096][  0]LogConfig: Setting CVar [[r.DOF.Gather.EnableBokehSettings:0       ; no bokeh simulation when gathering]]
[2022.10.20-14.11.18:096][  0]LogConfig: Setting CVar [[r.DOF.Gather.RingCount:4                 ; medium number of samples when gathering]]
[2022.10.20-14.11.18:096][  0]LogConfig: Setting CVar [[r.DOF.Scatter.ForegroundCompositing:1    ; additive foreground scattering]]
[2022.10.20-14.11.18:096][  0]LogConfig: Setting CVar [[r.DOF.Scatter.BackgroundCompositing:2    ; additive background scattering]]
[2022.10.20-14.11.18:096][  0]LogConfig: Setting CVar [[r.DOF.Scatter.EnableBokehSettings:1      ; bokeh simulation when scattering]]
[2022.10.20-14.11.18:096][  0]LogConfig: Setting CVar [[r.DOF.Scatter.MaxSpriteRatio:0.1         ; only a maximum of 10% of scattered bokeh]]
[2022.10.20-14.11.18:096][  0]LogConfig: Setting CVar [[r.DOF.Recombine.Quality:1                ; cheap slight out of focus]]
[2022.10.20-14.11.18:096][  0]LogConfig: Setting CVar [[r.DOF.Recombine.EnableBokehSettings:0    ; no bokeh simulation on slight out of focus]]
[2022.10.20-14.11.18:096][  0]LogConfig: Setting CVar [[r.DOF.TemporalAAQuality:1                ; more stable temporal accumulation]]
[2022.10.20-14.11.18:096][  0]LogConfig: Setting CVar [[r.DOF.Kernel.MaxForegroundRadius:0.025]]
[2022.10.20-14.11.18:096][  0]LogConfig: Setting CVar [[r.DOF.Kernel.MaxBackgroundRadius:0.025]]
[2022.10.20-14.11.18:096][  0]LogConfig: Applying CVar settings from Section [TextureQuality@3] File [C:/Users/Chanwoongs/Desktop/Project/Unreal_Engine_Tutorial/C++/ActionGame/Saved/Config/Windows/Scalability.ini]
[2022.10.20-14.11.18:096][  0]LogConfig: Setting CVar [[r.Streaming.MipBias:0]]
[2022.10.20-14.11.18:096][  0]LogConfig: Setting CVar [[r.Streaming.AmortizeCPUToGPUCopy:0]]
[2022.10.20-14.11.18:096][  0]LogConfig: Setting CVar [[r.Streaming.MaxNumTexturesToStreamPerFrame:0]]
[2022.10.20-14.11.18:096][  0]LogConfig: Setting CVar [[r.Streaming.Boost:1]]
[2022.10.20-14.11.18:096][  0]LogConfig: Setting CVar [[r.MaxAnisotropy:8]]
[2022.10.20-14.11.18:096][  0]LogConfig: Setting CVar [[r.VT.MaxAnisotropy:8]]
[2022.10.20-14.11.18:096][  0]LogConfig: Setting CVar [[r.Streaming.LimitPoolSizeToVRAM:0]]
[2022.10.20-14.11.18:096][  0]LogConfig: Setting CVar [[r.Streaming.PoolSize:1000]]
[2022.10.20-14.11.18:096][  0]LogConfig: Setting CVar [[r.Streaming.MaxEffectiveScreenSize:0]]
[2022.10.20-14.11.18:096][  0]LogConfig: Applying CVar settings from Section [EffectsQuality@3] File [C:/Users/Chanwoongs/Desktop/Project/Unreal_Engine_Tutorial/C++/ActionGame/Saved/Config/Windows/Scalability.ini]
[2022.10.20-14.11.18:097][  0]LogConfig: Setting CVar [[r.TranslucencyLightingVolumeDim:64]]
[2022.10.20-14.11.18:097][  0]LogConfig: Setting CVar [[r.RefractionQuality:2]]
[2022.10.20-14.11.18:097][  0]LogConfig: Setting CVar [[r.SSR.Quality:3]]
[2022.10.20-14.11.18:097][  0]LogConfig: Setting CVar [[r.SSR.HalfResSceneColor:0]]
[2022.10.20-14.11.18:097][  0]LogConfig: Setting CVar [[r.SceneColorFormat:4]]
[2022.10.20-14.11.18:097][  0]LogConfig: Setting CVar [[r.DetailMode:2]]
[2022.10.20-14.11.18:097][  0]LogConfig: Setting CVar [[r.TranslucencyVolumeBlur:1]]
[2022.10.20-14.11.18:097][  0]LogConfig: Setting CVar [[r.MaterialQualityLevel:1 ; High quality]]
[2022.10.20-14.11.18:097][  0]LogConfig: Setting CVar [[r.SSS.Scale:1]]
[2022.10.20-14.11.18:097][  0]LogConfig: Setting CVar [[r.SSS.SampleSet:2]]
[2022.10.20-14.11.18:097][  0]LogConfig: Setting CVar [[r.SSS.Quality:1]]
[2022.10.20-14.11.18:097][  0]LogConfig: Setting CVar [[r.SSS.HalfRes:0]]
[2022.10.20-14.11.18:097][  0]LogConfig: Setting CVar [[r.SSGI.Quality:3]]
[2022.10.20-14.11.18:097][  0]LogConfig: Setting CVar [[r.EmitterSpawnRateScale:1.0]]
[2022.10.20-14.11.18:097][  0]LogConfig: Setting CVar [[r.ParticleLightQuality:2]]
[2022.10.20-14.11.18:097][  0]LogConfig: Setting CVar [[r.SkyAtmosphere.AerialPerspectiveLUT.FastApplyOnOpaque:1 ; Always have FastSkyLUT 1 in this case to avoid wrong sky]]
[2022.10.20-14.11.18:097][  0]LogConfig: Setting CVar [[r.SkyAtmosphere.AerialPerspectiveLUT.SampleCountPerSlice:1]]
[2022.10.20-14.11.18:097][  0]LogConfig: Setting CVar [[r.SkyAtmosphere.AerialPerspectiveLUT.DepthResolution:16.0]]
[2022.10.20-14.11.18:097][  0]LogConfig: Setting CVar [[r.SkyAtmosphere.FastSkyLUT:1]]
[2022.10.20-14.11.18:097][  0]LogConfig: Setting CVar [[r.SkyAtmosphere.FastSkyLUT.SampleCountMin:4.0]]
[2022.10.20-14.11.18:097][  0]LogConfig: Setting CVar [[r.SkyAtmosphere.FastSkyLUT.SampleCountMax:32.0]]
[2022.10.20-14.11.18:097][  0]LogConfig: Setting CVar [[r.SkyAtmosphere.SampleCountMin:4.0]]
[2022.10.20-14.11.18:097][  0]LogConfig: Setting CVar [[r.SkyAtmosphere.SampleCountMax:32.0]]
[2022.10.20-14.11.18:097][  0]LogConfig: Setting CVar [[r.SkyAtmosphere.TransmittanceLUT.UseSmallFormat:0]]
[2022.10.20-14.11.18:097][  0]LogConfig: Setting CVar [[r.SkyAtmosphere.TransmittanceLUT.SampleCount:10.0]]
[2022.10.20-14.11.18:097][  0]LogConfig: Setting CVar [[r.SkyAtmosphere.MultiScatteringLUT.SampleCount:15.0]]
[2022.10.20-14.11.18:097][  0]LogConfig: Applying CVar settings from Section [FoliageQuality@3] File [C:/Users/Chanwoongs/Desktop/Project/Unreal_Engine_Tutorial/C++/ActionGame/Saved/Config/Windows/Scalability.ini]
[2022.10.20-14.11.18:097][  0]LogConfig: Setting CVar [[foliage.DensityScale:1.0]]
[2022.10.20-14.11.18:097][  0]LogConfig: Setting CVar [[grass.DensityScale:1.0]]
[2022.10.20-14.11.18:097][  0]LogConfig: Applying CVar settings from Section [ShadingQuality@3] File [C:/Users/Chanwoongs/Desktop/Project/Unreal_Engine_Tutorial/C++/ActionGame/Saved/Config/Windows/Scalability.ini]
[2022.10.20-14.11.18:097][  0]LogConfig: Setting CVar [[r.HairStrands.SkyLighting.SampleCount:16]]
[2022.10.20-14.11.18:097][  0]LogConfig: Setting CVar [[r.HairStrands.SkyLighting.JitterIntegration:0]]
[2022.10.20-14.11.18:097][  0]LogConfig: Setting CVar [[r.HairStrands.SkyAO.SampleCount:16]]
[2022.10.20-14.11.18:097][  0]LogConfig: Setting CVar [[r.HairStrands.DeepShadow.SuperSampling:0]]
[2022.10.20-14.11.18:097][  0]LogConfig: Setting CVar [[r.HairStrands.VisibilityPPLL:0]]
[2022.10.20-14.11.18:097][  0]LogConfig: Setting CVar [[r.HairStrands.RasterizationScale:0.5]]
[2022.10.20-14.11.18:097][  0]LogConfig: Setting CVar [[r.HairStrands.VelocityRasterizationScale:1]]
[2022.10.20-14.11.18:097][  0]LogInit: Selected Device Profile: [Windows]
[2022.10.20-14.11.18:097][  0]LogInit: Applying CVar settings loaded from the selected device profile: [Windows]
[2022.10.20-14.11.18:098][  0]LogHAL: Display: Platform has ~ 48 GB [51453968384 / 68719476736 / 48], which maps to Largest [LargestMinGB=32, LargerMinGB=12, DefaultMinGB=8, SmallerMinGB=6, SmallestMinGB=0)
[2022.10.20-14.11.18:098][  0]LogInit: Going up to parent DeviceProfile []
[2022.10.20-14.11.18:098][  0]LogConfig: Applying CVar settings from Section [ViewDistanceQuality@3] File [C:/Users/Chanwoongs/Desktop/Project/Unreal_Engine_Tutorial/C++/ActionGame/Saved/Config/Windows/Scalability.ini]
[2022.10.20-14.11.18:098][  0]LogConfig: Setting CVar [[r.SkeletalMeshLODBias:0]]
[2022.10.20-14.11.18:098][  0]LogConfig: Setting CVar [[r.ViewDistanceScale:1.0]]
[2022.10.20-14.11.18:098][  0]LogConfig: Applying CVar settings from Section [AntiAliasingQuality@3] File [C:/Users/Chanwoongs/Desktop/Project/Unreal_Engine_Tutorial/C++/ActionGame/Saved/Config/Windows/Scalability.ini]
[2022.10.20-14.11.18:098][  0]LogConfig: Setting CVar [[r.PostProcessAAQuality:4]]
[2022.10.20-14.11.18:098][  0]LogConfig: Applying CVar settings from Section [ShadowQuality@3] File [C:/Users/Chanwoongs/Desktop/Project/Unreal_Engine_Tutorial/C++/ActionGame/Saved/Config/Windows/Scalability.ini]
[2022.10.20-14.11.18:098][  0]LogConfig: Setting CVar [[r.LightFunctionQuality:1]]
[2022.10.20-14.11.18:098][  0]LogConfig: Setting CVar [[r.ShadowQuality:5]]
[2022.10.20-14.11.18:098][  0]LogConfig: Setting CVar [[r.Shadow.CSM.MaxCascades:10]]
[2022.10.20-14.11.18:098][  0]LogConfig: Setting CVar [[r.Shadow.MaxResolution:2048]]
[2022.10.20-14.11.18:098][  0]LogConfig: Setting CVar [[r.Shadow.MaxCSMResolution:2048]]
[2022.10.20-14.11.18:098][  0]LogConfig: Setting CVar [[r.Shadow.RadiusThreshold:0.01]]
[2022.10.20-14.11.18:098][  0]LogConfig: Setting CVar [[r.Shadow.DistanceScale:1.0]]
[2022.10.20-14.11.18:098][  0]LogConfig: Setting CVar [[r.Shadow.CSM.TransitionScale:1.0]]
[2022.10.20-14.11.18:098][  0]LogConfig: Setting CVar [[r.Shadow.PreShadowResolutionFactor:1.0]]
[2022.10.20-14.11.18:098][  0]LogConfig: Setting CVar [[r.DistanceFieldShadowing:1]]
[2022.10.20-14.11.18:098][  0]LogConfig: Setting CVar [[r.DistanceFieldAO:1]]
[2022.10.20-14.11.18:098][  0]LogConfig: Setting CVar [[r.AOQuality:2]]
[2022.10.20-14.11.18:098][  0]LogConfig: Setting CVar [[r.VolumetricFog:1]]
[2022.10.20-14.11.18:098][  0]LogConfig: Setting CVar [[r.VolumetricFog.GridPixelSize:8]]
[2022.10.20-14.11.18:098][  0]LogConfig: Setting CVar [[r.VolumetricFog.GridSizeZ:128]]
[2022.10.20-14.11.18:098][  0]LogConfig: Setting CVar [[r.VolumetricFog.HistoryMissSupersampleCount:4]]
[2022.10.20-14.11.18:098][  0]LogConfig: Setting CVar [[r.LightMaxDrawDistanceScale:1]]
[2022.10.20-14.11.18:098][  0]LogConfig: Setting CVar [[r.CapsuleShadows:1]]
[2022.10.20-14.11.18:098][  0]LogConfig: Applying CVar settings from Section [PostProcessQuality@3] File [C:/Users/Chanwoongs/Desktop/Project/Unreal_Engine_Tutorial/C++/ActionGame/Saved/Config/Windows/Scalability.ini]
[2022.10.20-14.11.18:098][  0]LogConfig: Setting CVar [[r.MotionBlurQuality:4]]
[2022.10.20-14.11.18:098][  0]LogConfig: Setting CVar [[r.AmbientOcclusionMipLevelFactor:0.4]]
[2022.10.20-14.11.18:098][  0]LogConfig: Setting CVar [[r.AmbientOcclusionMaxQuality:100]]
[2022.10.20-14.11.18:098][  0]LogConfig: Setting CVar [[r.AmbientOcclusionLevels:-1]]
[2022.10.20-14.11.18:098][  0]LogConfig: Setting CVar [[r.AmbientOcclusionRadiusScale:1.0]]
[2022.10.20-14.11.18:098][  0]LogConfig: Setting CVar [[r.DepthOfFieldQuality:2]]
[2022.10.20-14.11.18:098][  0]LogConfig: Setting CVar [[r.RenderTargetPoolMin:400]]
[2022.10.20-14.11.18:098][  0]LogConfig: Setting CVar [[r.LensFlareQuality:2]]
[2022.10.20-14.11.18:098][  0]LogConfig: Setting CVar [[r.SceneColorFringeQuality:1]]
[2022.10.20-14.11.18:098][  0]LogConfig: Setting CVar [[r.EyeAdaptationQuality:2]]
[2022.10.20-14.11.18:098][  0]LogConfig: Setting CVar [[r.BloomQuality:5]]
[2022.10.20-14.11.18:098][  0]LogConfig: Setting CVar [[r.FastBlurThreshold:100]]
[2022.10.20-14.11.18:098][  0]LogConfig: Setting CVar [[r.Upscale.Quality:3]]
[2022.10.20-14.11.18:098][  0]LogConfig: Setting CVar [[r.Tonemapper.GrainQuantization:1]]
[2022.10.20-14.11.18:098][  0]LogConfig: Setting CVar [[r.LightShaftQuality:1]]
[2022.10.20-14.11.18:098][  0]LogConfig: Setting CVar [[r.Filter.SizeScale:1]]
[2022.10.20-14.11.18:098][  0]LogConfig: Setting CVar [[r.Tonemapper.Quality:5]]
[2022.10.20-14.11.18:098][  0]LogConfig: Setting CVar [[r.DOF.Gather.AccumulatorQuality:1        ; higher gathering accumulator quality]]
[2022.10.20-14.11.18:098][  0]LogConfig: Setting CVar [[r.DOF.Gather.PostfilterMethod:1          ; Median3x3 postfilering method]]
[2022.10.20-14.11.18:098][  0]LogConfig: Setting CVar [[r.DOF.Gather.EnableBokehSettings:0       ; no bokeh simulation when gathering]]
[2022.10.20-14.11.18:098][  0]LogConfig: Setting CVar [[r.DOF.Gather.RingCount:4                 ; medium number of samples when gathering]]
[2022.10.20-14.11.18:098][  0]LogConfig: Setting CVar [[r.DOF.Scatter.ForegroundCompositing:1    ; additive foreground scattering]]
[2022.10.20-14.11.18:098][  0]LogConfig: Setting CVar [[r.DOF.Scatter.BackgroundCompositing:2    ; additive background scattering]]
[2022.10.20-14.11.18:098][  0]LogConfig: Setting CVar [[r.DOF.Scatter.EnableBokehSettings:1      ; bokeh simulation when scattering]]
[2022.10.20-14.11.18:098][  0]LogConfig: Setting CVar [[r.DOF.Scatter.MaxSpriteRatio:0.1         ; only a maximum of 10% of scattered bokeh]]
[2022.10.20-14.11.18:098][  0]LogConfig: Setting CVar [[r.DOF.Recombine.Quality:1                ; cheap slight out of focus]]
[2022.10.20-14.11.18:098][  0]LogConfig: Setting CVar [[r.DOF.Recombine.EnableBokehSettings:0    ; no bokeh simulation on slight out of focus]]
[2022.10.20-14.11.18:098][  0]LogConfig: Setting CVar [[r.DOF.TemporalAAQuality:1                ; more stable temporal accumulation]]
[2022.10.20-14.11.18:098][  0]LogConfig: Setting CVar [[r.DOF.Kernel.MaxForegroundRadius:0.025]]
[2022.10.20-14.11.18:098][  0]LogConfig: Setting CVar [[r.DOF.Kernel.MaxBackgroundRadius:0.025]]
[2022.10.20-14.11.18:098][  0]LogConfig: Applying CVar settings from Section [TextureQuality@3] File [C:/Users/Chanwoongs/Desktop/Project/Unreal_Engine_Tutorial/C++/ActionGame/Saved/Config/Windows/Scalability.ini]
[2022.10.20-14.11.18:098][  0]LogConfig: Setting CVar [[r.Streaming.MipBias:0]]
[2022.10.20-14.11.18:098][  0]LogConfig: Setting CVar [[r.Streaming.AmortizeCPUToGPUCopy:0]]
[2022.10.20-14.11.18:098][  0]LogConfig: Setting CVar [[r.Streaming.MaxNumTexturesToStreamPerFrame:0]]
[2022.10.20-14.11.18:098][  0]LogConfig: Setting CVar [[r.Streaming.Boost:1]]
[2022.10.20-14.11.18:098][  0]LogConfig: Setting CVar [[r.MaxAnisotropy:8]]
[2022.10.20-14.11.18:098][  0]LogConfig: Setting CVar [[r.VT.MaxAnisotropy:8]]
[2022.10.20-14.11.18:098][  0]LogConfig: Setting CVar [[r.Streaming.LimitPoolSizeToVRAM:0]]
[2022.10.20-14.11.18:098][  0]LogConfig: Setting CVar [[r.Streaming.PoolSize:1000]]
[2022.10.20-14.11.18:099][  0]LogConfig: Setting CVar [[r.Streaming.MaxEffectiveScreenSize:0]]
[2022.10.20-14.11.18:099][  0]LogConfig: Applying CVar settings from Section [EffectsQuality@3] File [C:/Users/Chanwoongs/Desktop/Project/Unreal_Engine_Tutorial/C++/ActionGame/Saved/Config/Windows/Scalability.ini]
[2022.10.20-14.11.18:099][  0]LogConfig: Setting CVar [[r.TranslucencyLightingVolumeDim:64]]
[2022.10.20-14.11.18:099][  0]LogConfig: Setting CVar [[r.RefractionQuality:2]]
[2022.10.20-14.11.18:099][  0]LogConfig: Setting CVar [[r.SSR.Quality:3]]
[2022.10.20-14.11.18:099][  0]LogConfig: Setting CVar [[r.SSR.HalfResSceneColor:0]]
[2022.10.20-14.11.18:099][  0]LogConfig: Setting CVar [[r.SceneColorFormat:4]]
[2022.10.20-14.11.18:099][  0]LogConfig: Setting CVar [[r.DetailMode:2]]
[2022.10.20-14.11.18:099][  0]LogConfig: Setting CVar [[r.TranslucencyVolumeBlur:1]]
[2022.10.20-14.11.18:099][  0]LogConfig: Setting CVar [[r.MaterialQualityLevel:1 ; High quality]]
[2022.10.20-14.11.18:099][  0]LogConfig: Setting CVar [[r.SSS.Scale:1]]
[2022.10.20-14.11.18:099][  0]LogConfig: Setting CVar [[r.SSS.SampleSet:2]]
[2022.10.20-14.11.18:099][  0]LogConfig: Setting CVar [[r.SSS.Quality:1]]
[2022.10.20-14.11.18:099][  0]LogConfig: Setting CVar [[r.SSS.HalfRes:0]]
[2022.10.20-14.11.18:099][  0]LogConfig: Setting CVar [[r.SSGI.Quality:3]]
[2022.10.20-14.11.18:099][  0]LogConfig: Setting CVar [[r.EmitterSpawnRateScale:1.0]]
[2022.10.20-14.11.18:099][  0]LogConfig: Setting CVar [[r.ParticleLightQuality:2]]
[2022.10.20-14.11.18:099][  0]LogConfig: Setting CVar [[r.SkyAtmosphere.AerialPerspectiveLUT.FastApplyOnOpaque:1 ; Always have FastSkyLUT 1 in this case to avoid wrong sky]]
[2022.10.20-14.11.18:099][  0]LogConfig: Setting CVar [[r.SkyAtmosphere.AerialPerspectiveLUT.SampleCountPerSlice:1]]
[2022.10.20-14.11.18:099][  0]LogConfig: Setting CVar [[r.SkyAtmosphere.AerialPerspectiveLUT.DepthResolution:16.0]]
[2022.10.20-14.11.18:099][  0]LogConfig: Setting CVar [[r.SkyAtmosphere.FastSkyLUT:1]]
[2022.10.20-14.11.18:099][  0]LogConfig: Setting CVar [[r.SkyAtmosphere.FastSkyLUT.SampleCountMin:4.0]]
[2022.10.20-14.11.18:099][  0]LogConfig: Setting CVar [[r.SkyAtmosphere.FastSkyLUT.SampleCountMax:32.0]]
[2022.10.20-14.11.18:099][  0]LogConfig: Setting CVar [[r.SkyAtmosphere.SampleCountMin:4.0]]
[2022.10.20-14.11.18:099][  0]LogConfig: Setting CVar [[r.SkyAtmosphere.SampleCountMax:32.0]]
[2022.10.20-14.11.18:099][  0]LogConfig: Setting CVar [[r.SkyAtmosphere.TransmittanceLUT.UseSmallFormat:0]]
[2022.10.20-14.11.18:099][  0]LogConfig: Setting CVar [[r.SkyAtmosphere.TransmittanceLUT.SampleCount:10.0]]
[2022.10.20-14.11.18:099][  0]LogConfig: Setting CVar [[r.SkyAtmosphere.MultiScatteringLUT.SampleCount:15.0]]
[2022.10.20-14.11.18:099][  0]LogConfig: Applying CVar settings from Section [FoliageQuality@3] File [C:/Users/Chanwoongs/Desktop/Project/Unreal_Engine_Tutorial/C++/ActionGame/Saved/Config/Windows/Scalability.ini]
[2022.10.20-14.11.18:099][  0]LogConfig: Setting CVar [[foliage.DensityScale:1.0]]
[2022.10.20-14.11.18:099][  0]LogConfig: Setting CVar [[grass.DensityScale:1.0]]
[2022.10.20-14.11.18:099][  0]LogConfig: Applying CVar settings from Section [ShadingQuality@3] File [C:/Users/Chanwoongs/Desktop/Project/Unreal_Engine_Tutorial/C++/ActionGame/Saved/Config/Windows/Scalability.ini]
[2022.10.20-14.11.18:099][  0]LogConfig: Setting CVar [[r.HairStrands.SkyLighting.SampleCount:16]]
[2022.10.20-14.11.18:099][  0]LogConfig: Setting CVar [[r.HairStrands.SkyLighting.JitterIntegration:0]]
[2022.10.20-14.11.18:099][  0]LogConfig: Setting CVar [[r.HairStrands.SkyAO.SampleCount:16]]
[2022.10.20-14.11.18:099][  0]LogConfig: Setting CVar [[r.HairStrands.DeepShadow.SuperSampling:0]]
[2022.10.20-14.11.18:099][  0]LogConfig: Setting CVar [[r.HairStrands.VisibilityPPLL:0]]
[2022.10.20-14.11.18:099][  0]LogConfig: Setting CVar [[r.HairStrands.RasterizationScale:0.5]]
[2022.10.20-14.11.18:099][  0]LogConfig: Setting CVar [[r.HairStrands.VelocityRasterizationScale:1]]
[2022.10.20-14.11.18:099][  0]LogConfig: Applying CVar settings from Section [Startup] File [../../../Engine/Config/ConsoleVariables.ini]
[2022.10.20-14.11.18:102][  0]LogConfig: Setting CVar [[net.UseAdaptiveNetUpdateFrequency:0]]
[2022.10.20-14.11.18:102][  0]LogConfig: Setting CVar [[p.chaos.AllowCreatePhysxBodies:1]]
[2022.10.20-14.11.18:102][  0]LogConfig: Setting CVar [[fx.SkipVectorVMBackendOptimizations:1]]
[2022.10.20-14.11.18:102][  0]LogConfig: Applying CVar settings from Section [ConsoleVariables] File [C:/Users/Chanwoongs/Desktop/Project/Unreal_Engine_Tutorial/C++/ActionGame/Saved/Config/Windows/Engine.ini]
[2022.10.20-14.11.18:103][  0]LogInit: Computer: 찬웅
[2022.10.20-14.11.18:103][  0]LogInit: User: Chanwoongs
[2022.10.20-14.11.18:103][  0]LogInit: CPU Page size=4096, Cores=8
[2022.10.20-14.11.18:103][  0]LogInit: High frequency timer resolution =10.000000 MHz
[2022.10.20-14.11.18:103][  0]LogMemory: Memory total: Physical=47.9GB (48GB approx)
[2022.10.20-14.11.18:103][  0]LogMemory: Platform Memory Stats for Windows
[2022.10.20-14.11.18:103][  0]LogMemory: Process Physical Memory: 119.39 MB used, 119.40 MB peak
[2022.10.20-14.11.18:103][  0]LogMemory: Process Virtual Memory: 97.25 MB used, 97.25 MB peak
[2022.10.20-14.11.18:103][  0]LogMemory: Physical Memory: 20368.63 MB used,  28701.70 MB free, 49070.33 MB total
[2022.10.20-14.11.18:103][  0]LogMemory: Virtual Memory: 5150.10 MB used,  134212576.00 MB free, 134217728.00 MB total
[2022.10.20-14.11.18:116][  0]LogWindows: WindowsPlatformFeatures enabled
[2022.10.20-14.11.18:278][  0]LogInit: Physics initialised using underlying interface: PhysX
[2022.10.20-14.11.18:280][  0]LogInit: Using OS detected language (ko-KR).
[2022.10.20-14.11.18:280][  0]LogInit: Using OS detected locale (ko-KR).
[2022.10.20-14.11.18:282][  0]LogTextLocalizationManager: No specific localization for 'ko-KR' exists, so the 'ko' localization will be used.
[2022.10.20-14.11.18:363][  0]LogInit: Setting process to per monitor DPI aware
[2022.10.20-14.11.18:439][  0]LogSlate: New Slate User Created.  User Index 0, Is Virtual User: 0
[2022.10.20-14.11.18:439][  0]LogSlate: Slate User Registered.  User Index 0, Is Virtual User: 0
[2022.10.20-14.11.18:728][  0]LogD3D12RHI: Aftermath initialized
[2022.10.20-14.11.18:728][  0]LogD3D12RHI: Loading WinPixEventRuntime.dll for PIX profiling (from ../../../Engine/Binaries/ThirdParty/Windows/WinPixEventRuntime/x64).
[2022.10.20-14.11.18:739][  0]LogHMD: Failed to initialize OpenVR with code 110
[2022.10.20-14.11.18:976][  0]LogD3D12RHI: Found D3D12 adapter 0: NVIDIA GeForce RTX 2080 (Max supported Feature Level 12_1)
[2022.10.20-14.11.18:976][  0]LogD3D12RHI: Adapter has 8010MB of dedicated video memory, 0MB of dedicated system memory, and 24535MB of shared system memory, 2 output[s]
[2022.10.20-14.11.18:992][  0]LogD3D12RHI: Found D3D12 adapter 1: Microsoft Basic Render Driver (Max supported Feature Level 12_1)
[2022.10.20-14.11.18:992][  0]LogD3D12RHI: Adapter has 0MB of dedicated video memory, 0MB of dedicated system memory, and 24535MB of shared system memory, 0 output[s]
[2022.10.20-14.11.18:992][  0]LogD3D12RHI: Forcing D3D12.AsyncDeferredDeletion=0 as a workaround for a deadlock.
[2022.10.20-14.11.18:992][  0]LogD3D12RHI: Chosen D3D12 Adapter Id = 0
[2022.10.20-14.11.18:998][  0]LogD3D12RHI: Emitting draw events for PIX profiling.
[2022.10.20-14.11.19:087][  0]LogD3D12RHI: D3D12 ray tracing enabled.
[2022.10.20-14.11.19:087][  0]LogD3D12RHI: The system supports ID3D12Device1.
[2022.10.20-14.11.19:087][  0]LogD3D12RHI: The system supports ID3D12Device2.
[2022.10.20-14.11.19:121][  0]LogD3D12RHI: [GPUBreadCrumb] Successfully setup breadcrumb resource for 3D Queue 0
[2022.10.20-14.11.19:128][  0]LogD3D12RHI: [GPUBreadCrumb] Successfully setup breadcrumb resource for Copy Queue 0
[2022.10.20-14.11.19:140][  0]LogD3D12RHI: [GPUBreadCrumb] Successfully setup breadcrumb resource for Compute Queue 0
[2022.10.20-14.11.19:147][  0]LogD3D12RHI: Display: Not using pipeline state disk cache per r.D3D12.PSO.DiskCache=0
[2022.10.20-14.11.19:147][  0]LogD3D12RHI: Display: Not using driver-optimized pipeline state disk cache per r.D3D12.PSO.DriverOptimizedDiskCache=0
[2022.10.20-14.11.19:149][  0]LogD3D12RHI:     GPU DeviceId: 0x1e87 (for the marketing name, search the web for "GPU Device Id")
[2022.10.20-14.11.19:149][  0]LogWindows: EnumDisplayDevices:
[2022.10.20-14.11.19:150][  0]LogWindows:    0. 'NVIDIA GeForce RTX 2080' (P:1 D:1)
[2022.10.20-14.11.19:151][  0]LogWindows:    1. 'NVIDIA GeForce RTX 2080' (P:0 D:1)
[2022.10.20-14.11.19:152][  0]LogWindows:    2. 'NVIDIA GeForce RTX 2080' (P:0 D:0)
[2022.10.20-14.11.19:153][  0]LogWindows:    3. 'NVIDIA GeForce RTX 2080' (P:0 D:0)
[2022.10.20-14.11.19:154][  0]LogWindows: DebugString: FoundDriverCount:4 
[2022.10.20-14.11.19:154][  0]LogD3D12RHI:     Adapter Name: NVIDIA GeForce RTX 2080
[2022.10.20-14.11.19:154][  0]LogD3D12RHI:   Driver Version: 522.25 (internal:31.0.15.2225, unified:522.25)
[2022.10.20-14.11.19:154][  0]LogD3D12RHI:      Driver Date: 10-6-2022
[2022.10.20-14.11.19:154][  0]LogRHI: Texture pool is 4562 MB (70% of 6517 MB)
[2022.10.20-14.11.19:154][  0]LogD3D12RHI: Async texture creation enabled
[2022.10.20-14.11.19:154][  0]LogD3D12RHI: RHI has support for 64 bit atomics
[2022.10.20-14.11.19:679][  0]LogTargetPlatformManager: Display: Loaded TargetPlatform 'AllDesktop'
[2022.10.20-14.11.19:701][  0]LogTargetPlatformManager: Display: Loaded TargetPlatform 'Android'
[2022.10.20-14.11.19:701][  0]LogTargetPlatformManager: Display: Loaded TargetPlatform 'Android_ASTC'
[2022.10.20-14.11.19:701][  0]LogTargetPlatformManager: Display: Loaded TargetPlatform 'Android_DXT'
[2022.10.20-14.11.19:701][  0]LogTargetPlatformManager: Display: Loaded TargetPlatform 'Android_ETC2'
[2022.10.20-14.11.19:702][  0]LogTargetPlatformManager: Display: Loaded TargetPlatform 'AndroidClient'
[2022.10.20-14.11.19:702][  0]LogTargetPlatformManager: Display: Loaded TargetPlatform 'Android_ASTCClient'
[2022.10.20-14.11.19:702][  0]LogTargetPlatformManager: Display: Loaded TargetPlatform 'Android_DXTClient'
[2022.10.20-14.11.19:702][  0]LogTargetPlatformManager: Display: Loaded TargetPlatform 'Android_ETC2Client'
[2022.10.20-14.11.19:702][  0]LogTargetPlatformManager: Display: Loaded TargetPlatform 'Android_Multi'
[2022.10.20-14.11.19:702][  0]LogTargetPlatformManager: Display: Loaded TargetPlatform 'Android_MultiClient'
[2022.10.20-14.11.19:733][  0]LogTargetPlatformManager: Display: Loaded TargetPlatform 'IOSClient'
[2022.10.20-14.11.19:733][  0]LogTargetPlatformManager: Display: Loaded TargetPlatform 'IOS'
[2022.10.20-14.11.19:747][  0]LogTargetPlatformManager: Display: Loaded TargetPlatform 'Linux'
[2022.10.20-14.11.19:758][  0]LogTargetPlatformManager: Display: Loaded TargetPlatform 'LinuxNoEditor'
[2022.10.20-14.11.19:770][  0]LogTargetPlatformManager: Display: Loaded TargetPlatform 'LinuxClient'
[2022.10.20-14.11.19:782][  0]LogTargetPlatformManager: Display: Loaded TargetPlatform 'LinuxServer'
[2022.10.20-14.11.19:793][  0]LogTargetPlatformManager: Display: Loaded TargetPlatform 'LinuxAArch64NoEditor'
[2022.10.20-14.11.19:804][  0]LogTargetPlatformManager: Display: Loaded TargetPlatform 'LinuxAArch64Client'
[2022.10.20-14.11.19:816][  0]LogTargetPlatformManager: Display: Loaded TargetPlatform 'LinuxAArch64Server'
[2022.10.20-14.11.19:846][  0]LogTargetPlatformManager: Display: Loaded TargetPlatform 'Lumin'
[2022.10.20-14.11.19:846][  0]LogTargetPlatformManager: Display: Loaded TargetPlatform 'LuminClient'
[2022.10.20-14.11.19:865][  0]LogTargetPlatformManager: Display: Loaded TargetPlatform 'TVOSClient'
[2022.10.20-14.11.19:865][  0]LogTargetPlatformManager: Display: Loaded TargetPlatform 'TVOS'
[2022.10.20-14.11.19:878][  0]LogTargetPlatformManager: Display: Loaded TargetPlatform 'WindowsNoEditor'
[2022.10.20-14.11.19:891][  0]LogTargetPlatformManager: Display: Loaded TargetPlatform 'Windows'
[2022.10.20-14.11.19:905][  0]LogTargetPlatformManager: Display: Loaded TargetPlatform 'WindowsClient'
[2022.10.20-14.11.19:916][  0]LogTargetPlatformManager: Display: Loaded TargetPlatform 'WindowsServer'
[2022.10.20-14.11.19:916][  0]LogTargetPlatformManager: Display: Building Assets For Windows
[2022.10.20-14.11.19:930][  0]LogAudioDebug: Display: Lib vorbis DLL was dynamically loaded.
[2022.10.20-14.11.20:040][  0]LogShaderCompilers: Guid format shader working directory is -23 characters bigger than the processId version (C:/Users/Chanwoongs/Desktop/Project/Unreal_Engine_Tutorial/C++/ActionGame/Intermediate/Shaders/WorkingDirectory/15292/).
[2022.10.20-14.11.20:040][  0]LogShaderCompilers: Cleaned the shader compiler working directory 'C:/Users/Chanwoongs/AppData/Local/Temp/UnrealShaderWorkingDir/56C5831347411323F22B54AB0B217F4D/'.
[2022.10.20-14.11.20:041][  0]LogXGEController: Cleaning working directory: C:/Users/Chanwoongs/AppData/Local/Temp/UnrealXGEWorkingDir/
[2022.10.20-14.11.20:041][  0]LogXGEController: Cannot use XGE Controller as Incredibuild is not installed on this machine.
[2022.10.20-14.11.20:042][  0]LogShaderCompilers: Cannot use XGE Shader Compiler as Incredibuild is not installed on this machine.
[2022.10.20-14.11.20:042][  0]LogShaderCompilers: Display: Using Local Shader Compiler.
[2022.10.20-14.11.20:770][  0]LogDerivedDataCache: Display: Max Cache Size: 512 MB
[2022.10.20-14.11.20:831][  0]LogDerivedDataCache: Loaded boot cache 0.06s 118MB C:/Users/Chanwoongs/AppData/Local/UnrealEngine/4.25/DerivedDataCache/Boot.ddc.
[2022.10.20-14.11.20:831][  0]LogDerivedDataCache: Display: Loaded Boot cache: C:/Users/Chanwoongs/AppData/Local/UnrealEngine/4.25/DerivedDataCache/Boot.ddc
[2022.10.20-14.11.20:831][  0]LogDerivedDataCache: FDerivedDataBackendGraph:  Pak pak cache file C:/Users/Chanwoongs/Desktop/Project/Unreal_Engine_Tutorial/C++/ActionGame/DerivedDataCache/DDC.ddp not found, will not use a pak cache.
[2022.10.20-14.11.20:831][  0]LogDerivedDataCache: Unable to find inner node Pak for hierarchical cache Hierarchy.
[2022.10.20-14.11.20:831][  0]LogDerivedDataCache: FDerivedDataBackendGraph:  CompressedPak pak cache file C:/Users/Chanwoongs/Desktop/Project/Unreal_Engine_Tutorial/C++/ActionGame/DerivedDataCache/Compressed.ddp not found, will not use a pak cache.
[2022.10.20-14.11.20:831][  0]LogDerivedDataCache: Unable to find inner node CompressedPak for hierarchical cache Hierarchy.
[2022.10.20-14.11.20:839][  0]LogDerivedDataCache: Display: Pak cache opened for reading ../../../Engine/DerivedDataCache/Compressed.ddp.
[2022.10.20-14.11.20:839][  0]LogDerivedDataCache: FDerivedDataBackendGraph:  EnterprisePak pak cache file ../../../Enterprise/DerivedDataCache/Compressed.ddp not found, will not use a pak cache.
[2022.10.20-14.11.20:839][  0]LogDerivedDataCache: Unable to find inner node EnterprisePak for hierarchical cache Hierarchy.
[2022.10.20-14.11.20:841][  0]LogDerivedDataCache: Using Local data cache path C:/Users/Chanwoongs/AppData/Local/UnrealEngine/Common/DerivedDataCache: Writable
[2022.10.20-14.11.20:841][  0]LogDerivedDataCache: Shared data cache path not found in *engine.ini, will not use an Shared cache.
[2022.10.20-14.11.20:841][  0]LogDerivedDataCache: Unable to find inner node Shared for hierarchical cache Hierarchy.
[2022.10.20-14.11.20:894][  0]LogSlate: Using FreeType 2.10.0
[2022.10.20-14.11.20:895][  0]LogSlate: SlateFontServices - WITH_FREETYPE: 1, WITH_HARFBUZZ: 1
[2022.10.20-14.11.20:926][  0]LogAssetRegistry: FAssetRegistry took 0.0023 seconds to start up
[2022.10.20-14.11.21:130][  0]LogInit: Selected Device Profile: [Windows]
[2022.10.20-14.11.21:262][  0]LogMeshReduction: Using QuadricMeshReduction for automatic static mesh reduction
[2022.10.20-14.11.21:262][  0]LogMeshReduction: Using SimplygonMeshReduction for automatic skeletal mesh reduction
[2022.10.20-14.11.21:262][  0]LogMeshReduction: Using ProxyLODMeshReduction for automatic mesh merging
[2022.10.20-14.11.21:262][  0]LogMeshReduction: No distributed automatic mesh merging module available
[2022.10.20-14.11.21:262][  0]LogMeshMerging: No distributed automatic mesh merging module available
[2022.10.20-14.11.21:376][  0]LogNetVersion: ActionGame 1.0.0, NetCL: 13144385, EngineNetVer: 14, GameNetVer: 0 (Checksum: 4144894281)
[2022.10.20-14.11.21:804][  0]LogAISub: UAISubsystem::UAISubsystem AISubsystem (000002407142A4C0), frame # 0
[2022.10.20-14.11.21:804][  0]LogAISub: UAISubsystem::UAISubsystem AIPerceptionSystem (00000240713A5940), frame # 0
[2022.10.20-14.11.21:805][  0]LogAISub: UAISubsystem::UAISubsystem EnvQueryManager (00000240713F2C00), frame # 0
[2022.10.20-14.11.21:862][  0]LogPackageLocalizationCache: Processed 19 localized package path(s) for 1 prioritized culture(s) in 0.051488 seconds
[2022.10.20-14.11.21:866][  0]LogUObjectArray: 15917 objects as part of root set at end of initial load.
[2022.10.20-14.11.21:866][  0]LogUObjectAllocator: 3965568 out of 0 bytes used by permanent object pool.
[2022.10.20-14.11.21:866][  0]LogUObjectArray: CloseDisregardForGC: 0/0 objects in disregard for GC pool
[2022.10.20-14.11.22:183][  0]LogD3D12RHI: Creating RTPSO with 3 shaders (0 cached, 3 new) took 118.71 ms. Compile time 7.12 ms, link time 111.55 ms.
[2022.10.20-14.11.22:293][  0]LogD3D12RHI: Creating RTPSO with 3 shaders (1 cached, 2 new) took 109.75 ms. Compile time 3.72 ms, link time 106.02 ms.
[2022.10.20-14.11.22:611][  0]LogTcpMessaging: Initializing TcpMessaging bridge
[2022.10.20-14.11.22:618][  0]LogUdpMessaging: Initializing bridge on interface 0.0.0.0:0 to multicast group 230.0.0.1:6666.
[2022.10.20-14.11.22:984][  0]LogLinker: Warning: 'C:/Users/Chanwoongs/Desktop/Project/Unreal_Engine_Tutorial/C++/ActionGame/Content/Character/Animations/Wizard/Wizard_Attack_1.uasset' 로드 도중 '/Game/Notifies/Wizard/AN_WizardThrow' 로드에 실패했습니다: 파일을 찾을 수 없습니다.
[2022.10.20-14.11.22:985][  0]LogLinker: Warning: 'C:/Users/Chanwoongs/Desktop/Project/Unreal_Engine_Tutorial/C++/ActionGame/Content/Character/Animations/Wizard/Wizard_Attack_1.uasset' 로드 도중 '/Game/Notifies/Wizard/AN_WizardThrow' 로드에 실패했습니다: 애셋에 대한 파일을 찾을 수 없습니다.
[2022.10.20-14.11.22:985][  0]LogLinker: Warning: 'C:/Users/Chanwoongs/Desktop/Project/Unreal_Engine_Tutorial/C++/ActionGame/Content/Character/Animations/Wizard/Wizard_Attack_1.uasset' 로드 도중 '/Game/Notifies/Wizard/AN_WizardThrow' 로드에 실패했습니다: 파일을 찾을 수 없습니다.
[2022.10.20-14.11.22:986][  0]LogLinker: Warning: 'C:/Users/Chanwoongs/Desktop/Project/Unreal_Engine_Tutorial/C++/ActionGame/Content/Character/Animations/Wizard/Wizard_Attack_1.uasset' 로드 도중 '/Game/Notifies/Wizard/AN_WizardThrow' 로드에 실패했습니다: 애셋에 대한 파일을 찾을 수 없습니다.
[2022.10.20-14.11.22:986][  0]LogLinker: Warning: 'C:/Users/Chanwoongs/Desktop/Project/Unreal_Engine_Tutorial/C++/ActionGame/Content/Character/Montages/IceBall/IceBall_Montage.uasset' 로드 도중 '/Game/Notifies/Wizard/AN_WizardThrow' 로드에 실패했습니다: 파일을 찾을 수 없습니다.
[2022.10.20-14.11.22:986][  0]LogLinker: Warning: 'C:/Users/Chanwoongs/Desktop/Project/Unreal_Engine_Tutorial/C++/ActionGame/Content/Character/Montages/IceBall/IceBall_Montage.uasset' 로드 도중 '/Game/Notifies/Wizard/AN_WizardThrow' 로드에 실패했습니다: 애셋에 대한 파일을 찾을 수 없습니다.
[2022.10.20-14.11.22:987][  0]LogLinker: Warning: 'C:/Users/Chanwoongs/Desktop/Project/Unreal_Engine_Tutorial/C++/ActionGame/Content/Character/Montages/IceBall/IceBall_Montage.uasset' 로드 도중 '/Game/Notifies/Wizard/AN_WizardThrow' 로드에 실패했습니다: 파일을 찾을 수 없습니다.
[2022.10.20-14.11.22:987][  0]LogLinker: Warning: 'C:/Users/Chanwoongs/Desktop/Project/Unreal_Engine_Tutorial/C++/ActionGame/Content/Character/Montages/IceBall/IceBall_Montage.uasset' 로드 도중 '/Game/Notifies/Wizard/AN_WizardThrow' 로드에 실패했습니다: 애셋에 대한 파일을 찾을 수 없습니다.
[2022.10.20-14.11.23:014][  0]LogLinker: Warning: 'C:/Users/Chanwoongs/Desktop/Project/Unreal_Engine_Tutorial/C++/ActionGame/Content/Character/Animations/Sword/Sword_Draw_2.uasset' 로드 도중 '/Game/Notifies/Sword/AN_Equipped' 로드에 실패했습니다: 파일을 찾을 수 없습니다.
[2022.10.20-14.11.23:014][  0]LogLinker: Warning: 'C:/Users/Chanwoongs/Desktop/Project/Unreal_Engine_Tutorial/C++/ActionGame/Content/Character/Animations/Sword/Sword_Draw_2.uasset' 로드 도중 '/Game/Notifies/Sword/AN_Equipped' 로드에 실패했습니다: 애셋에 대한 파일을 찾을 수 없습니다.
[2022.10.20-14.11.23:015][  0]LogLinker: Warning: 'C:/Users/Chanwoongs/Desktop/Project/Unreal_Engine_Tutorial/C++/ActionGame/Content/Character/Animations/Sword/Sword_Draw_2.uasset' 로드 도중 '/Game/Notifies/Sword/AN_GrabSword' 로드에 실패했습니다: 파일을 찾을 수 없습니다.
[2022.10.20-14.11.23:015][  0]LogLinker: Warning: 'C:/Users/Chanwoongs/Desktop/Project/Unreal_Engine_Tutorial/C++/ActionGame/Content/Character/Animations/Sword/Sword_Draw_2.uasset' 로드 도중 '/Game/Notifies/Sword/AN_GrabSword' 로드에 실패했습니다: 애셋에 대한 파일을 찾을 수 없습니다.
[2022.10.20-14.11.23:016][  0]LogLinker: Warning: 'C:/Users/Chanwoongs/Desktop/Project/Unreal_Engine_Tutorial/C++/ActionGame/Content/Character/Animations/Sword/Sword_Draw_2.uasset' 로드 도중 '/Game/Notifies/Sword/AN_Equipped' 로드에 실패했습니다: 파일을 찾을 수 없습니다.
[2022.10.20-14.11.23:016][  0]LogLinker: Warning: 'C:/Users/Chanwoongs/Desktop/Project/Unreal_Engine_Tutorial/C++/ActionGame/Content/Character/Animations/Sword/Sword_Draw_2.uasset' 로드 도중 '/Game/Notifies/Sword/AN_Equipped' 로드에 실패했습니다: 애셋에 대한 파일을 찾을 수 없습니다.
[2022.10.20-14.11.23:016][  0]LogLinker: Warning: 'C:/Users/Chanwoongs/Desktop/Project/Unreal_Engine_Tutorial/C++/ActionGame/Content/Character/Animations/Sword/Sword_Draw_2.uasset' 로드 도중 '/Game/Notifies/Sword/AN_GrabSword' 로드에 실패했습니다: 파일을 찾을 수 없습니다.
[2022.10.20-14.11.23:017][  0]LogLinker: Warning: 'C:/Users/Chanwoongs/Desktop/Project/Unreal_Engine_Tutorial/C++/ActionGame/Content/Character/Animations/Sword/Sword_Draw_2.uasset' 로드 도중 '/Game/Notifies/Sword/AN_GrabSword' 로드에 실패했습니다: 애셋에 대한 파일을 찾을 수 없습니다.
[2022.10.20-14.11.23:017][  0]LogLinker: Warning: 'C:/Users/Chanwoongs/Desktop/Project/Unreal_Engine_Tutorial/C++/ActionGame/Content/Character/Montages/OneHand/Sword_Draw_Montage.uasset' 로드 도중 '/Game/Notifies/Sword/AN_Equipped' 로드에 실패했습니다: 파일을 찾을 수 없습니다.
[2022.10.20-14.11.23:017][  0]LogLinker: Warning: 'C:/Users/Chanwoongs/Desktop/Project/Unreal_Engine_Tutorial/C++/ActionGame/Content/Character/Montages/OneHand/Sword_Draw_Montage.uasset' 로드 도중 '/Game/Notifies/Sword/AN_Equipped' 로드에 실패했습니다: 애셋에 대한 파일을 찾을 수 없습니다.
[2022.10.20-14.11.23:018][  0]LogLinker: Warning: 'C:/Users/Chanwoongs/Desktop/Project/Unreal_Engine_Tutorial/C++/ActionGame/Content/Character/Montages/OneHand/Sword_Draw_Montage.uasset' 로드 도중 '/Game/Notifies/Sword/AN_Equipped' 로드에 실패했습니다: 파일을 찾을 수 없습니다.
[2022.10.20-14.11.23:018][  0]LogLinker: Warning: 'C:/Users/Chanwoongs/Desktop/Project/Unreal_Engine_Tutorial/C++/ActionGame/Content/Character/Montages/OneHand/Sword_Draw_Montage.uasset' 로드 도중 '/Game/Notifies/Sword/AN_Equipped' 로드에 실패했습니다: 애셋에 대한 파일을 찾을 수 없습니다.
[2022.10.20-14.11.23:018][  0]LogLinker: Warning: 'C:/Users/Chanwoongs/Desktop/Project/Unreal_Engine_Tutorial/C++/ActionGame/Content/Character/Montages/OneHand/Sword_Draw_Montage.uasset' 로드 도중 '/Game/Notifies/Sword/AN_GrabSword' 로드에 실패했습니다: 파일을 찾을 수 없습니다.
[2022.10.20-14.11.23:019][  0]LogLinker: Warning: 'C:/Users/Chanwoongs/Desktop/Project/Unreal_Engine_Tutorial/C++/ActionGame/Content/Character/Montages/OneHand/Sword_Draw_Montage.uasset' 로드 도중 '/Game/Notifies/Sword/AN_GrabSword' 로드에 실패했습니다: 애셋에 대한 파일을 찾을 수 없습니다.
[2022.10.20-14.11.23:019][  0]LogLinker: Warning: 'C:/Users/Chanwoongs/Desktop/Project/Unreal_Engine_Tutorial/C++/ActionGame/Content/Character/Montages/OneHand/Sword_Draw_Montage.uasset' 로드 도중 '/Game/Notifies/Sword/AN_GrabSword' 로드에 실패했습니다: 파일을 찾을 수 없습니다.
[2022.10.20-14.11.23:019][  0]LogLinker: Warning: 'C:/Users/Chanwoongs/Desktop/Project/Unreal_Engine_Tutorial/C++/ActionGame/Content/Character/Montages/OneHand/Sword_Draw_Montage.uasset' 로드 도중 '/Game/Notifies/Sword/AN_GrabSword' 로드에 실패했습니다: 애셋에 대한 파일을 찾을 수 없습니다.
[2022.10.20-14.11.23:238][  0]LogPackageName: Warning: Asset path "StaticMesh'FX_Meshes_IB.SM_Debris_Box_RadialFull'" is in short form, which is unsupported and -- even if valid -- resolving it will be really slow.
[2022.10.20-14.11.23:238][  0]LogPackageName: Warning: Please consider resaving package in order to speed-up loading.
[2022.10.20-14.11.23:384][  0]LogPackageName: SearchForPackageOnDisk took   0.146s, but failed to resolve StaticMesh'FX_Meshes_IB.
[2022.10.20-14.11.23:384][  0]LogPackageName: Warning: Asset path "StaticMesh'FX_Meshes_IB.SM_Debris_Box_RadialFull'" could not be resolved.
[2022.10.20-14.11.23:530][  0]SourceControl: 소스 컨트롤이 꺼졌습니다.
[2022.10.20-14.11.23:530][  0]SourceControl: 소스 컨트롤이 꺼졌습니다.
[2022.10.20-14.11.23:536][  0]SourceControl: 소스 컨트롤이 꺼졌습니다.
[2022.10.20-14.11.23:541][  0]SourceControl: 소스 컨트롤이 꺼졌습니다.
[2022.10.20-14.11.23:558][  0]SourceControl: 소스 컨트롤이 꺼졌습니다.
[2022.10.20-14.11.23:975][  0]LogAndroidPermission: UAndroidPermissionCallbackProxy::GetInstance
[2022.10.20-14.11.24:010][  0]LogAudioCaptureCore: Display: No Audio Capture implementations found. Audio input will be silent.
[2022.10.20-14.11.24:010][  0]LogAudioCaptureCore: Display: No Audio Capture implementations found. Audio input will be silent.
[2022.10.20-14.11.24:081][  0]LogOcInput: OculusInput pre-init called
[2022.10.20-14.11.24:099][  0]LogWindows: Failed to load 'OVRPlugin.dll' (GetLastError=126)
[2022.10.20-14.11.24:099][  0]LogWindows: File 'OVRPlugin.dll' does not exist
[2022.10.20-14.11.24:178][  0]LogEngine: Initializing Engine...
[2022.10.20-14.11.24:179][  0]LogHMD: Failed to initialize OpenVR with code 110
[2022.10.20-14.11.24:179][  0]LogMagicLeap: Warning: VR disabled because ZI is not enabled.  To enable, in the editor, Edit -> Project Settings -> Plugins -> Magic Leap Plugin -> Enable Zero Iteration
[2022.10.20-14.11.24:180][  0]LogStats: UGameplayTagsManager::InitializeManager -  0.000 s
[2022.10.20-14.11.24:325][  0]LogInit: Initializing FReadOnlyCVARCache
[2022.10.20-14.11.24:343][  0]LogAIModule: Creating AISystem for world Untitled
[2022.10.20-14.11.24:343][  0]LogAISub: UAISubsystem::UAISubsystem EnvQueryManager (000002400DF7A400), frame # 0
[2022.10.20-14.11.24:343][  0]LogAISub: UAISubsystem::UAISubsystem AIPerceptionSystem (000002400DF87380), frame # 0
[2022.10.20-14.11.24:350][  0]LogAudioMixer: Display: Audio Mixer Platform Settings:
[2022.10.20-14.11.24:350][  0]LogAudioMixer: Display: 	Sample Rate:						  48000
[2022.10.20-14.11.24:350][  0]LogAudioMixer: Display: 	Callback Buffer Frame Size Requested: 1024
[2022.10.20-14.11.24:350][  0]LogAudioMixer: Display: 	Callback Buffer Frame Size To Use:	  1024
[2022.10.20-14.11.24:350][  0]LogAudioMixer: Display: 	Number of buffers to queue:			  2
[2022.10.20-14.11.24:350][  0]LogAudioMixer: Display: 	Max Channels (voices):				  32
[2022.10.20-14.11.24:350][  0]LogAudioMixer: Display: 	Number of Async Source Workers:		  0
[2022.10.20-14.11.24:350][  0]LogAudio: Display: AudioDevice MaxSources: 32
[2022.10.20-14.11.24:350][  0]LogAudio: Display: Using built-in audio occlusion.
[2022.10.20-14.11.24:350][  0]LogAudioMixer: Display: Initializing audio mixer.
[2022.10.20-14.11.24:391][  0]LogAudioMixer: Display: 0: FrontLeft
[2022.10.20-14.11.24:391][  0]LogAudioMixer: Display: 1: FrontRight
[2022.10.20-14.11.24:538][  0]LogAudioMixer: Display: Using Audio Device 스피커(Realtek(R) Audio)
[2022.10.20-14.11.24:540][  0]LogAudioMixer: Display: Initializing Sound Submixes...
[2022.10.20-14.11.24:547][  0]LogAudioMixer: Display: Creating Master Submix 'MasterSubmixDefault'
[2022.10.20-14.11.24:547][  0]LogAudioMixer: Display: Creating Master Submix 'MasterReverbSubmixDefault'
[2022.10.20-14.11.24:547][  0]LogAudioMixer: Display: Creating Master Submix 'MasterEQSubmixDefault'
[2022.10.20-14.11.24:548][  0]LogInit: FAudioDevice initialized.
[2022.10.20-14.11.24:549][  0]LogNetVersion: Set ProjectVersion to 1.0.0.0. Version Checksum will be recalculated on next use.
[2022.10.20-14.11.24:636][  0]LogDerivedDataCache: Saved boot cache 0.09s 118MB C:/Users/Chanwoongs/AppData/Local/UnrealEngine/4.25/DerivedDataCache/Boot.ddc.
[2022.10.20-14.11.24:639][  0]LogInit: Texture streaming: Enabled
[2022.10.20-14.11.24:674][  0]LogEngineSessionManager: EngineSessionManager initialized
[2022.10.20-14.11.24:675][  0]LogEngineSessionManager: EngineSessionManager sent abnormal shutdown report. Type=Crashed, SessionId={22EF4AB0-4132-5941-B4F4-82B5A1586A42}
[2022.10.20-14.11.24:675][  0]LogEditorSessionSummary: Verbose: Initializing EditorSessionSummaryWriter for editor session tracking
[2022.10.20-14.11.24:680][  0]LogEditorSessionSummary: EditorSessionSummaryWriter initialized
[2022.10.20-14.11.24:725][  0]LogInit: Transaction tracking system initialized
[2022.10.20-14.11.24:767][  0]BlueprintLog: New page: 에디터 로드
[2022.10.20-14.11.24:893][  0]LocalizationService: 현지화 서비스가 비활성화되었습니다.
[2022.10.20-14.11.25:225][  0]LogCook: Display: Max memory allowance for cook 16384mb min free memory 0mb
[2022.10.20-14.11.25:225][  0]LogCook: Display: Mobile HDR setting 1
[2022.10.20-14.11.25:570][  0]LogFileCache: Scanning file cache for directory 'C:/Users/Chanwoongs/Desktop/Project/Unreal_Engine_Tutorial/C++/ActionGame/Content/' took 0.02s
[2022.10.20-14.11.25:886][  0]SourceControl: 소스 컨트롤이 꺼졌습니다.
[2022.10.20-14.11.26:062][  0]LogSlate: Took 0.002066 seconds to synchronously load lazily loaded font '../../../Engine/Content/Editor/Slate/Fonts/NanumGothic.ttf' (4243K)
[2022.10.20-14.11.26:063][  0]LogSlate: Took 0.000239 seconds to synchronously load lazily loaded font '../../../Engine/Content/Slate/Fonts/Roboto-Regular.ttf' (155K)
[2022.10.20-14.11.30:789][  0]LogSlate: Window '패키지 복원' being destroyed
[2022.10.20-14.11.30:848][  0]LogUnrealEdMisc: Loading editor; pre map load, took 15.755
[2022.10.20-14.11.30:849][  0]Cmd: MAP LOAD FILE="C:/Users/Chanwoongs/Desktop/Project/Unreal_Engine_Tutorial/C++/ActionGame/Content/Level/Battle.umap" TEMPLATE=0 SHOWPROGRESS=1 FEATURELEVEL=3
[2022.10.20-14.11.30:850][  0]LightingResults: New page: 라이팅 빌드
[2022.10.20-14.11.30:851][  0]LogWorld: UWorld::CleanupWorld for Untitled, bSessionEnded=true, bCleanupResources=true
[2022.10.20-14.11.30:851][  0]LogSlate: InvalidateAllWidgets triggered.  All widgets were invalidated
[2022.10.20-14.11.30:851][  0]MapCheck: New page: 맵 체크
[2022.10.20-14.11.30:851][  0]LightingResults: New page: 라이팅 빌드
[2022.10.20-14.11.30:861][  0]LogAISub: UAISubsystem::~UAISubsystem EnvQueryManager (000002400DF7A400), frame # 0
[2022.10.20-14.11.30:861][  0]LogAISub: UAISubsystem::~UAISubsystem AIPerceptionSystem (000002400DF87380), frame # 0
[2022.10.20-14.11.30:865][  0]LogUObjectHash: Compacting FUObjectHashTables data took   4.43ms
[2022.10.20-14.11.30:993][  0]LogAIModule: Creating AISystem for world Battle
[2022.10.20-14.11.30:993][  0]LogAISub: UAISubsystem::UAISubsystem EnvQueryManager (0000024065503E00), frame # 0
[2022.10.20-14.11.30:993][  0]LogAISub: UAISubsystem::UAISubsystem AIPerceptionSystem (000002407181CB80), frame # 0
[2022.10.20-14.11.31:006][  0]LogEditorServer: Finished looking for orphan Actors (0.000 secs)
[2022.10.20-14.11.31:027][  0]LogUObjectHash: Compacting FUObjectHashTables data took   0.60ms
[2022.10.20-14.11.31:028][  0]Cmd: MAP CHECKDEP NOCLEARLOG
[2022.10.20-14.11.31:029][  0]MapCheck: 맵 체크 완료: 오류 0 회, 경고 0 회, 소요 시간 0.565ms.
[2022.10.20-14.11.31:029][  0]LogFileHelpers: Loading map 'Battle' took 0.180
[2022.10.20-14.11.31:039][  0]LogUnrealEdMisc: Total Editor Startup Time, took 15.946
[2022.10.20-14.11.31:133][  0]LogSlate: Updating window title bar state: overlay mode, drag disabled, window buttons hidden, title bar hidden
[2022.10.20-14.11.31:139][  0]LogSlate: Updating window title bar state: overlay mode, drag disabled, window buttons hidden, title bar hidden
[2022.10.20-14.11.31:145][  0]LogSlate: Updating window title bar state: overlay mode, drag disabled, window buttons hidden, title bar hidden
[2022.10.20-14.11.31:152][  0]LogSlate: Updating window title bar state: overlay mode, drag disabled, window buttons hidden, title bar hidden
[2022.10.20-14.11.31:162][  0]LogCollectionManager: Loaded 0 collections in 0.001296 seconds
[2022.10.20-14.11.31:178][  0]LogFileCache: Scanning file cache for directory 'C:/Users/Chanwoongs/Desktop/Project/Unreal_Engine_Tutorial/C++/ActionGame/Saved/Collections/' took 0.00s
[2022.10.20-14.11.31:178][  0]LogFileCache: Scanning file cache for directory 'C:/Users/Chanwoongs/Desktop/Project/Unreal_Engine_Tutorial/C++/ActionGame/Content/Developers/Chanwoongs/Collections/' took 0.00s
[2022.10.20-14.11.31:178][  0]LogFileCache: Scanning file cache for directory 'C:/Users/Chanwoongs/Desktop/Project/Unreal_Engine_Tutorial/C++/ActionGame/Content/Collections/' took 0.00s
[2022.10.20-14.11.31:178][  0]LogContentBrowser: Native class hierarchy populated in 0.0078 seconds. Added 3460 classes and 828 folders.
[2022.10.20-14.11.31:182][  0]LogContentBrowser: Native class hierarchy updated for 'WidgetCarousel' in 0.0004 seconds. Added 0 classes and 0 folders.
[2022.10.20-14.11.31:407][  0]LogContentBrowser: Native class hierarchy updated for 'AddContentDialog' in 0.0004 seconds. Added 0 classes and 0 folders.
[2022.10.20-14.11.31:416][  0]LogContentBrowser: Native class hierarchy updated for 'SceneOutliner' in 0.0004 seconds. Added 2 classes and 0 folders.
[2022.10.20-14.11.31:521][  0]LogSlate: Took 0.002276 seconds to synchronously load lazily loaded font '../../../Engine/Content/Editor/Slate/Fonts/NanumGothicBold.ttf' (4188K)
[2022.10.20-14.11.31:521][  0]LogSlate: Took 0.000211 seconds to synchronously load lazily loaded font '../../../Engine/Content/Slate/Fonts/Roboto-Bold.ttf' (160K)
[2022.10.20-14.11.31:523][  0]LogSlate: Took 0.001060 seconds to synchronously load lazily loaded font '../../../Engine/Content/Editor/Slate/Fonts/FontAwesome.ttf' (139K)
[2022.10.20-14.11.31:525][  0]LogSlate: Took 0.001531 seconds to synchronously load lazily loaded font '../../../Engine/Content/Slate/Fonts/DroidSansMono.ttf' (77K)
[2022.10.20-14.11.31:549][  0]LogSlate: Took 0.001976 seconds to synchronously load lazily loaded font '../../../Engine/Content/Editor/Slate/Fonts/NanumGothicExtraBold.ttf' (4074K)
[2022.10.20-14.11.31:604][  0]LogRenderer: Reallocating scene render targets to support 2040x808 Format 10 NumSamples 1 (Frame:1).
[2022.10.20-14.11.31:912][  0]LogD3D12RHI: Creating RTPSO with 135 shaders (0 cached, 135 new) took 292.25 ms. Compile time 287.11 ms, link time 4.97 ms.
[2022.10.20-14.11.32:204][  0]LogD3D12RHI: Creating RTPSO with 3 shaders (0 cached, 3 new) took 228.74 ms. Compile time 5.97 ms, link time 222.76 ms.
[2022.10.20-14.11.32:361][  0]LogContentBrowser: Native class hierarchy updated for 'HierarchicalLODOutliner' in 0.0004 seconds. Added 0 classes and 0 folders.
[2022.10.20-14.11.32:361][  0]LogLoad: (Engine Initialization) Total time: 17.27 seconds
[2022.10.20-14.11.32:361][  0]LogLoad: (Engine Initialization) Total Blueprint compile time: 0.00 seconds
[2022.10.20-14.11.32:409][  0]LogAssetRegistry: Asset discovery search completed in 11.4839 seconds
[2022.10.20-14.11.32:412][  0]LogCollectionManager: Fixed up redirectors for 0 collections in 0.000002 seconds (updated 0 objects)
[2022.10.20-14.11.32:420][  0]LogContentStreaming: Texture pool size now 1000 MB
[2022.10.20-14.11.34:318][200]LogSlate: Took 0.001012 seconds to synchronously load lazily loaded font '../../../Engine/Content/Slate/Fonts/Roboto-Light.ttf' (167K)
[2022.10.20-14.11.34:329][200]LogAssetEditorSubsystem: Opening Asset editor for Blueprint /Game/BP_CHUD.BP_CHUD
[2022.10.20-14.11.34:567][200]LogContentBrowser: Native class hierarchy updated for 'BlueprintGraph' in 0.0006 seconds. Added 125 classes and 0 folders.
[2022.10.20-14.11.38:890][610]LogSlate: Window 'BP_CHUD' being destroyed
[2022.10.20-14.11.38:903][610]LogSlate: Window 'BP_CHUD' being destroyed
[2022.10.20-14.11.38:903][610]LogWorld: UWorld::CleanupWorld for World_0, bSessionEnded=true, bCleanupResources=true
[2022.10.20-14.11.38:903][610]LogSlate: InvalidateAllWidgets triggered.  All widgets were invalidated
[2022.10.20-14.11.41:087][848]Candidate modules for hot reload:
[2022.10.20-14.11.41:087][848]  ActionGame
[2022.10.20-14.11.41:087][848]Launching UnrealBuildTool... [D:/Game/UE_4.25/Engine/Binaries/DotNET/UnrealBuildTool.exe  -ModuleWithSuffix=ActionGame,8002 ActionGameEditor Win64 Development -Project="C:/Users/Chanwoongs/Desktop/Project/Unreal_Engine_Tutorial/C++/ActionGame/ActionGame.uproject" "C:/Users/Chanwoongs/Desktop/Project/Unreal_Engine_Tutorial/C++/ActionGame/ActionGame.uproject"  -IgnoreJunk]
[2022.10.20-14.11.41:093][848]Warning: Starting HotReload took  0.0s.
[2022.10.20-14.11.43:878][946]CompilerResultsLog: New page: 컴파일 - 2022. 10. 21. 오전 8:11:43
[2022.10.20-14.11.43:878][946]CompilerResultsLog: Building ActionGameEditor...
[2022.10.20-14.11.43:878][946]CompilerResultsLog: Using Visual Studio 2019 14.29.30146 toolchain (C:\Program Files (x86)\Microsoft Visual Studio\2019\Community\VC\Tools\MSVC\14.29.30133) and Windows 10.0.19041.0 SDK (C:\Program Files (x86)\Windows Kits\10).
[2022.10.20-14.11.43:879][946]CompilerResultsLog: Building 3 actions with 8 processes...
[2022.10.20-14.11.43:879][946]CompilerResultsLog:   [1/3] UE4Editor-ActionGame-8002.lib
[2022.10.20-14.11.43:879][946]CompilerResultsLog:      C:\Users\Chanwoongs\Desktop\Project\Unreal_Engine_Tutorial\C++\ActionGame\Intermediate\Build\Win64\UE4Editor\Development\ActionGame\UE4Editor-ActionGame-8002.lib ???̺귯?? ?? C:\Users\Chanwoongs\Desktop\Project\Unreal_Engine_Tutorial\C++\ActionGame\Intermediate\Build\Win64\UE4Editor\Development\ActionGame\UE4Editor-ActionGame-8002.exp ??ü?? ?????ϰ? ?ֽ??ϴ?.
[2022.10.20-14.11.43:879][946]CompilerResultsLog:   [2/3] UE4Editor-ActionGame-8002.dll
[2022.10.20-14.11.43:879][946]CompilerResultsLog:      C:\Users\Chanwoongs\Desktop\Project\Unreal_Engine_Tutorial\C++\ActionGame\Intermediate\Build\Win64\UE4Editor\Development\ActionGame\UE4Editor-ActionGame-8002.suppressed.lib ???̺귯?? ?? C:\Users\Chanwoongs\Desktop\Project\Unreal_Engine_Tutorial\C++\ActionGame\Intermediate\Build\Win64\UE4Editor\Development\ActionGame\UE4Editor-ActionGame-8002.suppressed.exp ??ü?? ?????ϰ? ?ֽ??ϴ?.
[2022.10.20-14.11.43:879][946]CompilerResultsLog:   [3/3] ActionGameEditor.target
[2022.10.20-14.11.43:879][946]CompilerResultsLog: Total time in Parallel executor: 1.59 seconds
[2022.10.20-14.11.43:879][946]CompilerResultsLog: Total execution time: 2.44 seconds
[2022.10.20-14.11.43:879][946]LogMainFrame: MainFrame: Module compiling took 2.798 seconds
[2022.10.20-14.11.43:953][946]LogClass: EActionType HotReload.
[2022.10.20-14.11.43:953][946]LogClass: EStateType HotReload.
[2022.10.20-14.11.43:953][946]LogClass: DoActionData HotReload.
[2022.10.20-14.11.43:953][946]LogClass: EquipmentData HotReload.
[2022.10.20-14.11.43:953][946]LogClass: MontageData HotReload.
[2022.10.20-14.11.43:975][946]LogContentBrowser: Native class hierarchy updated for 'ActionGame' in 0.0007 seconds. Added 33 classes and 7 folders.
[2022.10.20-14.11.43:978][946]Display: HotReload successful (35 functions remapped  3 scriptstructs remapped)
[2022.10.20-14.11.44:052][946]LogContentBrowser: Native class hierarchy populated in 0.0079 seconds. Added 3460 classes and 828 folders.
[2022.10.20-14.11.44:052][946]Display: HotReload took  3.0s.
[2022.10.20-14.11.44:539][946]LogSlate: Took 0.001997 seconds to synchronously load lazily loaded font '../../../Engine/Content/Slate/Fonts/DroidSansFallback.ttf' (3848K)
[2022.10.20-14.11.44:539][946]LogSlate: Last resort fallback font was requested. Font: '../../../Engine/Content/Slate/Fonts/DroidSansFallback.ttf', Character: 'ϰ (U+03f0)'
[2022.10.20-14.11.44:543][946]LogSlate: Took 0.002512 seconds to synchronously load lazily loaded font '../../../Engine/Content/SlateDebug/Fonts/LastResort.ttf' (5269K)
[2022.10.20-14.12.25:569][347]LogHotReload: New module detected: UE4Editor-ActionGame-0002.dll
[2022.10.20-14.12.26:259][350]LogHotReload: Starting Hot-Reload from IDE
[2022.10.20-14.12.26:358][350]LogClass: EActionType HotReload.
[2022.10.20-14.12.26:358][350]LogClass: EStateType HotReload.
[2022.10.20-14.12.26:358][350]LogClass: DoActionData HotReload.
[2022.10.20-14.12.26:358][350]LogClass: EquipmentData HotReload.
[2022.10.20-14.12.26:358][350]LogClass: MontageData HotReload.
[2022.10.20-14.12.26:365][350]LogUObjectGlobals: Warning: 'Class /Game/BP_CHUD.BP_CHUD'_C' 오브젝트를 찾는 데 실패했습니다.
[2022.10.20-14.12.26:366][350]Error: CDO Constructor (CGameMode): Failed to find /Game/BP_CHUD.BP_CHUD'_C

[2022.10.20-14.12.26:366][350]LogOutputDevice: Warning: 

Script Stack (0 frames):

[2022.10.20-14.12.26:366][350]LogWindows: Windows GetLastError: 작업을 완료했습니다. (0)
[2022.10.20-14.12.31:474][350]LogWindows: Error: === Critical error: ===
[2022.10.20-14.12.31:474][350]LogWindows: Error: 
[2022.10.20-14.12.31:474][350]LogWindows: Error: Assertion failed: asset.Succeeded() [File:C:\Users\Chanwoongs\Desktop\Project\Unreal_Engine_Tutorial\C++\ActionGame\Source\ActionGame\Utilities/CHelpers.h] [Line: 33] 
[2022.10.20-14.12.31:474][350]LogWindows: Error: asset.Succeeded()
[2022.10.20-14.12.31:474][350]LogWindows: Error: 
[2022.10.20-14.12.31:474][350]LogWindows: Error: 
[2022.10.20-14.12.31:474][350]LogWindows: Error: [Callstack] 0x00007ffbab3fcd29 KERNELBASE.dll!UnknownFunction []
[2022.10.20-14.12.31:474][350]LogWindows: Error: [Callstack] 0x00007ffb00eaec66 UE4Editor-Core.dll!ReportAssert() [D:\Build\++UE4\Sync\Engine\Source\Runtime\Core\Private\Windows\WindowsPlatformCrashContext.cpp:1541]
[2022.10.20-14.12.31:474][350]LogWindows: Error: [Callstack] 0x00007ffb00eb2048 UE4Editor-Core.dll!FWindowsErrorOutputDevice::Serialize() [D:\Build\++UE4\Sync\Engine\Source\Runtime\Core\Private\Windows\WindowsErrorOutputDevice.cpp:78]
[2022.10.20-14.12.31:474][350]LogWindows: Error: [Callstack] 0x00007ffb00c3e52d UE4Editor-Core.dll!FOutputDevice::LogfImpl() [D:\Build\++UE4\Sync\Engine\Source\Runtime\Core\Private\Misc\OutputDevice.cpp:61]
[2022.10.20-14.12.31:474][350]LogWindows: Error: [Callstack] 0x00007ffb00bc97c5 UE4Editor-Core.dll!AssertFailedImplV() [D:\Build\++UE4\Sync\Engine\Source\Runtime\Core\Private\Misc\AssertionMacros.cpp:100]
[2022.10.20-14.12.31:474][350]LogWindows: Error: [Callstack] 0x00007ffb00bcbb00 UE4Editor-Core.dll!FDebug::CheckVerifyFailedImpl() [D:\Build\++UE4\Sync\Engine\Source\Runtime\Core\Private\Misc\AssertionMacros.cpp:450]
[2022.10.20-14.12.31:474][350]LogWindows: Error: [Callstack] 0x00007ffac92f6e71 UE4Editor-ActionGame-0002.dll!CHelpers::GetClass<AHUD>() [C:\Users\Chanwoongs\Desktop\Project\Unreal_Engine_Tutorial\C++\ActionGame\Source\ActionGame\Utilities\CHelpers.h:33]
[2022.10.20-14.12.31:474][350]LogWindows: Error: [Callstack] 0x00007ffac92f91ff UE4Editor-ActionGame-0002.dll!ACGameMode::ACGameMode() [C:\Users\Chanwoongs\Desktop\Project\Unreal_Engine_Tutorial\C++\ActionGame\Source\ActionGame\CGameMode.cpp:7]
[2022.10.20-14.12.31:474][350]LogWindows: Error: [Callstack] 0x00007ffad64f44be UE4Editor-HotReload.dll!FHotReloadClassReinstancer::RecreateCDOAndSetupOldClassReinstancing() [D:\Build\++UE4\Sync\Engine\Source\Developer\HotReload\Private\HotReloadClassReinstancer.cpp:247]
[2022.10.20-14.12.31:474][350]LogWindows: Error: [Callstack] 0x00007ffad64e3d4e UE4Editor-HotReload.dll!FHotReloadClassReinstancer::FHotReloadClassReinstancer() [D:\Build\++UE4\Sync\Engine\Source\Developer\HotReload\Private\HotReloadClassReinstancer.cpp:322]
[2022.10.20-14.12.31:474][350]LogWindows: Error: [Callstack] 0x00007ffad64ea995 UE4Editor-HotReload.dll!FHotReloadClassReinstancer::Create() [D:\Build\++UE4\Sync\Engine\Source\Developer\HotReload\Private\HotReloadClassReinstancer.h:120]
[2022.10.20-14.12.31:474][350]LogWindows: Error: [Callstack] 0x00007ffad64f6b33 UE4Editor-HotReload.dll!FHotReloadModule::ReinstanceClass() [D:\Build\++UE4\Sync\Engine\Source\Developer\HotReload\Private\HotReload.cpp:1266]
[2022.10.20-14.12.31:474][350]LogWindows: Error: [Callstack] 0x00007ffad64f6e01 UE4Editor-HotReload.dll!FHotReloadModule::ReinstanceClasses() [D:\Build\++UE4\Sync\Engine\Source\Developer\HotReload\Private\HotReload.cpp:1256]
[2022.10.20-14.12.31:474][350]LogWindows: Error: [Callstack] 0x00007ffad64ef836 UE4Editor-HotReload.dll!TBaseRawMethodDelegateInstance<0,FHotReloadModule,void __cdecl(void)>::ExecuteIfSafe() [D:\Build\++UE4\Sync\Engine\Source\Runtime\Core\Public\Delegates\DelegateInstancesImpl.h:546]
[2022.10.20-14.12.31:474][350]LogWindows: Error: [Callstack] 0x00007ffb03f3ed1d UE4Editor-CoreUObject.dll!TBaseMulticastDelegate<void>::Broadcast() [D:\Build\++UE4\Sync\Engine\Source\Runtime\Core\Public\Delegates\DelegateSignatureImpl.inl:1013]
[2022.10.20-14.12.31:474][350]LogWindows: Error: [Callstack] 0x00007ffb042c6839 UE4Editor-CoreUObject.dll!UClassReplaceHotReloadClasses() [D:\Build\++UE4\Sync\Engine\Source\Runtime\CoreUObject\Private\UObject\UObjectBase.cpp:796]
[2022.10.20-14.12.31:474][350]LogWindows: Error: [Callstack] 0x00007ffb042a5bc6 UE4Editor-CoreUObject.dll!ProcessNewlyLoadedUObjects() [D:\Build\++UE4\Sync\Engine\Source\Runtime\CoreUObject\Private\UObject\UObjectBase.cpp:955]
[2022.10.20-14.12.31:474][350]LogWindows: Error: [Callstack] 0x00007ffb041c4465 UE4Editor-CoreUObject.dll!TBaseStaticDelegateInstance<void __cdecl(FName,bool)>::ExecuteIfSafe() [D:\Build\++UE4\Sync\Engine\Source\Runtime\Core\Public\Delegates\DelegateInstancesImpl.h:859]
[2022.10.20-14.12.31:474][350]LogWindows: Error: [Callstack] 0x00007ffb00c7986a UE4Editor-Core.dll!TBaseMulticastDelegate<void,FName,bool>::Broadcast() [D:\Build\++UE4\Sync\Engine\Source\Runtime\Core\Public\Delegates\DelegateSignatureImpl.inl:1013]
[2022.10.20-14.12.31:474][350]LogWindows: Error: [Callstack] 0x00007ffb00c999f0 UE4Editor-Core.dll!FModuleManager::LoadModuleWithFailureReason() [D:\Build\++UE4\Sync\Engine\Source\Runtime\Core\Private\Modules\ModuleManager.cpp:500]
[2022.10.20-14.12.31:474][350]LogWindows: Error: [Callstack] 0x00007ffb00c98b08 UE4Editor-Core.dll!FModuleManager::LoadModule() [D:\Build\++UE4\Sync\Engine\Source\Runtime\Core\Private\Modules\ModuleManager.cpp:334]
[2022.10.20-14.12.31:474][350]LogWindows: Error: [Callstack] 0x00007ffad64eb9b2 UE4Editor-HotReload.dll!FHotReloadModule::DoHotReloadInternal() [D:\Build\++UE4\Sync\Engine\Source\Developer\HotReload\Private\HotReload.cpp:799]
[2022.10.20-14.12.31:474][350]LogWindows: Error: [Callstack] 0x00007ffad64eb708 UE4Editor-HotReload.dll!FHotReloadModule::DoHotReloadFromIDE() [D:\Build\++UE4\Sync\Engine\Source\Developer\HotReload\Private\HotReload.cpp:1535]
[2022.10.20-14.12.31:474][350]LogWindows: Error: [Callstack] 0x00007ffad64fc3e1 UE4Editor-HotReload.dll!FHotReloadModule::Tick() [D:\Build\++UE4\Sync\Engine\Source\Developer\HotReload\Private\HotReload.cpp:1479]
[2022.10.20-14.12.31:474][350]LogWindows: Error: [Callstack] 0x00007ffb009fd0a9 UE4Editor-Core.dll!FTicker::Tick() [D:\Build\++UE4\Sync\Engine\Source\Runtime\Core\Private\Containers\Ticker.cpp:95]
[2022.10.20-14.12.31:474][350]LogWindows: Error: [Callstack] 0x00007ff73fc9a213 UE4Editor.exe!FEngineLoop::Tick() [D:\Build\++UE4\Sync\Engine\Source\Runtime\Launch\Private\LaunchEngineLoop.cpp:5051]
[2022.10.20-14.12.31:474][350]LogWindows: Error: [Callstack] 0x00007ff73fcaba7c UE4Editor.exe!GuardedMain() [D:\Build\++UE4\Sync\Engine\Source\Runtime\Launch\Private\Launch.cpp:169]
[2022.10.20-14.12.31:474][350]LogWindows: Error: [Callstack] 0x00007ff73fcabb5a UE4Editor.exe!GuardedMainWrapper() [D:\Build\++UE4\Sync\Engine\Source\Runtime\Launch\Private\Windows\LaunchWindows.cpp:137]
[2022.10.20-14.12.31:474][350]LogWindows: Error: [Callstack] 0x00007ff73fcbe31d UE4Editor.exe!WinMain() [D:\Build\++UE4\Sync\Engine\Source\Runtime\Launch\Private\Windows\LaunchWindows.cpp:268]
[2022.10.20-14.12.31:474][350]LogWindows: Error: [Callstack] 0x00007ff73fcc145a UE4Editor.exe!__scrt_common_main_seh() [d:\agent\_work\5\s\src\vctools\crt\vcstartup\src\startup\exe_common.inl:288]
[2022.10.20-14.12.31:474][350]LogWindows: Error: [Callstack] 0x00007ffbac697034 KERNEL32.DLL!UnknownFunction []
[2022.10.20-14.12.31:474][350]LogWindows: Error: [Callstack] 0x00007ffbad9426a1 ntdll.dll!UnknownFunction []
[2022.10.20-14.12.31:474][350]LogWindows: Error: 
[2022.10.20-14.12.31:483][350]LogExit: Executing StaticShutdownAfterError
[2022.10.20-14.12.31:486][350]LogWindows: FPlatformMisc::RequestExit(1)
[2022.10.20-14.12.31:486][350]LogCore: Engine exit requested (reason: Win RequestExit)
[2022.10.20-14.12.31:500][350]Log file closed, 10/20/22 23:12:31
