Log file open, 11/02/22 22:37:59
LogInit: Display: Running engine for game: ActionGame
LogPlatformFile: Not using cached read wrapper
LogTaskGraph: Started task graph with 5 named threads and 26 total threads with 3 sets of task threads.
LogStats: Stats thread started at 0.324458
LogD3D11RHI: Loaded GFSDK_Aftermath_Lib.x64.dll
LogICUInternationalization: ICU TimeZone Detection - Raw Offset: +9:00, Platform Override: ''
LogPluginManager: Mounting plugin Paper2D
LogPluginManager: Mounting plugin AISupport
LogPluginManager: Mounting plugin LightPropagationVolume
LogPluginManager: Mounting plugin CameraShakePreviewer
LogPluginManager: Mounting plugin ActorLayerUtilities
LogPluginManager: Mounting plugin AnimationSharing
LogPluginManager: Mounting plugin CLionSourceCodeAccess
LogPluginManager: Mounting plugin CodeLiteSourceCodeAccess
LogPluginManager: Mounting plugin GitSourceControl
LogPluginManager: Mounting plugin KDevelopSourceCodeAccess
LogPluginManager: Mounting plugin NullSourceCodeAccess
LogPluginManager: Mounting plugin PerforceSourceControl
LogPluginManager: Mounting plugin PlasticSourceControl
LogPluginManager: Mounting plugin RiderSourceCodeAccess
LogPluginManager: Mounting plugin SubversionSourceControl
LogPluginManager: Mounting plugin UObjectPlugin
LogPluginManager: Mounting plugin VisualStudioCodeSourceCodeAccess
LogPluginManager: Mounting plugin VisualStudioSourceCodeAccess
LogPluginManager: Mounting plugin XCodeSourceCodeAccess
LogPluginManager: Mounting plugin AssetManagerEditor
LogPluginManager: Mounting plugin CryptoKeys
LogPluginManager: Mounting plugin CurveEditorTools
LogPluginManager: Mounting plugin DataValidation
LogPluginManager: Mounting plugin EditorScriptingUtilities
LogPluginManager: Mounting plugin FacialAnimation
LogPluginManager: Mounting plugin GameplayTagsEditor
LogPluginManager: Mounting plugin GeometryMode
LogPluginManager: Mounting plugin MacGraphicsSwitching
LogPluginManager: Mounting plugin MaterialAnalyzer
LogPluginManager: Mounting plugin MobileLauncherProfileWizard
LogPluginManager: Mounting plugin PluginBrowser
LogPluginManager: Mounting plugin SpeedTreeImporter
LogPluginManager: Mounting plugin DatasmithContent
LogPluginManager: Mounting plugin VariantManagerContent
LogPluginManager: Mounting plugin AlembicImporter
LogPluginManager: Mounting plugin AutomationUtils
LogPluginManager: Mounting plugin BackChannel
LogPluginManager: Mounting plugin ChaosCloth
LogPluginManager: Mounting plugin ChaosClothEditor
LogPluginManager: Mounting plugin ChaosEditor
LogPluginManager: Mounting plugin ChaosNiagara
LogPluginManager: Mounting plugin ChaosSolverPlugin
LogPluginManager: Mounting plugin CharacterAI
LogPluginManager: Mounting plugin GeometryCache
LogPluginManager: Mounting plugin GeometryCollectionPlugin
LogPluginManager: Mounting plugin GeometryProcessing
LogPluginManager: Mounting plugin PlanarCut
LogPluginManager: Mounting plugin PlatformCrypto
LogPluginManager: Mounting plugin ProxyLODPlugin
LogPluginManager: Mounting plugin SkeletalReduction
LogPluginManager: Mounting plugin Niagara
LogPluginManager: Mounting plugin MagicLeap
LogPluginManager: Mounting plugin MagicLeapLightEstimation
LogPluginManager: Mounting plugin MagicLeapMedia
LogPluginManager: Mounting plugin MagicLeapPassableWorld
LogPluginManager: Mounting plugin MLSDK
LogPluginManager: Mounting plugin AndroidMedia
LogPluginManager: Mounting plugin AvfMedia
LogPluginManager: Mounting plugin ImgMedia
LogPluginManager: Mounting plugin MediaCompositing
LogPluginManager: Mounting plugin MediaPlayerEditor
LogPluginManager: Mounting plugin WebMMedia
LogPluginManager: Mounting plugin WmfMedia
LogPluginManager: Mounting plugin MeshPainting
LogPluginManager: Mounting plugin TcpMessaging
LogPluginManager: Mounting plugin UdpMessaging
LogPluginManager: Mounting plugin ActorSequence
LogPluginManager: Mounting plugin LevelSequenceEditor
LogPluginManager: Mounting plugin MatineeToLevelSequence
LogPluginManager: Mounting plugin MovieRenderPipeline
LogPluginManager: Mounting plugin TemplateSequence
LogPluginManager: Mounting plugin NetcodeUnitTest
LogPluginManager: Mounting plugin NUTUnrealEngine4
LogPluginManager: Mounting plugin OnlineSubsystemGooglePlay
LogPluginManager: Mounting plugin OnlineSubsystemIOS
LogPluginManager: Mounting plugin OnlineSubsystem
LogPluginManager: Mounting plugin OnlineSubsystemNull
LogPluginManager: Mounting plugin OnlineSubsystemUtils
LogPluginManager: Mounting plugin LauncherChunkInstaller
LogPluginManager: Mounting plugin AndroidDeviceProfileSelector
LogPluginManager: Mounting plugin AndroidMoviePlayer
LogPluginManager: Mounting plugin AndroidPermission
LogPluginManager: Mounting plugin AppleImageUtils
LogPluginManager: Mounting plugin AppleMoviePlayer
LogPluginManager: Mounting plugin ArchVisCharacter
LogPluginManager: Mounting plugin AssetTags
LogPluginManager: Mounting plugin AudioCapture
LogPluginManager: Mounting plugin CableComponent
LogPluginManager: Mounting plugin CustomMeshComponent
LogPluginManager: Mounting plugin EditableMesh
LogPluginManager: Mounting plugin ExampleDeviceProfileSelector
LogPluginManager: Mounting plugin GoogleCloudMessaging
LogPluginManager: Mounting plugin GooglePAD
LogPluginManager: Mounting plugin IOSDeviceProfileSelector
LogPluginManager: Mounting plugin LinuxDeviceProfileSelector
LogPluginManager: Mounting plugin LocationServicesBPLibrary
LogPluginManager: Mounting plugin MobilePatchingUtils
LogPluginManager: Mounting plugin OculusVR
LogPluginManager: Mounting plugin PhysXVehicles
LogPluginManager: Mounting plugin PostSplashScreen
LogPluginManager: Mounting plugin ProceduralMeshComponent
LogPluginManager: Mounting plugin RuntimePhysXCooking
LogPluginManager: Mounting plugin SignificanceManager
LogPluginManager: Mounting plugin SoundFields
LogPluginManager: Mounting plugin SteamVR
LogPluginManager: Mounting plugin Synthesis
LogPluginManager: Mounting plugin WebMMoviePlayer
LogPluginManager: Mounting plugin WindowsMoviePlayer
LogPluginManager: Mounting plugin ScreenshotTools
LogInit: Using libcurl 7.55.1-DEV
LogInit:  - built for x86_64-pc-win32
LogInit:  - supports SSL with OpenSSL/1.1.1
LogInit:  - supports HTTP deflate (compression) using libz 1.2.8
LogInit:  - other features:
LogInit:      CURL_VERSION_SSL
LogInit:      CURL_VERSION_LIBZ
LogInit:      CURL_VERSION_IPV6
LogInit:      CURL_VERSION_ASYNCHDNS
LogInit:      CURL_VERSION_LARGEFILE
LogInit:      CURL_VERSION_IDN
LogInit:  CurlRequestOptions (configurable via config and command line):
LogInit:  - bVerifyPeer = true  - Libcurl will verify peer certificate
LogInit:  - bUseHttpProxy = false  - Libcurl will NOT use HTTP proxy
LogInit:  - bDontReuseConnections = false  - Libcurl will reuse connections
LogInit:  - MaxHostConnections = 16  - Libcurl will limit the number of connections to a host
LogInit:  - LocalHostAddr = Default
LogInit:  - BufferSize = 65536
LogOnline: OSS: Creating online subsystem instance for: NULL
LogInit: WinSock: version 1.1 (2.2), MaxSocks=32767, MaxUdp=65467
LogOnline: OSS: TryLoadSubsystemAndSetDefault: Loaded subsystem for module [NULL]
LogInit: Build: ++UE4+Release-4.25-CL-14469661
LogInit: Engine Version: 4.25.4-14469661+++UE4+Release-4.25
LogInit: Compatible Engine Version: 4.25.0-13144385+++UE4+Release-4.25
LogInit: Net CL: 13144385
LogInit: OS: Windows 10 (Release 2009) (), CPU: Intel(R) Core(TM) i7-9700K CPU @ 3.60GHz, GPU: NVIDIA GeForce RTX 2080
LogInit: Compiled (64-bit): Oct 11 2020 08:10:49
LogInit: Compiled with Visual C++: 19.24.28315.00
LogInit: Build Configuration: Development
LogInit: Branch Name: ++UE4+Release-4.25
LogInit: Command Line:  -skipcompile
LogInit: Base Directory: D:/Game/UE_4.25/Engine/Binaries/Win64/
LogInit: Allocator: TBB
LogInit: Installed Engine Build: 1
LogDevObjectVersion: Number of dev versions registered: 26
LogDevObjectVersion:   Dev-Blueprints (B0D832E4-1F89-4F0D-ACCF-7EB736FD4AA2): 10
LogDevObjectVersion:   Dev-Build (E1C64328-A22C-4D53-A36C-8E866417BD8C): 0
LogDevObjectVersion:   Dev-Core (375EC13C-06E4-48FB-B500-84F0262A717E): 4
LogDevObjectVersion:   Dev-Editor (E4B068ED-F494-42E9-A231-DA0B2E46BB41): 38
LogDevObjectVersion:   Dev-Framework (CFFC743F-43B0-4480-9391-14DF171D2073): 37
LogDevObjectVersion:   Dev-Mobile (B02B49B5-BB20-44E9-A304-32B752E40360): 2
LogDevObjectVersion:   Dev-Networking (A4E4105C-59A1-49B5-A7C5-40C4547EDFEE): 0
LogDevObjectVersion:   Dev-Online (39C831C9-5AE6-47DC-9A44-9C173E1C8E7C): 0
LogDevObjectVersion:   Dev-Physics (78F01B33-EBEA-4F98-B9B4-84EACCB95AA2): 4
LogDevObjectVersion:   Dev-Platform (6631380F-2D4D-43E0-8009-CF276956A95A): 0
LogDevObjectVersion:   Dev-Rendering (12F88B9F-8875-4AFC-A67C-D90C383ABD29): 43
LogDevObjectVersion:   Dev-Sequencer (7B5AE74C-D270-4C10-A958-57980B212A5A): 12
LogDevObjectVersion:   Dev-VR (D7296918-1DD6-4BDD-9DE2-64A83CC13884): 3
LogDevObjectVersion:   Dev-LoadTimes (C2A15278-BFE7-4AFE-6C17-90FF531DF755): 1
LogDevObjectVersion:   Private-Geometry (6EACA3D4-40EC-4CC1-B786-8BED09428FC5): 3
LogDevObjectVersion:   Dev-AnimPhys (29E575DD-E0A3-4627-9D10-D276232CDCEA): 17
LogDevObjectVersion:   Dev-Anim (AF43A65D-7FD3-4947-9873-3E8ED9C1BB05): 7
LogDevObjectVersion:   Dev-ReflectionCapture (6B266CEC-1EC7-4B8F-A30B-E4D90942FC07): 1
LogDevObjectVersion:   Dev-Automation (0DF73D61-A23F-47EA-B727-89E90C41499A): 1
LogDevObjectVersion:   FortniteMain (601D1886-AC64-4F84-AA16-D3DE0DEAC7D6): 31
LogDevObjectVersion:   Dev-Enterprise (9DFFBCD6-494F-0158-E221-12823C92A888): 10
LogDevObjectVersion:   Dev-Niagara (F2AED0AC-9AFE-416F-8664-AA7FFA26D6FC): 1
LogDevObjectVersion:   Dev-Destruction (174F1F0B-B4C6-45A5-B13F-2EE8D0FB917D): 10
LogDevObjectVersion:   Dev-Physics-Ext (35F94A83-E258-406C-A318-09F59610247C): 37
LogDevObjectVersion:   Dev-PhysicsMaterial-Chaos (B68FC16E-8B1B-42E2-B453-215C058844FE): 1
LogDevObjectVersion:   Dev-CineCamera (B2E18506-4273-CFC2-A54E-F4BB758BBA07): 1
LogInit: Presizing for max 25165824 objects, including 0 objects not considered by GC, pre-allocating 0 bytes for permanent pool.
LogConfig: Applying CVar settings from Section [/Script/Engine.StreamingSettings] File [C:/Users/Chanwoongs/Desktop/Project/Unreal_Engine_Tutorial/C++/ActionGame/Saved/Config/Windows/Engine.ini]
LogConfig: Setting CVar [[s.MinBulkDataSizeForAsyncLoading:131072]]
LogConfig: Setting CVar [[s.AsyncLoadingThreadEnabled:0]]
LogConfig: Setting CVar [[s.EventDrivenLoaderEnabled:1]]
LogConfig: Setting CVar [[s.WarnIfTimeLimitExceeded:0]]
LogConfig: Setting CVar [[s.TimeLimitExceededMultiplier:1.5]]
LogConfig: Setting CVar [[s.TimeLimitExceededMinTime:0.005]]
LogConfig: Setting CVar [[s.UseBackgroundLevelStreaming:1]]
LogConfig: Setting CVar [[s.PriorityAsyncLoadingExtraTime:15.0]]
LogConfig: Setting CVar [[s.LevelStreamingActorsUpdateTimeLimit:5.0]]
LogConfig: Setting CVar [[s.PriorityLevelStreamingActorsUpdateExtraTime:5.0]]
LogConfig: Setting CVar [[s.LevelStreamingComponentsRegistrationGranularity:10]]
LogConfig: Setting CVar [[s.UnregisterComponentsTimeLimit:1.0]]
LogConfig: Setting CVar [[s.LevelStreamingComponentsUnregistrationGranularity:5]]
LogConfig: Setting CVar [[s.FlushStreamingOnExit:1]]
LogInit: Object subsystem initialized
LogConfig: Setting CVar [[con.DebugEarlyDefault:1]]
LogConfig: Setting CVar [[r.setres:1280x720]]
[2022.11.02-13.38.00:274][  0]LogConfig: Setting CVar [[r.VSync:0]]
[2022.11.02-13.38.00:274][  0]LogConfig: Setting CVar [[r.RHICmdBypass:0]]
[2022.11.02-13.38.00:274][  0]LogConfig: Applying CVar settings from Section [/Script/Engine.RendererSettings] File [C:/Users/Chanwoongs/Desktop/Project/Unreal_Engine_Tutorial/C++/ActionGame/Saved/Config/Windows/Engine.ini]
[2022.11.02-13.38.00:274][  0]LogConfig: Setting CVar [[r.GPUCrashDebugging:0]]
[2022.11.02-13.38.00:274][  0]LogConfig: Setting CVar [[r.SkinCache.CompileShaders:1]]
[2022.11.02-13.38.00:274][  0]LogConfig: Setting CVar [[r.RayTracing:1]]
[2022.11.02-13.38.00:275][  0]LogConfig: Applying CVar settings from Section [/Script/Engine.RendererOverrideSettings] File [C:/Users/Chanwoongs/Desktop/Project/Unreal_Engine_Tutorial/C++/ActionGame/Saved/Config/Windows/Engine.ini]
[2022.11.02-13.38.00:275][  0]LogConfig: Applying CVar settings from Section [/Script/Engine.StreamingSettings] File [C:/Users/Chanwoongs/Desktop/Project/Unreal_Engine_Tutorial/C++/ActionGame/Saved/Config/Windows/Engine.ini]
[2022.11.02-13.38.00:275][  0]LogConfig: Setting CVar [[s.MinBulkDataSizeForAsyncLoading:131072]]
[2022.11.02-13.38.00:275][  0]LogConfig: Setting CVar [[s.AsyncLoadingThreadEnabled:0]]
[2022.11.02-13.38.00:275][  0]LogConfig: Setting CVar [[s.EventDrivenLoaderEnabled:1]]
[2022.11.02-13.38.00:275][  0]LogConfig: Setting CVar [[s.WarnIfTimeLimitExceeded:0]]
[2022.11.02-13.38.00:275][  0]LogConfig: Setting CVar [[s.TimeLimitExceededMultiplier:1.5]]
[2022.11.02-13.38.00:275][  0]LogConfig: Setting CVar [[s.TimeLimitExceededMinTime:0.005]]
[2022.11.02-13.38.00:275][  0]LogConfig: Setting CVar [[s.UseBackgroundLevelStreaming:1]]
[2022.11.02-13.38.00:275][  0]LogConfig: Setting CVar [[s.PriorityAsyncLoadingExtraTime:15.0]]
[2022.11.02-13.38.00:275][  0]LogConfig: Setting CVar [[s.LevelStreamingActorsUpdateTimeLimit:5.0]]
[2022.11.02-13.38.00:275][  0]LogConfig: Setting CVar [[s.PriorityLevelStreamingActorsUpdateExtraTime:5.0]]
[2022.11.02-13.38.00:275][  0]LogConfig: Setting CVar [[s.LevelStreamingComponentsRegistrationGranularity:10]]
[2022.11.02-13.38.00:276][  0]LogConfig: Setting CVar [[s.UnregisterComponentsTimeLimit:1.0]]
[2022.11.02-13.38.00:276][  0]LogConfig: Setting CVar [[s.LevelStreamingComponentsUnregistrationGranularity:5]]
[2022.11.02-13.38.00:276][  0]LogConfig: Setting CVar [[s.FlushStreamingOnExit:1]]
[2022.11.02-13.38.00:276][  0]LogConfig: Applying CVar settings from Section [/Script/Engine.GarbageCollectionSettings] File [C:/Users/Chanwoongs/Desktop/Project/Unreal_Engine_Tutorial/C++/ActionGame/Saved/Config/Windows/Engine.ini]
[2022.11.02-13.38.00:276][  0]LogConfig: Setting CVar [[gc.MaxObjectsNotConsideredByGC:1]]
[2022.11.02-13.38.00:276][  0]LogConfig: Setting CVar [[gc.SizeOfPermanentObjectPool:0]]
[2022.11.02-13.38.00:276][  0]LogConfig: Setting CVar [[gc.FlushStreamingOnGC:0]]
[2022.11.02-13.38.00:276][  0]LogConfig: Setting CVar [[gc.NumRetriesBeforeForcingGC:10]]
[2022.11.02-13.38.00:276][  0]LogConfig: Setting CVar [[gc.AllowParallelGC:1]]
[2022.11.02-13.38.00:276][  0]LogConfig: Setting CVar [[gc.TimeBetweenPurgingPendingKillObjects:61.1]]
[2022.11.02-13.38.00:276][  0]LogConfig: Setting CVar [[gc.MaxObjectsInEditor:25165824]]
[2022.11.02-13.38.00:276][  0]LogConfig: Setting CVar [[gc.IncrementalBeginDestroyEnabled:1]]
[2022.11.02-13.38.00:277][  0]LogConfig: Setting CVar [[gc.CreateGCClusters:1]]
[2022.11.02-13.38.00:277][  0]LogConfig: Setting CVar [[gc.MinGCClusterSize:5]]
[2022.11.02-13.38.00:277][  0]LogConfig: Setting CVar [[gc.ActorClusteringEnabled:0]]
[2022.11.02-13.38.00:277][  0]LogConfig: Setting CVar [[gc.BlueprintClusteringEnabled:0]]
[2022.11.02-13.38.00:277][  0]LogConfig: Setting CVar [[gc.UseDisregardForGCOnDedicatedServers:0]]
[2022.11.02-13.38.00:277][  0]LogConfig: Applying CVar settings from Section [/Script/Engine.NetworkSettings] File [C:/Users/Chanwoongs/Desktop/Project/Unreal_Engine_Tutorial/C++/ActionGame/Saved/Config/Windows/Engine.ini]
[2022.11.02-13.38.00:277][  0]LogConfig: Applying CVar settings from Section [/Script/UnrealEd.CookerSettings] File [C:/Users/Chanwoongs/Desktop/Project/Unreal_Engine_Tutorial/C++/ActionGame/Saved/Config/Windows/Engine.ini]
[2022.11.02-13.38.00:289][  0]LogConfig: Applying CVar settings from Section [ViewDistanceQuality@3] File [C:/Users/Chanwoongs/Desktop/Project/Unreal_Engine_Tutorial/C++/ActionGame/Saved/Config/Windows/Scalability.ini]
[2022.11.02-13.38.00:289][  0]LogConfig: Setting CVar [[r.SkeletalMeshLODBias:0]]
[2022.11.02-13.38.00:289][  0]LogConfig: Setting CVar [[r.ViewDistanceScale:1.0]]
[2022.11.02-13.38.00:289][  0]LogConfig: Applying CVar settings from Section [AntiAliasingQuality@3] File [C:/Users/Chanwoongs/Desktop/Project/Unreal_Engine_Tutorial/C++/ActionGame/Saved/Config/Windows/Scalability.ini]
[2022.11.02-13.38.00:289][  0]LogConfig: Setting CVar [[r.PostProcessAAQuality:4]]
[2022.11.02-13.38.00:289][  0]LogConfig: Applying CVar settings from Section [ShadowQuality@3] File [C:/Users/Chanwoongs/Desktop/Project/Unreal_Engine_Tutorial/C++/ActionGame/Saved/Config/Windows/Scalability.ini]
[2022.11.02-13.38.00:289][  0]LogConfig: Setting CVar [[r.LightFunctionQuality:1]]
[2022.11.02-13.38.00:289][  0]LogConfig: Setting CVar [[r.ShadowQuality:5]]
[2022.11.02-13.38.00:290][  0]LogConfig: Setting CVar [[r.Shadow.CSM.MaxCascades:10]]
[2022.11.02-13.38.00:290][  0]LogConfig: Setting CVar [[r.Shadow.MaxResolution:2048]]
[2022.11.02-13.38.00:290][  0]LogConfig: Setting CVar [[r.Shadow.MaxCSMResolution:2048]]
[2022.11.02-13.38.00:290][  0]LogConfig: Setting CVar [[r.Shadow.RadiusThreshold:0.01]]
[2022.11.02-13.38.00:290][  0]LogConfig: Setting CVar [[r.Shadow.DistanceScale:1.0]]
[2022.11.02-13.38.00:290][  0]LogConfig: Setting CVar [[r.Shadow.CSM.TransitionScale:1.0]]
[2022.11.02-13.38.00:290][  0]LogConfig: Setting CVar [[r.Shadow.PreShadowResolutionFactor:1.0]]
[2022.11.02-13.38.00:290][  0]LogConfig: Setting CVar [[r.DistanceFieldShadowing:1]]
[2022.11.02-13.38.00:290][  0]LogConfig: Setting CVar [[r.DistanceFieldAO:1]]
[2022.11.02-13.38.00:290][  0]LogConfig: Setting CVar [[r.AOQuality:2]]
[2022.11.02-13.38.00:291][  0]LogConfig: Setting CVar [[r.VolumetricFog:1]]
[2022.11.02-13.38.00:291][  0]LogConfig: Setting CVar [[r.VolumetricFog.GridPixelSize:8]]
[2022.11.02-13.38.00:291][  0]LogConfig: Setting CVar [[r.VolumetricFog.GridSizeZ:128]]
[2022.11.02-13.38.00:291][  0]LogConfig: Setting CVar [[r.VolumetricFog.HistoryMissSupersampleCount:4]]
[2022.11.02-13.38.00:291][  0]LogConfig: Setting CVar [[r.LightMaxDrawDistanceScale:1]]
[2022.11.02-13.38.00:291][  0]LogConfig: Setting CVar [[r.CapsuleShadows:1]]
[2022.11.02-13.38.00:291][  0]LogConfig: Applying CVar settings from Section [PostProcessQuality@3] File [C:/Users/Chanwoongs/Desktop/Project/Unreal_Engine_Tutorial/C++/ActionGame/Saved/Config/Windows/Scalability.ini]
[2022.11.02-13.38.00:291][  0]LogConfig: Setting CVar [[r.MotionBlurQuality:4]]
[2022.11.02-13.38.00:291][  0]LogConfig: Setting CVar [[r.AmbientOcclusionMipLevelFactor:0.4]]
[2022.11.02-13.38.00:291][  0]LogConfig: Setting CVar [[r.AmbientOcclusionMaxQuality:100]]
[2022.11.02-13.38.00:291][  0]LogConfig: Setting CVar [[r.AmbientOcclusionLevels:-1]]
[2022.11.02-13.38.00:291][  0]LogConfig: Setting CVar [[r.AmbientOcclusionRadiusScale:1.0]]
[2022.11.02-13.38.00:292][  0]LogConfig: Setting CVar [[r.DepthOfFieldQuality:2]]
[2022.11.02-13.38.00:292][  0]LogConfig: Setting CVar [[r.RenderTargetPoolMin:400]]
[2022.11.02-13.38.00:292][  0]LogConfig: Setting CVar [[r.LensFlareQuality:2]]
[2022.11.02-13.38.00:292][  0]LogConfig: Setting CVar [[r.SceneColorFringeQuality:1]]
[2022.11.02-13.38.00:292][  0]LogConfig: Setting CVar [[r.EyeAdaptationQuality:2]]
[2022.11.02-13.38.00:292][  0]LogConfig: Setting CVar [[r.BloomQuality:5]]
[2022.11.02-13.38.00:292][  0]LogConfig: Setting CVar [[r.FastBlurThreshold:100]]
[2022.11.02-13.38.00:292][  0]LogConfig: Setting CVar [[r.Upscale.Quality:3]]
[2022.11.02-13.38.00:292][  0]LogConfig: Setting CVar [[r.Tonemapper.GrainQuantization:1]]
[2022.11.02-13.38.00:292][  0]LogConfig: Setting CVar [[r.LightShaftQuality:1]]
[2022.11.02-13.38.00:292][  0]LogConfig: Setting CVar [[r.Filter.SizeScale:1]]
[2022.11.02-13.38.00:293][  0]LogConfig: Setting CVar [[r.Tonemapper.Quality:5]]
[2022.11.02-13.38.00:293][  0]LogConfig: Setting CVar [[r.DOF.Gather.AccumulatorQuality:1        ; higher gathering accumulator quality]]
[2022.11.02-13.38.00:293][  0]LogConfig: Setting CVar [[r.DOF.Gather.PostfilterMethod:1          ; Median3x3 postfilering method]]
[2022.11.02-13.38.00:293][  0]LogConfig: Setting CVar [[r.DOF.Gather.EnableBokehSettings:0       ; no bokeh simulation when gathering]]
[2022.11.02-13.38.00:293][  0]LogConfig: Setting CVar [[r.DOF.Gather.RingCount:4                 ; medium number of samples when gathering]]
[2022.11.02-13.38.00:293][  0]LogConfig: Setting CVar [[r.DOF.Scatter.ForegroundCompositing:1    ; additive foreground scattering]]
[2022.11.02-13.38.00:293][  0]LogConfig: Setting CVar [[r.DOF.Scatter.BackgroundCompositing:2    ; additive background scattering]]
[2022.11.02-13.38.00:293][  0]LogConfig: Setting CVar [[r.DOF.Scatter.EnableBokehSettings:1      ; bokeh simulation when scattering]]
[2022.11.02-13.38.00:293][  0]LogConfig: Setting CVar [[r.DOF.Scatter.MaxSpriteRatio:0.1         ; only a maximum of 10% of scattered bokeh]]
[2022.11.02-13.38.00:293][  0]LogConfig: Setting CVar [[r.DOF.Recombine.Quality:1                ; cheap slight out of focus]]
[2022.11.02-13.38.00:293][  0]LogConfig: Setting CVar [[r.DOF.Recombine.EnableBokehSettings:0    ; no bokeh simulation on slight out of focus]]
[2022.11.02-13.38.00:293][  0]LogConfig: Setting CVar [[r.DOF.TemporalAAQuality:1                ; more stable temporal accumulation]]
[2022.11.02-13.38.00:294][  0]LogConfig: Setting CVar [[r.DOF.Kernel.MaxForegroundRadius:0.025]]
[2022.11.02-13.38.00:294][  0]LogConfig: Setting CVar [[r.DOF.Kernel.MaxBackgroundRadius:0.025]]
[2022.11.02-13.38.00:294][  0]LogConfig: Applying CVar settings from Section [TextureQuality@3] File [C:/Users/Chanwoongs/Desktop/Project/Unreal_Engine_Tutorial/C++/ActionGame/Saved/Config/Windows/Scalability.ini]
[2022.11.02-13.38.00:294][  0]LogConfig: Setting CVar [[r.Streaming.MipBias:0]]
[2022.11.02-13.38.00:294][  0]LogConfig: Setting CVar [[r.Streaming.AmortizeCPUToGPUCopy:0]]
[2022.11.02-13.38.00:294][  0]LogConfig: Setting CVar [[r.Streaming.MaxNumTexturesToStreamPerFrame:0]]
[2022.11.02-13.38.00:294][  0]LogConfig: Setting CVar [[r.Streaming.Boost:1]]
[2022.11.02-13.38.00:294][  0]LogConfig: Setting CVar [[r.MaxAnisotropy:8]]
[2022.11.02-13.38.00:294][  0]LogConfig: Setting CVar [[r.VT.MaxAnisotropy:8]]
[2022.11.02-13.38.00:294][  0]LogConfig: Setting CVar [[r.Streaming.LimitPoolSizeToVRAM:0]]
[2022.11.02-13.38.00:294][  0]LogConfig: Setting CVar [[r.Streaming.PoolSize:1000]]
[2022.11.02-13.38.00:294][  0]LogConfig: Setting CVar [[r.Streaming.MaxEffectiveScreenSize:0]]
[2022.11.02-13.38.00:294][  0]LogConfig: Applying CVar settings from Section [EffectsQuality@3] File [C:/Users/Chanwoongs/Desktop/Project/Unreal_Engine_Tutorial/C++/ActionGame/Saved/Config/Windows/Scalability.ini]
[2022.11.02-13.38.00:295][  0]LogConfig: Setting CVar [[r.TranslucencyLightingVolumeDim:64]]
[2022.11.02-13.38.00:295][  0]LogConfig: Setting CVar [[r.RefractionQuality:2]]
[2022.11.02-13.38.00:295][  0]LogConfig: Setting CVar [[r.SSR.Quality:3]]
[2022.11.02-13.38.00:295][  0]LogConfig: Setting CVar [[r.SSR.HalfResSceneColor:0]]
[2022.11.02-13.38.00:295][  0]LogConfig: Setting CVar [[r.SceneColorFormat:4]]
[2022.11.02-13.38.00:295][  0]LogConfig: Setting CVar [[r.DetailMode:2]]
[2022.11.02-13.38.00:295][  0]LogConfig: Setting CVar [[r.TranslucencyVolumeBlur:1]]
[2022.11.02-13.38.00:295][  0]LogConfig: Setting CVar [[r.MaterialQualityLevel:1 ; High quality]]
[2022.11.02-13.38.00:295][  0]LogConfig: Setting CVar [[r.SSS.Scale:1]]
[2022.11.02-13.38.00:295][  0]LogConfig: Setting CVar [[r.SSS.SampleSet:2]]
[2022.11.02-13.38.00:295][  0]LogConfig: Setting CVar [[r.SSS.Quality:1]]
[2022.11.02-13.38.00:295][  0]LogConfig: Setting CVar [[r.SSS.HalfRes:0]]
[2022.11.02-13.38.00:295][  0]LogConfig: Setting CVar [[r.SSGI.Quality:3]]
[2022.11.02-13.38.00:295][  0]LogConfig: Setting CVar [[r.EmitterSpawnRateScale:1.0]]
[2022.11.02-13.38.00:295][  0]LogConfig: Setting CVar [[r.ParticleLightQuality:2]]
[2022.11.02-13.38.00:296][  0]LogConfig: Setting CVar [[r.SkyAtmosphere.AerialPerspectiveLUT.FastApplyOnOpaque:1 ; Always have FastSkyLUT 1 in this case to avoid wrong sky]]
[2022.11.02-13.38.00:296][  0]LogConfig: Setting CVar [[r.SkyAtmosphere.AerialPerspectiveLUT.SampleCountPerSlice:1]]
[2022.11.02-13.38.00:296][  0]LogConfig: Setting CVar [[r.SkyAtmosphere.AerialPerspectiveLUT.DepthResolution:16.0]]
[2022.11.02-13.38.00:296][  0]LogConfig: Setting CVar [[r.SkyAtmosphere.FastSkyLUT:1]]
[2022.11.02-13.38.00:296][  0]LogConfig: Setting CVar [[r.SkyAtmosphere.FastSkyLUT.SampleCountMin:4.0]]
[2022.11.02-13.38.00:296][  0]LogConfig: Setting CVar [[r.SkyAtmosphere.FastSkyLUT.SampleCountMax:32.0]]
[2022.11.02-13.38.00:296][  0]LogConfig: Setting CVar [[r.SkyAtmosphere.SampleCountMin:4.0]]
[2022.11.02-13.38.00:296][  0]LogConfig: Setting CVar [[r.SkyAtmosphere.SampleCountMax:32.0]]
[2022.11.02-13.38.00:296][  0]LogConfig: Setting CVar [[r.SkyAtmosphere.TransmittanceLUT.UseSmallFormat:0]]
[2022.11.02-13.38.00:296][  0]LogConfig: Setting CVar [[r.SkyAtmosphere.TransmittanceLUT.SampleCount:10.0]]
[2022.11.02-13.38.00:296][  0]LogConfig: Setting CVar [[r.SkyAtmosphere.MultiScatteringLUT.SampleCount:15.0]]
[2022.11.02-13.38.00:296][  0]LogConfig: Applying CVar settings from Section [FoliageQuality@3] File [C:/Users/Chanwoongs/Desktop/Project/Unreal_Engine_Tutorial/C++/ActionGame/Saved/Config/Windows/Scalability.ini]
[2022.11.02-13.38.00:297][  0]LogConfig: Setting CVar [[foliage.DensityScale:1.0]]
[2022.11.02-13.38.00:297][  0]LogConfig: Setting CVar [[grass.DensityScale:1.0]]
[2022.11.02-13.38.00:297][  0]LogConfig: Applying CVar settings from Section [ShadingQuality@3] File [C:/Users/Chanwoongs/Desktop/Project/Unreal_Engine_Tutorial/C++/ActionGame/Saved/Config/Windows/Scalability.ini]
[2022.11.02-13.38.00:297][  0]LogConfig: Setting CVar [[r.HairStrands.SkyLighting.SampleCount:16]]
[2022.11.02-13.38.00:297][  0]LogConfig: Setting CVar [[r.HairStrands.SkyLighting.JitterIntegration:0]]
[2022.11.02-13.38.00:297][  0]LogConfig: Setting CVar [[r.HairStrands.SkyAO.SampleCount:16]]
[2022.11.02-13.38.00:297][  0]LogConfig: Setting CVar [[r.HairStrands.DeepShadow.SuperSampling:0]]
[2022.11.02-13.38.00:297][  0]LogConfig: Setting CVar [[r.HairStrands.VisibilityPPLL:0]]
[2022.11.02-13.38.00:297][  0]LogConfig: Setting CVar [[r.HairStrands.RasterizationScale:0.5]]
[2022.11.02-13.38.00:297][  0]LogConfig: Setting CVar [[r.HairStrands.VelocityRasterizationScale:1]]
[2022.11.02-13.38.00:297][  0]LogInit: Selected Device Profile: [Windows]
[2022.11.02-13.38.00:297][  0]LogInit: Applying CVar settings loaded from the selected device profile: [Windows]
[2022.11.02-13.38.00:297][  0]LogHAL: Display: Platform has ~ 48 GB [51453968384 / 68719476736 / 48], which maps to Largest [LargestMinGB=32, LargerMinGB=12, DefaultMinGB=8, SmallerMinGB=6, SmallestMinGB=0)
[2022.11.02-13.38.00:298][  0]LogInit: Going up to parent DeviceProfile []
[2022.11.02-13.38.00:298][  0]LogConfig: Applying CVar settings from Section [ViewDistanceQuality@3] File [C:/Users/Chanwoongs/Desktop/Project/Unreal_Engine_Tutorial/C++/ActionGame/Saved/Config/Windows/Scalability.ini]
[2022.11.02-13.38.00:298][  0]LogConfig: Setting CVar [[r.SkeletalMeshLODBias:0]]
[2022.11.02-13.38.00:298][  0]LogConfig: Setting CVar [[r.ViewDistanceScale:1.0]]
[2022.11.02-13.38.00:298][  0]LogConfig: Applying CVar settings from Section [AntiAliasingQuality@3] File [C:/Users/Chanwoongs/Desktop/Project/Unreal_Engine_Tutorial/C++/ActionGame/Saved/Config/Windows/Scalability.ini]
[2022.11.02-13.38.00:298][  0]LogConfig: Setting CVar [[r.PostProcessAAQuality:4]]
[2022.11.02-13.38.00:298][  0]LogConfig: Applying CVar settings from Section [ShadowQuality@3] File [C:/Users/Chanwoongs/Desktop/Project/Unreal_Engine_Tutorial/C++/ActionGame/Saved/Config/Windows/Scalability.ini]
[2022.11.02-13.38.00:298][  0]LogConfig: Setting CVar [[r.LightFunctionQuality:1]]
[2022.11.02-13.38.00:298][  0]LogConfig: Setting CVar [[r.ShadowQuality:5]]
[2022.11.02-13.38.00:298][  0]LogConfig: Setting CVar [[r.Shadow.CSM.MaxCascades:10]]
[2022.11.02-13.38.00:298][  0]LogConfig: Setting CVar [[r.Shadow.MaxResolution:2048]]
[2022.11.02-13.38.00:299][  0]LogConfig: Setting CVar [[r.Shadow.MaxCSMResolution:2048]]
[2022.11.02-13.38.00:299][  0]LogConfig: Setting CVar [[r.Shadow.RadiusThreshold:0.01]]
[2022.11.02-13.38.00:299][  0]LogConfig: Setting CVar [[r.Shadow.DistanceScale:1.0]]
[2022.11.02-13.38.00:299][  0]LogConfig: Setting CVar [[r.Shadow.CSM.TransitionScale:1.0]]
[2022.11.02-13.38.00:299][  0]LogConfig: Setting CVar [[r.Shadow.PreShadowResolutionFactor:1.0]]
[2022.11.02-13.38.00:299][  0]LogConfig: Setting CVar [[r.DistanceFieldShadowing:1]]
[2022.11.02-13.38.00:299][  0]LogConfig: Setting CVar [[r.DistanceFieldAO:1]]
[2022.11.02-13.38.00:299][  0]LogConfig: Setting CVar [[r.AOQuality:2]]
[2022.11.02-13.38.00:299][  0]LogConfig: Setting CVar [[r.VolumetricFog:1]]
[2022.11.02-13.38.00:299][  0]LogConfig: Setting CVar [[r.VolumetricFog.GridPixelSize:8]]
[2022.11.02-13.38.00:299][  0]LogConfig: Setting CVar [[r.VolumetricFog.GridSizeZ:128]]
[2022.11.02-13.38.00:299][  0]LogConfig: Setting CVar [[r.VolumetricFog.HistoryMissSupersampleCount:4]]
[2022.11.02-13.38.00:299][  0]LogConfig: Setting CVar [[r.LightMaxDrawDistanceScale:1]]
[2022.11.02-13.38.00:300][  0]LogConfig: Setting CVar [[r.CapsuleShadows:1]]
[2022.11.02-13.38.00:300][  0]LogConfig: Applying CVar settings from Section [PostProcessQuality@3] File [C:/Users/Chanwoongs/Desktop/Project/Unreal_Engine_Tutorial/C++/ActionGame/Saved/Config/Windows/Scalability.ini]
[2022.11.02-13.38.00:300][  0]LogConfig: Setting CVar [[r.MotionBlurQuality:4]]
[2022.11.02-13.38.00:300][  0]LogConfig: Setting CVar [[r.AmbientOcclusionMipLevelFactor:0.4]]
[2022.11.02-13.38.00:300][  0]LogConfig: Setting CVar [[r.AmbientOcclusionMaxQuality:100]]
[2022.11.02-13.38.00:300][  0]LogConfig: Setting CVar [[r.AmbientOcclusionLevels:-1]]
[2022.11.02-13.38.00:300][  0]LogConfig: Setting CVar [[r.AmbientOcclusionRadiusScale:1.0]]
[2022.11.02-13.38.00:300][  0]LogConfig: Setting CVar [[r.DepthOfFieldQuality:2]]
[2022.11.02-13.38.00:300][  0]LogConfig: Setting CVar [[r.RenderTargetPoolMin:400]]
[2022.11.02-13.38.00:300][  0]LogConfig: Setting CVar [[r.LensFlareQuality:2]]
[2022.11.02-13.38.00:300][  0]LogConfig: Setting CVar [[r.SceneColorFringeQuality:1]]
[2022.11.02-13.38.00:300][  0]LogConfig: Setting CVar [[r.EyeAdaptationQuality:2]]
[2022.11.02-13.38.00:300][  0]LogConfig: Setting CVar [[r.BloomQuality:5]]
[2022.11.02-13.38.00:301][  0]LogConfig: Setting CVar [[r.FastBlurThreshold:100]]
[2022.11.02-13.38.00:301][  0]LogConfig: Setting CVar [[r.Upscale.Quality:3]]
[2022.11.02-13.38.00:301][  0]LogConfig: Setting CVar [[r.Tonemapper.GrainQuantization:1]]
[2022.11.02-13.38.00:301][  0]LogConfig: Setting CVar [[r.LightShaftQuality:1]]
[2022.11.02-13.38.00:301][  0]LogConfig: Setting CVar [[r.Filter.SizeScale:1]]
[2022.11.02-13.38.00:301][  0]LogConfig: Setting CVar [[r.Tonemapper.Quality:5]]
[2022.11.02-13.38.00:301][  0]LogConfig: Setting CVar [[r.DOF.Gather.AccumulatorQuality:1        ; higher gathering accumulator quality]]
[2022.11.02-13.38.00:301][  0]LogConfig: Setting CVar [[r.DOF.Gather.PostfilterMethod:1          ; Median3x3 postfilering method]]
[2022.11.02-13.38.00:301][  0]LogConfig: Setting CVar [[r.DOF.Gather.EnableBokehSettings:0       ; no bokeh simulation when gathering]]
[2022.11.02-13.38.00:301][  0]LogConfig: Setting CVar [[r.DOF.Gather.RingCount:4                 ; medium number of samples when gathering]]
[2022.11.02-13.38.00:301][  0]LogConfig: Setting CVar [[r.DOF.Scatter.ForegroundCompositing:1    ; additive foreground scattering]]
[2022.11.02-13.38.00:301][  0]LogConfig: Setting CVar [[r.DOF.Scatter.BackgroundCompositing:2    ; additive background scattering]]
[2022.11.02-13.38.00:301][  0]LogConfig: Setting CVar [[r.DOF.Scatter.EnableBokehSettings:1      ; bokeh simulation when scattering]]
[2022.11.02-13.38.00:302][  0]LogConfig: Setting CVar [[r.DOF.Scatter.MaxSpriteRatio:0.1         ; only a maximum of 10% of scattered bokeh]]
[2022.11.02-13.38.00:302][  0]LogConfig: Setting CVar [[r.DOF.Recombine.Quality:1                ; cheap slight out of focus]]
[2022.11.02-13.38.00:302][  0]LogConfig: Setting CVar [[r.DOF.Recombine.EnableBokehSettings:0    ; no bokeh simulation on slight out of focus]]
[2022.11.02-13.38.00:302][  0]LogConfig: Setting CVar [[r.DOF.TemporalAAQuality:1                ; more stable temporal accumulation]]
[2022.11.02-13.38.00:302][  0]LogConfig: Setting CVar [[r.DOF.Kernel.MaxForegroundRadius:0.025]]
[2022.11.02-13.38.00:302][  0]LogConfig: Setting CVar [[r.DOF.Kernel.MaxBackgroundRadius:0.025]]
[2022.11.02-13.38.00:302][  0]LogConfig: Applying CVar settings from Section [TextureQuality@3] File [C:/Users/Chanwoongs/Desktop/Project/Unreal_Engine_Tutorial/C++/ActionGame/Saved/Config/Windows/Scalability.ini]
[2022.11.02-13.38.00:302][  0]LogConfig: Setting CVar [[r.Streaming.MipBias:0]]
[2022.11.02-13.38.00:302][  0]LogConfig: Setting CVar [[r.Streaming.AmortizeCPUToGPUCopy:0]]
[2022.11.02-13.38.00:302][  0]LogConfig: Setting CVar [[r.Streaming.MaxNumTexturesToStreamPerFrame:0]]
[2022.11.02-13.38.00:302][  0]LogConfig: Setting CVar [[r.Streaming.Boost:1]]
[2022.11.02-13.38.00:302][  0]LogConfig: Setting CVar [[r.MaxAnisotropy:8]]
[2022.11.02-13.38.00:302][  0]LogConfig: Setting CVar [[r.VT.MaxAnisotropy:8]]
[2022.11.02-13.38.00:303][  0]LogConfig: Setting CVar [[r.Streaming.LimitPoolSizeToVRAM:0]]
[2022.11.02-13.38.00:303][  0]LogConfig: Setting CVar [[r.Streaming.PoolSize:1000]]
[2022.11.02-13.38.00:303][  0]LogConfig: Setting CVar [[r.Streaming.MaxEffectiveScreenSize:0]]
[2022.11.02-13.38.00:303][  0]LogConfig: Applying CVar settings from Section [EffectsQuality@3] File [C:/Users/Chanwoongs/Desktop/Project/Unreal_Engine_Tutorial/C++/ActionGame/Saved/Config/Windows/Scalability.ini]
[2022.11.02-13.38.00:303][  0]LogConfig: Setting CVar [[r.TranslucencyLightingVolumeDim:64]]
[2022.11.02-13.38.00:303][  0]LogConfig: Setting CVar [[r.RefractionQuality:2]]
[2022.11.02-13.38.00:303][  0]LogConfig: Setting CVar [[r.SSR.Quality:3]]
[2022.11.02-13.38.00:303][  0]LogConfig: Setting CVar [[r.SSR.HalfResSceneColor:0]]
[2022.11.02-13.38.00:303][  0]LogConfig: Setting CVar [[r.SceneColorFormat:4]]
[2022.11.02-13.38.00:303][  0]LogConfig: Setting CVar [[r.DetailMode:2]]
[2022.11.02-13.38.00:303][  0]LogConfig: Setting CVar [[r.TranslucencyVolumeBlur:1]]
[2022.11.02-13.38.00:303][  0]LogConfig: Setting CVar [[r.MaterialQualityLevel:1 ; High quality]]
[2022.11.02-13.38.00:304][  0]LogConfig: Setting CVar [[r.SSS.Scale:1]]
[2022.11.02-13.38.00:304][  0]LogConfig: Setting CVar [[r.SSS.SampleSet:2]]
[2022.11.02-13.38.00:304][  0]LogConfig: Setting CVar [[r.SSS.Quality:1]]
[2022.11.02-13.38.00:304][  0]LogConfig: Setting CVar [[r.SSS.HalfRes:0]]
[2022.11.02-13.38.00:304][  0]LogConfig: Setting CVar [[r.SSGI.Quality:3]]
[2022.11.02-13.38.00:304][  0]LogConfig: Setting CVar [[r.EmitterSpawnRateScale:1.0]]
[2022.11.02-13.38.00:304][  0]LogConfig: Setting CVar [[r.ParticleLightQuality:2]]
[2022.11.02-13.38.00:304][  0]LogConfig: Setting CVar [[r.SkyAtmosphere.AerialPerspectiveLUT.FastApplyOnOpaque:1 ; Always have FastSkyLUT 1 in this case to avoid wrong sky]]
[2022.11.02-13.38.00:304][  0]LogConfig: Setting CVar [[r.SkyAtmosphere.AerialPerspectiveLUT.SampleCountPerSlice:1]]
[2022.11.02-13.38.00:304][  0]LogConfig: Setting CVar [[r.SkyAtmosphere.AerialPerspectiveLUT.DepthResolution:16.0]]
[2022.11.02-13.38.00:304][  0]LogConfig: Setting CVar [[r.SkyAtmosphere.FastSkyLUT:1]]
[2022.11.02-13.38.00:305][  0]LogConfig: Setting CVar [[r.SkyAtmosphere.FastSkyLUT.SampleCountMin:4.0]]
[2022.11.02-13.38.00:305][  0]LogConfig: Setting CVar [[r.SkyAtmosphere.FastSkyLUT.SampleCountMax:32.0]]
[2022.11.02-13.38.00:305][  0]LogConfig: Setting CVar [[r.SkyAtmosphere.SampleCountMin:4.0]]
[2022.11.02-13.38.00:305][  0]LogConfig: Setting CVar [[r.SkyAtmosphere.SampleCountMax:32.0]]
[2022.11.02-13.38.00:305][  0]LogConfig: Setting CVar [[r.SkyAtmosphere.TransmittanceLUT.UseSmallFormat:0]]
[2022.11.02-13.38.00:305][  0]LogConfig: Setting CVar [[r.SkyAtmosphere.TransmittanceLUT.SampleCount:10.0]]
[2022.11.02-13.38.00:305][  0]LogConfig: Setting CVar [[r.SkyAtmosphere.MultiScatteringLUT.SampleCount:15.0]]
[2022.11.02-13.38.00:305][  0]LogConfig: Applying CVar settings from Section [FoliageQuality@3] File [C:/Users/Chanwoongs/Desktop/Project/Unreal_Engine_Tutorial/C++/ActionGame/Saved/Config/Windows/Scalability.ini]
[2022.11.02-13.38.00:305][  0]LogConfig: Setting CVar [[foliage.DensityScale:1.0]]
[2022.11.02-13.38.00:305][  0]LogConfig: Setting CVar [[grass.DensityScale:1.0]]
[2022.11.02-13.38.00:305][  0]LogConfig: Applying CVar settings from Section [ShadingQuality@3] File [C:/Users/Chanwoongs/Desktop/Project/Unreal_Engine_Tutorial/C++/ActionGame/Saved/Config/Windows/Scalability.ini]
[2022.11.02-13.38.00:306][  0]LogConfig: Setting CVar [[r.HairStrands.SkyLighting.SampleCount:16]]
[2022.11.02-13.38.00:306][  0]LogConfig: Setting CVar [[r.HairStrands.SkyLighting.JitterIntegration:0]]
[2022.11.02-13.38.00:306][  0]LogConfig: Setting CVar [[r.HairStrands.SkyAO.SampleCount:16]]
[2022.11.02-13.38.00:306][  0]LogConfig: Setting CVar [[r.HairStrands.DeepShadow.SuperSampling:0]]
[2022.11.02-13.38.00:306][  0]LogConfig: Setting CVar [[r.HairStrands.VisibilityPPLL:0]]
[2022.11.02-13.38.00:306][  0]LogConfig: Setting CVar [[r.HairStrands.RasterizationScale:0.5]]
[2022.11.02-13.38.00:306][  0]LogConfig: Setting CVar [[r.HairStrands.VelocityRasterizationScale:1]]
[2022.11.02-13.38.00:306][  0]LogConfig: Applying CVar settings from Section [Startup] File [../../../Engine/Config/ConsoleVariables.ini]
[2022.11.02-13.38.00:308][  0]LogConfig: Setting CVar [[net.UseAdaptiveNetUpdateFrequency:0]]
[2022.11.02-13.38.00:308][  0]LogConfig: Setting CVar [[p.chaos.AllowCreatePhysxBodies:1]]
[2022.11.02-13.38.00:308][  0]LogConfig: Setting CVar [[fx.SkipVectorVMBackendOptimizations:1]]
[2022.11.02-13.38.00:308][  0]LogConfig: Applying CVar settings from Section [ConsoleVariables] File [C:/Users/Chanwoongs/Desktop/Project/Unreal_Engine_Tutorial/C++/ActionGame/Saved/Config/Windows/Engine.ini]
[2022.11.02-13.38.00:308][  0]LogInit: Computer: 찬웅
[2022.11.02-13.38.00:308][  0]LogInit: User: Chanwoongs
[2022.11.02-13.38.00:308][  0]LogInit: CPU Page size=4096, Cores=8
[2022.11.02-13.38.00:308][  0]LogInit: High frequency timer resolution =10.000000 MHz
[2022.11.02-13.38.00:309][  0]LogMemory: Memory total: Physical=47.9GB (48GB approx)
[2022.11.02-13.38.00:309][  0]LogMemory: Platform Memory Stats for Windows
[2022.11.02-13.38.00:309][  0]LogMemory: Process Physical Memory: 119.07 MB used, 119.07 MB peak
[2022.11.02-13.38.00:309][  0]LogMemory: Process Virtual Memory: 98.05 MB used, 98.05 MB peak
[2022.11.02-13.38.00:309][  0]LogMemory: Physical Memory: 15258.82 MB used,  33811.50 MB free, 49070.33 MB total
[2022.11.02-13.38.00:309][  0]LogMemory: Virtual Memory: 5150.10 MB used,  134212576.00 MB free, 134217728.00 MB total
[2022.11.02-13.38.00:334][  0]LogWindows: WindowsPlatformFeatures enabled
[2022.11.02-13.38.00:625][  0]LogInit: Physics initialised using underlying interface: PhysX
[2022.11.02-13.38.00:626][  0]LogInit: Using OS detected language (ko-KR).
[2022.11.02-13.38.00:626][  0]LogInit: Using OS detected locale (ko-KR).
[2022.11.02-13.38.00:629][  0]LogTextLocalizationManager: No specific localization for 'ko-KR' exists, so the 'ko' localization will be used.
[2022.11.02-13.38.00:711][  0]LogInit: Setting process to per monitor DPI aware
[2022.11.02-13.38.00:842][  0]LogSlate: New Slate User Created.  User Index 0, Is Virtual User: 0
[2022.11.02-13.38.00:842][  0]LogSlate: Slate User Registered.  User Index 0, Is Virtual User: 0
[2022.11.02-13.38.01:845][  0]LogD3D12RHI: Aftermath initialized
[2022.11.02-13.38.01:845][  0]LogD3D12RHI: Loading WinPixEventRuntime.dll for PIX profiling (from ../../../Engine/Binaries/ThirdParty/Windows/WinPixEventRuntime/x64).
[2022.11.02-13.38.01:858][  0]LogHMD: Failed to initialize OpenVR with code 110
[2022.11.02-13.38.02:141][  0]LogD3D12RHI: Found D3D12 adapter 0: NVIDIA GeForce RTX 2080 (Max supported Feature Level 12_1)
[2022.11.02-13.38.02:141][  0]LogD3D12RHI: Adapter has 8010MB of dedicated video memory, 0MB of dedicated system memory, and 24535MB of shared system memory, 2 output[s]
[2022.11.02-13.38.02:171][  0]LogD3D12RHI: Found D3D12 adapter 1: Microsoft Basic Render Driver (Max supported Feature Level 12_1)
[2022.11.02-13.38.02:171][  0]LogD3D12RHI: Adapter has 0MB of dedicated video memory, 0MB of dedicated system memory, and 24535MB of shared system memory, 0 output[s]
[2022.11.02-13.38.02:171][  0]LogD3D12RHI: Forcing D3D12.AsyncDeferredDeletion=0 as a workaround for a deadlock.
[2022.11.02-13.38.02:171][  0]LogD3D12RHI: Chosen D3D12 Adapter Id = 0
[2022.11.02-13.38.02:178][  0]LogD3D12RHI: Emitting draw events for PIX profiling.
[2022.11.02-13.38.02:283][  0]LogD3D12RHI: D3D12 ray tracing enabled.
[2022.11.02-13.38.02:283][  0]LogD3D12RHI: The system supports ID3D12Device1.
[2022.11.02-13.38.02:283][  0]LogD3D12RHI: The system supports ID3D12Device2.
[2022.11.02-13.38.02:316][  0]LogD3D12RHI: [GPUBreadCrumb] Successfully setup breadcrumb resource for 3D Queue 0
[2022.11.02-13.38.02:322][  0]LogD3D12RHI: [GPUBreadCrumb] Successfully setup breadcrumb resource for Copy Queue 0
[2022.11.02-13.38.02:334][  0]LogD3D12RHI: [GPUBreadCrumb] Successfully setup breadcrumb resource for Compute Queue 0
[2022.11.02-13.38.02:340][  0]LogD3D12RHI: Display: Not using pipeline state disk cache per r.D3D12.PSO.DiskCache=0
[2022.11.02-13.38.02:340][  0]LogD3D12RHI: Display: Not using driver-optimized pipeline state disk cache per r.D3D12.PSO.DriverOptimizedDiskCache=0
[2022.11.02-13.38.02:342][  0]LogD3D12RHI:     GPU DeviceId: 0x1e87 (for the marketing name, search the web for "GPU Device Id")
[2022.11.02-13.38.02:342][  0]LogWindows: EnumDisplayDevices:
[2022.11.02-13.38.02:342][  0]LogWindows:    0. 'NVIDIA GeForce RTX 2080' (P:1 D:1)
[2022.11.02-13.38.02:343][  0]LogWindows:    1. 'NVIDIA GeForce RTX 2080' (P:0 D:1)
[2022.11.02-13.38.02:344][  0]LogWindows:    2. 'NVIDIA GeForce RTX 2080' (P:0 D:0)
[2022.11.02-13.38.02:345][  0]LogWindows:    3. 'NVIDIA GeForce RTX 2080' (P:0 D:0)
[2022.11.02-13.38.02:346][  0]LogWindows: DebugString: FoundDriverCount:4 
[2022.11.02-13.38.02:346][  0]LogD3D12RHI:     Adapter Name: NVIDIA GeForce RTX 2080
[2022.11.02-13.38.02:346][  0]LogD3D12RHI:   Driver Version: 522.25 (internal:31.0.15.2225, unified:522.25)
[2022.11.02-13.38.02:346][  0]LogD3D12RHI:      Driver Date: 10-6-2022
[2022.11.02-13.38.02:346][  0]LogRHI: Texture pool is 4562 MB (70% of 6517 MB)
[2022.11.02-13.38.02:346][  0]LogD3D12RHI: Async texture creation enabled
[2022.11.02-13.38.02:346][  0]LogD3D12RHI: RHI has support for 64 bit atomics
[2022.11.02-13.38.02:775][  0]LogTargetPlatformManager: Display: Loaded TargetPlatform 'AllDesktop'
[2022.11.02-13.38.02:804][  0]LogTargetPlatformManager: Display: Loaded TargetPlatform 'Android'
[2022.11.02-13.38.02:804][  0]LogTargetPlatformManager: Display: Loaded TargetPlatform 'Android_ASTC'
[2022.11.02-13.38.02:804][  0]LogTargetPlatformManager: Display: Loaded TargetPlatform 'Android_DXT'
[2022.11.02-13.38.02:804][  0]LogTargetPlatformManager: Display: Loaded TargetPlatform 'Android_ETC2'
[2022.11.02-13.38.02:804][  0]LogTargetPlatformManager: Display: Loaded TargetPlatform 'AndroidClient'
[2022.11.02-13.38.02:804][  0]LogTargetPlatformManager: Display: Loaded TargetPlatform 'Android_ASTCClient'
[2022.11.02-13.38.02:804][  0]LogTargetPlatformManager: Display: Loaded TargetPlatform 'Android_DXTClient'
[2022.11.02-13.38.02:804][  0]LogTargetPlatformManager: Display: Loaded TargetPlatform 'Android_ETC2Client'
[2022.11.02-13.38.02:804][  0]LogTargetPlatformManager: Display: Loaded TargetPlatform 'Android_Multi'
[2022.11.02-13.38.02:804][  0]LogTargetPlatformManager: Display: Loaded TargetPlatform 'Android_MultiClient'
[2022.11.02-13.38.02:857][  0]LogTargetPlatformManager: Display: Loaded TargetPlatform 'IOSClient'
[2022.11.02-13.38.02:857][  0]LogTargetPlatformManager: Display: Loaded TargetPlatform 'IOS'
[2022.11.02-13.38.02:878][  0]LogTargetPlatformManager: Display: Loaded TargetPlatform 'Linux'
[2022.11.02-13.38.02:894][  0]LogTargetPlatformManager: Display: Loaded TargetPlatform 'LinuxNoEditor'
[2022.11.02-13.38.02:910][  0]LogTargetPlatformManager: Display: Loaded TargetPlatform 'LinuxClient'
[2022.11.02-13.38.02:928][  0]LogTargetPlatformManager: Display: Loaded TargetPlatform 'LinuxServer'
[2022.11.02-13.38.02:945][  0]LogTargetPlatformManager: Display: Loaded TargetPlatform 'LinuxAArch64NoEditor'
[2022.11.02-13.38.02:962][  0]LogTargetPlatformManager: Display: Loaded TargetPlatform 'LinuxAArch64Client'
[2022.11.02-13.38.02:979][  0]LogTargetPlatformManager: Display: Loaded TargetPlatform 'LinuxAArch64Server'
[2022.11.02-13.38.03:017][  0]LogTargetPlatformManager: Display: Loaded TargetPlatform 'Lumin'
[2022.11.02-13.38.03:017][  0]LogTargetPlatformManager: Display: Loaded TargetPlatform 'LuminClient'
[2022.11.02-13.38.03:040][  0]LogTargetPlatformManager: Display: Loaded TargetPlatform 'TVOSClient'
[2022.11.02-13.38.03:040][  0]LogTargetPlatformManager: Display: Loaded TargetPlatform 'TVOS'
[2022.11.02-13.38.03:060][  0]LogTargetPlatformManager: Display: Loaded TargetPlatform 'WindowsNoEditor'
[2022.11.02-13.38.03:081][  0]LogTargetPlatformManager: Display: Loaded TargetPlatform 'Windows'
[2022.11.02-13.38.03:100][  0]LogTargetPlatformManager: Display: Loaded TargetPlatform 'WindowsClient'
[2022.11.02-13.38.03:120][  0]LogTargetPlatformManager: Display: Loaded TargetPlatform 'WindowsServer'
[2022.11.02-13.38.03:120][  0]LogTargetPlatformManager: Display: Building Assets For Windows
[2022.11.02-13.38.03:158][  0]LogAudioDebug: Display: Lib vorbis DLL was dynamically loaded.
[2022.11.02-13.38.03:395][  0]LogShaderCompilers: Guid format shader working directory is -23 characters bigger than the processId version (C:/Users/Chanwoongs/Desktop/Project/Unreal_Engine_Tutorial/C++/ActionGame/Intermediate/Shaders/WorkingDirectory/26808/).
[2022.11.02-13.38.03:395][  0]LogShaderCompilers: Cleaned the shader compiler working directory 'C:/Users/Chanwoongs/AppData/Local/Temp/UnrealShaderWorkingDir/526A6D9047A9D3E65B09BCA97F0FEC98/'.
[2022.11.02-13.38.03:396][  0]LogXGEController: Cannot use XGE Controller as Incredibuild is not installed on this machine.
[2022.11.02-13.38.03:396][  0]LogShaderCompilers: Cannot use XGE Shader Compiler as Incredibuild is not installed on this machine.
[2022.11.02-13.38.03:396][  0]LogShaderCompilers: Display: Using Local Shader Compiler.
[2022.11.02-13.38.05:076][  0]LogDerivedDataCache: Display: Max Cache Size: 512 MB
[2022.11.02-13.38.05:133][  0]LogDerivedDataCache: Loaded boot cache 0.06s 119MB C:/Users/Chanwoongs/AppData/Local/UnrealEngine/4.25/DerivedDataCache/Boot.ddc.
[2022.11.02-13.38.05:133][  0]LogDerivedDataCache: Display: Loaded Boot cache: C:/Users/Chanwoongs/AppData/Local/UnrealEngine/4.25/DerivedDataCache/Boot.ddc
[2022.11.02-13.38.05:133][  0]LogDerivedDataCache: FDerivedDataBackendGraph:  Pak pak cache file C:/Users/Chanwoongs/Desktop/Project/Unreal_Engine_Tutorial/C++/ActionGame/DerivedDataCache/DDC.ddp not found, will not use a pak cache.
[2022.11.02-13.38.05:133][  0]LogDerivedDataCache: Unable to find inner node Pak for hierarchical cache Hierarchy.
[2022.11.02-13.38.05:134][  0]LogDerivedDataCache: FDerivedDataBackendGraph:  CompressedPak pak cache file C:/Users/Chanwoongs/Desktop/Project/Unreal_Engine_Tutorial/C++/ActionGame/DerivedDataCache/Compressed.ddp not found, will not use a pak cache.
[2022.11.02-13.38.05:134][  0]LogDerivedDataCache: Unable to find inner node CompressedPak for hierarchical cache Hierarchy.
[2022.11.02-13.38.05:143][  0]LogDerivedDataCache: Display: Pak cache opened for reading ../../../Engine/DerivedDataCache/Compressed.ddp.
[2022.11.02-13.38.05:143][  0]LogDerivedDataCache: FDerivedDataBackendGraph:  EnterprisePak pak cache file ../../../Enterprise/DerivedDataCache/Compressed.ddp not found, will not use a pak cache.
[2022.11.02-13.38.05:143][  0]LogDerivedDataCache: Unable to find inner node EnterprisePak for hierarchical cache Hierarchy.
[2022.11.02-13.38.05:146][  0]LogDerivedDataCache: Using Local data cache path C:/Users/Chanwoongs/AppData/Local/UnrealEngine/Common/DerivedDataCache: Writable
[2022.11.02-13.38.05:146][  0]LogDerivedDataCache: Shared data cache path not found in *engine.ini, will not use an Shared cache.
[2022.11.02-13.38.05:146][  0]LogDerivedDataCache: Unable to find inner node Shared for hierarchical cache Hierarchy.
[2022.11.02-13.38.05:198][  0]LogSlate: Using FreeType 2.10.0
[2022.11.02-13.38.05:201][  0]LogSlate: SlateFontServices - WITH_FREETYPE: 1, WITH_HARFBUZZ: 1
[2022.11.02-13.38.05:257][  0]LogAssetRegistry: FAssetRegistry took 0.0039 seconds to start up
[2022.11.02-13.38.05:444][  0]LogInit: Selected Device Profile: [Windows]
[2022.11.02-13.38.05:661][  0]LogMeshReduction: Using QuadricMeshReduction for automatic static mesh reduction
[2022.11.02-13.38.05:661][  0]LogMeshReduction: Using SimplygonMeshReduction for automatic skeletal mesh reduction
[2022.11.02-13.38.05:661][  0]LogMeshReduction: Using ProxyLODMeshReduction for automatic mesh merging
[2022.11.02-13.38.05:661][  0]LogMeshReduction: No distributed automatic mesh merging module available
[2022.11.02-13.38.05:661][  0]LogMeshMerging: No distributed automatic mesh merging module available
[2022.11.02-13.38.05:808][  0]LogNetVersion: ActionGame 1.0.0, NetCL: 13144385, EngineNetVer: 14, GameNetVer: 0 (Checksum: 4144894281)
[2022.11.02-13.38.06:555][  0]LogAISub: UAISubsystem::UAISubsystem AISubsystem (000002A284E6DCC0), frame # 0
[2022.11.02-13.38.06:556][  0]LogAISub: UAISubsystem::UAISubsystem AIPerceptionSystem (000002A284D9A980), frame # 0
[2022.11.02-13.38.06:557][  0]LogAISub: UAISubsystem::UAISubsystem EnvQueryManager (000002A284D97600), frame # 0
[2022.11.02-13.38.06:611][  0]LogPackageLocalizationCache: Processed 19 localized package path(s) for 1 prioritized culture(s) in 0.047314 seconds
[2022.11.02-13.38.06:615][  0]LogUObjectArray: 15917 objects as part of root set at end of initial load.
[2022.11.02-13.38.06:615][  0]LogUObjectAllocator: 3965568 out of 0 bytes used by permanent object pool.
[2022.11.02-13.38.06:615][  0]LogUObjectArray: CloseDisregardForGC: 0/0 objects in disregard for GC pool
[2022.11.02-13.38.07:219][  0]LogD3D12RHI: Creating RTPSO with 3 shaders (0 cached, 3 new) took 119.06 ms. Compile time 8.67 ms, link time 110.35 ms.
[2022.11.02-13.38.07:332][  0]LogD3D12RHI: Creating RTPSO with 3 shaders (1 cached, 2 new) took 112.27 ms. Compile time 4.87 ms, link time 107.39 ms.
[2022.11.02-13.38.07:987][  0]LogTcpMessaging: Initializing TcpMessaging bridge
[2022.11.02-13.38.08:002][  0]LogUdpMessaging: Initializing bridge on interface 0.0.0.0:0 to multicast group 230.0.0.1:6666.
[2022.11.02-13.38.08:420][  0]LogLinker: Warning: 'C:/Users/Chanwoongs/Desktop/Project/Unreal_Engine_Tutorial/C++/ActionGame/Content/Character/Animations/Wizard/Wizard_Attack_1.uasset' 로드 도중 '/Game/Notifies/Wizard/AN_WizardThrow' 로드에 실패했습니다: 파일을 찾을 수 없습니다.
[2022.11.02-13.38.08:421][  0]LogLinker: Warning: 'C:/Users/Chanwoongs/Desktop/Project/Unreal_Engine_Tutorial/C++/ActionGame/Content/Character/Animations/Wizard/Wizard_Attack_1.uasset' 로드 도중 '/Game/Notifies/Wizard/AN_WizardThrow' 로드에 실패했습니다: 애셋에 대한 파일을 찾을 수 없습니다.
[2022.11.02-13.38.08:421][  0]LogLinker: Warning: 'C:/Users/Chanwoongs/Desktop/Project/Unreal_Engine_Tutorial/C++/ActionGame/Content/Character/Animations/Wizard/Wizard_Attack_1.uasset' 로드 도중 '/Game/Notifies/Wizard/AN_WizardThrow' 로드에 실패했습니다: 파일을 찾을 수 없습니다.
[2022.11.02-13.38.08:421][  0]LogLinker: Warning: 'C:/Users/Chanwoongs/Desktop/Project/Unreal_Engine_Tutorial/C++/ActionGame/Content/Character/Animations/Wizard/Wizard_Attack_1.uasset' 로드 도중 '/Game/Notifies/Wizard/AN_WizardThrow' 로드에 실패했습니다: 애셋에 대한 파일을 찾을 수 없습니다.
[2022.11.02-13.38.08:422][  0]LogLinker: Warning: 'C:/Users/Chanwoongs/Desktop/Project/Unreal_Engine_Tutorial/C++/ActionGame/Content/Character/Montages/IceBall/IceBall_Montage.uasset' 로드 도중 '/Game/Notifies/Wizard/AN_WizardThrow' 로드에 실패했습니다: 파일을 찾을 수 없습니다.
[2022.11.02-13.38.08:422][  0]LogLinker: Warning: 'C:/Users/Chanwoongs/Desktop/Project/Unreal_Engine_Tutorial/C++/ActionGame/Content/Character/Montages/IceBall/IceBall_Montage.uasset' 로드 도중 '/Game/Notifies/Wizard/AN_WizardThrow' 로드에 실패했습니다: 애셋에 대한 파일을 찾을 수 없습니다.
[2022.11.02-13.38.08:422][  0]LogLinker: Warning: 'C:/Users/Chanwoongs/Desktop/Project/Unreal_Engine_Tutorial/C++/ActionGame/Content/Character/Montages/IceBall/IceBall_Montage.uasset' 로드 도중 '/Game/Notifies/Wizard/AN_WizardThrow' 로드에 실패했습니다: 파일을 찾을 수 없습니다.
[2022.11.02-13.38.08:423][  0]LogLinker: Warning: 'C:/Users/Chanwoongs/Desktop/Project/Unreal_Engine_Tutorial/C++/ActionGame/Content/Character/Montages/IceBall/IceBall_Montage.uasset' 로드 도중 '/Game/Notifies/Wizard/AN_WizardThrow' 로드에 실패했습니다: 애셋에 대한 파일을 찾을 수 없습니다.
[2022.11.02-13.38.08:451][  0]LogLinker: Warning: 'C:/Users/Chanwoongs/Desktop/Project/Unreal_Engine_Tutorial/C++/ActionGame/Content/Character/Animations/Sword/Sword_Draw_2.uasset' 로드 도중 '/Game/Notifies/Sword/AN_Equipped' 로드에 실패했습니다: 파일을 찾을 수 없습니다.
[2022.11.02-13.38.08:451][  0]LogLinker: Warning: 'C:/Users/Chanwoongs/Desktop/Project/Unreal_Engine_Tutorial/C++/ActionGame/Content/Character/Animations/Sword/Sword_Draw_2.uasset' 로드 도중 '/Game/Notifies/Sword/AN_Equipped' 로드에 실패했습니다: 애셋에 대한 파일을 찾을 수 없습니다.
[2022.11.02-13.38.08:452][  0]LogLinker: Warning: 'C:/Users/Chanwoongs/Desktop/Project/Unreal_Engine_Tutorial/C++/ActionGame/Content/Character/Animations/Sword/Sword_Draw_2.uasset' 로드 도중 '/Game/Notifies/Sword/AN_GrabSword' 로드에 실패했습니다: 파일을 찾을 수 없습니다.
[2022.11.02-13.38.08:452][  0]LogLinker: Warning: 'C:/Users/Chanwoongs/Desktop/Project/Unreal_Engine_Tutorial/C++/ActionGame/Content/Character/Animations/Sword/Sword_Draw_2.uasset' 로드 도중 '/Game/Notifies/Sword/AN_GrabSword' 로드에 실패했습니다: 애셋에 대한 파일을 찾을 수 없습니다.
[2022.11.02-13.38.08:453][  0]LogLinker: Warning: 'C:/Users/Chanwoongs/Desktop/Project/Unreal_Engine_Tutorial/C++/ActionGame/Content/Character/Animations/Sword/Sword_Draw_2.uasset' 로드 도중 '/Game/Notifies/Sword/AN_Equipped' 로드에 실패했습니다: 파일을 찾을 수 없습니다.
[2022.11.02-13.38.08:453][  0]LogLinker: Warning: 'C:/Users/Chanwoongs/Desktop/Project/Unreal_Engine_Tutorial/C++/ActionGame/Content/Character/Animations/Sword/Sword_Draw_2.uasset' 로드 도중 '/Game/Notifies/Sword/AN_Equipped' 로드에 실패했습니다: 애셋에 대한 파일을 찾을 수 없습니다.
[2022.11.02-13.38.08:453][  0]LogLinker: Warning: 'C:/Users/Chanwoongs/Desktop/Project/Unreal_Engine_Tutorial/C++/ActionGame/Content/Character/Animations/Sword/Sword_Draw_2.uasset' 로드 도중 '/Game/Notifies/Sword/AN_GrabSword' 로드에 실패했습니다: 파일을 찾을 수 없습니다.
[2022.11.02-13.38.08:454][  0]LogLinker: Warning: 'C:/Users/Chanwoongs/Desktop/Project/Unreal_Engine_Tutorial/C++/ActionGame/Content/Character/Animations/Sword/Sword_Draw_2.uasset' 로드 도중 '/Game/Notifies/Sword/AN_GrabSword' 로드에 실패했습니다: 애셋에 대한 파일을 찾을 수 없습니다.
[2022.11.02-13.38.08:454][  0]LogLinker: Warning: 'C:/Users/Chanwoongs/Desktop/Project/Unreal_Engine_Tutorial/C++/ActionGame/Content/Character/Montages/OneHand/Sword_Draw_Montage.uasset' 로드 도중 '/Game/Notifies/Sword/AN_Equipped' 로드에 실패했습니다: 파일을 찾을 수 없습니다.
[2022.11.02-13.38.08:454][  0]LogLinker: Warning: 'C:/Users/Chanwoongs/Desktop/Project/Unreal_Engine_Tutorial/C++/ActionGame/Content/Character/Montages/OneHand/Sword_Draw_Montage.uasset' 로드 도중 '/Game/Notifies/Sword/AN_Equipped' 로드에 실패했습니다: 애셋에 대한 파일을 찾을 수 없습니다.
[2022.11.02-13.38.08:455][  0]LogLinker: Warning: 'C:/Users/Chanwoongs/Desktop/Project/Unreal_Engine_Tutorial/C++/ActionGame/Content/Character/Montages/OneHand/Sword_Draw_Montage.uasset' 로드 도중 '/Game/Notifies/Sword/AN_Equipped' 로드에 실패했습니다: 파일을 찾을 수 없습니다.
[2022.11.02-13.38.08:455][  0]LogLinker: Warning: 'C:/Users/Chanwoongs/Desktop/Project/Unreal_Engine_Tutorial/C++/ActionGame/Content/Character/Montages/OneHand/Sword_Draw_Montage.uasset' 로드 도중 '/Game/Notifies/Sword/AN_Equipped' 로드에 실패했습니다: 애셋에 대한 파일을 찾을 수 없습니다.
[2022.11.02-13.38.08:455][  0]LogLinker: Warning: 'C:/Users/Chanwoongs/Desktop/Project/Unreal_Engine_Tutorial/C++/ActionGame/Content/Character/Montages/OneHand/Sword_Draw_Montage.uasset' 로드 도중 '/Game/Notifies/Sword/AN_GrabSword' 로드에 실패했습니다: 파일을 찾을 수 없습니다.
[2022.11.02-13.38.08:456][  0]LogLinker: Warning: 'C:/Users/Chanwoongs/Desktop/Project/Unreal_Engine_Tutorial/C++/ActionGame/Content/Character/Montages/OneHand/Sword_Draw_Montage.uasset' 로드 도중 '/Game/Notifies/Sword/AN_GrabSword' 로드에 실패했습니다: 애셋에 대한 파일을 찾을 수 없습니다.
[2022.11.02-13.38.08:456][  0]LogLinker: Warning: 'C:/Users/Chanwoongs/Desktop/Project/Unreal_Engine_Tutorial/C++/ActionGame/Content/Character/Montages/OneHand/Sword_Draw_Montage.uasset' 로드 도중 '/Game/Notifies/Sword/AN_GrabSword' 로드에 실패했습니다: 파일을 찾을 수 없습니다.
[2022.11.02-13.38.08:456][  0]LogLinker: Warning: 'C:/Users/Chanwoongs/Desktop/Project/Unreal_Engine_Tutorial/C++/ActionGame/Content/Character/Montages/OneHand/Sword_Draw_Montage.uasset' 로드 도중 '/Game/Notifies/Sword/AN_GrabSword' 로드에 실패했습니다: 애셋에 대한 파일을 찾을 수 없습니다.
[2022.11.02-13.38.08:674][  0]LogPackageName: Warning: Asset path "StaticMesh'FX_Meshes_IB.SM_Debris_Box_RadialFull'" is in short form, which is unsupported and -- even if valid -- resolving it will be really slow.
[2022.11.02-13.38.08:674][  0]LogPackageName: Warning: Please consider resaving package in order to speed-up loading.
[2022.11.02-13.38.08:805][  0]LogPackageName: SearchForPackageOnDisk took   0.131s, but failed to resolve StaticMesh'FX_Meshes_IB.
[2022.11.02-13.38.08:805][  0]LogPackageName: Warning: Asset path "StaticMesh'FX_Meshes_IB.SM_Debris_Box_RadialFull'" could not be resolved.
[2022.11.02-13.38.09:061][  0]SourceControl: 소스 컨트롤이 꺼졌습니다.
[2022.11.02-13.38.09:061][  0]SourceControl: 소스 컨트롤이 꺼졌습니다.
[2022.11.02-13.38.09:089][  0]SourceControl: 소스 컨트롤이 꺼졌습니다.
[2022.11.02-13.38.09:104][  0]SourceControl: 소스 컨트롤이 꺼졌습니다.
[2022.11.02-13.38.09:138][  0]SourceControl: 소스 컨트롤이 꺼졌습니다.
[2022.11.02-13.38.10:069][  0]LogAndroidPermission: UAndroidPermissionCallbackProxy::GetInstance
[2022.11.02-13.38.10:156][  0]LogAudioCaptureCore: Display: No Audio Capture implementations found. Audio input will be silent.
[2022.11.02-13.38.10:156][  0]LogAudioCaptureCore: Display: No Audio Capture implementations found. Audio input will be silent.
[2022.11.02-13.38.10:296][  0]LogOcInput: OculusInput pre-init called
[2022.11.02-13.38.10:327][  0]LogWindows: Failed to load 'OVRPlugin.dll' (GetLastError=126)
[2022.11.02-13.38.10:327][  0]LogWindows: File 'OVRPlugin.dll' does not exist
[2022.11.02-13.38.10:463][  0]LogEngine: Initializing Engine...
[2022.11.02-13.38.10:465][  0]LogHMD: Failed to initialize OpenVR with code 110
[2022.11.02-13.38.10:465][  0]LogMagicLeap: Warning: VR disabled because ZI is not enabled.  To enable, in the editor, Edit -> Project Settings -> Plugins -> Magic Leap Plugin -> Enable Zero Iteration
[2022.11.02-13.38.10:466][  0]LogStats: UGameplayTagsManager::InitializeManager -  0.000 s
[2022.11.02-13.38.10:598][  0]LogInit: Initializing FReadOnlyCVARCache
[2022.11.02-13.38.10:616][  0]LogAIModule: Creating AISystem for world Untitled
[2022.11.02-13.38.10:616][  0]LogAISub: UAISubsystem::UAISubsystem EnvQueryManager (000002A2A16B5A00), frame # 0
[2022.11.02-13.38.10:616][  0]LogAISub: UAISubsystem::UAISubsystem AIPerceptionSystem (000002A2A16A3B00), frame # 0
[2022.11.02-13.38.10:631][  0]LogAudioMixer: Display: Audio Mixer Platform Settings:
[2022.11.02-13.38.10:631][  0]LogAudioMixer: Display: 	Sample Rate:						  48000
[2022.11.02-13.38.10:631][  0]LogAudioMixer: Display: 	Callback Buffer Frame Size Requested: 1024
[2022.11.02-13.38.10:631][  0]LogAudioMixer: Display: 	Callback Buffer Frame Size To Use:	  1024
[2022.11.02-13.38.10:631][  0]LogAudioMixer: Display: 	Number of buffers to queue:			  2
[2022.11.02-13.38.10:631][  0]LogAudioMixer: Display: 	Max Channels (voices):				  32
[2022.11.02-13.38.10:631][  0]LogAudioMixer: Display: 	Number of Async Source Workers:		  0
[2022.11.02-13.38.10:632][  0]LogAudio: Display: AudioDevice MaxSources: 32
[2022.11.02-13.38.10:632][  0]LogAudio: Display: Using built-in audio occlusion.
[2022.11.02-13.38.10:632][  0]LogAudioMixer: Display: Initializing audio mixer.
[2022.11.02-13.38.10:679][  0]LogAudioMixer: Display: 0: FrontLeft
[2022.11.02-13.38.10:679][  0]LogAudioMixer: Display: 1: FrontRight
[2022.11.02-13.38.10:823][  0]LogAudioMixer: Display: Using Audio Device 스피커(Realtek(R) Audio)
[2022.11.02-13.38.10:825][  0]LogAudioMixer: Display: Initializing Sound Submixes...
[2022.11.02-13.38.10:833][  0]LogAudioMixer: Display: Creating Master Submix 'MasterSubmixDefault'
[2022.11.02-13.38.10:833][  0]LogAudioMixer: Display: Creating Master Submix 'MasterReverbSubmixDefault'
[2022.11.02-13.38.10:834][  0]LogAudioMixer: Display: Creating Master Submix 'MasterEQSubmixDefault'
[2022.11.02-13.38.10:836][  0]LogInit: FAudioDevice initialized.
[2022.11.02-13.38.10:836][  0]LogNetVersion: Set ProjectVersion to 1.0.0.0. Version Checksum will be recalculated on next use.
[2022.11.02-13.38.11:001][  0]LogDerivedDataCache: Saved boot cache 0.17s 119MB C:/Users/Chanwoongs/AppData/Local/UnrealEngine/4.25/DerivedDataCache/Boot.ddc.
[2022.11.02-13.38.11:004][  0]LogInit: Texture streaming: Enabled
[2022.11.02-13.38.11:066][  0]LogEngineSessionManager: EngineSessionManager initialized
[2022.11.02-13.38.11:066][  0]LogEditorSessionSummary: Verbose: Initializing EditorSessionSummaryWriter for editor session tracking
[2022.11.02-13.38.11:071][  0]LogEditorSessionSummary: EditorSessionSummaryWriter initialized
[2022.11.02-13.38.11:131][  0]LogInit: Transaction tracking system initialized
[2022.11.02-13.38.11:245][  0]BlueprintLog: New page: 에디터 로드
[2022.11.02-13.38.11:557][  0]LocalizationService: 현지화 서비스가 비활성화되었습니다.
[2022.11.02-13.38.12:010][  0]LogCook: Display: Max memory allowance for cook 16384mb min free memory 0mb
[2022.11.02-13.38.12:010][  0]LogCook: Display: Mobile HDR setting 1
[2022.11.02-13.38.12:416][  0]LogFileCache: Scanning file cache for directory 'C:/Users/Chanwoongs/Desktop/Project/Unreal_Engine_Tutorial/C++/ActionGame/Content/' took 0.01s
[2022.11.02-13.38.12:757][  0]SourceControl: 소스 컨트롤이 꺼졌습니다.
[2022.11.02-13.38.12:757][  0]LogUnrealEdMisc: Loading editor; pre map load, took 18.010
[2022.11.02-13.38.12:758][  0]Cmd: MAP LOAD FILE="C:/Users/Chanwoongs/Desktop/Project/Unreal_Engine_Tutorial/C++/ActionGame/Content/Level/Battle.umap" TEMPLATE=0 SHOWPROGRESS=1 FEATURELEVEL=3
[2022.11.02-13.38.12:759][  0]LightingResults: New page: 라이팅 빌드
[2022.11.02-13.38.12:760][  0]LogWorld: UWorld::CleanupWorld for Untitled, bSessionEnded=true, bCleanupResources=true
[2022.11.02-13.38.12:760][  0]LogSlate: InvalidateAllWidgets triggered.  All widgets were invalidated
[2022.11.02-13.38.12:761][  0]MapCheck: New page: 맵 체크
[2022.11.02-13.38.12:761][  0]LightingResults: New page: 라이팅 빌드
[2022.11.02-13.38.12:772][  0]LogAISub: UAISubsystem::~UAISubsystem EnvQueryManager (000002A2A16B5A00), frame # 0
[2022.11.02-13.38.12:772][  0]LogAISub: UAISubsystem::~UAISubsystem AIPerceptionSystem (000002A2A16A3B00), frame # 0
[2022.11.02-13.38.12:773][  0]LogUObjectHash: Compacting FUObjectHashTables data took   0.76ms
[2022.11.02-13.38.12:887][  0]LogAIModule: Creating AISystem for world Battle
[2022.11.02-13.38.12:887][  0]LogAISub: UAISubsystem::UAISubsystem EnvQueryManager (000002A2B33EBE00), frame # 0
[2022.11.02-13.38.12:887][  0]LogAISub: UAISubsystem::UAISubsystem AIPerceptionSystem (000002A2970702C0), frame # 0
[2022.11.02-13.38.12:897][  0]LogEditorServer: Finished looking for orphan Actors (0.000 secs)
[2022.11.02-13.38.12:924][  0]LogUObjectHash: Compacting FUObjectHashTables data took   0.59ms
[2022.11.02-13.38.12:924][  0]Cmd: MAP CHECKDEP NOCLEARLOG
[2022.11.02-13.38.12:924][  0]MapCheck: 맵 체크 완료: 오류 0 회, 경고 0 회, 소요 시간 0.247ms.
[2022.11.02-13.38.12:924][  0]LogFileHelpers: Loading map 'Battle' took 0.166
[2022.11.02-13.38.12:932][  0]LogUnrealEdMisc: Total Editor Startup Time, took 18.185
[2022.11.02-13.38.13:067][  0]LogSlate: Updating window title bar state: overlay mode, drag disabled, window buttons hidden, title bar hidden
[2022.11.02-13.38.13:073][  0]LogSlate: Updating window title bar state: overlay mode, drag disabled, window buttons hidden, title bar hidden
[2022.11.02-13.38.13:079][  0]LogSlate: Updating window title bar state: overlay mode, drag disabled, window buttons hidden, title bar hidden
[2022.11.02-13.38.13:086][  0]LogSlate: Updating window title bar state: overlay mode, drag disabled, window buttons hidden, title bar hidden
[2022.11.02-13.38.13:111][  0]LogCollectionManager: Loaded 0 collections in 0.001547 seconds
[2022.11.02-13.38.13:136][  0]LogFileCache: Scanning file cache for directory 'C:/Users/Chanwoongs/Desktop/Project/Unreal_Engine_Tutorial/C++/ActionGame/Saved/Collections/' took 0.00s
[2022.11.02-13.38.13:136][  0]LogFileCache: Scanning file cache for directory 'C:/Users/Chanwoongs/Desktop/Project/Unreal_Engine_Tutorial/C++/ActionGame/Content/Developers/Chanwoongs/Collections/' took 0.00s
[2022.11.02-13.38.13:136][  0]LogFileCache: Scanning file cache for directory 'C:/Users/Chanwoongs/Desktop/Project/Unreal_Engine_Tutorial/C++/ActionGame/Content/Collections/' took 0.00s
[2022.11.02-13.38.13:136][  0]LogContentBrowser: Native class hierarchy populated in 0.0092 seconds. Added 3469 classes and 829 folders.
[2022.11.02-13.38.13:140][  0]LogContentBrowser: Native class hierarchy updated for 'WidgetCarousel' in 0.0006 seconds. Added 0 classes and 0 folders.
[2022.11.02-13.38.13:363][  0]LogContentBrowser: Native class hierarchy updated for 'AddContentDialog' in 0.0004 seconds. Added 0 classes and 0 folders.
[2022.11.02-13.38.13:374][  0]LogContentBrowser: Native class hierarchy updated for 'SceneOutliner' in 0.0005 seconds. Added 2 classes and 0 folders.
[2022.11.02-13.38.13:528][  0]LogSlate: Took 0.002807 seconds to synchronously load lazily loaded font '../../../Engine/Content/Slate/Fonts/Roboto-Regular.ttf' (155K)
[2022.11.02-13.38.13:530][  0]LogSlate: Took 0.002132 seconds to synchronously load lazily loaded font '../../../Engine/Content/Editor/Slate/Fonts/NanumGothic.ttf' (4243K)
[2022.11.02-13.38.13:535][  0]LogSlate: Took 0.003075 seconds to synchronously load lazily loaded font '../../../Engine/Content/Editor/Slate/Fonts/NanumGothicBold.ttf' (4188K)
[2022.11.02-13.38.13:537][  0]LogSlate: Took 0.001225 seconds to synchronously load lazily loaded font '../../../Engine/Content/Slate/Fonts/Roboto-Bold.ttf' (160K)
[2022.11.02-13.38.13:539][  0]LogSlate: Took 0.001357 seconds to synchronously load lazily loaded font '../../../Engine/Content/Editor/Slate/Fonts/FontAwesome.ttf' (139K)
[2022.11.02-13.38.13:541][  0]LogSlate: Took 0.001082 seconds to synchronously load lazily loaded font '../../../Engine/Content/Slate/Fonts/DroidSansMono.ttf' (77K)
[2022.11.02-13.38.13:567][  0]LogSlate: Took 0.002411 seconds to synchronously load lazily loaded font '../../../Engine/Content/Editor/Slate/Fonts/NanumGothicExtraBold.ttf' (4074K)
[2022.11.02-13.38.13:651][  0]LogRenderer: Reallocating scene render targets to support 2040x808 Format 10 NumSamples 1 (Frame:1).
[2022.11.02-13.38.13:920][  0]LogD3D12RHI: Creating RTPSO with 135 shaders (0 cached, 135 new) took 247.40 ms. Compile time 241.90 ms, link time 5.30 ms.
[2022.11.02-13.38.14:252][  0]LogD3D12RHI: Creating RTPSO with 3 shaders (0 cached, 3 new) took 227.24 ms. Compile time 6.79 ms, link time 220.43 ms.
[2022.11.02-13.38.14:517][  0]LogContentBrowser: Native class hierarchy updated for 'HierarchicalLODOutliner' in 0.0007 seconds. Added 0 classes and 0 folders.
[2022.11.02-13.38.14:518][  0]LogLoad: (Engine Initialization) Total time: 19.77 seconds
[2022.11.02-13.38.14:518][  0]LogLoad: (Engine Initialization) Total Blueprint compile time: 0.00 seconds
[2022.11.02-13.38.14:559][  0]LogAssetRegistry: Asset discovery search completed in 9.3040 seconds
[2022.11.02-13.38.14:563][  0]LogCollectionManager: Fixed up redirectors for 0 collections in 0.000002 seconds (updated 0 objects)
[2022.11.02-13.38.14:564][  0]LogContentStreaming: Texture pool size now 1000 MB
[2022.11.02-13.38.22:833][680]LogSlate: Took 0.001124 seconds to synchronously load lazily loaded font '../../../Engine/Content/Slate/Fonts/Roboto-Light.ttf' (167K)
[2022.11.02-13.38.22:874][680]LogAssetEditorSubsystem: Opening Asset editor for World /Game/Level/AI_Melee.AI_Melee
[2022.11.02-13.38.22:883][680]LogUObjectHash: Compacting FUObjectHashTables data took   0.78ms
[2022.11.02-13.38.22:884][680]Cmd: MAP LOAD FILE="C:/Users/Chanwoongs/Desktop/Project/Unreal_Engine_Tutorial/C++/ActionGame/Content/Level/AI_Melee.umap" TEMPLATE=0 SHOWPROGRESS=1 FEATURELEVEL=3
[2022.11.02-13.38.22:884][680]LightingResults: New page: 라이팅 빌드
[2022.11.02-13.38.22:884][680]LoadErrors: New page: 맵 로드중: AI_Melee.umap
[2022.11.02-13.38.22:910][680]LogWorld: UWorld::CleanupWorld for Battle, bSessionEnded=true, bCleanupResources=true
[2022.11.02-13.38.22:911][680]LogSlate: InvalidateAllWidgets triggered.  All widgets were invalidated
[2022.11.02-13.38.22:911][680]MapCheck: New page: 맵 체크
[2022.11.02-13.38.22:911][680]LightingResults: New page: 라이팅 빌드
[2022.11.02-13.38.22:920][680]LogAISub: UAISubsystem::~UAISubsystem EnvQueryManager (000002A2B33EBE00), frame # 680
[2022.11.02-13.38.22:920][680]LogAISub: UAISubsystem::~UAISubsystem AIPerceptionSystem (000002A2970702C0), frame # 680
[2022.11.02-13.38.22:921][680]LogUObjectHash: Compacting FUObjectHashTables data took   0.65ms
[2022.11.02-13.38.22:984][680]LogEditorServer: Finished looking for orphan Actors (0.000 secs)
[2022.11.02-13.38.22:984][680]LogAIModule: Creating AISystem for world AI_Melee
[2022.11.02-13.38.22:984][680]LogAISub: UAISubsystem::UAISubsystem EnvQueryManager (000002A334F37400), frame # 680
[2022.11.02-13.38.22:984][680]LogAISub: UAISubsystem::UAISubsystem AIPerceptionSystem (000002A29DB3D440), frame # 680
[2022.11.02-13.38.22:994][680]LogUObjectHash: Compacting FUObjectHashTables data took   0.47ms
[2022.11.02-13.38.23:010][680]Cmd: MAP CHECKDEP NOCLEARLOG
[2022.11.02-13.38.23:011][680]MapCheck: 맵 체크 완료: 오류 0 회, 경고 0 회, 소요 시간 0.221ms.
[2022.11.02-13.38.23:011][680]LogFileHelpers: Loading map 'AI_Melee' took 0.127
[2022.11.02-13.38.23:687][748]LogTemp: Repeating last play command: 선택된 뷰포트
[2022.11.02-13.38.23:699][748]LogPlayLevel: PlayLevel: No blueprints needed recompiling
[2022.11.02-13.38.23:700][748]PIE: New page: PIE 세션: AI_Melee (2022. 11. 3. 오전 7:38:23)
[2022.11.02-13.38.23:701][748]LogOnline: OSS: Creating online subsystem instance for: NULL
[2022.11.02-13.38.23:704][748]LogOnline: OSS: TryLoadSubsystemAndSetDefault: Loaded subsystem for module [NULL]
[2022.11.02-13.38.23:704][748]LogPlayLevel: Creating play world package: /Game/Level/UEDPIE_0_AI_Melee
[2022.11.02-13.38.23:708][748]LogPlayLevel: PIE: StaticDuplicateObject took: (0.004076s)
[2022.11.02-13.38.23:709][748]LogAIModule: Creating AISystem for world AI_Melee
[2022.11.02-13.38.23:709][748]LogAISub: UAISubsystem::UAISubsystem EnvQueryManager (000002A2FBB76C00), frame # 748
[2022.11.02-13.38.23:709][748]LogAISub: UAISubsystem::UAISubsystem AIPerceptionSystem (000002A33539AAC0), frame # 748
[2022.11.02-13.38.23:709][748]LogPlayLevel: PIE: World Init took: (0.000975s)
[2022.11.02-13.38.23:709][748]LogPlayLevel: PIE: Created PIE world by copying editor world from /Game/Level/AI_Melee.AI_Melee to /Game/Level/UEDPIE_0_AI_Melee.AI_Melee (0.005382s)
[2022.11.02-13.38.23:717][748]LogUObjectHash: Compacting FUObjectHashTables data took   0.44ms
[2022.11.02-13.38.23:718][748]LogAudioMixer: Display: Audio Mixer Platform Settings:
[2022.11.02-13.38.23:718][748]LogAudioMixer: Display: 	Sample Rate:						  48000
[2022.11.02-13.38.23:718][748]LogAudioMixer: Display: 	Callback Buffer Frame Size Requested: 1024
[2022.11.02-13.38.23:718][748]LogAudioMixer: Display: 	Callback Buffer Frame Size To Use:	  1024
[2022.11.02-13.38.23:718][748]LogAudioMixer: Display: 	Number of buffers to queue:			  2
[2022.11.02-13.38.23:719][748]LogAudioMixer: Display: 	Max Channels (voices):				  32
[2022.11.02-13.38.23:719][748]LogAudioMixer: Display: 	Number of Async Source Workers:		  0
[2022.11.02-13.38.23:719][748]LogAudio: Display: AudioDevice MaxSources: 32
[2022.11.02-13.38.23:719][748]LogAudio: Display: Using built-in audio occlusion.
[2022.11.02-13.38.23:719][748]LogAudioMixer: Display: Initializing audio mixer.
[2022.11.02-13.38.23:741][748]LogAudioMixer: Display: 0: FrontLeft
[2022.11.02-13.38.23:741][748]LogAudioMixer: Display: 1: FrontRight
[2022.11.02-13.38.23:836][748]LogAudioMixer: Display: Using Audio Device 스피커(Realtek(R) Audio)
[2022.11.02-13.38.23:836][748]LogAudioMixer: Display: Initializing Sound Submixes...
[2022.11.02-13.38.23:836][748]LogAudioMixer: Display: Creating Master Submix 'MasterSubmixDefault'
[2022.11.02-13.38.23:836][748]LogAudioMixer: Display: Creating Master Submix 'MasterReverbSubmixDefault'
[2022.11.02-13.38.23:837][748]LogAudioMixer: Display: Creating Master Submix 'MasterEQSubmixDefault'
[2022.11.02-13.38.23:849][748]LogInit: FAudioDevice initialized.
[2022.11.02-13.38.23:864][748]LogLoad: Game class is 'CGameMode'
[2022.11.02-13.38.23:866][748]LogWorld: Bringing World /Game/Level/UEDPIE_0_AI_Melee.AI_Melee up for play (max tick rate 0) at 2022.11.02-22.38.23
[2022.11.02-13.38.23:866][748]LogWorld: Bringing up level for play took: 0.001832
[2022.11.02-13.38.23:866][748]LogOnline: OSS: Creating online subsystem instance for: :Context_2
[2022.11.02-13.38.23:870][748]LogContentBrowser: Native class hierarchy updated for 'MovieSceneCapture' in 0.0004 seconds. Added 20 classes and 0 folders.
[2022.11.02-13.38.23:879][748]PIE: 서버가 로그인했습니다.
[2022.11.02-13.38.23:880][748]PIE: 에디터에서 플레이 총 시작 시간 0.184초입니다.
[2022.11.02-13.38.23:934][749]LogD3D12RHI: Creating RTPSO with 138 shaders (136 cached, 2 new) took 13.42 ms. Compile time 7.61 ms, link time 5.63 ms.
