Log file open, 11/02/22 23:00:29
LogInit: Display: Running engine for game: ActionGame
LogPlatformFile: Not using cached read wrapper
LogTaskGraph: Started task graph with 5 named threads and 26 total threads with 3 sets of task threads.
LogStats: Stats thread started at 0.315433
LogD3D11RHI: Loaded GFSDK_Aftermath_Lib.x64.dll
LogICUInternationalization: ICU TimeZone Detection - Raw Offset: +9:00, Platform Override: ''
LogPluginManager: Mounting plugin Paper2D
LogPluginManager: Mounting plugin AISupport
LogPluginManager: Mounting plugin LightPropagationVolume
LogPluginManager: Mounting plugin CameraShakePreviewer
LogPluginManager: Mounting plugin ActorLayerUtilities
LogPluginManager: Mounting plugin AnimationSharing
LogPluginManager: Mounting plugin CLionSourceCodeAccess
LogPluginManager: Mounting plugin CodeLiteSourceCodeAccess
LogPluginManager: Mounting plugin GitSourceControl
LogPluginManager: Mounting plugin KDevelopSourceCodeAccess
LogPluginManager: Mounting plugin NullSourceCodeAccess
LogPluginManager: Mounting plugin PerforceSourceControl
LogPluginManager: Mounting plugin PlasticSourceControl
LogPluginManager: Mounting plugin RiderSourceCodeAccess
LogPluginManager: Mounting plugin SubversionSourceControl
LogPluginManager: Mounting plugin UObjectPlugin
LogPluginManager: Mounting plugin VisualStudioCodeSourceCodeAccess
LogPluginManager: Mounting plugin VisualStudioSourceCodeAccess
LogPluginManager: Mounting plugin XCodeSourceCodeAccess
LogPluginManager: Mounting plugin AssetManagerEditor
LogPluginManager: Mounting plugin CryptoKeys
LogPluginManager: Mounting plugin CurveEditorTools
LogPluginManager: Mounting plugin DataValidation
LogPluginManager: Mounting plugin EditorScriptingUtilities
LogPluginManager: Mounting plugin FacialAnimation
LogPluginManager: Mounting plugin GameplayTagsEditor
LogPluginManager: Mounting plugin GeometryMode
LogPluginManager: Mounting plugin MacGraphicsSwitching
LogPluginManager: Mounting plugin MaterialAnalyzer
LogPluginManager: Mounting plugin MobileLauncherProfileWizard
LogPluginManager: Mounting plugin PluginBrowser
LogPluginManager: Mounting plugin SpeedTreeImporter
LogPluginManager: Mounting plugin DatasmithContent
LogPluginManager: Mounting plugin VariantManagerContent
LogPluginManager: Mounting plugin AlembicImporter
LogPluginManager: Mounting plugin AutomationUtils
LogPluginManager: Mounting plugin BackChannel
LogPluginManager: Mounting plugin ChaosCloth
LogPluginManager: Mounting plugin ChaosClothEditor
LogPluginManager: Mounting plugin ChaosEditor
LogPluginManager: Mounting plugin ChaosNiagara
LogPluginManager: Mounting plugin ChaosSolverPlugin
LogPluginManager: Mounting plugin CharacterAI
LogPluginManager: Mounting plugin GeometryCache
LogPluginManager: Mounting plugin GeometryCollectionPlugin
LogPluginManager: Mounting plugin GeometryProcessing
LogPluginManager: Mounting plugin PlanarCut
LogPluginManager: Mounting plugin PlatformCrypto
LogPluginManager: Mounting plugin ProxyLODPlugin
LogPluginManager: Mounting plugin SkeletalReduction
LogPluginManager: Mounting plugin Niagara
LogPluginManager: Mounting plugin MagicLeap
LogPluginManager: Mounting plugin MagicLeapLightEstimation
LogPluginManager: Mounting plugin MagicLeapMedia
LogPluginManager: Mounting plugin MagicLeapPassableWorld
LogPluginManager: Mounting plugin MLSDK
LogPluginManager: Mounting plugin AndroidMedia
LogPluginManager: Mounting plugin AvfMedia
LogPluginManager: Mounting plugin ImgMedia
LogPluginManager: Mounting plugin MediaCompositing
LogPluginManager: Mounting plugin MediaPlayerEditor
LogPluginManager: Mounting plugin WebMMedia
LogPluginManager: Mounting plugin WmfMedia
LogPluginManager: Mounting plugin MeshPainting
LogPluginManager: Mounting plugin TcpMessaging
LogPluginManager: Mounting plugin UdpMessaging
LogPluginManager: Mounting plugin ActorSequence
LogPluginManager: Mounting plugin LevelSequenceEditor
LogPluginManager: Mounting plugin MatineeToLevelSequence
LogPluginManager: Mounting plugin MovieRenderPipeline
LogPluginManager: Mounting plugin TemplateSequence
LogPluginManager: Mounting plugin NetcodeUnitTest
LogPluginManager: Mounting plugin NUTUnrealEngine4
LogPluginManager: Mounting plugin OnlineSubsystemGooglePlay
LogPluginManager: Mounting plugin OnlineSubsystemIOS
LogPluginManager: Mounting plugin OnlineSubsystem
LogPluginManager: Mounting plugin OnlineSubsystemNull
LogPluginManager: Mounting plugin OnlineSubsystemUtils
LogPluginManager: Mounting plugin LauncherChunkInstaller
LogPluginManager: Mounting plugin AndroidDeviceProfileSelector
LogPluginManager: Mounting plugin AndroidMoviePlayer
LogPluginManager: Mounting plugin AndroidPermission
LogPluginManager: Mounting plugin AppleImageUtils
LogPluginManager: Mounting plugin AppleMoviePlayer
LogPluginManager: Mounting plugin ArchVisCharacter
LogPluginManager: Mounting plugin AssetTags
LogPluginManager: Mounting plugin AudioCapture
LogPluginManager: Mounting plugin CableComponent
LogPluginManager: Mounting plugin CustomMeshComponent
LogPluginManager: Mounting plugin EditableMesh
LogPluginManager: Mounting plugin ExampleDeviceProfileSelector
LogPluginManager: Mounting plugin GoogleCloudMessaging
LogPluginManager: Mounting plugin GooglePAD
LogPluginManager: Mounting plugin IOSDeviceProfileSelector
LogPluginManager: Mounting plugin LinuxDeviceProfileSelector
LogPluginManager: Mounting plugin LocationServicesBPLibrary
LogPluginManager: Mounting plugin MobilePatchingUtils
LogPluginManager: Mounting plugin OculusVR
LogPluginManager: Mounting plugin PhysXVehicles
LogPluginManager: Mounting plugin PostSplashScreen
LogPluginManager: Mounting plugin ProceduralMeshComponent
LogPluginManager: Mounting plugin RuntimePhysXCooking
LogPluginManager: Mounting plugin SignificanceManager
LogPluginManager: Mounting plugin SoundFields
LogPluginManager: Mounting plugin SteamVR
LogPluginManager: Mounting plugin Synthesis
LogPluginManager: Mounting plugin WebMMoviePlayer
LogPluginManager: Mounting plugin WindowsMoviePlayer
LogPluginManager: Mounting plugin ScreenshotTools
LogInit: Using libcurl 7.55.1-DEV
LogInit:  - built for x86_64-pc-win32
LogInit:  - supports SSL with OpenSSL/1.1.1
LogInit:  - supports HTTP deflate (compression) using libz 1.2.8
LogInit:  - other features:
LogInit:      CURL_VERSION_SSL
LogInit:      CURL_VERSION_LIBZ
LogInit:      CURL_VERSION_IPV6
LogInit:      CURL_VERSION_ASYNCHDNS
LogInit:      CURL_VERSION_LARGEFILE
LogInit:      CURL_VERSION_IDN
LogInit:  CurlRequestOptions (configurable via config and command line):
LogInit:  - bVerifyPeer = true  - Libcurl will verify peer certificate
LogInit:  - bUseHttpProxy = false  - Libcurl will NOT use HTTP proxy
LogInit:  - bDontReuseConnections = false  - Libcurl will reuse connections
LogInit:  - MaxHostConnections = 16  - Libcurl will limit the number of connections to a host
LogInit:  - LocalHostAddr = Default
LogInit:  - BufferSize = 65536
LogOnline: OSS: Creating online subsystem instance for: NULL
LogInit: WinSock: version 1.1 (2.2), MaxSocks=32767, MaxUdp=65467
LogOnline: OSS: TryLoadSubsystemAndSetDefault: Loaded subsystem for module [NULL]
LogInit: Build: ++UE4+Release-4.25-CL-14469661
LogInit: Engine Version: 4.25.4-14469661+++UE4+Release-4.25
LogInit: Compatible Engine Version: 4.25.0-13144385+++UE4+Release-4.25
LogInit: Net CL: 13144385
LogInit: OS: Windows 10 (Release 2009) (), CPU: Intel(R) Core(TM) i7-9700K CPU @ 3.60GHz, GPU: NVIDIA GeForce RTX 2080
LogInit: Compiled (64-bit): Oct 11 2020 08:10:49
LogInit: Compiled with Visual C++: 19.24.28315.00
LogInit: Build Configuration: Development
LogInit: Branch Name: ++UE4+Release-4.25
LogInit: Command Line:  -skipcompile
LogInit: Base Directory: D:/Game/UE_4.25/Engine/Binaries/Win64/
LogInit: Allocator: TBB
LogInit: Installed Engine Build: 1
LogDevObjectVersion: Number of dev versions registered: 26
LogDevObjectVersion:   Dev-Blueprints (B0D832E4-1F89-4F0D-ACCF-7EB736FD4AA2): 10
LogDevObjectVersion:   Dev-Build (E1C64328-A22C-4D53-A36C-8E866417BD8C): 0
LogDevObjectVersion:   Dev-Core (375EC13C-06E4-48FB-B500-84F0262A717E): 4
LogDevObjectVersion:   Dev-Editor (E4B068ED-F494-42E9-A231-DA0B2E46BB41): 38
LogDevObjectVersion:   Dev-Framework (CFFC743F-43B0-4480-9391-14DF171D2073): 37
LogDevObjectVersion:   Dev-Mobile (B02B49B5-BB20-44E9-A304-32B752E40360): 2
LogDevObjectVersion:   Dev-Networking (A4E4105C-59A1-49B5-A7C5-40C4547EDFEE): 0
LogDevObjectVersion:   Dev-Online (39C831C9-5AE6-47DC-9A44-9C173E1C8E7C): 0
LogDevObjectVersion:   Dev-Physics (78F01B33-EBEA-4F98-B9B4-84EACCB95AA2): 4
LogDevObjectVersion:   Dev-Platform (6631380F-2D4D-43E0-8009-CF276956A95A): 0
LogDevObjectVersion:   Dev-Rendering (12F88B9F-8875-4AFC-A67C-D90C383ABD29): 43
LogDevObjectVersion:   Dev-Sequencer (7B5AE74C-D270-4C10-A958-57980B212A5A): 12
LogDevObjectVersion:   Dev-VR (D7296918-1DD6-4BDD-9DE2-64A83CC13884): 3
LogDevObjectVersion:   Dev-LoadTimes (C2A15278-BFE7-4AFE-6C17-90FF531DF755): 1
LogDevObjectVersion:   Private-Geometry (6EACA3D4-40EC-4CC1-B786-8BED09428FC5): 3
LogDevObjectVersion:   Dev-AnimPhys (29E575DD-E0A3-4627-9D10-D276232CDCEA): 17
LogDevObjectVersion:   Dev-Anim (AF43A65D-7FD3-4947-9873-3E8ED9C1BB05): 7
LogDevObjectVersion:   Dev-ReflectionCapture (6B266CEC-1EC7-4B8F-A30B-E4D90942FC07): 1
LogDevObjectVersion:   Dev-Automation (0DF73D61-A23F-47EA-B727-89E90C41499A): 1
LogDevObjectVersion:   FortniteMain (601D1886-AC64-4F84-AA16-D3DE0DEAC7D6): 31
LogDevObjectVersion:   Dev-Enterprise (9DFFBCD6-494F-0158-E221-12823C92A888): 10
LogDevObjectVersion:   Dev-Niagara (F2AED0AC-9AFE-416F-8664-AA7FFA26D6FC): 1
LogDevObjectVersion:   Dev-Destruction (174F1F0B-B4C6-45A5-B13F-2EE8D0FB917D): 10
LogDevObjectVersion:   Dev-Physics-Ext (35F94A83-E258-406C-A318-09F59610247C): 37
LogDevObjectVersion:   Dev-PhysicsMaterial-Chaos (B68FC16E-8B1B-42E2-B453-215C058844FE): 1
LogDevObjectVersion:   Dev-CineCamera (B2E18506-4273-CFC2-A54E-F4BB758BBA07): 1
LogInit: Presizing for max 25165824 objects, including 0 objects not considered by GC, pre-allocating 0 bytes for permanent pool.
LogConfig: Applying CVar settings from Section [/Script/Engine.StreamingSettings] File [C:/Users/Chanwoongs/Desktop/Project/Unreal_Engine_Tutorial/C++/ActionGame/Saved/Config/Windows/Engine.ini]
LogConfig: Setting CVar [[s.MinBulkDataSizeForAsyncLoading:131072]]
LogConfig: Setting CVar [[s.AsyncLoadingThreadEnabled:0]]
LogConfig: Setting CVar [[s.EventDrivenLoaderEnabled:1]]
LogConfig: Setting CVar [[s.WarnIfTimeLimitExceeded:0]]
LogConfig: Setting CVar [[s.TimeLimitExceededMultiplier:1.5]]
LogConfig: Setting CVar [[s.TimeLimitExceededMinTime:0.005]]
LogConfig: Setting CVar [[s.UseBackgroundLevelStreaming:1]]
LogConfig: Setting CVar [[s.PriorityAsyncLoadingExtraTime:15.0]]
LogConfig: Setting CVar [[s.LevelStreamingActorsUpdateTimeLimit:5.0]]
LogConfig: Setting CVar [[s.PriorityLevelStreamingActorsUpdateExtraTime:5.0]]
LogConfig: Setting CVar [[s.LevelStreamingComponentsRegistrationGranularity:10]]
LogConfig: Setting CVar [[s.UnregisterComponentsTimeLimit:1.0]]
LogConfig: Setting CVar [[s.LevelStreamingComponentsUnregistrationGranularity:5]]
LogConfig: Setting CVar [[s.FlushStreamingOnExit:1]]
LogInit: Object subsystem initialized
LogConfig: Setting CVar [[con.DebugEarlyDefault:1]]
LogConfig: Setting CVar [[r.setres:1280x720]]
[2022.11.02-14.00.30:255][  0]LogConfig: Setting CVar [[r.VSync:0]]
[2022.11.02-14.00.30:255][  0]LogConfig: Setting CVar [[r.RHICmdBypass:0]]
[2022.11.02-14.00.30:255][  0]LogConfig: Applying CVar settings from Section [/Script/Engine.RendererSettings] File [C:/Users/Chanwoongs/Desktop/Project/Unreal_Engine_Tutorial/C++/ActionGame/Saved/Config/Windows/Engine.ini]
[2022.11.02-14.00.30:255][  0]LogConfig: Setting CVar [[r.GPUCrashDebugging:0]]
[2022.11.02-14.00.30:255][  0]LogConfig: Setting CVar [[r.SkinCache.CompileShaders:1]]
[2022.11.02-14.00.30:255][  0]LogConfig: Setting CVar [[r.RayTracing:1]]
[2022.11.02-14.00.30:255][  0]LogConfig: Applying CVar settings from Section [/Script/Engine.RendererOverrideSettings] File [C:/Users/Chanwoongs/Desktop/Project/Unreal_Engine_Tutorial/C++/ActionGame/Saved/Config/Windows/Engine.ini]
[2022.11.02-14.00.30:255][  0]LogConfig: Applying CVar settings from Section [/Script/Engine.StreamingSettings] File [C:/Users/Chanwoongs/Desktop/Project/Unreal_Engine_Tutorial/C++/ActionGame/Saved/Config/Windows/Engine.ini]
[2022.11.02-14.00.30:255][  0]LogConfig: Setting CVar [[s.MinBulkDataSizeForAsyncLoading:131072]]
[2022.11.02-14.00.30:255][  0]LogConfig: Setting CVar [[s.AsyncLoadingThreadEnabled:0]]
[2022.11.02-14.00.30:255][  0]LogConfig: Setting CVar [[s.EventDrivenLoaderEnabled:1]]
[2022.11.02-14.00.30:256][  0]LogConfig: Setting CVar [[s.WarnIfTimeLimitExceeded:0]]
[2022.11.02-14.00.30:256][  0]LogConfig: Setting CVar [[s.TimeLimitExceededMultiplier:1.5]]
[2022.11.02-14.00.30:256][  0]LogConfig: Setting CVar [[s.TimeLimitExceededMinTime:0.005]]
[2022.11.02-14.00.30:256][  0]LogConfig: Setting CVar [[s.UseBackgroundLevelStreaming:1]]
[2022.11.02-14.00.30:256][  0]LogConfig: Setting CVar [[s.PriorityAsyncLoadingExtraTime:15.0]]
[2022.11.02-14.00.30:256][  0]LogConfig: Setting CVar [[s.LevelStreamingActorsUpdateTimeLimit:5.0]]
[2022.11.02-14.00.30:256][  0]LogConfig: Setting CVar [[s.PriorityLevelStreamingActorsUpdateExtraTime:5.0]]
[2022.11.02-14.00.30:256][  0]LogConfig: Setting CVar [[s.LevelStreamingComponentsRegistrationGranularity:10]]
[2022.11.02-14.00.30:256][  0]LogConfig: Setting CVar [[s.UnregisterComponentsTimeLimit:1.0]]
[2022.11.02-14.00.30:256][  0]LogConfig: Setting CVar [[s.LevelStreamingComponentsUnregistrationGranularity:5]]
[2022.11.02-14.00.30:256][  0]LogConfig: Setting CVar [[s.FlushStreamingOnExit:1]]
[2022.11.02-14.00.30:256][  0]LogConfig: Applying CVar settings from Section [/Script/Engine.GarbageCollectionSettings] File [C:/Users/Chanwoongs/Desktop/Project/Unreal_Engine_Tutorial/C++/ActionGame/Saved/Config/Windows/Engine.ini]
[2022.11.02-14.00.30:257][  0]LogConfig: Setting CVar [[gc.MaxObjectsNotConsideredByGC:1]]
[2022.11.02-14.00.30:257][  0]LogConfig: Setting CVar [[gc.SizeOfPermanentObjectPool:0]]
[2022.11.02-14.00.30:257][  0]LogConfig: Setting CVar [[gc.FlushStreamingOnGC:0]]
[2022.11.02-14.00.30:257][  0]LogConfig: Setting CVar [[gc.NumRetriesBeforeForcingGC:10]]
[2022.11.02-14.00.30:257][  0]LogConfig: Setting CVar [[gc.AllowParallelGC:1]]
[2022.11.02-14.00.30:257][  0]LogConfig: Setting CVar [[gc.TimeBetweenPurgingPendingKillObjects:61.1]]
[2022.11.02-14.00.30:257][  0]LogConfig: Setting CVar [[gc.MaxObjectsInEditor:25165824]]
[2022.11.02-14.00.30:257][  0]LogConfig: Setting CVar [[gc.IncrementalBeginDestroyEnabled:1]]
[2022.11.02-14.00.30:257][  0]LogConfig: Setting CVar [[gc.CreateGCClusters:1]]
[2022.11.02-14.00.30:257][  0]LogConfig: Setting CVar [[gc.MinGCClusterSize:5]]
[2022.11.02-14.00.30:257][  0]LogConfig: Setting CVar [[gc.ActorClusteringEnabled:0]]
[2022.11.02-14.00.30:257][  0]LogConfig: Setting CVar [[gc.BlueprintClusteringEnabled:0]]
[2022.11.02-14.00.30:257][  0]LogConfig: Setting CVar [[gc.UseDisregardForGCOnDedicatedServers:0]]
[2022.11.02-14.00.30:258][  0]LogConfig: Applying CVar settings from Section [/Script/Engine.NetworkSettings] File [C:/Users/Chanwoongs/Desktop/Project/Unreal_Engine_Tutorial/C++/ActionGame/Saved/Config/Windows/Engine.ini]
[2022.11.02-14.00.30:258][  0]LogConfig: Applying CVar settings from Section [/Script/UnrealEd.CookerSettings] File [C:/Users/Chanwoongs/Desktop/Project/Unreal_Engine_Tutorial/C++/ActionGame/Saved/Config/Windows/Engine.ini]
[2022.11.02-14.00.30:271][  0]LogConfig: Applying CVar settings from Section [ViewDistanceQuality@3] File [C:/Users/Chanwoongs/Desktop/Project/Unreal_Engine_Tutorial/C++/ActionGame/Saved/Config/Windows/Scalability.ini]
[2022.11.02-14.00.30:271][  0]LogConfig: Setting CVar [[r.SkeletalMeshLODBias:0]]
[2022.11.02-14.00.30:271][  0]LogConfig: Setting CVar [[r.ViewDistanceScale:1.0]]
[2022.11.02-14.00.30:271][  0]LogConfig: Applying CVar settings from Section [AntiAliasingQuality@3] File [C:/Users/Chanwoongs/Desktop/Project/Unreal_Engine_Tutorial/C++/ActionGame/Saved/Config/Windows/Scalability.ini]
[2022.11.02-14.00.30:271][  0]LogConfig: Setting CVar [[r.PostProcessAAQuality:4]]
[2022.11.02-14.00.30:272][  0]LogConfig: Applying CVar settings from Section [ShadowQuality@3] File [C:/Users/Chanwoongs/Desktop/Project/Unreal_Engine_Tutorial/C++/ActionGame/Saved/Config/Windows/Scalability.ini]
[2022.11.02-14.00.30:272][  0]LogConfig: Setting CVar [[r.LightFunctionQuality:1]]
[2022.11.02-14.00.30:272][  0]LogConfig: Setting CVar [[r.ShadowQuality:5]]
[2022.11.02-14.00.30:272][  0]LogConfig: Setting CVar [[r.Shadow.CSM.MaxCascades:10]]
[2022.11.02-14.00.30:272][  0]LogConfig: Setting CVar [[r.Shadow.MaxResolution:2048]]
[2022.11.02-14.00.30:272][  0]LogConfig: Setting CVar [[r.Shadow.MaxCSMResolution:2048]]
[2022.11.02-14.00.30:272][  0]LogConfig: Setting CVar [[r.Shadow.RadiusThreshold:0.01]]
[2022.11.02-14.00.30:272][  0]LogConfig: Setting CVar [[r.Shadow.DistanceScale:1.0]]
[2022.11.02-14.00.30:272][  0]LogConfig: Setting CVar [[r.Shadow.CSM.TransitionScale:1.0]]
[2022.11.02-14.00.30:272][  0]LogConfig: Setting CVar [[r.Shadow.PreShadowResolutionFactor:1.0]]
[2022.11.02-14.00.30:272][  0]LogConfig: Setting CVar [[r.DistanceFieldShadowing:1]]
[2022.11.02-14.00.30:272][  0]LogConfig: Setting CVar [[r.DistanceFieldAO:1]]
[2022.11.02-14.00.30:272][  0]LogConfig: Setting CVar [[r.AOQuality:2]]
[2022.11.02-14.00.30:272][  0]LogConfig: Setting CVar [[r.VolumetricFog:1]]
[2022.11.02-14.00.30:272][  0]LogConfig: Setting CVar [[r.VolumetricFog.GridPixelSize:8]]
[2022.11.02-14.00.30:272][  0]LogConfig: Setting CVar [[r.VolumetricFog.GridSizeZ:128]]
[2022.11.02-14.00.30:272][  0]LogConfig: Setting CVar [[r.VolumetricFog.HistoryMissSupersampleCount:4]]
[2022.11.02-14.00.30:272][  0]LogConfig: Setting CVar [[r.LightMaxDrawDistanceScale:1]]
[2022.11.02-14.00.30:272][  0]LogConfig: Setting CVar [[r.CapsuleShadows:1]]
[2022.11.02-14.00.30:273][  0]LogConfig: Applying CVar settings from Section [PostProcessQuality@3] File [C:/Users/Chanwoongs/Desktop/Project/Unreal_Engine_Tutorial/C++/ActionGame/Saved/Config/Windows/Scalability.ini]
[2022.11.02-14.00.30:273][  0]LogConfig: Setting CVar [[r.MotionBlurQuality:4]]
[2022.11.02-14.00.30:273][  0]LogConfig: Setting CVar [[r.AmbientOcclusionMipLevelFactor:0.4]]
[2022.11.02-14.00.30:273][  0]LogConfig: Setting CVar [[r.AmbientOcclusionMaxQuality:100]]
[2022.11.02-14.00.30:273][  0]LogConfig: Setting CVar [[r.AmbientOcclusionLevels:-1]]
[2022.11.02-14.00.30:273][  0]LogConfig: Setting CVar [[r.AmbientOcclusionRadiusScale:1.0]]
[2022.11.02-14.00.30:273][  0]LogConfig: Setting CVar [[r.DepthOfFieldQuality:2]]
[2022.11.02-14.00.30:273][  0]LogConfig: Setting CVar [[r.RenderTargetPoolMin:400]]
[2022.11.02-14.00.30:273][  0]LogConfig: Setting CVar [[r.LensFlareQuality:2]]
[2022.11.02-14.00.30:273][  0]LogConfig: Setting CVar [[r.SceneColorFringeQuality:1]]
[2022.11.02-14.00.30:273][  0]LogConfig: Setting CVar [[r.EyeAdaptationQuality:2]]
[2022.11.02-14.00.30:273][  0]LogConfig: Setting CVar [[r.BloomQuality:5]]
[2022.11.02-14.00.30:273][  0]LogConfig: Setting CVar [[r.FastBlurThreshold:100]]
[2022.11.02-14.00.30:273][  0]LogConfig: Setting CVar [[r.Upscale.Quality:3]]
[2022.11.02-14.00.30:273][  0]LogConfig: Setting CVar [[r.Tonemapper.GrainQuantization:1]]
[2022.11.02-14.00.30:273][  0]LogConfig: Setting CVar [[r.LightShaftQuality:1]]
[2022.11.02-14.00.30:273][  0]LogConfig: Setting CVar [[r.Filter.SizeScale:1]]
[2022.11.02-14.00.30:273][  0]LogConfig: Setting CVar [[r.Tonemapper.Quality:5]]
[2022.11.02-14.00.30:274][  0]LogConfig: Setting CVar [[r.DOF.Gather.AccumulatorQuality:1        ; higher gathering accumulator quality]]
[2022.11.02-14.00.30:274][  0]LogConfig: Setting CVar [[r.DOF.Gather.PostfilterMethod:1          ; Median3x3 postfilering method]]
[2022.11.02-14.00.30:274][  0]LogConfig: Setting CVar [[r.DOF.Gather.EnableBokehSettings:0       ; no bokeh simulation when gathering]]
[2022.11.02-14.00.30:274][  0]LogConfig: Setting CVar [[r.DOF.Gather.RingCount:4                 ; medium number of samples when gathering]]
[2022.11.02-14.00.30:274][  0]LogConfig: Setting CVar [[r.DOF.Scatter.ForegroundCompositing:1    ; additive foreground scattering]]
[2022.11.02-14.00.30:274][  0]LogConfig: Setting CVar [[r.DOF.Scatter.BackgroundCompositing:2    ; additive background scattering]]
[2022.11.02-14.00.30:274][  0]LogConfig: Setting CVar [[r.DOF.Scatter.EnableBokehSettings:1      ; bokeh simulation when scattering]]
[2022.11.02-14.00.30:274][  0]LogConfig: Setting CVar [[r.DOF.Scatter.MaxSpriteRatio:0.1         ; only a maximum of 10% of scattered bokeh]]
[2022.11.02-14.00.30:274][  0]LogConfig: Setting CVar [[r.DOF.Recombine.Quality:1                ; cheap slight out of focus]]
[2022.11.02-14.00.30:274][  0]LogConfig: Setting CVar [[r.DOF.Recombine.EnableBokehSettings:0    ; no bokeh simulation on slight out of focus]]
[2022.11.02-14.00.30:274][  0]LogConfig: Setting CVar [[r.DOF.TemporalAAQuality:1                ; more stable temporal accumulation]]
[2022.11.02-14.00.30:274][  0]LogConfig: Setting CVar [[r.DOF.Kernel.MaxForegroundRadius:0.025]]
[2022.11.02-14.00.30:274][  0]LogConfig: Setting CVar [[r.DOF.Kernel.MaxBackgroundRadius:0.025]]
[2022.11.02-14.00.30:274][  0]LogConfig: Applying CVar settings from Section [TextureQuality@3] File [C:/Users/Chanwoongs/Desktop/Project/Unreal_Engine_Tutorial/C++/ActionGame/Saved/Config/Windows/Scalability.ini]
[2022.11.02-14.00.30:275][  0]LogConfig: Setting CVar [[r.Streaming.MipBias:0]]
[2022.11.02-14.00.30:275][  0]LogConfig: Setting CVar [[r.Streaming.AmortizeCPUToGPUCopy:0]]
[2022.11.02-14.00.30:275][  0]LogConfig: Setting CVar [[r.Streaming.MaxNumTexturesToStreamPerFrame:0]]
[2022.11.02-14.00.30:275][  0]LogConfig: Setting CVar [[r.Streaming.Boost:1]]
[2022.11.02-14.00.30:275][  0]LogConfig: Setting CVar [[r.MaxAnisotropy:8]]
[2022.11.02-14.00.30:275][  0]LogConfig: Setting CVar [[r.VT.MaxAnisotropy:8]]
[2022.11.02-14.00.30:275][  0]LogConfig: Setting CVar [[r.Streaming.LimitPoolSizeToVRAM:0]]
[2022.11.02-14.00.30:275][  0]LogConfig: Setting CVar [[r.Streaming.PoolSize:1000]]
[2022.11.02-14.00.30:275][  0]LogConfig: Setting CVar [[r.Streaming.MaxEffectiveScreenSize:0]]
[2022.11.02-14.00.30:275][  0]LogConfig: Applying CVar settings from Section [EffectsQuality@3] File [C:/Users/Chanwoongs/Desktop/Project/Unreal_Engine_Tutorial/C++/ActionGame/Saved/Config/Windows/Scalability.ini]
[2022.11.02-14.00.30:275][  0]LogConfig: Setting CVar [[r.TranslucencyLightingVolumeDim:64]]
[2022.11.02-14.00.30:275][  0]LogConfig: Setting CVar [[r.RefractionQuality:2]]
[2022.11.02-14.00.30:275][  0]LogConfig: Setting CVar [[r.SSR.Quality:3]]
[2022.11.02-14.00.30:275][  0]LogConfig: Setting CVar [[r.SSR.HalfResSceneColor:0]]
[2022.11.02-14.00.30:275][  0]LogConfig: Setting CVar [[r.SceneColorFormat:4]]
[2022.11.02-14.00.30:275][  0]LogConfig: Setting CVar [[r.DetailMode:2]]
[2022.11.02-14.00.30:275][  0]LogConfig: Setting CVar [[r.TranslucencyVolumeBlur:1]]
[2022.11.02-14.00.30:276][  0]LogConfig: Setting CVar [[r.MaterialQualityLevel:1 ; High quality]]
[2022.11.02-14.00.30:276][  0]LogConfig: Setting CVar [[r.SSS.Scale:1]]
[2022.11.02-14.00.30:276][  0]LogConfig: Setting CVar [[r.SSS.SampleSet:2]]
[2022.11.02-14.00.30:276][  0]LogConfig: Setting CVar [[r.SSS.Quality:1]]
[2022.11.02-14.00.30:276][  0]LogConfig: Setting CVar [[r.SSS.HalfRes:0]]
[2022.11.02-14.00.30:276][  0]LogConfig: Setting CVar [[r.SSGI.Quality:3]]
[2022.11.02-14.00.30:276][  0]LogConfig: Setting CVar [[r.EmitterSpawnRateScale:1.0]]
[2022.11.02-14.00.30:276][  0]LogConfig: Setting CVar [[r.ParticleLightQuality:2]]
[2022.11.02-14.00.30:276][  0]LogConfig: Setting CVar [[r.SkyAtmosphere.AerialPerspectiveLUT.FastApplyOnOpaque:1 ; Always have FastSkyLUT 1 in this case to avoid wrong sky]]
[2022.11.02-14.00.30:276][  0]LogConfig: Setting CVar [[r.SkyAtmosphere.AerialPerspectiveLUT.SampleCountPerSlice:1]]
[2022.11.02-14.00.30:276][  0]LogConfig: Setting CVar [[r.SkyAtmosphere.AerialPerspectiveLUT.DepthResolution:16.0]]
[2022.11.02-14.00.30:276][  0]LogConfig: Setting CVar [[r.SkyAtmosphere.FastSkyLUT:1]]
[2022.11.02-14.00.30:276][  0]LogConfig: Setting CVar [[r.SkyAtmosphere.FastSkyLUT.SampleCountMin:4.0]]
[2022.11.02-14.00.30:276][  0]LogConfig: Setting CVar [[r.SkyAtmosphere.FastSkyLUT.SampleCountMax:32.0]]
[2022.11.02-14.00.30:276][  0]LogConfig: Setting CVar [[r.SkyAtmosphere.SampleCountMin:4.0]]
[2022.11.02-14.00.30:276][  0]LogConfig: Setting CVar [[r.SkyAtmosphere.SampleCountMax:32.0]]
[2022.11.02-14.00.30:276][  0]LogConfig: Setting CVar [[r.SkyAtmosphere.TransmittanceLUT.UseSmallFormat:0]]
[2022.11.02-14.00.30:276][  0]LogConfig: Setting CVar [[r.SkyAtmosphere.TransmittanceLUT.SampleCount:10.0]]
[2022.11.02-14.00.30:276][  0]LogConfig: Setting CVar [[r.SkyAtmosphere.MultiScatteringLUT.SampleCount:15.0]]
[2022.11.02-14.00.30:277][  0]LogConfig: Applying CVar settings from Section [FoliageQuality@3] File [C:/Users/Chanwoongs/Desktop/Project/Unreal_Engine_Tutorial/C++/ActionGame/Saved/Config/Windows/Scalability.ini]
[2022.11.02-14.00.30:277][  0]LogConfig: Setting CVar [[foliage.DensityScale:1.0]]
[2022.11.02-14.00.30:277][  0]LogConfig: Setting CVar [[grass.DensityScale:1.0]]
[2022.11.02-14.00.30:277][  0]LogConfig: Applying CVar settings from Section [ShadingQuality@3] File [C:/Users/Chanwoongs/Desktop/Project/Unreal_Engine_Tutorial/C++/ActionGame/Saved/Config/Windows/Scalability.ini]
[2022.11.02-14.00.30:277][  0]LogConfig: Setting CVar [[r.HairStrands.SkyLighting.SampleCount:16]]
[2022.11.02-14.00.30:277][  0]LogConfig: Setting CVar [[r.HairStrands.SkyLighting.JitterIntegration:0]]
[2022.11.02-14.00.30:277][  0]LogConfig: Setting CVar [[r.HairStrands.SkyAO.SampleCount:16]]
[2022.11.02-14.00.30:277][  0]LogConfig: Setting CVar [[r.HairStrands.DeepShadow.SuperSampling:0]]
[2022.11.02-14.00.30:277][  0]LogConfig: Setting CVar [[r.HairStrands.VisibilityPPLL:0]]
[2022.11.02-14.00.30:277][  0]LogConfig: Setting CVar [[r.HairStrands.RasterizationScale:0.5]]
[2022.11.02-14.00.30:277][  0]LogConfig: Setting CVar [[r.HairStrands.VelocityRasterizationScale:1]]
[2022.11.02-14.00.30:277][  0]LogInit: Selected Device Profile: [Windows]
[2022.11.02-14.00.30:277][  0]LogInit: Applying CVar settings loaded from the selected device profile: [Windows]
[2022.11.02-14.00.30:277][  0]LogHAL: Display: Platform has ~ 48 GB [51453968384 / 68719476736 / 48], which maps to Largest [LargestMinGB=32, LargerMinGB=12, DefaultMinGB=8, SmallerMinGB=6, SmallestMinGB=0)
[2022.11.02-14.00.30:277][  0]LogInit: Going up to parent DeviceProfile []
[2022.11.02-14.00.30:278][  0]LogConfig: Applying CVar settings from Section [ViewDistanceQuality@3] File [C:/Users/Chanwoongs/Desktop/Project/Unreal_Engine_Tutorial/C++/ActionGame/Saved/Config/Windows/Scalability.ini]
[2022.11.02-14.00.30:278][  0]LogConfig: Setting CVar [[r.SkeletalMeshLODBias:0]]
[2022.11.02-14.00.30:278][  0]LogConfig: Setting CVar [[r.ViewDistanceScale:1.0]]
[2022.11.02-14.00.30:278][  0]LogConfig: Applying CVar settings from Section [AntiAliasingQuality@3] File [C:/Users/Chanwoongs/Desktop/Project/Unreal_Engine_Tutorial/C++/ActionGame/Saved/Config/Windows/Scalability.ini]
[2022.11.02-14.00.30:278][  0]LogConfig: Setting CVar [[r.PostProcessAAQuality:4]]
[2022.11.02-14.00.30:278][  0]LogConfig: Applying CVar settings from Section [ShadowQuality@3] File [C:/Users/Chanwoongs/Desktop/Project/Unreal_Engine_Tutorial/C++/ActionGame/Saved/Config/Windows/Scalability.ini]
[2022.11.02-14.00.30:278][  0]LogConfig: Setting CVar [[r.LightFunctionQuality:1]]
[2022.11.02-14.00.30:278][  0]LogConfig: Setting CVar [[r.ShadowQuality:5]]
[2022.11.02-14.00.30:278][  0]LogConfig: Setting CVar [[r.Shadow.CSM.MaxCascades:10]]
[2022.11.02-14.00.30:278][  0]LogConfig: Setting CVar [[r.Shadow.MaxResolution:2048]]
[2022.11.02-14.00.30:278][  0]LogConfig: Setting CVar [[r.Shadow.MaxCSMResolution:2048]]
[2022.11.02-14.00.30:278][  0]LogConfig: Setting CVar [[r.Shadow.RadiusThreshold:0.01]]
[2022.11.02-14.00.30:278][  0]LogConfig: Setting CVar [[r.Shadow.DistanceScale:1.0]]
[2022.11.02-14.00.30:278][  0]LogConfig: Setting CVar [[r.Shadow.CSM.TransitionScale:1.0]]
[2022.11.02-14.00.30:278][  0]LogConfig: Setting CVar [[r.Shadow.PreShadowResolutionFactor:1.0]]
[2022.11.02-14.00.30:278][  0]LogConfig: Setting CVar [[r.DistanceFieldShadowing:1]]
[2022.11.02-14.00.30:279][  0]LogConfig: Setting CVar [[r.DistanceFieldAO:1]]
[2022.11.02-14.00.30:279][  0]LogConfig: Setting CVar [[r.AOQuality:2]]
[2022.11.02-14.00.30:279][  0]LogConfig: Setting CVar [[r.VolumetricFog:1]]
[2022.11.02-14.00.30:279][  0]LogConfig: Setting CVar [[r.VolumetricFog.GridPixelSize:8]]
[2022.11.02-14.00.30:279][  0]LogConfig: Setting CVar [[r.VolumetricFog.GridSizeZ:128]]
[2022.11.02-14.00.30:279][  0]LogConfig: Setting CVar [[r.VolumetricFog.HistoryMissSupersampleCount:4]]
[2022.11.02-14.00.30:279][  0]LogConfig: Setting CVar [[r.LightMaxDrawDistanceScale:1]]
[2022.11.02-14.00.30:279][  0]LogConfig: Setting CVar [[r.CapsuleShadows:1]]
[2022.11.02-14.00.30:279][  0]LogConfig: Applying CVar settings from Section [PostProcessQuality@3] File [C:/Users/Chanwoongs/Desktop/Project/Unreal_Engine_Tutorial/C++/ActionGame/Saved/Config/Windows/Scalability.ini]
[2022.11.02-14.00.30:279][  0]LogConfig: Setting CVar [[r.MotionBlurQuality:4]]
[2022.11.02-14.00.30:279][  0]LogConfig: Setting CVar [[r.AmbientOcclusionMipLevelFactor:0.4]]
[2022.11.02-14.00.30:279][  0]LogConfig: Setting CVar [[r.AmbientOcclusionMaxQuality:100]]
[2022.11.02-14.00.30:279][  0]LogConfig: Setting CVar [[r.AmbientOcclusionLevels:-1]]
[2022.11.02-14.00.30:279][  0]LogConfig: Setting CVar [[r.AmbientOcclusionRadiusScale:1.0]]
[2022.11.02-14.00.30:279][  0]LogConfig: Setting CVar [[r.DepthOfFieldQuality:2]]
[2022.11.02-14.00.30:279][  0]LogConfig: Setting CVar [[r.RenderTargetPoolMin:400]]
[2022.11.02-14.00.30:279][  0]LogConfig: Setting CVar [[r.LensFlareQuality:2]]
[2022.11.02-14.00.30:279][  0]LogConfig: Setting CVar [[r.SceneColorFringeQuality:1]]
[2022.11.02-14.00.30:279][  0]LogConfig: Setting CVar [[r.EyeAdaptationQuality:2]]
[2022.11.02-14.00.30:279][  0]LogConfig: Setting CVar [[r.BloomQuality:5]]
[2022.11.02-14.00.30:279][  0]LogConfig: Setting CVar [[r.FastBlurThreshold:100]]
[2022.11.02-14.00.30:280][  0]LogConfig: Setting CVar [[r.Upscale.Quality:3]]
[2022.11.02-14.00.30:280][  0]LogConfig: Setting CVar [[r.Tonemapper.GrainQuantization:1]]
[2022.11.02-14.00.30:280][  0]LogConfig: Setting CVar [[r.LightShaftQuality:1]]
[2022.11.02-14.00.30:280][  0]LogConfig: Setting CVar [[r.Filter.SizeScale:1]]
[2022.11.02-14.00.30:280][  0]LogConfig: Setting CVar [[r.Tonemapper.Quality:5]]
[2022.11.02-14.00.30:280][  0]LogConfig: Setting CVar [[r.DOF.Gather.AccumulatorQuality:1        ; higher gathering accumulator quality]]
[2022.11.02-14.00.30:280][  0]LogConfig: Setting CVar [[r.DOF.Gather.PostfilterMethod:1          ; Median3x3 postfilering method]]
[2022.11.02-14.00.30:280][  0]LogConfig: Setting CVar [[r.DOF.Gather.EnableBokehSettings:0       ; no bokeh simulation when gathering]]
[2022.11.02-14.00.30:280][  0]LogConfig: Setting CVar [[r.DOF.Gather.RingCount:4                 ; medium number of samples when gathering]]
[2022.11.02-14.00.30:280][  0]LogConfig: Setting CVar [[r.DOF.Scatter.ForegroundCompositing:1    ; additive foreground scattering]]
[2022.11.02-14.00.30:280][  0]LogConfig: Setting CVar [[r.DOF.Scatter.BackgroundCompositing:2    ; additive background scattering]]
[2022.11.02-14.00.30:280][  0]LogConfig: Setting CVar [[r.DOF.Scatter.EnableBokehSettings:1      ; bokeh simulation when scattering]]
[2022.11.02-14.00.30:280][  0]LogConfig: Setting CVar [[r.DOF.Scatter.MaxSpriteRatio:0.1         ; only a maximum of 10% of scattered bokeh]]
[2022.11.02-14.00.30:280][  0]LogConfig: Setting CVar [[r.DOF.Recombine.Quality:1                ; cheap slight out of focus]]
[2022.11.02-14.00.30:280][  0]LogConfig: Setting CVar [[r.DOF.Recombine.EnableBokehSettings:0    ; no bokeh simulation on slight out of focus]]
[2022.11.02-14.00.30:280][  0]LogConfig: Setting CVar [[r.DOF.TemporalAAQuality:1                ; more stable temporal accumulation]]
[2022.11.02-14.00.30:281][  0]LogConfig: Setting CVar [[r.DOF.Kernel.MaxForegroundRadius:0.025]]
[2022.11.02-14.00.30:281][  0]LogConfig: Setting CVar [[r.DOF.Kernel.MaxBackgroundRadius:0.025]]
[2022.11.02-14.00.30:281][  0]LogConfig: Applying CVar settings from Section [TextureQuality@3] File [C:/Users/Chanwoongs/Desktop/Project/Unreal_Engine_Tutorial/C++/ActionGame/Saved/Config/Windows/Scalability.ini]
[2022.11.02-14.00.30:281][  0]LogConfig: Setting CVar [[r.Streaming.MipBias:0]]
[2022.11.02-14.00.30:281][  0]LogConfig: Setting CVar [[r.Streaming.AmortizeCPUToGPUCopy:0]]
[2022.11.02-14.00.30:281][  0]LogConfig: Setting CVar [[r.Streaming.MaxNumTexturesToStreamPerFrame:0]]
[2022.11.02-14.00.30:281][  0]LogConfig: Setting CVar [[r.Streaming.Boost:1]]
[2022.11.02-14.00.30:281][  0]LogConfig: Setting CVar [[r.MaxAnisotropy:8]]
[2022.11.02-14.00.30:281][  0]LogConfig: Setting CVar [[r.VT.MaxAnisotropy:8]]
[2022.11.02-14.00.30:281][  0]LogConfig: Setting CVar [[r.Streaming.LimitPoolSizeToVRAM:0]]
[2022.11.02-14.00.30:281][  0]LogConfig: Setting CVar [[r.Streaming.PoolSize:1000]]
[2022.11.02-14.00.30:281][  0]LogConfig: Setting CVar [[r.Streaming.MaxEffectiveScreenSize:0]]
[2022.11.02-14.00.30:281][  0]LogConfig: Applying CVar settings from Section [EffectsQuality@3] File [C:/Users/Chanwoongs/Desktop/Project/Unreal_Engine_Tutorial/C++/ActionGame/Saved/Config/Windows/Scalability.ini]
[2022.11.02-14.00.30:281][  0]LogConfig: Setting CVar [[r.TranslucencyLightingVolumeDim:64]]
[2022.11.02-14.00.30:281][  0]LogConfig: Setting CVar [[r.RefractionQuality:2]]
[2022.11.02-14.00.30:282][  0]LogConfig: Setting CVar [[r.SSR.Quality:3]]
[2022.11.02-14.00.30:282][  0]LogConfig: Setting CVar [[r.SSR.HalfResSceneColor:0]]
[2022.11.02-14.00.30:282][  0]LogConfig: Setting CVar [[r.SceneColorFormat:4]]
[2022.11.02-14.00.30:282][  0]LogConfig: Setting CVar [[r.DetailMode:2]]
[2022.11.02-14.00.30:282][  0]LogConfig: Setting CVar [[r.TranslucencyVolumeBlur:1]]
[2022.11.02-14.00.30:282][  0]LogConfig: Setting CVar [[r.MaterialQualityLevel:1 ; High quality]]
[2022.11.02-14.00.30:282][  0]LogConfig: Setting CVar [[r.SSS.Scale:1]]
[2022.11.02-14.00.30:282][  0]LogConfig: Setting CVar [[r.SSS.SampleSet:2]]
[2022.11.02-14.00.30:282][  0]LogConfig: Setting CVar [[r.SSS.Quality:1]]
[2022.11.02-14.00.30:282][  0]LogConfig: Setting CVar [[r.SSS.HalfRes:0]]
[2022.11.02-14.00.30:282][  0]LogConfig: Setting CVar [[r.SSGI.Quality:3]]
[2022.11.02-14.00.30:282][  0]LogConfig: Setting CVar [[r.EmitterSpawnRateScale:1.0]]
[2022.11.02-14.00.30:282][  0]LogConfig: Setting CVar [[r.ParticleLightQuality:2]]
[2022.11.02-14.00.30:282][  0]LogConfig: Setting CVar [[r.SkyAtmosphere.AerialPerspectiveLUT.FastApplyOnOpaque:1 ; Always have FastSkyLUT 1 in this case to avoid wrong sky]]
[2022.11.02-14.00.30:283][  0]LogConfig: Setting CVar [[r.SkyAtmosphere.AerialPerspectiveLUT.SampleCountPerSlice:1]]
[2022.11.02-14.00.30:283][  0]LogConfig: Setting CVar [[r.SkyAtmosphere.AerialPerspectiveLUT.DepthResolution:16.0]]
[2022.11.02-14.00.30:283][  0]LogConfig: Setting CVar [[r.SkyAtmosphere.FastSkyLUT:1]]
[2022.11.02-14.00.30:283][  0]LogConfig: Setting CVar [[r.SkyAtmosphere.FastSkyLUT.SampleCountMin:4.0]]
[2022.11.02-14.00.30:283][  0]LogConfig: Setting CVar [[r.SkyAtmosphere.FastSkyLUT.SampleCountMax:32.0]]
[2022.11.02-14.00.30:283][  0]LogConfig: Setting CVar [[r.SkyAtmosphere.SampleCountMin:4.0]]
[2022.11.02-14.00.30:283][  0]LogConfig: Setting CVar [[r.SkyAtmosphere.SampleCountMax:32.0]]
[2022.11.02-14.00.30:283][  0]LogConfig: Setting CVar [[r.SkyAtmosphere.TransmittanceLUT.UseSmallFormat:0]]
[2022.11.02-14.00.30:283][  0]LogConfig: Setting CVar [[r.SkyAtmosphere.TransmittanceLUT.SampleCount:10.0]]
[2022.11.02-14.00.30:283][  0]LogConfig: Setting CVar [[r.SkyAtmosphere.MultiScatteringLUT.SampleCount:15.0]]
[2022.11.02-14.00.30:283][  0]LogConfig: Applying CVar settings from Section [FoliageQuality@3] File [C:/Users/Chanwoongs/Desktop/Project/Unreal_Engine_Tutorial/C++/ActionGame/Saved/Config/Windows/Scalability.ini]
[2022.11.02-14.00.30:283][  0]LogConfig: Setting CVar [[foliage.DensityScale:1.0]]
[2022.11.02-14.00.30:283][  0]LogConfig: Setting CVar [[grass.DensityScale:1.0]]
[2022.11.02-14.00.30:283][  0]LogConfig: Applying CVar settings from Section [ShadingQuality@3] File [C:/Users/Chanwoongs/Desktop/Project/Unreal_Engine_Tutorial/C++/ActionGame/Saved/Config/Windows/Scalability.ini]
[2022.11.02-14.00.30:284][  0]LogConfig: Setting CVar [[r.HairStrands.SkyLighting.SampleCount:16]]
[2022.11.02-14.00.30:284][  0]LogConfig: Setting CVar [[r.HairStrands.SkyLighting.JitterIntegration:0]]
[2022.11.02-14.00.30:284][  0]LogConfig: Setting CVar [[r.HairStrands.SkyAO.SampleCount:16]]
[2022.11.02-14.00.30:284][  0]LogConfig: Setting CVar [[r.HairStrands.DeepShadow.SuperSampling:0]]
[2022.11.02-14.00.30:284][  0]LogConfig: Setting CVar [[r.HairStrands.VisibilityPPLL:0]]
[2022.11.02-14.00.30:284][  0]LogConfig: Setting CVar [[r.HairStrands.RasterizationScale:0.5]]
[2022.11.02-14.00.30:284][  0]LogConfig: Setting CVar [[r.HairStrands.VelocityRasterizationScale:1]]
[2022.11.02-14.00.30:284][  0]LogConfig: Applying CVar settings from Section [Startup] File [../../../Engine/Config/ConsoleVariables.ini]
[2022.11.02-14.00.30:284][  0]LogConfig: Setting CVar [[net.UseAdaptiveNetUpdateFrequency:0]]
[2022.11.02-14.00.30:284][  0]LogConfig: Setting CVar [[p.chaos.AllowCreatePhysxBodies:1]]
[2022.11.02-14.00.30:285][  0]LogConfig: Setting CVar [[fx.SkipVectorVMBackendOptimizations:1]]
[2022.11.02-14.00.30:285][  0]LogConfig: Applying CVar settings from Section [ConsoleVariables] File [C:/Users/Chanwoongs/Desktop/Project/Unreal_Engine_Tutorial/C++/ActionGame/Saved/Config/Windows/Engine.ini]
[2022.11.02-14.00.30:285][  0]LogInit: Computer: 찬웅
[2022.11.02-14.00.30:285][  0]LogInit: User: Chanwoongs
[2022.11.02-14.00.30:285][  0]LogInit: CPU Page size=4096, Cores=8
[2022.11.02-14.00.30:285][  0]LogInit: High frequency timer resolution =10.000000 MHz
[2022.11.02-14.00.30:285][  0]LogMemory: Memory total: Physical=47.9GB (48GB approx)
[2022.11.02-14.00.30:285][  0]LogMemory: Platform Memory Stats for Windows
[2022.11.02-14.00.30:285][  0]LogMemory: Process Physical Memory: 119.07 MB used, 119.07 MB peak
[2022.11.02-14.00.30:285][  0]LogMemory: Process Virtual Memory: 98.04 MB used, 98.04 MB peak
[2022.11.02-14.00.30:285][  0]LogMemory: Physical Memory: 15660.18 MB used,  33410.15 MB free, 49070.33 MB total
[2022.11.02-14.00.30:285][  0]LogMemory: Virtual Memory: 5150.10 MB used,  134212576.00 MB free, 134217728.00 MB total
[2022.11.02-14.00.30:316][  0]LogWindows: WindowsPlatformFeatures enabled
[2022.11.02-14.00.30:598][  0]LogInit: Physics initialised using underlying interface: PhysX
[2022.11.02-14.00.30:599][  0]LogInit: Using OS detected language (ko-KR).
[2022.11.02-14.00.30:599][  0]LogInit: Using OS detected locale (ko-KR).
[2022.11.02-14.00.30:602][  0]LogTextLocalizationManager: No specific localization for 'ko-KR' exists, so the 'ko' localization will be used.
[2022.11.02-14.00.30:674][  0]LogInit: Setting process to per monitor DPI aware
[2022.11.02-14.00.30:828][  0]LogSlate: New Slate User Created.  User Index 0, Is Virtual User: 0
[2022.11.02-14.00.30:828][  0]LogSlate: Slate User Registered.  User Index 0, Is Virtual User: 0
[2022.11.02-14.00.31:092][  0]LogD3D12RHI: Aftermath initialized
[2022.11.02-14.00.31:092][  0]LogD3D12RHI: Loading WinPixEventRuntime.dll for PIX profiling (from ../../../Engine/Binaries/ThirdParty/Windows/WinPixEventRuntime/x64).
[2022.11.02-14.00.31:104][  0]LogHMD: Failed to initialize OpenVR with code 110
[2022.11.02-14.00.31:357][  0]LogD3D12RHI: Found D3D12 adapter 0: NVIDIA GeForce RTX 2080 (Max supported Feature Level 12_1)
[2022.11.02-14.00.31:357][  0]LogD3D12RHI: Adapter has 8010MB of dedicated video memory, 0MB of dedicated system memory, and 24535MB of shared system memory, 2 output[s]
[2022.11.02-14.00.31:379][  0]LogD3D12RHI: Found D3D12 adapter 1: Microsoft Basic Render Driver (Max supported Feature Level 12_1)
[2022.11.02-14.00.31:380][  0]LogD3D12RHI: Adapter has 0MB of dedicated video memory, 0MB of dedicated system memory, and 24535MB of shared system memory, 0 output[s]
[2022.11.02-14.00.31:380][  0]LogD3D12RHI: Forcing D3D12.AsyncDeferredDeletion=0 as a workaround for a deadlock.
[2022.11.02-14.00.31:380][  0]LogD3D12RHI: Chosen D3D12 Adapter Id = 0
[2022.11.02-14.00.31:386][  0]LogD3D12RHI: Emitting draw events for PIX profiling.
[2022.11.02-14.00.31:487][  0]LogD3D12RHI: D3D12 ray tracing enabled.
[2022.11.02-14.00.31:487][  0]LogD3D12RHI: The system supports ID3D12Device1.
[2022.11.02-14.00.31:487][  0]LogD3D12RHI: The system supports ID3D12Device2.
[2022.11.02-14.00.31:522][  0]LogD3D12RHI: [GPUBreadCrumb] Successfully setup breadcrumb resource for 3D Queue 0
[2022.11.02-14.00.31:529][  0]LogD3D12RHI: [GPUBreadCrumb] Successfully setup breadcrumb resource for Copy Queue 0
[2022.11.02-14.00.31:541][  0]LogD3D12RHI: [GPUBreadCrumb] Successfully setup breadcrumb resource for Compute Queue 0
[2022.11.02-14.00.31:556][  0]LogD3D12RHI: Display: Not using pipeline state disk cache per r.D3D12.PSO.DiskCache=0
[2022.11.02-14.00.31:556][  0]LogD3D12RHI: Display: Not using driver-optimized pipeline state disk cache per r.D3D12.PSO.DriverOptimizedDiskCache=0
[2022.11.02-14.00.31:558][  0]LogD3D12RHI:     GPU DeviceId: 0x1e87 (for the marketing name, search the web for "GPU Device Id")
[2022.11.02-14.00.31:558][  0]LogWindows: EnumDisplayDevices:
[2022.11.02-14.00.31:558][  0]LogWindows:    0. 'NVIDIA GeForce RTX 2080' (P:1 D:1)
[2022.11.02-14.00.31:558][  0]LogWindows:    1. 'NVIDIA GeForce RTX 2080' (P:0 D:1)
[2022.11.02-14.00.31:559][  0]LogWindows:    2. 'NVIDIA GeForce RTX 2080' (P:0 D:0)
[2022.11.02-14.00.31:560][  0]LogWindows:    3. 'NVIDIA GeForce RTX 2080' (P:0 D:0)
[2022.11.02-14.00.31:561][  0]LogWindows: DebugString: FoundDriverCount:4 
[2022.11.02-14.00.31:561][  0]LogD3D12RHI:     Adapter Name: NVIDIA GeForce RTX 2080
[2022.11.02-14.00.31:561][  0]LogD3D12RHI:   Driver Version: 522.25 (internal:31.0.15.2225, unified:522.25)
[2022.11.02-14.00.31:561][  0]LogD3D12RHI:      Driver Date: 10-6-2022
[2022.11.02-14.00.31:562][  0]LogRHI: Texture pool is 4562 MB (70% of 6517 MB)
[2022.11.02-14.00.31:562][  0]LogD3D12RHI: Async texture creation enabled
[2022.11.02-14.00.31:562][  0]LogD3D12RHI: RHI has support for 64 bit atomics
[2022.11.02-14.00.31:992][  0]LogTargetPlatformManager: Display: Loaded TargetPlatform 'AllDesktop'
[2022.11.02-14.00.32:018][  0]LogTargetPlatformManager: Display: Loaded TargetPlatform 'Android'
[2022.11.02-14.00.32:018][  0]LogTargetPlatformManager: Display: Loaded TargetPlatform 'Android_ASTC'
[2022.11.02-14.00.32:018][  0]LogTargetPlatformManager: Display: Loaded TargetPlatform 'Android_DXT'
[2022.11.02-14.00.32:018][  0]LogTargetPlatformManager: Display: Loaded TargetPlatform 'Android_ETC2'
[2022.11.02-14.00.32:018][  0]LogTargetPlatformManager: Display: Loaded TargetPlatform 'AndroidClient'
[2022.11.02-14.00.32:018][  0]LogTargetPlatformManager: Display: Loaded TargetPlatform 'Android_ASTCClient'
[2022.11.02-14.00.32:018][  0]LogTargetPlatformManager: Display: Loaded TargetPlatform 'Android_DXTClient'
[2022.11.02-14.00.32:018][  0]LogTargetPlatformManager: Display: Loaded TargetPlatform 'Android_ETC2Client'
[2022.11.02-14.00.32:018][  0]LogTargetPlatformManager: Display: Loaded TargetPlatform 'Android_Multi'
[2022.11.02-14.00.32:018][  0]LogTargetPlatformManager: Display: Loaded TargetPlatform 'Android_MultiClient'
[2022.11.02-14.00.32:067][  0]LogTargetPlatformManager: Display: Loaded TargetPlatform 'IOSClient'
[2022.11.02-14.00.32:067][  0]LogTargetPlatformManager: Display: Loaded TargetPlatform 'IOS'
[2022.11.02-14.00.32:085][  0]LogTargetPlatformManager: Display: Loaded TargetPlatform 'Linux'
[2022.11.02-14.00.32:101][  0]LogTargetPlatformManager: Display: Loaded TargetPlatform 'LinuxNoEditor'
[2022.11.02-14.00.32:117][  0]LogTargetPlatformManager: Display: Loaded TargetPlatform 'LinuxClient'
[2022.11.02-14.00.32:132][  0]LogTargetPlatformManager: Display: Loaded TargetPlatform 'LinuxServer'
[2022.11.02-14.00.32:148][  0]LogTargetPlatformManager: Display: Loaded TargetPlatform 'LinuxAArch64NoEditor'
[2022.11.02-14.00.32:164][  0]LogTargetPlatformManager: Display: Loaded TargetPlatform 'LinuxAArch64Client'
[2022.11.02-14.00.32:180][  0]LogTargetPlatformManager: Display: Loaded TargetPlatform 'LinuxAArch64Server'
[2022.11.02-14.00.32:215][  0]LogTargetPlatformManager: Display: Loaded TargetPlatform 'Lumin'
[2022.11.02-14.00.32:215][  0]LogTargetPlatformManager: Display: Loaded TargetPlatform 'LuminClient'
[2022.11.02-14.00.32:237][  0]LogTargetPlatformManager: Display: Loaded TargetPlatform 'TVOSClient'
[2022.11.02-14.00.32:237][  0]LogTargetPlatformManager: Display: Loaded TargetPlatform 'TVOS'
[2022.11.02-14.00.32:256][  0]LogTargetPlatformManager: Display: Loaded TargetPlatform 'WindowsNoEditor'
[2022.11.02-14.00.32:275][  0]LogTargetPlatformManager: Display: Loaded TargetPlatform 'Windows'
[2022.11.02-14.00.32:293][  0]LogTargetPlatformManager: Display: Loaded TargetPlatform 'WindowsClient'
[2022.11.02-14.00.32:312][  0]LogTargetPlatformManager: Display: Loaded TargetPlatform 'WindowsServer'
[2022.11.02-14.00.32:312][  0]LogTargetPlatformManager: Display: Building Assets For Windows
[2022.11.02-14.00.32:344][  0]LogAudioDebug: Display: Lib vorbis DLL was dynamically loaded.
[2022.11.02-14.00.32:564][  0]LogShaderCompilers: Guid format shader working directory is -23 characters bigger than the processId version (C:/Users/Chanwoongs/Desktop/Project/Unreal_Engine_Tutorial/C++/ActionGame/Intermediate/Shaders/WorkingDirectory/11520/).
[2022.11.02-14.00.32:565][  0]LogShaderCompilers: Cleaned the shader compiler working directory 'C:/Users/Chanwoongs/AppData/Local/Temp/UnrealShaderWorkingDir/3653FEB54F589C3A569948A7C13E47E9/'.
[2022.11.02-14.00.32:566][  0]LogXGEController: Cannot use XGE Controller as Incredibuild is not installed on this machine.
[2022.11.02-14.00.32:566][  0]LogShaderCompilers: Cannot use XGE Shader Compiler as Incredibuild is not installed on this machine.
[2022.11.02-14.00.32:566][  0]LogShaderCompilers: Display: Using Local Shader Compiler.
[2022.11.02-14.00.33:252][  0]LogDerivedDataCache: Display: Max Cache Size: 512 MB
[2022.11.02-14.00.33:306][  0]LogDerivedDataCache: Loaded boot cache 0.06s 119MB C:/Users/Chanwoongs/AppData/Local/UnrealEngine/4.25/DerivedDataCache/Boot.ddc.
[2022.11.02-14.00.33:307][  0]LogDerivedDataCache: Display: Loaded Boot cache: C:/Users/Chanwoongs/AppData/Local/UnrealEngine/4.25/DerivedDataCache/Boot.ddc
[2022.11.02-14.00.33:307][  0]LogDerivedDataCache: FDerivedDataBackendGraph:  Pak pak cache file C:/Users/Chanwoongs/Desktop/Project/Unreal_Engine_Tutorial/C++/ActionGame/DerivedDataCache/DDC.ddp not found, will not use a pak cache.
[2022.11.02-14.00.33:307][  0]LogDerivedDataCache: Unable to find inner node Pak for hierarchical cache Hierarchy.
[2022.11.02-14.00.33:307][  0]LogDerivedDataCache: FDerivedDataBackendGraph:  CompressedPak pak cache file C:/Users/Chanwoongs/Desktop/Project/Unreal_Engine_Tutorial/C++/ActionGame/DerivedDataCache/Compressed.ddp not found, will not use a pak cache.
[2022.11.02-14.00.33:307][  0]LogDerivedDataCache: Unable to find inner node CompressedPak for hierarchical cache Hierarchy.
[2022.11.02-14.00.33:315][  0]LogDerivedDataCache: Display: Pak cache opened for reading ../../../Engine/DerivedDataCache/Compressed.ddp.
[2022.11.02-14.00.33:316][  0]LogDerivedDataCache: FDerivedDataBackendGraph:  EnterprisePak pak cache file ../../../Enterprise/DerivedDataCache/Compressed.ddp not found, will not use a pak cache.
[2022.11.02-14.00.33:316][  0]LogDerivedDataCache: Unable to find inner node EnterprisePak for hierarchical cache Hierarchy.
[2022.11.02-14.00.33:318][  0]LogDerivedDataCache: Using Local data cache path C:/Users/Chanwoongs/AppData/Local/UnrealEngine/Common/DerivedDataCache: Writable
[2022.11.02-14.00.33:318][  0]LogDerivedDataCache: Shared data cache path not found in *engine.ini, will not use an Shared cache.
[2022.11.02-14.00.33:318][  0]LogDerivedDataCache: Unable to find inner node Shared for hierarchical cache Hierarchy.
[2022.11.02-14.00.33:367][  0]LogSlate: Using FreeType 2.10.0
[2022.11.02-14.00.33:368][  0]LogSlate: SlateFontServices - WITH_FREETYPE: 1, WITH_HARFBUZZ: 1
[2022.11.02-14.00.33:405][  0]LogAssetRegistry: FAssetRegistry took 0.0045 seconds to start up
[2022.11.02-14.00.33:586][  0]LogInit: Selected Device Profile: [Windows]
[2022.11.02-14.00.33:778][  0]LogMeshReduction: Using QuadricMeshReduction for automatic static mesh reduction
[2022.11.02-14.00.33:778][  0]LogMeshReduction: Using SimplygonMeshReduction for automatic skeletal mesh reduction
[2022.11.02-14.00.33:778][  0]LogMeshReduction: Using ProxyLODMeshReduction for automatic mesh merging
[2022.11.02-14.00.33:778][  0]LogMeshReduction: No distributed automatic mesh merging module available
[2022.11.02-14.00.33:778][  0]LogMeshMerging: No distributed automatic mesh merging module available
[2022.11.02-14.00.33:900][  0]LogNetVersion: ActionGame 1.0.0, NetCL: 13144385, EngineNetVer: 14, GameNetVer: 0 (Checksum: 4144894281)
[2022.11.02-14.00.34:256][  0]LogAISub: UAISubsystem::UAISubsystem AISubsystem (0000027396F924C0), frame # 0
[2022.11.02-14.00.34:257][  0]LogAISub: UAISubsystem::UAISubsystem AIPerceptionSystem (0000027396F16980), frame # 0
[2022.11.02-14.00.34:258][  0]LogAISub: UAISubsystem::UAISubsystem EnvQueryManager (0000027396F2B000), frame # 0
[2022.11.02-14.00.34:318][  0]LogPackageLocalizationCache: Processed 19 localized package path(s) for 1 prioritized culture(s) in 0.054275 seconds
[2022.11.02-14.00.34:322][  0]LogUObjectArray: 15917 objects as part of root set at end of initial load.
[2022.11.02-14.00.34:322][  0]LogUObjectAllocator: 3965568 out of 0 bytes used by permanent object pool.
[2022.11.02-14.00.34:322][  0]LogUObjectArray: CloseDisregardForGC: 0/0 objects in disregard for GC pool
[2022.11.02-14.00.34:851][  0]LogD3D12RHI: Creating RTPSO with 3 shaders (0 cached, 3 new) took 108.70 ms. Compile time 6.22 ms, link time 102.44 ms.
[2022.11.02-14.00.34:952][  0]LogD3D12RHI: Creating RTPSO with 3 shaders (1 cached, 2 new) took 100.34 ms. Compile time 3.68 ms, link time 96.65 ms.
[2022.11.02-14.00.35:536][  0]LogTcpMessaging: Initializing TcpMessaging bridge
[2022.11.02-14.00.35:549][  0]LogUdpMessaging: Initializing bridge on interface 0.0.0.0:0 to multicast group 230.0.0.1:6666.
[2022.11.02-14.00.35:848][  0]LogLinker: Warning: 'C:/Users/Chanwoongs/Desktop/Project/Unreal_Engine_Tutorial/C++/ActionGame/Content/Character/Animations/Wizard/Wizard_Attack_1.uasset' 로드 도중 '/Game/Notifies/Wizard/AN_WizardThrow' 로드에 실패했습니다: 파일을 찾을 수 없습니다.
[2022.11.02-14.00.35:849][  0]LogLinker: Warning: 'C:/Users/Chanwoongs/Desktop/Project/Unreal_Engine_Tutorial/C++/ActionGame/Content/Character/Animations/Wizard/Wizard_Attack_1.uasset' 로드 도중 '/Game/Notifies/Wizard/AN_WizardThrow' 로드에 실패했습니다: 애셋에 대한 파일을 찾을 수 없습니다.
[2022.11.02-14.00.35:849][  0]LogLinker: Warning: 'C:/Users/Chanwoongs/Desktop/Project/Unreal_Engine_Tutorial/C++/ActionGame/Content/Character/Animations/Wizard/Wizard_Attack_1.uasset' 로드 도중 '/Game/Notifies/Wizard/AN_WizardThrow' 로드에 실패했습니다: 파일을 찾을 수 없습니다.
[2022.11.02-14.00.35:850][  0]LogLinker: Warning: 'C:/Users/Chanwoongs/Desktop/Project/Unreal_Engine_Tutorial/C++/ActionGame/Content/Character/Animations/Wizard/Wizard_Attack_1.uasset' 로드 도중 '/Game/Notifies/Wizard/AN_WizardThrow' 로드에 실패했습니다: 애셋에 대한 파일을 찾을 수 없습니다.
[2022.11.02-14.00.35:850][  0]LogLinker: Warning: 'C:/Users/Chanwoongs/Desktop/Project/Unreal_Engine_Tutorial/C++/ActionGame/Content/Character/Montages/IceBall/IceBall_Montage.uasset' 로드 도중 '/Game/Notifies/Wizard/AN_WizardThrow' 로드에 실패했습니다: 파일을 찾을 수 없습니다.
[2022.11.02-14.00.35:850][  0]LogLinker: Warning: 'C:/Users/Chanwoongs/Desktop/Project/Unreal_Engine_Tutorial/C++/ActionGame/Content/Character/Montages/IceBall/IceBall_Montage.uasset' 로드 도중 '/Game/Notifies/Wizard/AN_WizardThrow' 로드에 실패했습니다: 애셋에 대한 파일을 찾을 수 없습니다.
[2022.11.02-14.00.35:851][  0]LogLinker: Warning: 'C:/Users/Chanwoongs/Desktop/Project/Unreal_Engine_Tutorial/C++/ActionGame/Content/Character/Montages/IceBall/IceBall_Montage.uasset' 로드 도중 '/Game/Notifies/Wizard/AN_WizardThrow' 로드에 실패했습니다: 파일을 찾을 수 없습니다.
[2022.11.02-14.00.35:851][  0]LogLinker: Warning: 'C:/Users/Chanwoongs/Desktop/Project/Unreal_Engine_Tutorial/C++/ActionGame/Content/Character/Montages/IceBall/IceBall_Montage.uasset' 로드 도중 '/Game/Notifies/Wizard/AN_WizardThrow' 로드에 실패했습니다: 애셋에 대한 파일을 찾을 수 없습니다.
[2022.11.02-14.00.35:865][  0]LogLinker: Warning: 'C:/Users/Chanwoongs/Desktop/Project/Unreal_Engine_Tutorial/C++/ActionGame/Content/Character/Animations/Sword/Sword_Draw_2.uasset' 로드 도중 '/Game/Notifies/Sword/AN_Equipped' 로드에 실패했습니다: 파일을 찾을 수 없습니다.
[2022.11.02-14.00.35:865][  0]LogLinker: Warning: 'C:/Users/Chanwoongs/Desktop/Project/Unreal_Engine_Tutorial/C++/ActionGame/Content/Character/Animations/Sword/Sword_Draw_2.uasset' 로드 도중 '/Game/Notifies/Sword/AN_Equipped' 로드에 실패했습니다: 애셋에 대한 파일을 찾을 수 없습니다.
[2022.11.02-14.00.35:866][  0]LogLinker: Warning: 'C:/Users/Chanwoongs/Desktop/Project/Unreal_Engine_Tutorial/C++/ActionGame/Content/Character/Animations/Sword/Sword_Draw_2.uasset' 로드 도중 '/Game/Notifies/Sword/AN_GrabSword' 로드에 실패했습니다: 파일을 찾을 수 없습니다.
[2022.11.02-14.00.35:866][  0]LogLinker: Warning: 'C:/Users/Chanwoongs/Desktop/Project/Unreal_Engine_Tutorial/C++/ActionGame/Content/Character/Animations/Sword/Sword_Draw_2.uasset' 로드 도중 '/Game/Notifies/Sword/AN_GrabSword' 로드에 실패했습니다: 애셋에 대한 파일을 찾을 수 없습니다.
[2022.11.02-14.00.35:867][  0]LogLinker: Warning: 'C:/Users/Chanwoongs/Desktop/Project/Unreal_Engine_Tutorial/C++/ActionGame/Content/Character/Animations/Sword/Sword_Draw_2.uasset' 로드 도중 '/Game/Notifies/Sword/AN_Equipped' 로드에 실패했습니다: 파일을 찾을 수 없습니다.
[2022.11.02-14.00.35:867][  0]LogLinker: Warning: 'C:/Users/Chanwoongs/Desktop/Project/Unreal_Engine_Tutorial/C++/ActionGame/Content/Character/Animations/Sword/Sword_Draw_2.uasset' 로드 도중 '/Game/Notifies/Sword/AN_Equipped' 로드에 실패했습니다: 애셋에 대한 파일을 찾을 수 없습니다.
[2022.11.02-14.00.35:867][  0]LogLinker: Warning: 'C:/Users/Chanwoongs/Desktop/Project/Unreal_Engine_Tutorial/C++/ActionGame/Content/Character/Animations/Sword/Sword_Draw_2.uasset' 로드 도중 '/Game/Notifies/Sword/AN_GrabSword' 로드에 실패했습니다: 파일을 찾을 수 없습니다.
[2022.11.02-14.00.35:868][  0]LogLinker: Warning: 'C:/Users/Chanwoongs/Desktop/Project/Unreal_Engine_Tutorial/C++/ActionGame/Content/Character/Animations/Sword/Sword_Draw_2.uasset' 로드 도중 '/Game/Notifies/Sword/AN_GrabSword' 로드에 실패했습니다: 애셋에 대한 파일을 찾을 수 없습니다.
[2022.11.02-14.00.35:868][  0]LogLinker: Warning: 'C:/Users/Chanwoongs/Desktop/Project/Unreal_Engine_Tutorial/C++/ActionGame/Content/Character/Montages/OneHand/Sword_Draw_Montage.uasset' 로드 도중 '/Game/Notifies/Sword/AN_Equipped' 로드에 실패했습니다: 파일을 찾을 수 없습니다.
[2022.11.02-14.00.35:869][  0]LogLinker: Warning: 'C:/Users/Chanwoongs/Desktop/Project/Unreal_Engine_Tutorial/C++/ActionGame/Content/Character/Montages/OneHand/Sword_Draw_Montage.uasset' 로드 도중 '/Game/Notifies/Sword/AN_Equipped' 로드에 실패했습니다: 애셋에 대한 파일을 찾을 수 없습니다.
[2022.11.02-14.00.35:869][  0]LogLinker: Warning: 'C:/Users/Chanwoongs/Desktop/Project/Unreal_Engine_Tutorial/C++/ActionGame/Content/Character/Montages/OneHand/Sword_Draw_Montage.uasset' 로드 도중 '/Game/Notifies/Sword/AN_Equipped' 로드에 실패했습니다: 파일을 찾을 수 없습니다.
[2022.11.02-14.00.35:869][  0]LogLinker: Warning: 'C:/Users/Chanwoongs/Desktop/Project/Unreal_Engine_Tutorial/C++/ActionGame/Content/Character/Montages/OneHand/Sword_Draw_Montage.uasset' 로드 도중 '/Game/Notifies/Sword/AN_Equipped' 로드에 실패했습니다: 애셋에 대한 파일을 찾을 수 없습니다.
[2022.11.02-14.00.35:870][  0]LogLinker: Warning: 'C:/Users/Chanwoongs/Desktop/Project/Unreal_Engine_Tutorial/C++/ActionGame/Content/Character/Montages/OneHand/Sword_Draw_Montage.uasset' 로드 도중 '/Game/Notifies/Sword/AN_GrabSword' 로드에 실패했습니다: 파일을 찾을 수 없습니다.
[2022.11.02-14.00.35:870][  0]LogLinker: Warning: 'C:/Users/Chanwoongs/Desktop/Project/Unreal_Engine_Tutorial/C++/ActionGame/Content/Character/Montages/OneHand/Sword_Draw_Montage.uasset' 로드 도중 '/Game/Notifies/Sword/AN_GrabSword' 로드에 실패했습니다: 애셋에 대한 파일을 찾을 수 없습니다.
[2022.11.02-14.00.35:870][  0]LogLinker: Warning: 'C:/Users/Chanwoongs/Desktop/Project/Unreal_Engine_Tutorial/C++/ActionGame/Content/Character/Montages/OneHand/Sword_Draw_Montage.uasset' 로드 도중 '/Game/Notifies/Sword/AN_GrabSword' 로드에 실패했습니다: 파일을 찾을 수 없습니다.
[2022.11.02-14.00.35:871][  0]LogLinker: Warning: 'C:/Users/Chanwoongs/Desktop/Project/Unreal_Engine_Tutorial/C++/ActionGame/Content/Character/Montages/OneHand/Sword_Draw_Montage.uasset' 로드 도중 '/Game/Notifies/Sword/AN_GrabSword' 로드에 실패했습니다: 애셋에 대한 파일을 찾을 수 없습니다.
[2022.11.02-14.00.36:015][  0]LogPackageName: Warning: Asset path "StaticMesh'FX_Meshes_IB.SM_Debris_Box_RadialFull'" is in short form, which is unsupported and -- even if valid -- resolving it will be really slow.
[2022.11.02-14.00.36:015][  0]LogPackageName: Warning: Please consider resaving package in order to speed-up loading.
[2022.11.02-14.00.36:146][  0]LogPackageName: SearchForPackageOnDisk took   0.131s, but failed to resolve StaticMesh'FX_Meshes_IB.
[2022.11.02-14.00.36:147][  0]LogPackageName: Warning: Asset path "StaticMesh'FX_Meshes_IB.SM_Debris_Box_RadialFull'" could not be resolved.
[2022.11.02-14.00.36:372][  0]SourceControl: 소스 컨트롤이 꺼졌습니다.
[2022.11.02-14.00.36:372][  0]SourceControl: 소스 컨트롤이 꺼졌습니다.
[2022.11.02-14.00.36:394][  0]SourceControl: 소스 컨트롤이 꺼졌습니다.
[2022.11.02-14.00.36:407][  0]SourceControl: 소스 컨트롤이 꺼졌습니다.
[2022.11.02-14.00.36:437][  0]SourceControl: 소스 컨트롤이 꺼졌습니다.
[2022.11.02-14.00.37:294][  0]LogAndroidPermission: UAndroidPermissionCallbackProxy::GetInstance
[2022.11.02-14.00.37:368][  0]LogAudioCaptureCore: Display: No Audio Capture implementations found. Audio input will be silent.
[2022.11.02-14.00.37:369][  0]LogAudioCaptureCore: Display: No Audio Capture implementations found. Audio input will be silent.
[2022.11.02-14.00.37:493][  0]LogOcInput: OculusInput pre-init called
[2022.11.02-14.00.37:522][  0]LogWindows: Failed to load 'OVRPlugin.dll' (GetLastError=126)
[2022.11.02-14.00.37:522][  0]LogWindows: File 'OVRPlugin.dll' does not exist
[2022.11.02-14.00.37:642][  0]LogEngine: Initializing Engine...
[2022.11.02-14.00.37:644][  0]LogHMD: Failed to initialize OpenVR with code 110
[2022.11.02-14.00.37:644][  0]LogMagicLeap: Warning: VR disabled because ZI is not enabled.  To enable, in the editor, Edit -> Project Settings -> Plugins -> Magic Leap Plugin -> Enable Zero Iteration
[2022.11.02-14.00.37:645][  0]LogStats: UGameplayTagsManager::InitializeManager -  0.000 s
[2022.11.02-14.00.37:745][  0]LogInit: Initializing FReadOnlyCVARCache
[2022.11.02-14.00.37:762][  0]LogAIModule: Creating AISystem for world Untitled
[2022.11.02-14.00.37:762][  0]LogAISub: UAISubsystem::UAISubsystem EnvQueryManager (00000273B2161200), frame # 0
[2022.11.02-14.00.37:762][  0]LogAISub: UAISubsystem::UAISubsystem AIPerceptionSystem (00000273B212BB00), frame # 0
[2022.11.02-14.00.37:777][  0]LogAudioMixer: Display: Audio Mixer Platform Settings:
[2022.11.02-14.00.37:777][  0]LogAudioMixer: Display: 	Sample Rate:						  48000
[2022.11.02-14.00.37:777][  0]LogAudioMixer: Display: 	Callback Buffer Frame Size Requested: 1024
[2022.11.02-14.00.37:777][  0]LogAudioMixer: Display: 	Callback Buffer Frame Size To Use:	  1024
[2022.11.02-14.00.37:777][  0]LogAudioMixer: Display: 	Number of buffers to queue:			  2
[2022.11.02-14.00.37:777][  0]LogAudioMixer: Display: 	Max Channels (voices):				  32
[2022.11.02-14.00.37:777][  0]LogAudioMixer: Display: 	Number of Async Source Workers:		  0
[2022.11.02-14.00.37:777][  0]LogAudio: Display: AudioDevice MaxSources: 32
[2022.11.02-14.00.37:777][  0]LogAudio: Display: Using built-in audio occlusion.
[2022.11.02-14.00.37:778][  0]LogAudioMixer: Display: Initializing audio mixer.
[2022.11.02-14.00.37:820][  0]LogAudioMixer: Display: 0: FrontLeft
[2022.11.02-14.00.37:821][  0]LogAudioMixer: Display: 1: FrontRight
[2022.11.02-14.00.37:943][  0]LogAudioMixer: Display: Using Audio Device 스피커(Realtek(R) Audio)
[2022.11.02-14.00.37:945][  0]LogAudioMixer: Display: Initializing Sound Submixes...
[2022.11.02-14.00.37:947][  0]LogAudioMixer: Display: Creating Master Submix 'MasterSubmixDefault'
[2022.11.02-14.00.37:947][  0]LogAudioMixer: Display: Creating Master Submix 'MasterReverbSubmixDefault'
[2022.11.02-14.00.37:948][  0]LogAudioMixer: Display: Creating Master Submix 'MasterEQSubmixDefault'
[2022.11.02-14.00.37:953][  0]LogInit: FAudioDevice initialized.
[2022.11.02-14.00.37:953][  0]LogNetVersion: Set ProjectVersion to 1.0.0.0. Version Checksum will be recalculated on next use.
[2022.11.02-14.00.38:064][  0]LogDerivedDataCache: Saved boot cache 0.11s 119MB C:/Users/Chanwoongs/AppData/Local/UnrealEngine/4.25/DerivedDataCache/Boot.ddc.
[2022.11.02-14.00.38:066][  0]LogInit: Texture streaming: Enabled
[2022.11.02-14.00.38:369][  0]LogEngineSessionManager: EngineSessionManager initialized
[2022.11.02-14.00.38:369][  0]LogEngineSessionManager: EngineSessionManager sent abnormal shutdown report. Type=Debugger, SessionId={F14EAC8C-4590-FB12-8737-5C94DA1B6655}
[2022.11.02-14.00.38:370][  0]LogEngineSessionManager: EngineSessionManager sent abnormal shutdown report. Type=Debugger, SessionId={C1A48E97-4FA9-D4C8-E928-86A494B79D14}
[2022.11.02-14.00.38:370][  0]LogEditorSessionSummary: Verbose: Initializing EditorSessionSummaryWriter for editor session tracking
[2022.11.02-14.00.38:439][  0]LogEditorSessionSummary: EditorSessionSummaryWriter initialized
[2022.11.02-14.00.38:496][  0]LogInit: Transaction tracking system initialized
[2022.11.02-14.00.38:587][  0]BlueprintLog: New page: 에디터 로드
[2022.11.02-14.00.38:834][  0]LocalizationService: 현지화 서비스가 비활성화되었습니다.
[2022.11.02-14.00.39:155][  0]LogCook: Display: Max memory allowance for cook 16384mb min free memory 0mb
[2022.11.02-14.00.39:156][  0]LogCook: Display: Mobile HDR setting 1
[2022.11.02-14.00.39:556][  0]LogFileCache: Scanning file cache for directory 'C:/Users/Chanwoongs/Desktop/Project/Unreal_Engine_Tutorial/C++/ActionGame/Content/' took 0.02s
[2022.11.02-14.00.39:826][  0]SourceControl: 소스 컨트롤이 꺼졌습니다.
[2022.11.02-14.00.39:826][  0]LogUnrealEdMisc: Loading editor; pre map load, took 14.882
[2022.11.02-14.00.39:826][  0]Cmd: MAP LOAD FILE="C:/Users/Chanwoongs/Desktop/Project/Unreal_Engine_Tutorial/C++/ActionGame/Content/Level/Battle.umap" TEMPLATE=0 SHOWPROGRESS=1 FEATURELEVEL=3
[2022.11.02-14.00.39:827][  0]LightingResults: New page: 라이팅 빌드
[2022.11.02-14.00.39:829][  0]LogWorld: UWorld::CleanupWorld for Untitled, bSessionEnded=true, bCleanupResources=true
[2022.11.02-14.00.39:829][  0]LogSlate: InvalidateAllWidgets triggered.  All widgets were invalidated
[2022.11.02-14.00.39:829][  0]MapCheck: New page: 맵 체크
[2022.11.02-14.00.39:829][  0]LightingResults: New page: 라이팅 빌드
[2022.11.02-14.00.39:837][  0]LogAISub: UAISubsystem::~UAISubsystem EnvQueryManager (00000273B2161200), frame # 0
[2022.11.02-14.00.39:837][  0]LogAISub: UAISubsystem::~UAISubsystem AIPerceptionSystem (00000273B212BB00), frame # 0
[2022.11.02-14.00.39:838][  0]LogUObjectHash: Compacting FUObjectHashTables data took   0.63ms
[2022.11.02-14.00.39:922][  0]LogAIModule: Creating AISystem for world Battle
[2022.11.02-14.00.39:923][  0]LogAISub: UAISubsystem::UAISubsystem EnvQueryManager (000002738C8C3C00), frame # 0
[2022.11.02-14.00.39:923][  0]LogAISub: UAISubsystem::UAISubsystem AIPerceptionSystem (00000273A852B9C0), frame # 0
[2022.11.02-14.00.39:932][  0]LogEditorServer: Finished looking for orphan Actors (0.000 secs)
[2022.11.02-14.00.39:959][  0]LogUObjectHash: Compacting FUObjectHashTables data took   0.60ms
[2022.11.02-14.00.39:959][  0]Cmd: MAP CHECKDEP NOCLEARLOG
[2022.11.02-14.00.39:960][  0]MapCheck: 맵 체크 완료: 오류 0 회, 경고 0 회, 소요 시간 0.334ms.
[2022.11.02-14.00.39:960][  0]LogFileHelpers: Loading map 'Battle' took 0.135
[2022.11.02-14.00.39:968][  0]LogUnrealEdMisc: Total Editor Startup Time, took 15.026
[2022.11.02-14.00.40:127][  0]LogSlate: Updating window title bar state: overlay mode, drag disabled, window buttons hidden, title bar hidden
[2022.11.02-14.00.40:133][  0]LogSlate: Updating window title bar state: overlay mode, drag disabled, window buttons hidden, title bar hidden
[2022.11.02-14.00.40:138][  0]LogSlate: Updating window title bar state: overlay mode, drag disabled, window buttons hidden, title bar hidden
[2022.11.02-14.00.40:144][  0]LogSlate: Updating window title bar state: overlay mode, drag disabled, window buttons hidden, title bar hidden
[2022.11.02-14.00.40:161][  0]LogCollectionManager: Loaded 0 collections in 0.001291 seconds
[2022.11.02-14.00.40:181][  0]LogFileCache: Scanning file cache for directory 'C:/Users/Chanwoongs/Desktop/Project/Unreal_Engine_Tutorial/C++/ActionGame/Saved/Collections/' took 0.00s
[2022.11.02-14.00.40:181][  0]LogFileCache: Scanning file cache for directory 'C:/Users/Chanwoongs/Desktop/Project/Unreal_Engine_Tutorial/C++/ActionGame/Content/Developers/Chanwoongs/Collections/' took 0.00s
[2022.11.02-14.00.40:181][  0]LogFileCache: Scanning file cache for directory 'C:/Users/Chanwoongs/Desktop/Project/Unreal_Engine_Tutorial/C++/ActionGame/Content/Collections/' took 0.00s
[2022.11.02-14.00.40:181][  0]LogContentBrowser: Native class hierarchy populated in 0.0078 seconds. Added 3469 classes and 829 folders.
[2022.11.02-14.00.40:184][  0]LogContentBrowser: Native class hierarchy updated for 'WidgetCarousel' in 0.0004 seconds. Added 0 classes and 0 folders.
[2022.11.02-14.00.40:294][  0]LogContentBrowser: Native class hierarchy updated for 'AddContentDialog' in 0.0004 seconds. Added 0 classes and 0 folders.
[2022.11.02-14.00.40:304][  0]LogContentBrowser: Native class hierarchy updated for 'SceneOutliner' in 0.0004 seconds. Added 2 classes and 0 folders.
[2022.11.02-14.00.40:447][  0]LogSlate: Took 0.000265 seconds to synchronously load lazily loaded font '../../../Engine/Content/Slate/Fonts/Roboto-Regular.ttf' (155K)
[2022.11.02-14.00.40:449][  0]LogSlate: Took 0.001300 seconds to synchronously load lazily loaded font '../../../Engine/Content/Editor/Slate/Fonts/NanumGothic.ttf' (4243K)
[2022.11.02-14.00.40:452][  0]LogSlate: Took 0.001358 seconds to synchronously load lazily loaded font '../../../Engine/Content/Editor/Slate/Fonts/NanumGothicBold.ttf' (4188K)
[2022.11.02-14.00.40:452][  0]LogSlate: Took 0.000252 seconds to synchronously load lazily loaded font '../../../Engine/Content/Slate/Fonts/Roboto-Bold.ttf' (160K)
[2022.11.02-14.00.40:453][  0]LogSlate: Took 0.000342 seconds to synchronously load lazily loaded font '../../../Engine/Content/Editor/Slate/Fonts/FontAwesome.ttf' (139K)
[2022.11.02-14.00.40:454][  0]LogSlate: Took 0.000256 seconds to synchronously load lazily loaded font '../../../Engine/Content/Slate/Fonts/DroidSansMono.ttf' (77K)
[2022.11.02-14.00.40:479][  0]LogSlate: Took 0.001229 seconds to synchronously load lazily loaded font '../../../Engine/Content/Editor/Slate/Fonts/NanumGothicExtraBold.ttf' (4074K)
[2022.11.02-14.00.40:552][  0]LogRenderer: Reallocating scene render targets to support 2040x808 Format 10 NumSamples 1 (Frame:1).
[2022.11.02-14.00.40:785][  0]LogD3D12RHI: Creating RTPSO with 135 shaders (0 cached, 135 new) took 215.56 ms. Compile time 210.55 ms, link time 4.86 ms.
[2022.11.02-14.00.41:104][  0]LogD3D12RHI: Creating RTPSO with 3 shaders (0 cached, 3 new) took 209.02 ms. Compile time 6.52 ms, link time 202.49 ms.
[2022.11.02-14.00.41:337][  0]LogContentBrowser: Native class hierarchy updated for 'HierarchicalLODOutliner' in 0.0004 seconds. Added 0 classes and 0 folders.
[2022.11.02-14.00.41:337][  0]LogLoad: (Engine Initialization) Total time: 16.39 seconds
[2022.11.02-14.00.41:337][  0]LogLoad: (Engine Initialization) Total Blueprint compile time: 0.00 seconds
[2022.11.02-14.00.41:386][  0]LogAssetRegistry: Asset discovery search completed in 7.9844 seconds
[2022.11.02-14.00.41:389][  0]LogCollectionManager: Fixed up redirectors for 0 collections in 0.000002 seconds (updated 0 objects)
[2022.11.02-14.00.41:390][  0]LogContentStreaming: Texture pool size now 1000 MB
[2022.11.02-14.00.42:368][ 98]LogSlate: Took 0.000298 seconds to synchronously load lazily loaded font '../../../Engine/Content/Slate/Fonts/Roboto-Light.ttf' (167K)
[2022.11.02-14.03.22:700][128]LogTemp: Repeating last play command: 선택된 뷰포트
[2022.11.02-14.03.22:712][128]LogPlayLevel: PlayLevel: No blueprints needed recompiling
[2022.11.02-14.03.22:712][128]PIE: New page: PIE 세션: Battle (2022. 11. 3. 오전 8:03:22)
[2022.11.02-14.03.22:714][128]LogOnline: OSS: Creating online subsystem instance for: NULL
[2022.11.02-14.03.22:717][128]LogOnline: OSS: TryLoadSubsystemAndSetDefault: Loaded subsystem for module [NULL]
[2022.11.02-14.03.22:717][128]LogPlayLevel: Creating play world package: /Game/Level/UEDPIE_0_Battle
[2022.11.02-14.03.22:723][128]LogPlayLevel: PIE: StaticDuplicateObject took: (0.005994s)
[2022.11.02-14.03.22:724][128]LogAIModule: Creating AISystem for world Battle
[2022.11.02-14.03.22:724][128]LogAISub: UAISubsystem::UAISubsystem EnvQueryManager (0000027434CA3E00), frame # 19128
[2022.11.02-14.03.22:724][128]LogAISub: UAISubsystem::UAISubsystem AIPerceptionSystem (0000027382632C00), frame # 19128
[2022.11.02-14.03.22:725][128]LogPlayLevel: PIE: World Init took: (0.001196s)
[2022.11.02-14.03.22:725][128]LogPlayLevel: PIE: Created PIE world by copying editor world from /Game/Level/Battle.Battle to /Game/Level/UEDPIE_0_Battle.Battle (0.007447s)
[2022.11.02-14.03.22:733][128]LogUObjectHash: Compacting FUObjectHashTables data took   0.46ms
[2022.11.02-14.03.22:734][128]LogAudioMixer: Display: Audio Mixer Platform Settings:
[2022.11.02-14.03.22:734][128]LogAudioMixer: Display: 	Sample Rate:						  48000
[2022.11.02-14.03.22:734][128]LogAudioMixer: Display: 	Callback Buffer Frame Size Requested: 1024
[2022.11.02-14.03.22:734][128]LogAudioMixer: Display: 	Callback Buffer Frame Size To Use:	  1024
[2022.11.02-14.03.22:734][128]LogAudioMixer: Display: 	Number of buffers to queue:			  2
[2022.11.02-14.03.22:734][128]LogAudioMixer: Display: 	Max Channels (voices):				  32
[2022.11.02-14.03.22:735][128]LogAudioMixer: Display: 	Number of Async Source Workers:		  0
[2022.11.02-14.03.22:735][128]LogAudio: Display: AudioDevice MaxSources: 32
[2022.11.02-14.03.22:735][128]LogAudio: Display: Using built-in audio occlusion.
[2022.11.02-14.03.22:735][128]LogAudioMixer: Display: Initializing audio mixer.
[2022.11.02-14.03.22:757][128]LogAudioMixer: Display: 0: FrontLeft
[2022.11.02-14.03.22:758][128]LogAudioMixer: Display: 1: FrontRight
[2022.11.02-14.03.22:856][128]LogAudioMixer: Display: Using Audio Device 스피커(Realtek(R) Audio)
[2022.11.02-14.03.22:856][128]LogAudioMixer: Display: Initializing Sound Submixes...
[2022.11.02-14.03.22:856][128]LogAudioMixer: Display: Creating Master Submix 'MasterSubmixDefault'
[2022.11.02-14.03.22:856][128]LogAudioMixer: Display: Creating Master Submix 'MasterReverbSubmixDefault'
[2022.11.02-14.03.22:857][128]LogAudioMixer: Display: Creating Master Submix 'MasterEQSubmixDefault'
[2022.11.02-14.03.22:868][128]LogInit: FAudioDevice initialized.
[2022.11.02-14.03.22:884][128]LogLoad: Game class is 'CGameMode'
[2022.11.02-14.03.22:888][128]LogWorld: Bringing World /Game/Level/UEDPIE_0_Battle.Battle up for play (max tick rate 0) at 2022.11.02-23.03.22
[2022.11.02-14.03.22:890][128]LogWorld: Bringing up level for play took: 0.004622
[2022.11.02-14.03.22:890][128]LogOnline: OSS: Creating online subsystem instance for: :Context_1
[2022.11.02-14.03.22:894][128]LogContentBrowser: Native class hierarchy updated for 'MovieSceneCapture' in 0.0006 seconds. Added 20 classes and 0 folders.
[2022.11.02-14.03.22:906][128]PIE: 서버가 로그인했습니다.
[2022.11.02-14.03.22:907][128]PIE: 에디터에서 플레이 총 시작 시간 0.197초입니다.
[2022.11.02-14.03.22:975][129]LogD3D12RHI: Creating RTPSO with 138 shaders (136 cached, 2 new) took 12.86 ms. Compile time 7.50 ms, link time 5.19 ms.
[2022.11.02-14.03.24:083][257]LogSlate: Updating window title bar state: overlay mode, drag disabled, window buttons hidden, title bar hidden
[2022.11.02-14.03.24:083][257]LogWorld: BeginTearingDown for /Game/Level/UEDPIE_0_Battle
[2022.11.02-14.03.24:083][257]LogWorld: UWorld::CleanupWorld for Battle, bSessionEnded=true, bCleanupResources=true
[2022.11.02-14.03.24:084][257]LogSlate: InvalidateAllWidgets triggered.  All widgets were invalidated
[2022.11.02-14.03.24:096][257]LogPlayLevel: Display: Shutting down PIE online subsystems
[2022.11.02-14.03.24:097][257]LogSlate: InvalidateAllWidgets triggered.  All widgets were invalidated
[2022.11.02-14.03.24:154][257]LogSlate: Updating window title bar state: overlay mode, drag disabled, window buttons hidden, title bar hidden
[2022.11.02-14.03.24:156][257]LogAISub: UAISubsystem::~UAISubsystem EnvQueryManager (0000027434CA3E00), frame # 19257
[2022.11.02-14.03.24:156][257]LogAISub: UAISubsystem::~UAISubsystem AIPerceptionSystem (0000027382632C00), frame # 19257
[2022.11.02-14.03.24:157][257]LogUObjectHash: Compacting FUObjectHashTables data took   0.57ms
[2022.11.02-14.03.24:185][258]LogPlayLevel: Display: Destroying online subsystem :Context_1
[2022.11.02-14.03.27:208][599]LogAssetEditorSubsystem: Opening Asset editor for World /Game/Level/AI_Melee.AI_Melee
[2022.11.02-14.03.27:217][599]LogUObjectHash: Compacting FUObjectHashTables data took   0.60ms
[2022.11.02-14.03.27:218][599]Cmd: MAP LOAD FILE="C:/Users/Chanwoongs/Desktop/Project/Unreal_Engine_Tutorial/C++/ActionGame/Content/Level/AI_Melee.umap" TEMPLATE=0 SHOWPROGRESS=1 FEATURELEVEL=3
[2022.11.02-14.03.27:218][599]LightingResults: New page: 라이팅 빌드
[2022.11.02-14.03.27:218][599]LoadErrors: New page: 맵 로드중: AI_Melee.umap
[2022.11.02-14.03.27:241][599]LogWorld: UWorld::CleanupWorld for Battle, bSessionEnded=true, bCleanupResources=true
[2022.11.02-14.03.27:241][599]LogSlate: InvalidateAllWidgets triggered.  All widgets were invalidated
[2022.11.02-14.03.27:241][599]MapCheck: New page: 맵 체크
[2022.11.02-14.03.27:241][599]LightingResults: New page: 라이팅 빌드
[2022.11.02-14.03.27:250][599]LogAISub: UAISubsystem::~UAISubsystem EnvQueryManager (000002738C8C3C00), frame # 19599
[2022.11.02-14.03.27:250][599]LogAISub: UAISubsystem::~UAISubsystem AIPerceptionSystem (00000273A852B9C0), frame # 19599
[2022.11.02-14.03.27:251][599]LogUObjectHash: Compacting FUObjectHashTables data took   0.62ms
[2022.11.02-14.03.27:313][599]LogEditorServer: Finished looking for orphan Actors (0.000 secs)
[2022.11.02-14.03.27:313][599]LogAIModule: Creating AISystem for world AI_Melee
[2022.11.02-14.03.27:313][599]LogAISub: UAISubsystem::UAISubsystem EnvQueryManager (00000273AE54DC00), frame # 19599
[2022.11.02-14.03.27:313][599]LogAISub: UAISubsystem::UAISubsystem AIPerceptionSystem (00000273A83F7600), frame # 19599
[2022.11.02-14.03.27:323][599]LogUObjectHash: Compacting FUObjectHashTables data took   0.49ms
[2022.11.02-14.03.27:340][599]Cmd: MAP CHECKDEP NOCLEARLOG
[2022.11.02-14.03.27:340][599]MapCheck: 맵 체크 완료: 오류 0 회, 경고 0 회, 소요 시간 0.255ms.
[2022.11.02-14.03.27:340][599]LogFileHelpers: Loading map 'AI_Melee' took 0.122
[2022.11.02-14.03.28:201][682]LogTemp: Repeating last play command: 선택된 뷰포트
[2022.11.02-14.03.28:213][682]LogPlayLevel: PlayLevel: No blueprints needed recompiling
[2022.11.02-14.03.28:213][682]PIE: New page: PIE 세션: AI_Melee (2022. 11. 3. 오전 8:03:28)
[2022.11.02-14.03.28:213][682]LogPlayLevel: Creating play world package: /Game/Level/UEDPIE_0_AI_Melee
[2022.11.02-14.03.28:217][682]LogPlayLevel: PIE: StaticDuplicateObject took: (0.004168s)
[2022.11.02-14.03.28:218][682]LogAIModule: Creating AISystem for world AI_Melee
[2022.11.02-14.03.28:218][682]LogAISub: UAISubsystem::UAISubsystem EnvQueryManager (0000027434A96C00), frame # 19682
[2022.11.02-14.03.28:218][682]LogAISub: UAISubsystem::UAISubsystem AIPerceptionSystem (0000027434AEAD40), frame # 19682
[2022.11.02-14.03.28:218][682]LogPlayLevel: PIE: World Init took: (0.000983s)
[2022.11.02-14.03.28:218][682]LogPlayLevel: PIE: Created PIE world by copying editor world from /Game/Level/AI_Melee.AI_Melee to /Game/Level/UEDPIE_0_AI_Melee.AI_Melee (0.005415s)
[2022.11.02-14.03.28:227][682]LogUObjectHash: Compacting FUObjectHashTables data took   0.69ms
[2022.11.02-14.03.28:228][682]LogAudioMixer: Display: Audio Mixer Platform Settings:
[2022.11.02-14.03.28:228][682]LogAudioMixer: Display: 	Sample Rate:						  48000
[2022.11.02-14.03.28:228][682]LogAudioMixer: Display: 	Callback Buffer Frame Size Requested: 1024
[2022.11.02-14.03.28:228][682]LogAudioMixer: Display: 	Callback Buffer Frame Size To Use:	  1024
[2022.11.02-14.03.28:228][682]LogAudioMixer: Display: 	Number of buffers to queue:			  2
[2022.11.02-14.03.28:228][682]LogAudioMixer: Display: 	Max Channels (voices):				  32
[2022.11.02-14.03.28:228][682]LogAudioMixer: Display: 	Number of Async Source Workers:		  0
[2022.11.02-14.03.28:228][682]LogAudio: Display: AudioDevice MaxSources: 32
[2022.11.02-14.03.28:229][682]LogAudio: Display: Using built-in audio occlusion.
[2022.11.02-14.03.28:229][682]LogAudioMixer: Display: Initializing audio mixer.
[2022.11.02-14.03.28:251][682]LogAudioMixer: Display: 0: FrontLeft
[2022.11.02-14.03.28:251][682]LogAudioMixer: Display: 1: FrontRight
[2022.11.02-14.03.28:343][682]LogAudioMixer: Display: Using Audio Device 스피커(Realtek(R) Audio)
[2022.11.02-14.03.28:344][682]LogAudioMixer: Display: Initializing Sound Submixes...
[2022.11.02-14.03.28:344][682]LogAudioMixer: Display: Creating Master Submix 'MasterSubmixDefault'
[2022.11.02-14.03.28:344][682]LogAudioMixer: Display: Creating Master Submix 'MasterReverbSubmixDefault'
[2022.11.02-14.03.28:344][682]LogAudioMixer: Display: Creating Master Submix 'MasterEQSubmixDefault'
[2022.11.02-14.03.28:356][682]LogInit: FAudioDevice initialized.
[2022.11.02-14.03.28:369][682]LogLoad: Game class is 'CGameMode'
[2022.11.02-14.03.28:370][682]LogWorld: Bringing World /Game/Level/UEDPIE_0_AI_Melee.AI_Melee up for play (max tick rate 0) at 2022.11.02-23.03.28
[2022.11.02-14.03.28:371][682]LogWorld: Bringing up level for play took: 0.001784
[2022.11.02-14.03.28:371][682]LogOnline: OSS: Creating online subsystem instance for: :Context_2
[2022.11.02-14.03.28:380][682]PIE: 서버가 로그인했습니다.
[2022.11.02-14.03.28:382][682]PIE: 에디터에서 플레이 총 시작 시간 0.171초입니다.
[2022.11.02-14.03.39:340][921]LogTemp: Resetting audio stream to device id 
[2022.11.02-14.03.39:392][921]LogAudioMixer: Display: 0: FrontLeft
[2022.11.02-14.03.39:392][921]LogAudioMixer: Display: 1: FrontRight
[2022.11.02-14.03.39:495][921]LogTemp: Resetting audio stream to device id 
[2022.11.02-14.03.39:553][921]LogAudioMixer: Display: 0: FrontLeft
[2022.11.02-14.03.39:553][921]LogAudioMixer: Display: 1: FrontRight
