Log file open, 10/08/22 18:52:18
LogInit: Display: Running engine for game: ActionGame
LogPlatformFile: Not using cached read wrapper
LogTaskGraph: Started task graph with 5 named threads and 26 total threads with 3 sets of task threads.
LogStats: Stats thread started at 0.222363
LogD3D11RHI: Loaded GFSDK_Aftermath_Lib.x64.dll
LogICUInternationalization: ICU TimeZone Detection - Raw Offset: +9:00, Platform Override: ''
LogPluginManager: Mounting plugin Paper2D
LogPluginManager: Mounting plugin AISupport
LogPluginManager: Mounting plugin LightPropagationVolume
LogPluginManager: Mounting plugin CameraShakePreviewer
LogPluginManager: Mounting plugin ActorLayerUtilities
LogPluginManager: Mounting plugin AnimationSharing
LogPluginManager: Mounting plugin CLionSourceCodeAccess
LogPluginManager: Mounting plugin CodeLiteSourceCodeAccess
LogPluginManager: Mounting plugin GitSourceControl
LogPluginManager: Mounting plugin KDevelopSourceCodeAccess
LogPluginManager: Mounting plugin NullSourceCodeAccess
LogPluginManager: Mounting plugin PerforceSourceControl
LogPluginManager: Mounting plugin PlasticSourceControl
LogPluginManager: Mounting plugin RiderSourceCodeAccess
LogPluginManager: Mounting plugin SubversionSourceControl
LogPluginManager: Mounting plugin UObjectPlugin
LogPluginManager: Mounting plugin VisualStudioCodeSourceCodeAccess
LogPluginManager: Mounting plugin VisualStudioSourceCodeAccess
LogPluginManager: Mounting plugin XCodeSourceCodeAccess
LogPluginManager: Mounting plugin AssetManagerEditor
LogPluginManager: Mounting plugin CryptoKeys
LogPluginManager: Mounting plugin CurveEditorTools
LogPluginManager: Mounting plugin DataValidation
LogPluginManager: Mounting plugin EditorScriptingUtilities
LogPluginManager: Mounting plugin FacialAnimation
LogPluginManager: Mounting plugin GameplayTagsEditor
LogPluginManager: Mounting plugin GeometryMode
LogPluginManager: Mounting plugin MacGraphicsSwitching
LogPluginManager: Mounting plugin MaterialAnalyzer
LogPluginManager: Mounting plugin MobileLauncherProfileWizard
LogPluginManager: Mounting plugin PluginBrowser
LogPluginManager: Mounting plugin SpeedTreeImporter
LogPluginManager: Mounting plugin DatasmithContent
LogPluginManager: Mounting plugin VariantManagerContent
LogPluginManager: Mounting plugin AlembicImporter
LogPluginManager: Mounting plugin AutomationUtils
LogPluginManager: Mounting plugin BackChannel
LogPluginManager: Mounting plugin ChaosCloth
LogPluginManager: Mounting plugin ChaosClothEditor
LogPluginManager: Mounting plugin ChaosEditor
LogPluginManager: Mounting plugin ChaosNiagara
LogPluginManager: Mounting plugin ChaosSolverPlugin
LogPluginManager: Mounting plugin CharacterAI
LogPluginManager: Mounting plugin GeometryCache
LogPluginManager: Mounting plugin GeometryCollectionPlugin
LogPluginManager: Mounting plugin GeometryProcessing
LogPluginManager: Mounting plugin PlanarCut
LogPluginManager: Mounting plugin PlatformCrypto
LogPluginManager: Mounting plugin ProxyLODPlugin
LogPluginManager: Mounting plugin SkeletalReduction
LogPluginManager: Mounting plugin Niagara
LogPluginManager: Mounting plugin MagicLeap
LogPluginManager: Mounting plugin MagicLeapLightEstimation
LogPluginManager: Mounting plugin MagicLeapMedia
LogPluginManager: Mounting plugin MagicLeapPassableWorld
LogPluginManager: Mounting plugin MLSDK
LogPluginManager: Mounting plugin AndroidMedia
LogPluginManager: Mounting plugin AvfMedia
LogPluginManager: Mounting plugin ImgMedia
LogPluginManager: Mounting plugin MediaCompositing
LogPluginManager: Mounting plugin MediaPlayerEditor
LogPluginManager: Mounting plugin WebMMedia
LogPluginManager: Mounting plugin WmfMedia
LogPluginManager: Mounting plugin MeshPainting
LogPluginManager: Mounting plugin TcpMessaging
LogPluginManager: Mounting plugin UdpMessaging
LogPluginManager: Mounting plugin ActorSequence
LogPluginManager: Mounting plugin LevelSequenceEditor
LogPluginManager: Mounting plugin MatineeToLevelSequence
LogPluginManager: Mounting plugin MovieRenderPipeline
LogPluginManager: Mounting plugin TemplateSequence
LogPluginManager: Mounting plugin NetcodeUnitTest
LogPluginManager: Mounting plugin NUTUnrealEngine4
LogPluginManager: Mounting plugin OnlineSubsystemGooglePlay
LogPluginManager: Mounting plugin OnlineSubsystemIOS
LogPluginManager: Mounting plugin OnlineSubsystem
LogPluginManager: Mounting plugin OnlineSubsystemNull
LogPluginManager: Mounting plugin OnlineSubsystemUtils
LogPluginManager: Mounting plugin LauncherChunkInstaller
LogPluginManager: Mounting plugin AndroidDeviceProfileSelector
LogPluginManager: Mounting plugin AndroidMoviePlayer
LogPluginManager: Mounting plugin AndroidPermission
LogPluginManager: Mounting plugin AppleImageUtils
LogPluginManager: Mounting plugin AppleMoviePlayer
LogPluginManager: Mounting plugin ArchVisCharacter
LogPluginManager: Mounting plugin AssetTags
LogPluginManager: Mounting plugin AudioCapture
LogPluginManager: Mounting plugin CableComponent
LogPluginManager: Mounting plugin CustomMeshComponent
LogPluginManager: Mounting plugin EditableMesh
LogPluginManager: Mounting plugin ExampleDeviceProfileSelector
LogPluginManager: Mounting plugin GoogleCloudMessaging
LogPluginManager: Mounting plugin GooglePAD
LogPluginManager: Mounting plugin IOSDeviceProfileSelector
LogPluginManager: Mounting plugin LinuxDeviceProfileSelector
LogPluginManager: Mounting plugin LocationServicesBPLibrary
LogPluginManager: Mounting plugin MobilePatchingUtils
LogPluginManager: Mounting plugin OculusVR
LogPluginManager: Mounting plugin PhysXVehicles
LogPluginManager: Mounting plugin PostSplashScreen
LogPluginManager: Mounting plugin ProceduralMeshComponent
LogPluginManager: Mounting plugin RuntimePhysXCooking
LogPluginManager: Mounting plugin SignificanceManager
LogPluginManager: Mounting plugin SoundFields
LogPluginManager: Mounting plugin SteamVR
LogPluginManager: Mounting plugin Synthesis
LogPluginManager: Mounting plugin WebMMoviePlayer
LogPluginManager: Mounting plugin WindowsMoviePlayer
LogPluginManager: Mounting plugin ScreenshotTools
LogInit: Using libcurl 7.55.1-DEV
LogInit:  - built for x86_64-pc-win32
LogInit:  - supports SSL with OpenSSL/1.1.1
LogInit:  - supports HTTP deflate (compression) using libz 1.2.8
LogInit:  - other features:
LogInit:      CURL_VERSION_SSL
LogInit:      CURL_VERSION_LIBZ
LogInit:      CURL_VERSION_IPV6
LogInit:      CURL_VERSION_ASYNCHDNS
LogInit:      CURL_VERSION_LARGEFILE
LogInit:      CURL_VERSION_IDN
LogInit:  CurlRequestOptions (configurable via config and command line):
LogInit:  - bVerifyPeer = true  - Libcurl will verify peer certificate
LogInit:  - bUseHttpProxy = false  - Libcurl will NOT use HTTP proxy
LogInit:  - bDontReuseConnections = false  - Libcurl will reuse connections
LogInit:  - MaxHostConnections = 16  - Libcurl will limit the number of connections to a host
LogInit:  - LocalHostAddr = Default
LogInit:  - BufferSize = 65536
LogOnline: OSS: Creating online subsystem instance for: NULL
LogInit: WinSock: version 1.1 (2.2), MaxSocks=32767, MaxUdp=65467
LogOnline: OSS: TryLoadSubsystemAndSetDefault: Loaded subsystem for module [NULL]
LogInit: Build: ++UE4+Release-4.25-CL-14469661
LogInit: Engine Version: 4.25.4-14469661+++UE4+Release-4.25
LogInit: Compatible Engine Version: 4.25.0-13144385+++UE4+Release-4.25
LogInit: Net CL: 13144385
LogInit: OS: Windows 10 (Release 2009) (), CPU: Intel(R) Core(TM) i7-9700K CPU @ 3.60GHz, GPU: NVIDIA GeForce RTX 2080
LogInit: Compiled (64-bit): Oct 11 2020 08:10:49
LogInit: Compiled with Visual C++: 19.24.28315.00
LogInit: Build Configuration: Development
LogInit: Branch Name: ++UE4+Release-4.25
LogInit: Command Line:  /Game/Level/Battle -game -PIEVIACONSOLE -Multiprocess GameUserSettingsINI=C:/Users/Chanwoongs/Desktop/Project/Unreal_Engine_Tutorial/C++/ActionGame/Saved/Config/Windows/PIEGameUserSettings0.ini -MultiprocessSaveConfig -MultiprocessOSS -messaging -SessionName="Play in Standalone Game" -windowed -ResX=1280 -ResY=720
LogInit: Base Directory: D:/Game/UE_4.25/Engine/Binaries/Win64/
LogInit: Allocator: TBB
LogInit: Installed Engine Build: 1
LogDevObjectVersion: Number of dev versions registered: 26
LogDevObjectVersion:   Dev-Blueprints (B0D832E4-1F89-4F0D-ACCF-7EB736FD4AA2): 10
LogDevObjectVersion:   Dev-Build (E1C64328-A22C-4D53-A36C-8E866417BD8C): 0
LogDevObjectVersion:   Dev-Core (375EC13C-06E4-48FB-B500-84F0262A717E): 4
LogDevObjectVersion:   Dev-Editor (E4B068ED-F494-42E9-A231-DA0B2E46BB41): 38
LogDevObjectVersion:   Dev-Framework (CFFC743F-43B0-4480-9391-14DF171D2073): 37
LogDevObjectVersion:   Dev-Mobile (B02B49B5-BB20-44E9-A304-32B752E40360): 2
LogDevObjectVersion:   Dev-Networking (A4E4105C-59A1-49B5-A7C5-40C4547EDFEE): 0
LogDevObjectVersion:   Dev-Online (39C831C9-5AE6-47DC-9A44-9C173E1C8E7C): 0
LogDevObjectVersion:   Dev-Physics (78F01B33-EBEA-4F98-B9B4-84EACCB95AA2): 4
LogDevObjectVersion:   Dev-Platform (6631380F-2D4D-43E0-8009-CF276956A95A): 0
LogDevObjectVersion:   Dev-Rendering (12F88B9F-8875-4AFC-A67C-D90C383ABD29): 43
LogDevObjectVersion:   Dev-Sequencer (7B5AE74C-D270-4C10-A958-57980B212A5A): 12
LogDevObjectVersion:   Dev-VR (D7296918-1DD6-4BDD-9DE2-64A83CC13884): 3
LogDevObjectVersion:   Dev-LoadTimes (C2A15278-BFE7-4AFE-6C17-90FF531DF755): 1
LogDevObjectVersion:   Private-Geometry (6EACA3D4-40EC-4CC1-B786-8BED09428FC5): 3
LogDevObjectVersion:   Dev-AnimPhys (29E575DD-E0A3-4627-9D10-D276232CDCEA): 17
LogDevObjectVersion:   Dev-Anim (AF43A65D-7FD3-4947-9873-3E8ED9C1BB05): 7
LogDevObjectVersion:   Dev-ReflectionCapture (6B266CEC-1EC7-4B8F-A30B-E4D90942FC07): 1
LogDevObjectVersion:   Dev-Automation (0DF73D61-A23F-47EA-B727-89E90C41499A): 1
LogDevObjectVersion:   FortniteMain (601D1886-AC64-4F84-AA16-D3DE0DEAC7D6): 31
LogDevObjectVersion:   Dev-Enterprise (9DFFBCD6-494F-0158-E221-12823C92A888): 10
LogDevObjectVersion:   Dev-Niagara (F2AED0AC-9AFE-416F-8664-AA7FFA26D6FC): 1
LogDevObjectVersion:   Dev-Destruction (174F1F0B-B4C6-45A5-B13F-2EE8D0FB917D): 10
LogDevObjectVersion:   Dev-Physics-Ext (35F94A83-E258-406C-A318-09F59610247C): 37
LogDevObjectVersion:   Dev-PhysicsMaterial-Chaos (B68FC16E-8B1B-42E2-B453-215C058844FE): 1
LogDevObjectVersion:   Dev-CineCamera (B2E18506-4273-CFC2-A54E-F4BB758BBA07): 1
LogInit: Presizing for max 25165824 objects, including 0 objects not considered by GC, pre-allocating 0 bytes for permanent pool.
LogConfig: Applying CVar settings from Section [/Script/Engine.StreamingSettings] File [C:/Users/Chanwoongs/Desktop/Project/Unreal_Engine_Tutorial/C++/ActionGame/Saved/Config/Windows/Engine.ini]
LogConfig: Setting CVar [[s.MinBulkDataSizeForAsyncLoading:131072]]
LogConfig: Setting CVar [[s.AsyncLoadingThreadEnabled:0]]
LogConfig: Setting CVar [[s.EventDrivenLoaderEnabled:1]]
LogConfig: Setting CVar [[s.WarnIfTimeLimitExceeded:0]]
LogConfig: Setting CVar [[s.TimeLimitExceededMultiplier:1.5]]
LogConfig: Setting CVar [[s.TimeLimitExceededMinTime:0.005]]
LogConfig: Setting CVar [[s.UseBackgroundLevelStreaming:1]]
LogConfig: Setting CVar [[s.PriorityAsyncLoadingExtraTime:15.0]]
LogConfig: Setting CVar [[s.LevelStreamingActorsUpdateTimeLimit:5.0]]
LogConfig: Setting CVar [[s.PriorityLevelStreamingActorsUpdateExtraTime:5.0]]
LogConfig: Setting CVar [[s.LevelStreamingComponentsRegistrationGranularity:10]]
LogConfig: Setting CVar [[s.UnregisterComponentsTimeLimit:1.0]]
LogConfig: Setting CVar [[s.LevelStreamingComponentsUnregistrationGranularity:5]]
LogConfig: Setting CVar [[s.FlushStreamingOnExit:1]]
LogInit: Object subsystem initialized
LogConfig: Setting CVar [[con.DebugEarlyDefault:1]]
LogConfig: Setting CVar [[r.setres:1280x720]]
[2022.10.08-09.52.19:400][  0]LogConfig: Setting CVar [[con.DebugEarlyDefault:1]]
[2022.10.08-09.52.19:400][  0]LogConfig: Setting CVar [[r.setres:1280x720]]
[2022.10.08-09.52.19:400][  0]LogConfig: Applying CVar settings from Section [/Script/Engine.RendererSettings] File [C:/Users/Chanwoongs/Desktop/Project/Unreal_Engine_Tutorial/C++/ActionGame/Saved/Config/Windows/Engine.ini]
[2022.10.08-09.52.19:400][  0]LogConfig: Setting CVar [[r.GPUCrashDebugging:0]]
[2022.10.08-09.52.19:400][  0]LogConfig: Setting CVar [[r.SkinCache.CompileShaders:1]]
[2022.10.08-09.52.19:400][  0]LogConfig: Setting CVar [[r.RayTracing:1]]
[2022.10.08-09.52.19:400][  0]LogConfig: Applying CVar settings from Section [/Script/Engine.RendererOverrideSettings] File [C:/Users/Chanwoongs/Desktop/Project/Unreal_Engine_Tutorial/C++/ActionGame/Saved/Config/Windows/Engine.ini]
[2022.10.08-09.52.19:400][  0]LogConfig: Applying CVar settings from Section [/Script/Engine.StreamingSettings] File [C:/Users/Chanwoongs/Desktop/Project/Unreal_Engine_Tutorial/C++/ActionGame/Saved/Config/Windows/Engine.ini]
[2022.10.08-09.52.19:400][  0]LogConfig: Setting CVar [[s.MinBulkDataSizeForAsyncLoading:131072]]
[2022.10.08-09.52.19:400][  0]LogConfig: Setting CVar [[s.AsyncLoadingThreadEnabled:0]]
[2022.10.08-09.52.19:400][  0]LogConfig: Setting CVar [[s.EventDrivenLoaderEnabled:1]]
[2022.10.08-09.52.19:400][  0]LogConfig: Setting CVar [[s.WarnIfTimeLimitExceeded:0]]
[2022.10.08-09.52.19:400][  0]LogConfig: Setting CVar [[s.TimeLimitExceededMultiplier:1.5]]
[2022.10.08-09.52.19:400][  0]LogConfig: Setting CVar [[s.TimeLimitExceededMinTime:0.005]]
[2022.10.08-09.52.19:400][  0]LogConfig: Setting CVar [[s.UseBackgroundLevelStreaming:1]]
[2022.10.08-09.52.19:400][  0]LogConfig: Setting CVar [[s.PriorityAsyncLoadingExtraTime:15.0]]
[2022.10.08-09.52.19:400][  0]LogConfig: Setting CVar [[s.LevelStreamingActorsUpdateTimeLimit:5.0]]
[2022.10.08-09.52.19:400][  0]LogConfig: Setting CVar [[s.PriorityLevelStreamingActorsUpdateExtraTime:5.0]]
[2022.10.08-09.52.19:400][  0]LogConfig: Setting CVar [[s.LevelStreamingComponentsRegistrationGranularity:10]]
[2022.10.08-09.52.19:400][  0]LogConfig: Setting CVar [[s.UnregisterComponentsTimeLimit:1.0]]
[2022.10.08-09.52.19:400][  0]LogConfig: Setting CVar [[s.LevelStreamingComponentsUnregistrationGranularity:5]]
[2022.10.08-09.52.19:400][  0]LogConfig: Setting CVar [[s.FlushStreamingOnExit:1]]
[2022.10.08-09.52.19:400][  0]LogConfig: Applying CVar settings from Section [/Script/Engine.GarbageCollectionSettings] File [C:/Users/Chanwoongs/Desktop/Project/Unreal_Engine_Tutorial/C++/ActionGame/Saved/Config/Windows/Engine.ini]
[2022.10.08-09.52.19:400][  0]LogConfig: Setting CVar [[gc.MaxObjectsNotConsideredByGC:1]]
[2022.10.08-09.52.19:400][  0]LogConfig: Setting CVar [[gc.SizeOfPermanentObjectPool:0]]
[2022.10.08-09.52.19:400][  0]LogConfig: Setting CVar [[gc.FlushStreamingOnGC:0]]
[2022.10.08-09.52.19:400][  0]LogConfig: Setting CVar [[gc.NumRetriesBeforeForcingGC:10]]
[2022.10.08-09.52.19:400][  0]LogConfig: Setting CVar [[gc.AllowParallelGC:1]]
[2022.10.08-09.52.19:400][  0]LogConfig: Setting CVar [[gc.TimeBetweenPurgingPendingKillObjects:61.1]]
[2022.10.08-09.52.19:400][  0]LogConfig: Setting CVar [[gc.MaxObjectsInEditor:25165824]]
[2022.10.08-09.52.19:400][  0]LogConfig: Setting CVar [[gc.IncrementalBeginDestroyEnabled:1]]
[2022.10.08-09.52.19:400][  0]LogConfig: Setting CVar [[gc.CreateGCClusters:1]]
[2022.10.08-09.52.19:400][  0]LogConfig: Setting CVar [[gc.MinGCClusterSize:5]]
[2022.10.08-09.52.19:401][  0]LogConfig: Setting CVar [[gc.ActorClusteringEnabled:0]]
[2022.10.08-09.52.19:401][  0]LogConfig: Setting CVar [[gc.BlueprintClusteringEnabled:0]]
[2022.10.08-09.52.19:401][  0]LogConfig: Setting CVar [[gc.UseDisregardForGCOnDedicatedServers:0]]
[2022.10.08-09.52.19:401][  0]LogConfig: Applying CVar settings from Section [/Script/Engine.NetworkSettings] File [C:/Users/Chanwoongs/Desktop/Project/Unreal_Engine_Tutorial/C++/ActionGame/Saved/Config/Windows/Engine.ini]
[2022.10.08-09.52.19:401][  0]LogConfig: Applying CVar settings from Section [/Script/UnrealEd.CookerSettings] File [C:/Users/Chanwoongs/Desktop/Project/Unreal_Engine_Tutorial/C++/ActionGame/Saved/Config/Windows/Engine.ini]
[2022.10.08-09.52.19:408][  0]LogConfig: Applying CVar settings from Section [ViewDistanceQuality@3] File [C:/Users/Chanwoongs/Desktop/Project/Unreal_Engine_Tutorial/C++/ActionGame/Saved/Config/Windows/Scalability.ini]
[2022.10.08-09.52.19:409][  0]LogConfig: Setting CVar [[r.SkeletalMeshLODBias:0]]
[2022.10.08-09.52.19:409][  0]LogConfig: Setting CVar [[r.ViewDistanceScale:1.0]]
[2022.10.08-09.52.19:409][  0]LogConfig: Applying CVar settings from Section [AntiAliasingQuality@3] File [C:/Users/Chanwoongs/Desktop/Project/Unreal_Engine_Tutorial/C++/ActionGame/Saved/Config/Windows/Scalability.ini]
[2022.10.08-09.52.19:409][  0]LogConfig: Setting CVar [[r.PostProcessAAQuality:4]]
[2022.10.08-09.52.19:409][  0]LogConfig: Applying CVar settings from Section [ShadowQuality@3] File [C:/Users/Chanwoongs/Desktop/Project/Unreal_Engine_Tutorial/C++/ActionGame/Saved/Config/Windows/Scalability.ini]
[2022.10.08-09.52.19:409][  0]LogConfig: Setting CVar [[r.LightFunctionQuality:1]]
[2022.10.08-09.52.19:409][  0]LogConfig: Setting CVar [[r.ShadowQuality:5]]
[2022.10.08-09.52.19:409][  0]LogConfig: Setting CVar [[r.Shadow.CSM.MaxCascades:10]]
[2022.10.08-09.52.19:409][  0]LogConfig: Setting CVar [[r.Shadow.MaxResolution:2048]]
[2022.10.08-09.52.19:409][  0]LogConfig: Setting CVar [[r.Shadow.MaxCSMResolution:2048]]
[2022.10.08-09.52.19:409][  0]LogConfig: Setting CVar [[r.Shadow.RadiusThreshold:0.01]]
[2022.10.08-09.52.19:409][  0]LogConfig: Setting CVar [[r.Shadow.DistanceScale:1.0]]
[2022.10.08-09.52.19:409][  0]LogConfig: Setting CVar [[r.Shadow.CSM.TransitionScale:1.0]]
[2022.10.08-09.52.19:409][  0]LogConfig: Setting CVar [[r.Shadow.PreShadowResolutionFactor:1.0]]
[2022.10.08-09.52.19:409][  0]LogConfig: Setting CVar [[r.DistanceFieldShadowing:1]]
[2022.10.08-09.52.19:409][  0]LogConfig: Setting CVar [[r.DistanceFieldAO:1]]
[2022.10.08-09.52.19:409][  0]LogConfig: Setting CVar [[r.AOQuality:2]]
[2022.10.08-09.52.19:409][  0]LogConfig: Setting CVar [[r.VolumetricFog:1]]
[2022.10.08-09.52.19:409][  0]LogConfig: Setting CVar [[r.VolumetricFog.GridPixelSize:8]]
[2022.10.08-09.52.19:409][  0]LogConfig: Setting CVar [[r.VolumetricFog.GridSizeZ:128]]
[2022.10.08-09.52.19:409][  0]LogConfig: Setting CVar [[r.VolumetricFog.HistoryMissSupersampleCount:4]]
[2022.10.08-09.52.19:409][  0]LogConfig: Setting CVar [[r.LightMaxDrawDistanceScale:1]]
[2022.10.08-09.52.19:409][  0]LogConfig: Setting CVar [[r.CapsuleShadows:1]]
[2022.10.08-09.52.19:409][  0]LogConfig: Applying CVar settings from Section [PostProcessQuality@3] File [C:/Users/Chanwoongs/Desktop/Project/Unreal_Engine_Tutorial/C++/ActionGame/Saved/Config/Windows/Scalability.ini]
[2022.10.08-09.52.19:409][  0]LogConfig: Setting CVar [[r.MotionBlurQuality:4]]
[2022.10.08-09.52.19:409][  0]LogConfig: Setting CVar [[r.AmbientOcclusionMipLevelFactor:0.4]]
[2022.10.08-09.52.19:409][  0]LogConfig: Setting CVar [[r.AmbientOcclusionMaxQuality:100]]
[2022.10.08-09.52.19:409][  0]LogConfig: Setting CVar [[r.AmbientOcclusionLevels:-1]]
[2022.10.08-09.52.19:409][  0]LogConfig: Setting CVar [[r.AmbientOcclusionRadiusScale:1.0]]
[2022.10.08-09.52.19:409][  0]LogConfig: Setting CVar [[r.DepthOfFieldQuality:2]]
[2022.10.08-09.52.19:409][  0]LogConfig: Setting CVar [[r.RenderTargetPoolMin:400]]
[2022.10.08-09.52.19:409][  0]LogConfig: Setting CVar [[r.LensFlareQuality:2]]
[2022.10.08-09.52.19:409][  0]LogConfig: Setting CVar [[r.SceneColorFringeQuality:1]]
[2022.10.08-09.52.19:409][  0]LogConfig: Setting CVar [[r.EyeAdaptationQuality:2]]
[2022.10.08-09.52.19:409][  0]LogConfig: Setting CVar [[r.BloomQuality:5]]
[2022.10.08-09.52.19:409][  0]LogConfig: Setting CVar [[r.FastBlurThreshold:100]]
[2022.10.08-09.52.19:409][  0]LogConfig: Setting CVar [[r.Upscale.Quality:3]]
[2022.10.08-09.52.19:409][  0]LogConfig: Setting CVar [[r.Tonemapper.GrainQuantization:1]]
[2022.10.08-09.52.19:409][  0]LogConfig: Setting CVar [[r.LightShaftQuality:1]]
[2022.10.08-09.52.19:409][  0]LogConfig: Setting CVar [[r.Filter.SizeScale:1]]
[2022.10.08-09.52.19:409][  0]LogConfig: Setting CVar [[r.Tonemapper.Quality:5]]
[2022.10.08-09.52.19:409][  0]LogConfig: Setting CVar [[r.DOF.Gather.AccumulatorQuality:1        ; higher gathering accumulator quality]]
[2022.10.08-09.52.19:409][  0]LogConfig: Setting CVar [[r.DOF.Gather.PostfilterMethod:1          ; Median3x3 postfilering method]]
[2022.10.08-09.52.19:409][  0]LogConfig: Setting CVar [[r.DOF.Gather.EnableBokehSettings:0       ; no bokeh simulation when gathering]]
[2022.10.08-09.52.19:409][  0]LogConfig: Setting CVar [[r.DOF.Gather.RingCount:4                 ; medium number of samples when gathering]]
[2022.10.08-09.52.19:409][  0]LogConfig: Setting CVar [[r.DOF.Scatter.ForegroundCompositing:1    ; additive foreground scattering]]
[2022.10.08-09.52.19:409][  0]LogConfig: Setting CVar [[r.DOF.Scatter.BackgroundCompositing:2    ; additive background scattering]]
[2022.10.08-09.52.19:409][  0]LogConfig: Setting CVar [[r.DOF.Scatter.EnableBokehSettings:1      ; bokeh simulation when scattering]]
[2022.10.08-09.52.19:409][  0]LogConfig: Setting CVar [[r.DOF.Scatter.MaxSpriteRatio:0.1         ; only a maximum of 10% of scattered bokeh]]
[2022.10.08-09.52.19:409][  0]LogConfig: Setting CVar [[r.DOF.Recombine.Quality:1                ; cheap slight out of focus]]
[2022.10.08-09.52.19:409][  0]LogConfig: Setting CVar [[r.DOF.Recombine.EnableBokehSettings:0    ; no bokeh simulation on slight out of focus]]
[2022.10.08-09.52.19:409][  0]LogConfig: Setting CVar [[r.DOF.TemporalAAQuality:1                ; more stable temporal accumulation]]
[2022.10.08-09.52.19:409][  0]LogConfig: Setting CVar [[r.DOF.Kernel.MaxForegroundRadius:0.025]]
[2022.10.08-09.52.19:409][  0]LogConfig: Setting CVar [[r.DOF.Kernel.MaxBackgroundRadius:0.025]]
[2022.10.08-09.52.19:409][  0]LogConfig: Applying CVar settings from Section [TextureQuality@3] File [C:/Users/Chanwoongs/Desktop/Project/Unreal_Engine_Tutorial/C++/ActionGame/Saved/Config/Windows/Scalability.ini]
[2022.10.08-09.52.19:409][  0]LogConfig: Setting CVar [[r.Streaming.MipBias:0]]
[2022.10.08-09.52.19:409][  0]LogConfig: Setting CVar [[r.Streaming.AmortizeCPUToGPUCopy:0]]
[2022.10.08-09.52.19:409][  0]LogConfig: Setting CVar [[r.Streaming.MaxNumTexturesToStreamPerFrame:0]]
[2022.10.08-09.52.19:409][  0]LogConfig: Setting CVar [[r.Streaming.Boost:1]]
[2022.10.08-09.52.19:409][  0]LogConfig: Setting CVar [[r.MaxAnisotropy:8]]
[2022.10.08-09.52.19:409][  0]LogConfig: Setting CVar [[r.VT.MaxAnisotropy:8]]
[2022.10.08-09.52.19:409][  0]LogConfig: Setting CVar [[r.Streaming.LimitPoolSizeToVRAM:0]]
[2022.10.08-09.52.19:409][  0]LogConfig: Setting CVar [[r.Streaming.PoolSize:1000]]
[2022.10.08-09.52.19:409][  0]LogConfig: Setting CVar [[r.Streaming.MaxEffectiveScreenSize:0]]
[2022.10.08-09.52.19:409][  0]LogConfig: Applying CVar settings from Section [EffectsQuality@3] File [C:/Users/Chanwoongs/Desktop/Project/Unreal_Engine_Tutorial/C++/ActionGame/Saved/Config/Windows/Scalability.ini]
[2022.10.08-09.52.19:409][  0]LogConfig: Setting CVar [[r.TranslucencyLightingVolumeDim:64]]
[2022.10.08-09.52.19:409][  0]LogConfig: Setting CVar [[r.RefractionQuality:2]]
[2022.10.08-09.52.19:409][  0]LogConfig: Setting CVar [[r.SSR.Quality:3]]
[2022.10.08-09.52.19:409][  0]LogConfig: Setting CVar [[r.SSR.HalfResSceneColor:0]]
[2022.10.08-09.52.19:409][  0]LogConfig: Setting CVar [[r.SceneColorFormat:4]]
[2022.10.08-09.52.19:409][  0]LogConfig: Setting CVar [[r.DetailMode:2]]
[2022.10.08-09.52.19:409][  0]LogConfig: Setting CVar [[r.TranslucencyVolumeBlur:1]]
[2022.10.08-09.52.19:409][  0]LogConfig: Setting CVar [[r.MaterialQualityLevel:1 ; High quality]]
[2022.10.08-09.52.19:409][  0]LogConfig: Setting CVar [[r.SSS.Scale:1]]
[2022.10.08-09.52.19:409][  0]LogConfig: Setting CVar [[r.SSS.SampleSet:2]]
[2022.10.08-09.52.19:409][  0]LogConfig: Setting CVar [[r.SSS.Quality:1]]
[2022.10.08-09.52.19:409][  0]LogConfig: Setting CVar [[r.SSS.HalfRes:0]]
[2022.10.08-09.52.19:409][  0]LogConfig: Setting CVar [[r.SSGI.Quality:3]]
[2022.10.08-09.52.19:409][  0]LogConfig: Setting CVar [[r.EmitterSpawnRateScale:1.0]]
[2022.10.08-09.52.19:409][  0]LogConfig: Setting CVar [[r.ParticleLightQuality:2]]
[2022.10.08-09.52.19:409][  0]LogConfig: Setting CVar [[r.SkyAtmosphere.AerialPerspectiveLUT.FastApplyOnOpaque:1 ; Always have FastSkyLUT 1 in this case to avoid wrong sky]]
[2022.10.08-09.52.19:409][  0]LogConfig: Setting CVar [[r.SkyAtmosphere.AerialPerspectiveLUT.SampleCountPerSlice:1]]
[2022.10.08-09.52.19:409][  0]LogConfig: Setting CVar [[r.SkyAtmosphere.AerialPerspectiveLUT.DepthResolution:16.0]]
[2022.10.08-09.52.19:409][  0]LogConfig: Setting CVar [[r.SkyAtmosphere.FastSkyLUT:1]]
[2022.10.08-09.52.19:409][  0]LogConfig: Setting CVar [[r.SkyAtmosphere.FastSkyLUT.SampleCountMin:4.0]]
[2022.10.08-09.52.19:409][  0]LogConfig: Setting CVar [[r.SkyAtmosphere.FastSkyLUT.SampleCountMax:32.0]]
[2022.10.08-09.52.19:409][  0]LogConfig: Setting CVar [[r.SkyAtmosphere.SampleCountMin:4.0]]
[2022.10.08-09.52.19:410][  0]LogConfig: Setting CVar [[r.SkyAtmosphere.SampleCountMax:32.0]]
[2022.10.08-09.52.19:410][  0]LogConfig: Setting CVar [[r.SkyAtmosphere.TransmittanceLUT.UseSmallFormat:0]]
[2022.10.08-09.52.19:410][  0]LogConfig: Setting CVar [[r.SkyAtmosphere.TransmittanceLUT.SampleCount:10.0]]
[2022.10.08-09.52.19:410][  0]LogConfig: Setting CVar [[r.SkyAtmosphere.MultiScatteringLUT.SampleCount:15.0]]
[2022.10.08-09.52.19:410][  0]LogConfig: Applying CVar settings from Section [FoliageQuality@3] File [C:/Users/Chanwoongs/Desktop/Project/Unreal_Engine_Tutorial/C++/ActionGame/Saved/Config/Windows/Scalability.ini]
[2022.10.08-09.52.19:410][  0]LogConfig: Setting CVar [[foliage.DensityScale:1.0]]
[2022.10.08-09.52.19:410][  0]LogConfig: Setting CVar [[grass.DensityScale:1.0]]
[2022.10.08-09.52.19:410][  0]LogConfig: Applying CVar settings from Section [ShadingQuality@3] File [C:/Users/Chanwoongs/Desktop/Project/Unreal_Engine_Tutorial/C++/ActionGame/Saved/Config/Windows/Scalability.ini]
[2022.10.08-09.52.19:410][  0]LogConfig: Setting CVar [[r.HairStrands.SkyLighting.SampleCount:16]]
[2022.10.08-09.52.19:410][  0]LogConfig: Setting CVar [[r.HairStrands.SkyLighting.JitterIntegration:0]]
[2022.10.08-09.52.19:410][  0]LogConfig: Setting CVar [[r.HairStrands.SkyAO.SampleCount:16]]
[2022.10.08-09.52.19:410][  0]LogConfig: Setting CVar [[r.HairStrands.DeepShadow.SuperSampling:0]]
[2022.10.08-09.52.19:410][  0]LogConfig: Setting CVar [[r.HairStrands.VisibilityPPLL:0]]
[2022.10.08-09.52.19:410][  0]LogConfig: Setting CVar [[r.HairStrands.RasterizationScale:0.5]]
[2022.10.08-09.52.19:410][  0]LogConfig: Setting CVar [[r.HairStrands.VelocityRasterizationScale:1]]
[2022.10.08-09.52.19:410][  0]LogInit: Selected Device Profile: [Windows]
[2022.10.08-09.52.19:410][  0]LogInit: Applying CVar settings loaded from the selected device profile: [Windows]
[2022.10.08-09.52.19:410][  0]LogHAL: Display: Platform has ~ 48 GB [51453968384 / 68719476736 / 48], which maps to Largest [LargestMinGB=32, LargerMinGB=12, DefaultMinGB=8, SmallerMinGB=6, SmallestMinGB=0)
[2022.10.08-09.52.19:410][  0]LogInit: Going up to parent DeviceProfile []
[2022.10.08-09.52.19:410][  0]LogConfig: Applying CVar settings from Section [ViewDistanceQuality@3] File [C:/Users/Chanwoongs/Desktop/Project/Unreal_Engine_Tutorial/C++/ActionGame/Saved/Config/Windows/Scalability.ini]
[2022.10.08-09.52.19:410][  0]LogConfig: Setting CVar [[r.SkeletalMeshLODBias:0]]
[2022.10.08-09.52.19:410][  0]LogConfig: Setting CVar [[r.ViewDistanceScale:1.0]]
[2022.10.08-09.52.19:410][  0]LogConfig: Applying CVar settings from Section [AntiAliasingQuality@3] File [C:/Users/Chanwoongs/Desktop/Project/Unreal_Engine_Tutorial/C++/ActionGame/Saved/Config/Windows/Scalability.ini]
[2022.10.08-09.52.19:410][  0]LogConfig: Setting CVar [[r.PostProcessAAQuality:4]]
[2022.10.08-09.52.19:410][  0]LogConfig: Applying CVar settings from Section [ShadowQuality@3] File [C:/Users/Chanwoongs/Desktop/Project/Unreal_Engine_Tutorial/C++/ActionGame/Saved/Config/Windows/Scalability.ini]
[2022.10.08-09.52.19:410][  0]LogConfig: Setting CVar [[r.LightFunctionQuality:1]]
[2022.10.08-09.52.19:410][  0]LogConfig: Setting CVar [[r.ShadowQuality:5]]
[2022.10.08-09.52.19:410][  0]LogConfig: Setting CVar [[r.Shadow.CSM.MaxCascades:10]]
[2022.10.08-09.52.19:410][  0]LogConfig: Setting CVar [[r.Shadow.MaxResolution:2048]]
[2022.10.08-09.52.19:410][  0]LogConfig: Setting CVar [[r.Shadow.MaxCSMResolution:2048]]
[2022.10.08-09.52.19:410][  0]LogConfig: Setting CVar [[r.Shadow.RadiusThreshold:0.01]]
[2022.10.08-09.52.19:410][  0]LogConfig: Setting CVar [[r.Shadow.DistanceScale:1.0]]
[2022.10.08-09.52.19:410][  0]LogConfig: Setting CVar [[r.Shadow.CSM.TransitionScale:1.0]]
[2022.10.08-09.52.19:410][  0]LogConfig: Setting CVar [[r.Shadow.PreShadowResolutionFactor:1.0]]
[2022.10.08-09.52.19:410][  0]LogConfig: Setting CVar [[r.DistanceFieldShadowing:1]]
[2022.10.08-09.52.19:410][  0]LogConfig: Setting CVar [[r.DistanceFieldAO:1]]
[2022.10.08-09.52.19:410][  0]LogConfig: Setting CVar [[r.AOQuality:2]]
[2022.10.08-09.52.19:410][  0]LogConfig: Setting CVar [[r.VolumetricFog:1]]
[2022.10.08-09.52.19:410][  0]LogConfig: Setting CVar [[r.VolumetricFog.GridPixelSize:8]]
[2022.10.08-09.52.19:410][  0]LogConfig: Setting CVar [[r.VolumetricFog.GridSizeZ:128]]
[2022.10.08-09.52.19:410][  0]LogConfig: Setting CVar [[r.VolumetricFog.HistoryMissSupersampleCount:4]]
[2022.10.08-09.52.19:410][  0]LogConfig: Setting CVar [[r.LightMaxDrawDistanceScale:1]]
[2022.10.08-09.52.19:410][  0]LogConfig: Setting CVar [[r.CapsuleShadows:1]]
[2022.10.08-09.52.19:410][  0]LogConfig: Applying CVar settings from Section [PostProcessQuality@3] File [C:/Users/Chanwoongs/Desktop/Project/Unreal_Engine_Tutorial/C++/ActionGame/Saved/Config/Windows/Scalability.ini]
[2022.10.08-09.52.19:410][  0]LogConfig: Setting CVar [[r.MotionBlurQuality:4]]
[2022.10.08-09.52.19:410][  0]LogConfig: Setting CVar [[r.AmbientOcclusionMipLevelFactor:0.4]]
[2022.10.08-09.52.19:410][  0]LogConfig: Setting CVar [[r.AmbientOcclusionMaxQuality:100]]
[2022.10.08-09.52.19:410][  0]LogConfig: Setting CVar [[r.AmbientOcclusionLevels:-1]]
[2022.10.08-09.52.19:410][  0]LogConfig: Setting CVar [[r.AmbientOcclusionRadiusScale:1.0]]
[2022.10.08-09.52.19:410][  0]LogConfig: Setting CVar [[r.DepthOfFieldQuality:2]]
[2022.10.08-09.52.19:410][  0]LogConfig: Setting CVar [[r.RenderTargetPoolMin:400]]
[2022.10.08-09.52.19:410][  0]LogConfig: Setting CVar [[r.LensFlareQuality:2]]
[2022.10.08-09.52.19:410][  0]LogConfig: Setting CVar [[r.SceneColorFringeQuality:1]]
[2022.10.08-09.52.19:410][  0]LogConfig: Setting CVar [[r.EyeAdaptationQuality:2]]
[2022.10.08-09.52.19:410][  0]LogConfig: Setting CVar [[r.BloomQuality:5]]
[2022.10.08-09.52.19:410][  0]LogConfig: Setting CVar [[r.FastBlurThreshold:100]]
[2022.10.08-09.52.19:410][  0]LogConfig: Setting CVar [[r.Upscale.Quality:3]]
[2022.10.08-09.52.19:410][  0]LogConfig: Setting CVar [[r.Tonemapper.GrainQuantization:1]]
[2022.10.08-09.52.19:410][  0]LogConfig: Setting CVar [[r.LightShaftQuality:1]]
[2022.10.08-09.52.19:410][  0]LogConfig: Setting CVar [[r.Filter.SizeScale:1]]
[2022.10.08-09.52.19:410][  0]LogConfig: Setting CVar [[r.Tonemapper.Quality:5]]
[2022.10.08-09.52.19:410][  0]LogConfig: Setting CVar [[r.DOF.Gather.AccumulatorQuality:1        ; higher gathering accumulator quality]]
[2022.10.08-09.52.19:410][  0]LogConfig: Setting CVar [[r.DOF.Gather.PostfilterMethod:1          ; Median3x3 postfilering method]]
[2022.10.08-09.52.19:410][  0]LogConfig: Setting CVar [[r.DOF.Gather.EnableBokehSettings:0       ; no bokeh simulation when gathering]]
[2022.10.08-09.52.19:410][  0]LogConfig: Setting CVar [[r.DOF.Gather.RingCount:4                 ; medium number of samples when gathering]]
[2022.10.08-09.52.19:410][  0]LogConfig: Setting CVar [[r.DOF.Scatter.ForegroundCompositing:1    ; additive foreground scattering]]
[2022.10.08-09.52.19:410][  0]LogConfig: Setting CVar [[r.DOF.Scatter.BackgroundCompositing:2    ; additive background scattering]]
[2022.10.08-09.52.19:410][  0]LogConfig: Setting CVar [[r.DOF.Scatter.EnableBokehSettings:1      ; bokeh simulation when scattering]]
[2022.10.08-09.52.19:410][  0]LogConfig: Setting CVar [[r.DOF.Scatter.MaxSpriteRatio:0.1         ; only a maximum of 10% of scattered bokeh]]
[2022.10.08-09.52.19:410][  0]LogConfig: Setting CVar [[r.DOF.Recombine.Quality:1                ; cheap slight out of focus]]
[2022.10.08-09.52.19:410][  0]LogConfig: Setting CVar [[r.DOF.Recombine.EnableBokehSettings:0    ; no bokeh simulation on slight out of focus]]
[2022.10.08-09.52.19:410][  0]LogConfig: Setting CVar [[r.DOF.TemporalAAQuality:1                ; more stable temporal accumulation]]
[2022.10.08-09.52.19:410][  0]LogConfig: Setting CVar [[r.DOF.Kernel.MaxForegroundRadius:0.025]]
[2022.10.08-09.52.19:410][  0]LogConfig: Setting CVar [[r.DOF.Kernel.MaxBackgroundRadius:0.025]]
[2022.10.08-09.52.19:410][  0]LogConfig: Applying CVar settings from Section [TextureQuality@3] File [C:/Users/Chanwoongs/Desktop/Project/Unreal_Engine_Tutorial/C++/ActionGame/Saved/Config/Windows/Scalability.ini]
[2022.10.08-09.52.19:410][  0]LogConfig: Setting CVar [[r.Streaming.MipBias:0]]
[2022.10.08-09.52.19:410][  0]LogConfig: Setting CVar [[r.Streaming.AmortizeCPUToGPUCopy:0]]
[2022.10.08-09.52.19:410][  0]LogConfig: Setting CVar [[r.Streaming.MaxNumTexturesToStreamPerFrame:0]]
[2022.10.08-09.52.19:410][  0]LogConfig: Setting CVar [[r.Streaming.Boost:1]]
[2022.10.08-09.52.19:410][  0]LogConfig: Setting CVar [[r.MaxAnisotropy:8]]
[2022.10.08-09.52.19:410][  0]LogConfig: Setting CVar [[r.VT.MaxAnisotropy:8]]
[2022.10.08-09.52.19:410][  0]LogConfig: Setting CVar [[r.Streaming.LimitPoolSizeToVRAM:0]]
[2022.10.08-09.52.19:410][  0]LogConfig: Setting CVar [[r.Streaming.PoolSize:1000]]
[2022.10.08-09.52.19:410][  0]LogConfig: Setting CVar [[r.Streaming.MaxEffectiveScreenSize:0]]
[2022.10.08-09.52.19:410][  0]LogConfig: Applying CVar settings from Section [EffectsQuality@3] File [C:/Users/Chanwoongs/Desktop/Project/Unreal_Engine_Tutorial/C++/ActionGame/Saved/Config/Windows/Scalability.ini]
[2022.10.08-09.52.19:410][  0]LogConfig: Setting CVar [[r.TranslucencyLightingVolumeDim:64]]
[2022.10.08-09.52.19:410][  0]LogConfig: Setting CVar [[r.RefractionQuality:2]]
[2022.10.08-09.52.19:410][  0]LogConfig: Setting CVar [[r.SSR.Quality:3]]
[2022.10.08-09.52.19:411][  0]LogConfig: Setting CVar [[r.SSR.HalfResSceneColor:0]]
[2022.10.08-09.52.19:411][  0]LogConfig: Setting CVar [[r.SceneColorFormat:4]]
[2022.10.08-09.52.19:411][  0]LogConfig: Setting CVar [[r.DetailMode:2]]
[2022.10.08-09.52.19:411][  0]LogConfig: Setting CVar [[r.TranslucencyVolumeBlur:1]]
[2022.10.08-09.52.19:411][  0]LogConfig: Setting CVar [[r.MaterialQualityLevel:1 ; High quality]]
[2022.10.08-09.52.19:411][  0]LogConfig: Setting CVar [[r.SSS.Scale:1]]
[2022.10.08-09.52.19:411][  0]LogConfig: Setting CVar [[r.SSS.SampleSet:2]]
[2022.10.08-09.52.19:411][  0]LogConfig: Setting CVar [[r.SSS.Quality:1]]
[2022.10.08-09.52.19:411][  0]LogConfig: Setting CVar [[r.SSS.HalfRes:0]]
[2022.10.08-09.52.19:411][  0]LogConfig: Setting CVar [[r.SSGI.Quality:3]]
[2022.10.08-09.52.19:411][  0]LogConfig: Setting CVar [[r.EmitterSpawnRateScale:1.0]]
[2022.10.08-09.52.19:411][  0]LogConfig: Setting CVar [[r.ParticleLightQuality:2]]
[2022.10.08-09.52.19:411][  0]LogConfig: Setting CVar [[r.SkyAtmosphere.AerialPerspectiveLUT.FastApplyOnOpaque:1 ; Always have FastSkyLUT 1 in this case to avoid wrong sky]]
[2022.10.08-09.52.19:411][  0]LogConfig: Setting CVar [[r.SkyAtmosphere.AerialPerspectiveLUT.SampleCountPerSlice:1]]
[2022.10.08-09.52.19:411][  0]LogConfig: Setting CVar [[r.SkyAtmosphere.AerialPerspectiveLUT.DepthResolution:16.0]]
[2022.10.08-09.52.19:411][  0]LogConfig: Setting CVar [[r.SkyAtmosphere.FastSkyLUT:1]]
[2022.10.08-09.52.19:411][  0]LogConfig: Setting CVar [[r.SkyAtmosphere.FastSkyLUT.SampleCountMin:4.0]]
[2022.10.08-09.52.19:411][  0]LogConfig: Setting CVar [[r.SkyAtmosphere.FastSkyLUT.SampleCountMax:32.0]]
[2022.10.08-09.52.19:411][  0]LogConfig: Setting CVar [[r.SkyAtmosphere.SampleCountMin:4.0]]
[2022.10.08-09.52.19:411][  0]LogConfig: Setting CVar [[r.SkyAtmosphere.SampleCountMax:32.0]]
[2022.10.08-09.52.19:411][  0]LogConfig: Setting CVar [[r.SkyAtmosphere.TransmittanceLUT.UseSmallFormat:0]]
[2022.10.08-09.52.19:411][  0]LogConfig: Setting CVar [[r.SkyAtmosphere.TransmittanceLUT.SampleCount:10.0]]
[2022.10.08-09.52.19:411][  0]LogConfig: Setting CVar [[r.SkyAtmosphere.MultiScatteringLUT.SampleCount:15.0]]
[2022.10.08-09.52.19:411][  0]LogConfig: Applying CVar settings from Section [FoliageQuality@3] File [C:/Users/Chanwoongs/Desktop/Project/Unreal_Engine_Tutorial/C++/ActionGame/Saved/Config/Windows/Scalability.ini]
[2022.10.08-09.52.19:411][  0]LogConfig: Setting CVar [[foliage.DensityScale:1.0]]
[2022.10.08-09.52.19:411][  0]LogConfig: Setting CVar [[grass.DensityScale:1.0]]
[2022.10.08-09.52.19:411][  0]LogConfig: Applying CVar settings from Section [ShadingQuality@3] File [C:/Users/Chanwoongs/Desktop/Project/Unreal_Engine_Tutorial/C++/ActionGame/Saved/Config/Windows/Scalability.ini]
[2022.10.08-09.52.19:411][  0]LogConfig: Setting CVar [[r.HairStrands.SkyLighting.SampleCount:16]]
[2022.10.08-09.52.19:411][  0]LogConfig: Setting CVar [[r.HairStrands.SkyLighting.JitterIntegration:0]]
[2022.10.08-09.52.19:411][  0]LogConfig: Setting CVar [[r.HairStrands.SkyAO.SampleCount:16]]
[2022.10.08-09.52.19:411][  0]LogConfig: Setting CVar [[r.HairStrands.DeepShadow.SuperSampling:0]]
[2022.10.08-09.52.19:411][  0]LogConfig: Setting CVar [[r.HairStrands.VisibilityPPLL:0]]
[2022.10.08-09.52.19:411][  0]LogConfig: Setting CVar [[r.HairStrands.RasterizationScale:0.5]]
[2022.10.08-09.52.19:411][  0]LogConfig: Setting CVar [[r.HairStrands.VelocityRasterizationScale:1]]
[2022.10.08-09.52.19:411][  0]LogConfig: Applying CVar settings from Section [Startup] File [../../../Engine/Config/ConsoleVariables.ini]
[2022.10.08-09.52.19:411][  0]LogConfig: Setting CVar [[net.UseAdaptiveNetUpdateFrequency:0]]
[2022.10.08-09.52.19:411][  0]LogConfig: Setting CVar [[p.chaos.AllowCreatePhysxBodies:1]]
[2022.10.08-09.52.19:411][  0]LogConfig: Setting CVar [[fx.SkipVectorVMBackendOptimizations:1]]
[2022.10.08-09.52.19:411][  0]LogConfig: Applying CVar settings from Section [ConsoleVariables] File [C:/Users/Chanwoongs/Desktop/Project/Unreal_Engine_Tutorial/C++/ActionGame/Saved/Config/Windows/Engine.ini]
[2022.10.08-09.52.19:411][  0]LogInit: Computer: 찬웅
[2022.10.08-09.52.19:411][  0]LogInit: User: Chanwoongs
[2022.10.08-09.52.19:411][  0]LogInit: CPU Page size=4096, Cores=8
[2022.10.08-09.52.19:411][  0]LogInit: High frequency timer resolution =10.000000 MHz
[2022.10.08-09.52.19:412][  0]LogMemory: Memory total: Physical=47.9GB (48GB approx)
[2022.10.08-09.52.19:412][  0]LogMemory: Platform Memory Stats for Windows
[2022.10.08-09.52.19:412][  0]LogMemory: Process Physical Memory: 119.45 MB used, 119.46 MB peak
[2022.10.08-09.52.19:412][  0]LogMemory: Process Virtual Memory: 97.43 MB used, 97.43 MB peak
[2022.10.08-09.52.19:412][  0]LogMemory: Physical Memory: 16888.10 MB used,  32182.23 MB free, 49070.33 MB total
[2022.10.08-09.52.19:412][  0]LogMemory: Virtual Memory: 5150.08 MB used,  134212576.00 MB free, 134217728.00 MB total
[2022.10.08-09.52.19:424][  0]LogWindows: WindowsPlatformFeatures enabled
[2022.10.08-09.52.19:564][  0]LogInit: Physics initialised using underlying interface: PhysX
[2022.10.08-09.52.19:564][  0]LogInit: Using OS detected language (ko-KR).
[2022.10.08-09.52.19:564][  0]LogInit: Using OS detected locale (ko-KR).
[2022.10.08-09.52.19:566][  0]LogTextLocalizationManager: No specific localization for 'ko-KR' exists, so the 'ko' localization will be used.
[2022.10.08-09.52.19:693][  0]LogSlate: New Slate User Created.  User Index 0, Is Virtual User: 0
[2022.10.08-09.52.19:693][  0]LogSlate: Slate User Registered.  User Index 0, Is Virtual User: 0
[2022.10.08-09.52.19:712][  0]LogD3D12RHI: Aftermath initialized
[2022.10.08-09.52.19:712][  0]LogD3D12RHI: Loading WinPixEventRuntime.dll for PIX profiling (from ../../../Engine/Binaries/ThirdParty/Windows/WinPixEventRuntime/x64).
[2022.10.08-09.52.19:719][  0]LogHMD: Failed to initialize OpenVR with code 110
[2022.10.08-09.52.20:023][  0]LogD3D12RHI: Found D3D12 adapter 0: NVIDIA GeForce RTX 2080 (Max supported Feature Level 12_1)
[2022.10.08-09.52.20:023][  0]LogD3D12RHI: Adapter has 8010MB of dedicated video memory, 0MB of dedicated system memory, and 24535MB of shared system memory, 2 output[s]
[2022.10.08-09.52.20:032][  0]LogD3D12RHI: Found D3D12 adapter 1: Microsoft Basic Render Driver (Max supported Feature Level 12_1)
[2022.10.08-09.52.20:032][  0]LogD3D12RHI: Adapter has 0MB of dedicated video memory, 0MB of dedicated system memory, and 24535MB of shared system memory, 0 output[s]
[2022.10.08-09.52.20:032][  0]LogD3D12RHI: Forcing D3D12.AsyncDeferredDeletion=0 as a workaround for a deadlock.
[2022.10.08-09.52.20:032][  0]LogD3D12RHI: Chosen D3D12 Adapter Id = 0
[2022.10.08-09.52.20:039][  0]LogD3D12RHI: Emitting draw events for PIX profiling.
[2022.10.08-09.52.20:124][  0]LogD3D12RHI: D3D12 ray tracing enabled.
[2022.10.08-09.52.20:124][  0]LogD3D12RHI: The system supports ID3D12Device1.
[2022.10.08-09.52.20:124][  0]LogD3D12RHI: The system supports ID3D12Device2.
[2022.10.08-09.52.20:268][  0]LogD3D12RHI: [GPUBreadCrumb] Successfully setup breadcrumb resource for 3D Queue 0
[2022.10.08-09.52.20:275][  0]LogD3D12RHI: [GPUBreadCrumb] Successfully setup breadcrumb resource for Copy Queue 0
[2022.10.08-09.52.20:289][  0]LogD3D12RHI: [GPUBreadCrumb] Successfully setup breadcrumb resource for Compute Queue 0
[2022.10.08-09.52.20:304][  0]LogD3D12RHI: Display: Not using pipeline state disk cache per r.D3D12.PSO.DiskCache=0
[2022.10.08-09.52.20:304][  0]LogD3D12RHI: Display: Not using driver-optimized pipeline state disk cache per r.D3D12.PSO.DriverOptimizedDiskCache=0
[2022.10.08-09.52.20:305][  0]LogD3D12RHI:     GPU DeviceId: 0x1e87 (for the marketing name, search the web for "GPU Device Id")
[2022.10.08-09.52.20:305][  0]LogWindows: EnumDisplayDevices:
[2022.10.08-09.52.20:306][  0]LogWindows:    0. 'NVIDIA GeForce RTX 2080' (P:1 D:1)
[2022.10.08-09.52.20:306][  0]LogWindows:    1. 'NVIDIA GeForce RTX 2080' (P:0 D:1)
[2022.10.08-09.52.20:307][  0]LogWindows:    2. 'NVIDIA GeForce RTX 2080' (P:0 D:0)
[2022.10.08-09.52.20:308][  0]LogWindows:    3. 'NVIDIA GeForce RTX 2080' (P:0 D:0)
[2022.10.08-09.52.20:309][  0]LogWindows: DebugString: FoundDriverCount:4 
[2022.10.08-09.52.20:309][  0]LogD3D12RHI:     Adapter Name: NVIDIA GeForce RTX 2080
[2022.10.08-09.52.20:309][  0]LogD3D12RHI:   Driver Version: 517.48 (internal:31.0.15.1748, unified:517.48)
[2022.10.08-09.52.20:309][  0]LogD3D12RHI:      Driver Date: 9-21-2022
[2022.10.08-09.52.20:309][  0]LogRHI: Texture pool is 4562 MB (70% of 6517 MB)
[2022.10.08-09.52.20:309][  0]LogD3D12RHI: Async texture creation enabled
[2022.10.08-09.52.20:309][  0]LogD3D12RHI: RHI has support for 64 bit atomics
[2022.10.08-09.52.20:761][  0]LogTargetPlatformManager: Display: Loaded TargetPlatform 'WindowsNoEditor'
[2022.10.08-09.52.20:768][  0]LogTargetPlatformManager: Display: Loaded TargetPlatform 'Windows'
[2022.10.08-09.52.20:781][  0]LogTargetPlatformManager: Display: Loaded TargetPlatform 'WindowsClient'
[2022.10.08-09.52.20:794][  0]LogTargetPlatformManager: Display: Loaded TargetPlatform 'WindowsServer'
[2022.10.08-09.52.20:794][  0]LogTargetPlatformManager: Display: Building Assets For Windows
[2022.10.08-09.52.20:808][  0]LogAudioDebug: Display: Lib vorbis DLL was dynamically loaded.
[2022.10.08-09.52.20:912][  0]LogShaderCompilers: Guid format shader working directory is -23 characters bigger than the processId version (C:/Users/Chanwoongs/Desktop/Project/Unreal_Engine_Tutorial/C++/ActionGame/Intermediate/Shaders/WorkingDirectory/20680/).
[2022.10.08-09.52.20:913][  0]LogShaderCompilers: Cleaned the shader compiler working directory 'C:/Users/Chanwoongs/AppData/Local/Temp/UnrealShaderWorkingDir/56C94796459E6EB612ABB497436047C2/'.
[2022.10.08-09.52.20:913][  0]LogXGEController: Cannot use XGE Controller as Incredibuild is not installed on this machine.
[2022.10.08-09.52.20:914][  0]LogShaderCompilers: Cannot use XGE Shader Compiler as Incredibuild is not installed on this machine.
[2022.10.08-09.52.20:914][  0]LogShaderCompilers: Display: Using Local Shader Compiler.
[2022.10.08-09.52.21:615][  0]LogDerivedDataCache: Display: Max Cache Size: 512 MB
[2022.10.08-09.52.21:682][  0]LogDerivedDataCache: Loaded boot cache 0.07s 112MB C:/Users/Chanwoongs/AppData/Local/UnrealEngine/4.25/DerivedDataCache/Boot.ddc.
[2022.10.08-09.52.21:682][  0]LogDerivedDataCache: Display: Loaded Boot cache: C:/Users/Chanwoongs/AppData/Local/UnrealEngine/4.25/DerivedDataCache/Boot.ddc
[2022.10.08-09.52.21:682][  0]LogDerivedDataCache: FDerivedDataBackendGraph:  Pak pak cache file C:/Users/Chanwoongs/Desktop/Project/Unreal_Engine_Tutorial/C++/ActionGame/DerivedDataCache/DDC.ddp not found, will not use a pak cache.
[2022.10.08-09.52.21:683][  0]LogDerivedDataCache: Unable to find inner node Pak for hierarchical cache Hierarchy.
[2022.10.08-09.52.21:683][  0]LogDerivedDataCache: FDerivedDataBackendGraph:  CompressedPak pak cache file C:/Users/Chanwoongs/Desktop/Project/Unreal_Engine_Tutorial/C++/ActionGame/DerivedDataCache/Compressed.ddp not found, will not use a pak cache.
[2022.10.08-09.52.21:683][  0]LogDerivedDataCache: Unable to find inner node CompressedPak for hierarchical cache Hierarchy.
[2022.10.08-09.52.21:691][  0]LogDerivedDataCache: Display: Pak cache opened for reading ../../../Engine/DerivedDataCache/Compressed.ddp.
[2022.10.08-09.52.21:691][  0]LogDerivedDataCache: FDerivedDataBackendGraph:  EnterprisePak pak cache file ../../../Enterprise/DerivedDataCache/Compressed.ddp not found, will not use a pak cache.
[2022.10.08-09.52.21:691][  0]LogDerivedDataCache: Unable to find inner node EnterprisePak for hierarchical cache Hierarchy.
[2022.10.08-09.52.21:693][  0]LogDerivedDataCache: Using Local data cache path C:/Users/Chanwoongs/AppData/Local/UnrealEngine/Common/DerivedDataCache: Writable
[2022.10.08-09.52.21:693][  0]LogDerivedDataCache: Shared data cache path not found in *engine.ini, will not use an Shared cache.
[2022.10.08-09.52.21:693][  0]LogDerivedDataCache: Unable to find inner node Shared for hierarchical cache Hierarchy.
[2022.10.08-09.52.21:735][  0]LogSlate: Using FreeType 2.10.0
[2022.10.08-09.52.21:735][  0]LogSlate: SlateFontServices - WITH_FREETYPE: 1, WITH_HARFBUZZ: 1
[2022.10.08-09.52.21:824][  0]LogInit: Using OS detected language (ko-KR).
[2022.10.08-09.52.21:824][  0]LogInit: Using OS detected locale (ko-KR).
[2022.10.08-09.52.21:824][  0]LogTextLocalizationManager: No localization for 'ko-KR' exists, so 'en' will be used for the language.
[2022.10.08-09.52.21:824][  0]LogTextLocalizationManager: No localization for 'ko-KR' exists, so 'en' will be used for the locale.
[2022.10.08-09.52.21:824][  0]LogSlate: FontCache flush requested. Reason: Culture for localization was changed
[2022.10.08-09.52.21:824][  0]LogSlate: FontCache flush requested. Reason: Culture for localization was changed
[2022.10.08-09.52.21:825][  0]LogTextLocalizationManager: Compacting localization data took   0.00ms
[2022.10.08-09.52.21:827][  0]LogAssetRegistry: FAssetRegistry took 0.0015 seconds to start up
[2022.10.08-09.52.21:980][  0]LogPackageLocalizationCache: Processed 19 localized package path(s) for 1 prioritized culture(s) in 0.001076 seconds
[2022.10.08-09.52.22:030][  0]LogInit: Selected Device Profile: [Windows]
[2022.10.08-09.52.22:149][  0]LogMeshReduction: Using QuadricMeshReduction for automatic static mesh reduction
[2022.10.08-09.52.22:149][  0]LogMeshReduction: Using SimplygonMeshReduction for automatic skeletal mesh reduction
[2022.10.08-09.52.22:149][  0]LogMeshReduction: Using ProxyLODMeshReduction for automatic mesh merging
[2022.10.08-09.52.22:149][  0]LogMeshReduction: No distributed automatic mesh merging module available
[2022.10.08-09.52.22:149][  0]LogMeshMerging: No distributed automatic mesh merging module available
[2022.10.08-09.52.22:262][  0]LogNetVersion: ActionGame 1.0.0, NetCL: 13144385, EngineNetVer: 14, GameNetVer: 0 (Checksum: 4144894281)
[2022.10.08-09.52.22:460][  0]LogAISub: UAISubsystem::UAISubsystem AISubsystem (000001E3AF4C0100), frame # 0
[2022.10.08-09.52.22:460][  0]LogAISub: UAISubsystem::UAISubsystem AIPerceptionSystem (000001E3AF3DA980), frame # 0
[2022.10.08-09.52.22:461][  0]LogAISub: UAISubsystem::UAISubsystem EnvQueryManager (000001E3AF3DF600), frame # 0
[2022.10.08-09.52.22:582][  0]LogCollectionManager: Loaded 0 collections in 0.001319 seconds
[2022.10.08-09.52.22:584][  0]LogFileCache: Scanning file cache for directory 'C:/Users/Chanwoongs/Desktop/Project/Unreal_Engine_Tutorial/C++/ActionGame/Saved/Collections/' took 0.00s
[2022.10.08-09.52.22:584][  0]LogFileCache: Scanning file cache for directory 'C:/Users/Chanwoongs/Desktop/Project/Unreal_Engine_Tutorial/C++/ActionGame/Content/Developers/Chanwoongs/Collections/' took 0.00s
[2022.10.08-09.52.22:584][  0]LogFileCache: Scanning file cache for directory 'C:/Users/Chanwoongs/Desktop/Project/Unreal_Engine_Tutorial/C++/ActionGame/Content/Collections/' took 0.00s
[2022.10.08-09.52.22:584][  0]LogCollectionManager: Fixed up redirectors for 0 collections in 0.000003 seconds (updated 0 objects)
[2022.10.08-09.52.22:680][  0]LogMoviePlayer: Initializing movie player
[2022.10.08-09.52.22:773][  0]LogD3D12RHI: Creating RTPSO with 3 shaders (0 cached, 3 new) took 40.90 ms. Compile time 12.23 ms, link time 28.63 ms.
[2022.10.08-09.52.22:800][  0]LogD3D12RHI: Creating RTPSO with 3 shaders (1 cached, 2 new) took 26.98 ms. Compile time 2.50 ms, link time 24.47 ms.
[2022.10.08-09.52.22:982][  0]LogTcpMessaging: Initializing TcpMessaging bridge
[2022.10.08-09.52.22:989][  0]LogUdpMessaging: Initializing bridge on interface 0.0.0.0:0 to multicast group 230.0.0.1:6666.
[2022.10.08-09.52.23:038][  0]LogAnimation: Warning: SkeletalMesh SK_Mannequin has no skeleton. This needs to fixed before an animation can be set
[2022.10.08-09.52.23:048][  0]LogAnimation: Warning: SkeletalMesh SK_Mannequin has no skeleton. This needs to fixed before an animation can be set
[2022.10.08-09.52.23:051][  0]LogAnimation: Warning: SkeletalMesh SK_Mannequin has no skeleton. This needs to fixed before an animation can be set
[2022.10.08-09.52.23:095][  0]LogUObjectGlobals: Warning: 'C:/Users/Chanwoongs/Desktop/Project/Unreal_Engine_Tutorial/C++/ActionGame/Content/Character/Montages/OneHand/Sword_Draw_Montage.uasset' 로드 도중 '/Game/Notifies/Sword/AN_Equipped' 로드에 실패했습니다: 파일을 찾을 수 없습니다.
[2022.10.08-09.52.23:096][  0]LogUObjectGlobals: Warning: 'C:/Users/Chanwoongs/Desktop/Project/Unreal_Engine_Tutorial/C++/ActionGame/Content/Character/Montages/OneHand/Sword_Draw_Montage.uasset' 로드 도중 '/Game/Notifies/Sword/AN_Equipped' 로드에 실패했습니다: 애셋에 대한 파일을 찾을 수 없습니다.
[2022.10.08-09.52.23:096][  0]LogUObjectGlobals: Warning: 'C:/Users/Chanwoongs/Desktop/Project/Unreal_Engine_Tutorial/C++/ActionGame/Content/Character/Montages/OneHand/Sword_Draw_Montage.uasset' 로드 도중 '/Game/Notifies/Sword/AN_Equipped' 로드에 실패했습니다: 파일을 찾을 수 없습니다.
[2022.10.08-09.52.23:096][  0]LogUObjectGlobals: Warning: 'C:/Users/Chanwoongs/Desktop/Project/Unreal_Engine_Tutorial/C++/ActionGame/Content/Character/Montages/OneHand/Sword_Draw_Montage.uasset' 로드 도중 '/Game/Notifies/Sword/AN_Equipped' 로드에 실패했습니다: 애셋에 대한 파일을 찾을 수 없습니다.
[2022.10.08-09.52.23:097][  0]LogUObjectGlobals: Warning: 'C:/Users/Chanwoongs/Desktop/Project/Unreal_Engine_Tutorial/C++/ActionGame/Content/Character/Montages/OneHand/Sword_Draw_Montage.uasset' 로드 도중 '/Game/Notifies/Sword/AN_GrabSword' 로드에 실패했습니다: 파일을 찾을 수 없습니다.
[2022.10.08-09.52.23:097][  0]LogUObjectGlobals: Warning: 'C:/Users/Chanwoongs/Desktop/Project/Unreal_Engine_Tutorial/C++/ActionGame/Content/Character/Montages/OneHand/Sword_Draw_Montage.uasset' 로드 도중 '/Game/Notifies/Sword/AN_GrabSword' 로드에 실패했습니다: 애셋에 대한 파일을 찾을 수 없습니다.
[2022.10.08-09.52.23:097][  0]LogUObjectGlobals: Warning: 'C:/Users/Chanwoongs/Desktop/Project/Unreal_Engine_Tutorial/C++/ActionGame/Content/Character/Montages/OneHand/Sword_Draw_Montage.uasset' 로드 도중 '/Game/Notifies/Sword/AN_GrabSword' 로드에 실패했습니다: 파일을 찾을 수 없습니다.
[2022.10.08-09.52.23:097][  0]LogUObjectGlobals: Warning: 'C:/Users/Chanwoongs/Desktop/Project/Unreal_Engine_Tutorial/C++/ActionGame/Content/Character/Montages/OneHand/Sword_Draw_Montage.uasset' 로드 도중 '/Game/Notifies/Sword/AN_GrabSword' 로드에 실패했습니다: 애셋에 대한 파일을 찾을 수 없습니다.
[2022.10.08-09.52.23:167][  0]SourceControl: 소스 컨트롤이 꺼졌습니다.
[2022.10.08-09.52.23:167][  0]SourceControl: 소스 컨트롤이 꺼졌습니다.
[2022.10.08-09.52.23:184][  0]SourceControl: 소스 컨트롤이 꺼졌습니다.
[2022.10.08-09.52.23:404][  0]LogAndroidPermission: UAndroidPermissionCallbackProxy::GetInstance
[2022.10.08-09.52.23:434][  0]LogAudioCaptureCore: Display: No Audio Capture implementations found. Audio input will be silent.
[2022.10.08-09.52.23:434][  0]LogAudioCaptureCore: Display: No Audio Capture implementations found. Audio input will be silent.
[2022.10.08-09.52.23:493][  0]LogOcInput: OculusInput pre-init called
[2022.10.08-09.52.23:507][  0]LogUObjectArray: 19831 objects as part of root set at end of initial load.
[2022.10.08-09.52.23:508][  0]LogUObjectAllocator: 5356576 out of 0 bytes used by permanent object pool.
[2022.10.08-09.52.23:508][  0]LogUObjectArray: CloseDisregardForGC: 0/0 objects in disregard for GC pool
[2022.10.08-09.52.23:549][  0]LogEngine: Initializing Engine...
[2022.10.08-09.52.23:550][  0]LogHMD: Failed to initialize OpenVR with code 110
[2022.10.08-09.52.23:550][  0]LogMagicLeap: Warning: VR disabled because ZI is not enabled.  To enable, in the editor, Edit -> Project Settings -> Plugins -> Magic Leap Plugin -> Enable Zero Iteration
[2022.10.08-09.52.23:552][  0]LogStats: UGameplayTagsManager::InitializeManager -  0.000 s
[2022.10.08-09.52.23:629][  0]LogInit: Initializing FReadOnlyCVARCache
[2022.10.08-09.52.23:635][  0]LogAudioMixer: Display: Audio Mixer Platform Settings:
[2022.10.08-09.52.23:635][  0]LogAudioMixer: Display: 	Sample Rate:						  48000
[2022.10.08-09.52.23:635][  0]LogAudioMixer: Display: 	Callback Buffer Frame Size Requested: 1024
[2022.10.08-09.52.23:635][  0]LogAudioMixer: Display: 	Callback Buffer Frame Size To Use:	  1024
[2022.10.08-09.52.23:635][  0]LogAudioMixer: Display: 	Number of buffers to queue:			  2
[2022.10.08-09.52.23:635][  0]LogAudioMixer: Display: 	Max Channels (voices):				  32
[2022.10.08-09.52.23:635][  0]LogAudioMixer: Display: 	Number of Async Source Workers:		  0
[2022.10.08-09.52.23:635][  0]LogAudio: Display: AudioDevice MaxSources: 32
[2022.10.08-09.52.23:635][  0]LogAudio: Display: Using built-in audio occlusion.
[2022.10.08-09.52.23:635][  0]LogAudioMixer: Display: Initializing audio mixer.
[2022.10.08-09.52.23:673][  0]LogAudioMixer: Display: 0: FrontLeft
[2022.10.08-09.52.23:673][  0]LogAudioMixer: Display: 1: FrontRight
[2022.10.08-09.52.23:771][  0]LogAudioMixer: Display: Using Audio Device 스피커(Realtek(R) Audio)
[2022.10.08-09.52.23:773][  0]LogAudioMixer: Display: Initializing Sound Submixes...
[2022.10.08-09.52.23:774][  0]LogAudioMixer: Display: Creating Master Submix 'MasterSubmixDefault'
[2022.10.08-09.52.23:774][  0]LogAudioMixer: Display: Creating Master Submix 'MasterReverbSubmixDefault'
[2022.10.08-09.52.23:775][  0]LogAudioMixer: Display: Creating Master Submix 'MasterEQSubmixDefault'
[2022.10.08-09.52.23:775][  0]LogInit: FAudioDevice initialized.
[2022.10.08-09.52.23:777][  0]LogNetVersion: Set ProjectVersion to 1.0.0.0. Version Checksum will be recalculated on next use.
[2022.10.08-09.52.23:779][  0]LogInit: Texture streaming: Enabled
[2022.10.08-09.52.23:852][  0]LogSlate: Updating window title bar state: overlay mode, drag disabled, window buttons hidden, title bar hidden
[2022.10.08-09.52.23:852][  0]LogInit: Display: Game Engine Initialized.
[2022.10.08-09.52.23:853][  0]LogNiagaraEditor: Warning: GEditor isn't valid! Particle reset commands will not work for Niagara components!
[2022.10.08-09.52.23:896][  0]LogInit: Display: Starting Game.
[2022.10.08-09.52.23:896][  0]LogNet: Browse: /Game/Level/Battle?Name=Player
[2022.10.08-09.52.23:896][  0]LogLoad: LoadMap: /Game/Level/Battle?Name=Player
[2022.10.08-09.52.23:896][  0]LogWorld: BeginTearingDown for /Temp/Untitled_0
[2022.10.08-09.52.23:897][  0]LogWorld: UWorld::CleanupWorld for Untitled, bSessionEnded=true, bCleanupResources=true
[2022.10.08-09.52.23:897][  0]LogSlate: InvalidateAllWidgets triggered.  All widgets were invalidated
[2022.10.08-09.52.23:910][  0]LogUObjectHash: Compacting FUObjectHashTables data took   0.48ms
[2022.10.08-09.52.23:993][  0]LogAIModule: Creating AISystem for world Battle
[2022.10.08-09.52.23:993][  0]LogAISub: UAISubsystem::UAISubsystem EnvQueryManager (000001E3C2797C00), frame # 0
[2022.10.08-09.52.23:993][  0]LogAISub: UAISubsystem::UAISubsystem AIPerceptionSystem (000001E3C2900680), frame # 0
[2022.10.08-09.52.23:993][  0]LogLoad: Game class is 'CGameMode'
[2022.10.08-09.52.23:995][  0]LogWorld: Bringing World /Game/Level/Battle.Battle up for play (max tick rate 0) at 2022.10.08-18.52.23
[2022.10.08-09.52.23:995][  0]LogWorld: Bringing up level for play took: 0.001067
[2022.10.08-09.52.23:999][  0]LogLoad: Took 0.102694 seconds to LoadMap(/Game/Level/Battle)
[2022.10.08-09.52.24:063][  0]LogRenderer: Reallocating scene render targets to support 1280x720 Format 10 NumSamples 1 (Frame:1).
[2022.10.08-09.52.24:063][  0]LogLoad: (Engine Initialization) Total time: 7.98 seconds
[2022.10.08-09.52.24:063][  0]LogLoad: (Engine Initialization) Total Blueprint compile time: 0.00 seconds
[2022.10.08-09.52.24:233][  0]LogD3D12RHI: Creating RTPSO with 136 shaders (0 cached, 136 new) took 182.79 ms. Compile time 177.43 ms, link time 5.16 ms.
[2022.10.08-09.52.24:304][  0]LogD3D12RHI: Creating RTPSO with 3 shaders (0 cached, 3 new) took 95.96 ms. Compile time 4.59 ms, link time 91.35 ms.
[2022.10.08-09.52.24:367][  0]LogContentStreaming: Texture pool size now 1000 MB
[2022.10.08-09.52.24:369][  0]LogSlate: InvalidateAllWidgets triggered.  All widgets were invalidated
[2022.10.08-09.52.24:386][  0]LogRenderer: Reallocating scene render targets to support 128x128 Format 10 NumSamples 1 (Frame:1).
[2022.10.08-09.52.24:420][  0]LogRenderer: Reallocating scene render targets to support 1280x720 Format 10 NumSamples 1 (Frame:2).
[2022.10.08-09.52.26:220][474]LogSlate: Took 0.000256 seconds to synchronously load lazily loaded font '../../../Engine/Content/Slate/Fonts/Roboto-Regular.ttf' (155K)
[2022.10.08-09.52.27:689][864]LogSlate: Window 'ActionGame (64 비트, PCD3D_SM5) ' being destroyed
[2022.10.08-09.52.27:690][864]LogWindowsTextInputMethodSystem: Display: IME system now activated using TSF (한컴 입력기).
[2022.10.08-09.52.27:710][864]LogWindowsTextInputMethodSystem: Display: IME system now activated using TSF (한컴 입력기).
[2022.10.08-09.52.27:719][864]LogSlate: Updating window title bar state: overlay mode, drag disabled, window buttons hidden, title bar hidden
[2022.10.08-09.52.27:719][864]LogEngine: All Windows Closed
[2022.10.08-09.52.27:719][864]LogWindows: FPlatformMisc::RequestExit(0)
[2022.10.08-09.52.27:719][864]LogCore: Engine exit requested (reason: Win RequestExit)
[2022.10.08-09.52.27:719][865]LogCore: Engine exit requested (reason: EngineExit() was called; note: exit was already requested)
[2022.10.08-09.52.27:720][865]LogAudio: Display: Shutting down audio device while 2 references to it are still alive. For more information, compile with INSTRUMENT_AUDIODEVICE_HANDLES.
[2022.10.08-09.52.27:751][865]LogInit: Display: PreExit Game.
[2022.10.08-09.52.27:770][865]LogWorld: BeginTearingDown for /Game/Level/Battle
[2022.10.08-09.52.27:770][865]LogWorld: UWorld::CleanupWorld for Battle, bSessionEnded=true, bCleanupResources=true
[2022.10.08-09.52.27:771][865]LogSlate: InvalidateAllWidgets triggered.  All widgets were invalidated
[2022.10.08-09.52.28:561][865]LogExit: Preparing to exit.
[2022.10.08-09.52.28:995][865]LogMoviePlayer: Shutting down movie player
[2022.10.08-09.52.29:113][865]LogSlate: Updating window title bar state: overlay mode, drag disabled, window buttons hidden, title bar hidden
[2022.10.08-09.52.29:114][865]LogDemo: Cleaned up 0 splitscreen connections with owner deletion
[2022.10.08-09.52.29:117][865]LogExit: Game engine shut down
[2022.10.08-09.52.29:124][865]LogAISub: UAISubsystem::~UAISubsystem AISubsystem (000001E3AF4C0100), frame # 865
[2022.10.08-09.52.29:124][865]LogAISub: UAISubsystem::~UAISubsystem AIPerceptionSystem (000001E3AF3DA980), frame # 865
[2022.10.08-09.52.29:124][865]LogAISub: UAISubsystem::~UAISubsystem EnvQueryManager (000001E3AF3DF600), frame # 865
[2022.10.08-09.52.29:128][865]LogAISub: UAISubsystem::~UAISubsystem EnvQueryManager (000001E3C2797C00), frame # 865
[2022.10.08-09.52.29:128][865]LogAISub: UAISubsystem::~UAISubsystem AIPerceptionSystem (000001E3C2900680), frame # 865
[2022.10.08-09.52.29:144][865]LogExit: Object subsystem successfully closed.
[2022.10.08-09.52.29:160][865]LogShaderCompilers: Display: Shaders left to compile 0
[2022.10.08-09.52.29:168][865]LogModuleManager: Shutting down and abandoning module SequenceRecorderSections (506)
[2022.10.08-09.52.29:168][865]LogModuleManager: Shutting down and abandoning module SequenceRecorder (504)
[2022.10.08-09.52.29:168][865]LogModuleManager: Shutting down and abandoning module AutomationController (502)
[2022.10.08-09.52.29:168][865]LogModuleManager: Shutting down and abandoning module AutomationWorker (500)
[2022.10.08-09.52.29:168][865]LogModuleManager: Shutting down and abandoning module Voice (498)
[2022.10.08-09.52.29:168][865]LogModuleManager: Shutting down and abandoning module AIModule (496)
[2022.10.08-09.52.29:168][865]LogModuleManager: Shutting down and abandoning module GameplayDebugger (495)
[2022.10.08-09.52.29:168][865]LogModuleManager: Shutting down and abandoning module AITestSuite (493)
[2022.10.08-09.52.29:168][865]LogModuleManager: Shutting down and abandoning module NavigationSystem (491)
[2022.10.08-09.52.29:168][865]LogModuleManager: Shutting down and abandoning module OculusMR (488)
[2022.10.08-09.52.29:168][865]LogModuleManager: Shutting down and abandoning module WmfMediaFactory (486)
[2022.10.08-09.52.29:168][865]LogModuleManager: Shutting down and abandoning module WebMMediaFactory (484)
[2022.10.08-09.52.29:168][865]LogModuleManager: Shutting down and abandoning module WebMMedia (482)
[2022.10.08-09.52.29:168][865]LogModuleManager: Shutting down and abandoning module OpenExrWrapper (480)
[2022.10.08-09.52.29:168][865]LogModuleManager: Shutting down and abandoning module ImgMediaFactory (478)
[2022.10.08-09.52.29:168][865]LogModuleManager: Shutting down and abandoning module AvfMediaFactory (476)
[2022.10.08-09.52.29:168][865]LogModuleManager: Shutting down and abandoning module MagicLeapMediaCodecFactory (474)
[2022.10.08-09.52.29:168][865]LogModuleManager: Shutting down and abandoning module MagicLeapMediaFactory (472)
[2022.10.08-09.52.29:168][865]LogModuleManager: Shutting down and abandoning module PlanarCut (470)
[2022.10.08-09.52.29:168][865]LogModuleManager: Shutting down and abandoning module CharacterAI (468)
[2022.10.08-09.52.29:168][865]LogModuleManager: Shutting down and abandoning module SessionServices (466)
[2022.10.08-09.52.29:168][865]LogModuleManager: Shutting down and abandoning module MovieSceneCapture (464)
[2022.10.08-09.52.29:168][865]LogModuleManager: Shutting down and abandoning module LiveCoding (462)
[2022.10.08-09.52.29:168][865]LogModuleManager: Shutting down and abandoning module LevelSequence (460)
[2022.10.08-09.52.29:168][865]LogModuleManager: Shutting down and abandoning module MovieSceneTracks (458)
[2022.10.08-09.52.29:168][865]LogModuleManager: Shutting down and abandoning module MovieScene (456)
[2022.10.08-09.52.29:168][865]LogModuleManager: Shutting down and abandoning module StreamingPauseRendering (454)
[2022.10.08-09.52.29:168][865]LogModuleManager: Shutting down and abandoning module PortalServices (452)
[2022.10.08-09.52.29:168][865]LogModuleManager: Shutting down and abandoning module PortalRpc (450)
[2022.10.08-09.52.29:168][865]LogModuleManager: Shutting down and abandoning module MessagingRpc (448)
[2022.10.08-09.52.29:169][865]LogModuleManager: Shutting down and abandoning module AudioMixerXAudio2 (446)
[2022.10.08-09.52.29:169][865]LogModuleManager: Shutting down and abandoning module AudioMixerCore (445)
[2022.10.08-09.52.29:169][865]LogModuleManager: Shutting down and abandoning module ProfilerService (442)
[2022.10.08-09.52.29:285][865]LogModuleManager: Shutting down and abandoning module TaskGraph (440)
[2022.10.08-09.52.29:285][865]LogModuleManager: Shutting down and abandoning module Synthesis (438)
[2022.10.08-09.52.29:285][865]LogModuleManager: Shutting down and abandoning module ProceduralMeshComponent (436)
[2022.10.08-09.52.29:285][865]LogModuleManager: Shutting down and abandoning module OculusInput (434)
[2022.10.08-09.52.29:285][865]LogModuleManager: Shutting down and abandoning module MobilePatchingUtils (432)
[2022.10.08-09.52.29:285][865]LogModuleManager: Shutting down and abandoning module GooglePAD (430)
[2022.10.08-09.52.29:285][865]LogModuleManager: Shutting down and abandoning module EditableMesh (428)
[2022.10.08-09.52.29:285][865]LogModuleManager: Shutting down and abandoning module CustomMeshComponent (426)
[2022.10.08-09.52.29:285][865]LogModuleManager: Shutting down and abandoning module CableComponent (424)
[2022.10.08-09.52.29:285][865]LogModuleManager: Shutting down and abandoning module AudioCapture (422)
[2022.10.08-09.52.29:285][865]LogModuleManager: Shutting down and abandoning module AudioCaptureRtAudio (421)
[2022.10.08-09.52.29:285][865]LogModuleManager: Shutting down and abandoning module AssetTags (418)
[2022.10.08-09.52.29:285][865]LogModuleManager: Shutting down and abandoning module ArchVisCharacter (416)
[2022.10.08-09.52.29:285][865]LogModuleManager: Shutting down and abandoning module AppleImageUtilsBlueprintSupport (414)
[2022.10.08-09.52.29:285][865]LogModuleManager: Shutting down and abandoning module AppleImageUtils (412)
[2022.10.08-09.52.29:285][865]LogModuleManager: Shutting down and abandoning module AndroidPermission (410)
[2022.10.08-09.52.29:285][865]LogModuleManager: Shutting down and abandoning module NUTUnrealEngine4 (408)
[2022.10.08-09.52.29:285][865]LogModuleManager: Shutting down and abandoning module NetcodeUnitTest (406)
[2022.10.08-09.52.29:285][865]LogModuleManager: Shutting down and abandoning module TemplateSequence (404)
[2022.10.08-09.52.29:285][865]LogModuleManager: Shutting down and abandoning module MovieRenderPipelineRenderPasses (402)
[2022.10.08-09.52.29:285][865]LogModuleManager: Shutting down and abandoning module MovieRenderPipelineSettings (400)
[2022.10.08-09.52.29:285][865]LogModuleManager: Shutting down and abandoning module MovieRenderPipelineCore (398)
[2022.10.08-09.52.29:285][865]LogModuleManager: Shutting down and abandoning module ImageWriteQueue (397)
[2022.10.08-09.52.29:287][865]LogModuleManager: Shutting down and abandoning module MediaCompositing (394)
[2022.10.08-09.52.29:287][865]LogModuleManager: Shutting down and abandoning module ImgMedia (392)
[2022.10.08-09.52.29:288][865]LogModuleManager: Shutting down and abandoning module MagicLeapSharedWorld (390)
[2022.10.08-09.52.29:288][865]LogModuleManager: Shutting down and abandoning module MagicLeapLightEstimation (388)
[2022.10.08-09.52.29:288][865]LogModuleManager: Shutting down and abandoning module MagicLeapHelperVulkan (386)
[2022.10.08-09.52.29:288][865]LogModuleManager: Shutting down and abandoning module MagicLeapHelperOpenGL (384)
[2022.10.08-09.52.29:288][865]LogModuleManager: Shutting down and abandoning module MagicLeapAudio (382)
[2022.10.08-09.52.29:288][865]LogModuleManager: Shutting down and abandoning module MeshSolverUtilities (380)
[2022.10.08-09.52.29:288][865]LogModuleManager: Shutting down and abandoning module MeshConversion (378)
[2022.10.08-09.52.29:288][865]LogModuleManager: Shutting down and abandoning module DynamicMesh (376)
[2022.10.08-09.52.29:288][865]LogModuleManager: Shutting down and abandoning module GeometryAlgorithms (374)
[2022.10.08-09.52.29:288][865]LogModuleManager: Shutting down and abandoning module GeometricObjects (372)
[2022.10.08-09.52.29:288][865]LogModuleManager: Shutting down and abandoning module GeometryCollectionTracks (370)
[2022.10.08-09.52.29:288][865]LogModuleManager: Shutting down and abandoning module GeometryCollectionSequencer (369)
[2022.10.08-09.52.29:288][865]LogModuleManager: Shutting down and abandoning module GeometryCacheTracks (366)
[2022.10.08-09.52.29:288][865]LogModuleManager: Shutting down and abandoning module GeometryCacheSequencer (365)
[2022.10.08-09.52.29:288][865]LogModuleManager: Shutting down and abandoning module GeometryCache (362)
[2022.10.08-09.52.29:288][865]LogModuleManager: Shutting down and abandoning module GeometryCacheEd (361)
[2022.10.08-09.52.29:288][865]LogModuleManager: Shutting down and abandoning module ChaosNiagara (358)
[2022.10.08-09.52.29:288][865]LogModuleManager: Shutting down and abandoning module ChaosCloth (356)
[2022.10.08-09.52.29:288][865]LogModuleManager: Shutting down and abandoning module BackChannel (354)
[2022.10.08-09.52.29:288][865]LogModuleManager: Shutting down and abandoning module AutomationUtils (352)
[2022.10.08-09.52.29:288][865]LogModuleManager: Shutting down and abandoning module VisualStudioSourceCodeAccess (350)
[2022.10.08-09.52.29:288][865]LogModuleManager: Shutting down and abandoning module HotReload (349)
[2022.10.08-09.52.29:288][865]LogModuleManager: Shutting down and abandoning module VisualStudioCodeSourceCodeAccess (346)
[2022.10.08-09.52.29:288][865]LogModuleManager: Shutting down and abandoning module UObjectPlugin (344)
[2022.10.08-09.52.29:288][865]LogModuleManager: Shutting down and abandoning module SubversionSourceControl (342)
[2022.10.08-09.52.29:288][865]LogModuleManager: Shutting down and abandoning module RiderSourceCodeAccess (340)
[2022.10.08-09.52.29:288][865]LogModuleManager: Shutting down and abandoning module PerforceSourceControl (338)
[2022.10.08-09.52.29:288][865]LogModuleManager: Shutting down and abandoning module SourceControl (337)
[2022.10.08-09.52.29:288][865]LogModuleManager: Shutting down and abandoning module CLionSourceCodeAccess (334)
[2022.10.08-09.52.29:288][865]LogModuleManager: Shutting down and abandoning module ActorLayerUtilities (332)
[2022.10.08-09.52.29:288][865]LogModuleManager: Shutting down and abandoning module ActionGame (330)
[2022.10.08-09.52.29:288][865]LogModuleManager: Shutting down and abandoning module SoundFields (328)
[2022.10.08-09.52.29:288][865]LogModuleManager: Shutting down and abandoning module SignificanceManager (326)
[2022.10.08-09.52.29:288][865]LogModuleManager: Shutting down and abandoning module RuntimePhysXCooking (324)
[2022.10.08-09.52.29:288][865]LogModuleManager: Shutting down and abandoning module PhysXVehiclesEditor (322)
[2022.10.08-09.52.29:288][865]LogModuleManager: Shutting down and abandoning module LocationServicesBPLibrary (318)
[2022.10.08-09.52.29:288][865]LogModuleManager: Shutting down and abandoning module ActorSequence (316)
[2022.10.08-09.52.29:288][865]LogModuleManager: Shutting down and abandoning module UdpMessaging (314)
[2022.10.08-09.52.29:389][865]LogModuleManager: Shutting down and abandoning module TcpMessaging (312)
